Determining if the pthread_create exist failed with the following output:
Change Dir: /home/sensei/team-nust-robocup/resources/team_nust_nao_interface_ws/build/CMakeFiles/CMakeTmp

Run Build Command:"/usr/bin/make" "cmTC_14e37/fast"
make[1]: Entering directory `/home/sensei/team-nust-robocup/resources/team_nust_nao_interface_ws/build/CMakeFiles/CMakeTmp'
/usr/bin/make -f CMakeFiles/cmTC_14e37.dir/build.make CMakeFiles/cmTC_14e37.dir/build
make[2]: Entering directory `/home/sensei/team-nust-robocup/resources/team_nust_nao_interface_ws/build/CMakeFiles/CMakeTmp'
Building C object CMakeFiles/cmTC_14e37.dir/CheckSymbolExists.c.o
/usr/bin/cc     -o CMakeFiles/cmTC_14e37.dir/CheckSymbolExists.c.o   -c /home/sensei/team-nust-robocup/resources/team_nust_nao_interface_ws/build/CMakeFiles/CMakeTmp/CheckSymbolExists.c
Linking C executable cmTC_14e37
/usr/bin/cmake -E cmake_link_script CMakeFiles/cmTC_14e37.dir/link.txt --verbose=1
/usr/bin/cc       CMakeFiles/cmTC_14e37.dir/CheckSymbolExists.c.o  -o cmTC_14e37 -rdynamic 
CMakeFiles/cmTC_14e37.dir/CheckSymbolExists.c.o: In function `main':
CheckSymbolExists.c:(.text+0x16): undefined reference to `pthread_create'
collect2: error: ld returned 1 exit status
make[2]: *** [cmTC_14e37] Error 1
make[2]: Leaving directory `/home/sensei/team-nust-robocup/resources/team_nust_nao_interface_ws/build/CMakeFiles/CMakeTmp'
make[1]: *** [cmTC_14e37/fast] Error 2
make[1]: Leaving directory `/home/sensei/team-nust-robocup/resources/team_nust_nao_interface_ws/build/CMakeFiles/CMakeTmp'

File /home/sensei/team-nust-robocup/resources/team_nust_nao_interface_ws/build/CMakeFiles/CMakeTmp/CheckSymbolExists.c:
/* */
#include <pthread.h>

int main(int argc, char** argv)
{
  (void)argv;
#ifndef pthread_create
  return ((int*)(&pthread_create))[argc];
#else
  (void)argc;
  return 0;
#endif
}

Determining if the function pthread_create exists in the pthreads failed with the following output:
Change Dir: /home/sensei/team-nust-robocup/resources/team_nust_nao_interface_ws/build/CMakeFiles/CMakeTmp

Run Build Command:"/usr/bin/make" "cmTC_9fdc4/fast"
make[1]: Entering directory `/home/sensei/team-nust-robocup/resources/team_nust_nao_interface_ws/build/CMakeFiles/CMakeTmp'
/usr/bin/make -f CMakeFiles/cmTC_9fdc4.dir/build.make CMakeFiles/cmTC_9fdc4.dir/build
make[2]: Entering directory `/home/sensei/team-nust-robocup/resources/team_nust_nao_interface_ws/build/CMakeFiles/CMakeTmp'
Building C object CMakeFiles/cmTC_9fdc4.dir/CheckFunctionExists.c.o
/usr/bin/cc    -DCHECK_FUNCTION_EXISTS=pthread_create   -o CMakeFiles/cmTC_9fdc4.dir/CheckFunctionExists.c.o   -c /usr/share/cmake-3.5/Modules/CheckFunctionExists.c
Linking C executable cmTC_9fdc4
/usr/bin/cmake -E cmake_link_script CMakeFiles/cmTC_9fdc4.dir/link.txt --verbose=1
/usr/bin/cc   -DCHECK_FUNCTION_EXISTS=pthread_create    CMakeFiles/cmTC_9fdc4.dir/CheckFunctionExists.c.o  -o cmTC_9fdc4 -rdynamic -lpthreads 
/usr/bin/ld: cannot find -lpthreads
collect2: error: ld returned 1 exit status
make[2]: *** [cmTC_9fdc4] Error 1
make[2]: Leaving directory `/home/sensei/team-nust-robocup/resources/team_nust_nao_interface_ws/build/CMakeFiles/CMakeTmp'
make[1]: *** [cmTC_9fdc4/fast] Error 2
make[1]: Leaving directory `/home/sensei/team-nust-robocup/resources/team_nust_nao_interface_ws/build/CMakeFiles/CMakeTmp'


Determining if the Q_WS_WIN exist failed with the following output:
Change Dir: /home/sensei/team-nust-robocup/resources/team_nust_nao_interface_ws/build/CMakeFiles/CMakeTmp

Run Build Command:"/usr/bin/make" "cmTC_5d981/fast"
make[1]: Entering directory `/home/sensei/team-nust-robocup/resources/team_nust_nao_interface_ws/build/CMakeFiles/CMakeTmp'
/usr/bin/make -f CMakeFiles/cmTC_5d981.dir/build.make CMakeFiles/cmTC_5d981.dir/build
make[2]: Entering directory `/home/sensei/team-nust-robocup/resources/team_nust_nao_interface_ws/build/CMakeFiles/CMakeTmp'
Building CXX object CMakeFiles/cmTC_5d981.dir/CheckSymbolExists.cxx.o
/usr/bin/c++    -I/usr/include/qt4   -o CMakeFiles/cmTC_5d981.dir/CheckSymbolExists.cxx.o -c /home/sensei/team-nust-robocup/resources/team_nust_nao_interface_ws/build/CMakeFiles/CMakeTmp/CheckSymbolExists.cxx
/home/sensei/team-nust-robocup/resources/team_nust_nao_interface_ws/build/CMakeFiles/CMakeTmp/CheckSymbolExists.cxx: In function ‘int main(int, char**)’:
/home/sensei/team-nust-robocup/resources/team_nust_nao_interface_ws/build/CMakeFiles/CMakeTmp/CheckSymbolExists.cxx:8:19: error: ‘Q_WS_WIN’ was not declared in this scope
   return ((int*)(&Q_WS_WIN))[argc];
                   ^
make[2]: *** [CMakeFiles/cmTC_5d981.dir/CheckSymbolExists.cxx.o] Error 1
make[2]: Leaving directory `/home/sensei/team-nust-robocup/resources/team_nust_nao_interface_ws/build/CMakeFiles/CMakeTmp'
make[1]: *** [cmTC_5d981/fast] Error 2
make[1]: Leaving directory `/home/sensei/team-nust-robocup/resources/team_nust_nao_interface_ws/build/CMakeFiles/CMakeTmp'

File /home/sensei/team-nust-robocup/resources/team_nust_nao_interface_ws/build/CMakeFiles/CMakeTmp/CheckSymbolExists.cxx:
/* */
#include <QtCore/qglobal.h>

int main(int argc, char** argv)
{
  (void)argv;
#ifndef Q_WS_WIN
  return ((int*)(&Q_WS_WIN))[argc];
#else
  (void)argc;
  return 0;
#endif
}

Determining if the Q_WS_QWS exist failed with the following output:
Change Dir: /home/sensei/team-nust-robocup/resources/team_nust_nao_interface_ws/build/CMakeFiles/CMakeTmp

Run Build Command:"/usr/bin/make" "cmTC_3a60c/fast"
make[1]: Entering directory `/home/sensei/team-nust-robocup/resources/team_nust_nao_interface_ws/build/CMakeFiles/CMakeTmp'
/usr/bin/make -f CMakeFiles/cmTC_3a60c.dir/build.make CMakeFiles/cmTC_3a60c.dir/build
make[2]: Entering directory `/home/sensei/team-nust-robocup/resources/team_nust_nao_interface_ws/build/CMakeFiles/CMakeTmp'
Building CXX object CMakeFiles/cmTC_3a60c.dir/CheckSymbolExists.cxx.o
/usr/bin/c++    -I/usr/include/qt4   -o CMakeFiles/cmTC_3a60c.dir/CheckSymbolExists.cxx.o -c /home/sensei/team-nust-robocup/resources/team_nust_nao_interface_ws/build/CMakeFiles/CMakeTmp/CheckSymbolExists.cxx
/home/sensei/team-nust-robocup/resources/team_nust_nao_interface_ws/build/CMakeFiles/CMakeTmp/CheckSymbolExists.cxx: In function ‘int main(int, char**)’:
/home/sensei/team-nust-robocup/resources/team_nust_nao_interface_ws/build/CMakeFiles/CMakeTmp/CheckSymbolExists.cxx:8:19: error: ‘Q_WS_QWS’ was not declared in this scope
   return ((int*)(&Q_WS_QWS))[argc];
                   ^
make[2]: *** [CMakeFiles/cmTC_3a60c.dir/CheckSymbolExists.cxx.o] Error 1
make[2]: Leaving directory `/home/sensei/team-nust-robocup/resources/team_nust_nao_interface_ws/build/CMakeFiles/CMakeTmp'
make[1]: *** [cmTC_3a60c/fast] Error 2
make[1]: Leaving directory `/home/sensei/team-nust-robocup/resources/team_nust_nao_interface_ws/build/CMakeFiles/CMakeTmp'

File /home/sensei/team-nust-robocup/resources/team_nust_nao_interface_ws/build/CMakeFiles/CMakeTmp/CheckSymbolExists.cxx:
/* */
#include <QtCore/qglobal.h>

int main(int argc, char** argv)
{
  (void)argv;
#ifndef Q_WS_QWS
  return ((int*)(&Q_WS_QWS))[argc];
#else
  (void)argc;
  return 0;
#endif
}

Determining if the Q_WS_MAC exist failed with the following output:
Change Dir: /home/sensei/team-nust-robocup/resources/team_nust_nao_interface_ws/build/CMakeFiles/CMakeTmp

Run Build Command:"/usr/bin/make" "cmTC_6dcc2/fast"
make[1]: Entering directory `/home/sensei/team-nust-robocup/resources/team_nust_nao_interface_ws/build/CMakeFiles/CMakeTmp'
/usr/bin/make -f CMakeFiles/cmTC_6dcc2.dir/build.make CMakeFiles/cmTC_6dcc2.dir/build
make[2]: Entering directory `/home/sensei/team-nust-robocup/resources/team_nust_nao_interface_ws/build/CMakeFiles/CMakeTmp'
Building CXX object CMakeFiles/cmTC_6dcc2.dir/CheckSymbolExists.cxx.o
/usr/bin/c++    -I/usr/include/qt4   -o CMakeFiles/cmTC_6dcc2.dir/CheckSymbolExists.cxx.o -c /home/sensei/team-nust-robocup/resources/team_nust_nao_interface_ws/build/CMakeFiles/CMakeTmp/CheckSymbolExists.cxx
/home/sensei/team-nust-robocup/resources/team_nust_nao_interface_ws/build/CMakeFiles/CMakeTmp/CheckSymbolExists.cxx: In function ‘int main(int, char**)’:
/home/sensei/team-nust-robocup/resources/team_nust_nao_interface_ws/build/CMakeFiles/CMakeTmp/CheckSymbolExists.cxx:8:19: error: ‘Q_WS_MAC’ was not declared in this scope
   return ((int*)(&Q_WS_MAC))[argc];
                   ^
make[2]: *** [CMakeFiles/cmTC_6dcc2.dir/CheckSymbolExists.cxx.o] Error 1
make[2]: Leaving directory `/home/sensei/team-nust-robocup/resources/team_nust_nao_interface_ws/build/CMakeFiles/CMakeTmp'
make[1]: *** [cmTC_6dcc2/fast] Error 2
make[1]: Leaving directory `/home/sensei/team-nust-robocup/resources/team_nust_nao_interface_ws/build/CMakeFiles/CMakeTmp'

File /home/sensei/team-nust-robocup/resources/team_nust_nao_interface_ws/build/CMakeFiles/CMakeTmp/CheckSymbolExists.cxx:
/* */
#include <QtCore/qglobal.h>

int main(int argc, char** argv)
{
  (void)argv;
#ifndef Q_WS_MAC
  return ((int*)(&Q_WS_MAC))[argc];
#else
  (void)argc;
  return 0;
#endif
}

