Determining if the pthread_create exist failed with the following output:
Change Dir: /home/muptii/Documents/robocup/team-nust-robocup-v2/build-V5/Debug-Motion/build-remote/team-nust-robocup/CMakeFiles/CMakeTmp

Run Build Command:"/usr/bin/make" "cmTC_9265f/fast"
make[1]: Entering directory `/home/muptii/Documents/robocup/team-nust-robocup-v2/build-V5/Debug-Motion/build-remote/team-nust-robocup/CMakeFiles/CMakeTmp'
/usr/bin/make -f CMakeFiles/cmTC_9265f.dir/build.make CMakeFiles/cmTC_9265f.dir/build
make[2]: Entering directory `/home/muptii/Documents/robocup/team-nust-robocup-v2/build-V5/Debug-Motion/build-remote/team-nust-robocup/CMakeFiles/CMakeTmp'
Building C object CMakeFiles/cmTC_9265f.dir/CheckSymbolExists.c.o
/usr/bin/cc    -fPIE   -o CMakeFiles/cmTC_9265f.dir/CheckSymbolExists.c.o   -c /home/muptii/Documents/robocup/team-nust-robocup-v2/build-V5/Debug-Motion/build-remote/team-nust-robocup/CMakeFiles/CMakeTmp/CheckSymbolExists.c
Linking C executable cmTC_9265f
/usr/bin/cmake -E cmake_link_script CMakeFiles/cmTC_9265f.dir/link.txt --verbose=1
/usr/bin/cc       CMakeFiles/cmTC_9265f.dir/CheckSymbolExists.c.o  -o cmTC_9265f -rdynamic 
CMakeFiles/cmTC_9265f.dir/CheckSymbolExists.c.o: In function `main':
CheckSymbolExists.c:(.text+0x1b): undefined reference to `pthread_create'
collect2: error: ld returned 1 exit status
make[2]: *** [cmTC_9265f] Error 1
make[2]: Leaving directory `/home/muptii/Documents/robocup/team-nust-robocup-v2/build-V5/Debug-Motion/build-remote/team-nust-robocup/CMakeFiles/CMakeTmp'
make[1]: *** [cmTC_9265f/fast] Error 2
make[1]: Leaving directory `/home/muptii/Documents/robocup/team-nust-robocup-v2/build-V5/Debug-Motion/build-remote/team-nust-robocup/CMakeFiles/CMakeTmp'

File /home/muptii/Documents/robocup/team-nust-robocup-v2/build-V5/Debug-Motion/build-remote/team-nust-robocup/CMakeFiles/CMakeTmp/CheckSymbolExists.c:
/* */
#include <pthread.h>

int main(int argc, char** argv)
{
  (void)argv;
#ifndef pthread_create
  return ((int*)(&pthread_create))[argc];
#else
  (void)argc;
  return 0;
#endif
}

Determining if the function pthread_create exists in the pthreads failed with the following output:
Change Dir: /home/muptii/Documents/robocup/team-nust-robocup-v2/build-V5/Debug-Motion/build-remote/team-nust-robocup/CMakeFiles/CMakeTmp

Run Build Command:"/usr/bin/make" "cmTC_1f387/fast"
make[1]: Entering directory `/home/muptii/Documents/robocup/team-nust-robocup-v2/build-V5/Debug-Motion/build-remote/team-nust-robocup/CMakeFiles/CMakeTmp'
/usr/bin/make -f CMakeFiles/cmTC_1f387.dir/build.make CMakeFiles/cmTC_1f387.dir/build
make[2]: Entering directory `/home/muptii/Documents/robocup/team-nust-robocup-v2/build-V5/Debug-Motion/build-remote/team-nust-robocup/CMakeFiles/CMakeTmp'
Building C object CMakeFiles/cmTC_1f387.dir/CheckFunctionExists.c.o
/usr/bin/cc    -DCHECK_FUNCTION_EXISTS=pthread_create -fPIE   -o CMakeFiles/cmTC_1f387.dir/CheckFunctionExists.c.o   -c /usr/share/cmake-3.5/Modules/CheckFunctionExists.c
Linking C executable cmTC_1f387
/usr/bin/cmake -E cmake_link_script CMakeFiles/cmTC_1f387.dir/link.txt --verbose=1
/usr/bin/cc   -DCHECK_FUNCTION_EXISTS=pthread_create    CMakeFiles/cmTC_1f387.dir/CheckFunctionExists.c.o  -o cmTC_1f387 -rdynamic -lpthreads 
/usr/bin/ld: cannot find -lpthreads
collect2: error: ld returned 1 exit status
make[2]: *** [cmTC_1f387] Error 1
make[2]: Leaving directory `/home/muptii/Documents/robocup/team-nust-robocup-v2/build-V5/Debug-Motion/build-remote/team-nust-robocup/CMakeFiles/CMakeTmp'
make[1]: *** [cmTC_1f387/fast] Error 2
make[1]: Leaving directory `/home/muptii/Documents/robocup/team-nust-robocup-v2/build-V5/Debug-Motion/build-remote/team-nust-robocup/CMakeFiles/CMakeTmp'


Determining if the pthread_create exist failed with the following output:
Change Dir: /home/muptii/Documents/robocup/team-nust-robocup-v2/build-V5/Debug-Motion/build-remote/team-nust-robocup/CMakeFiles/CMakeTmp

Run Build Command:"/usr/bin/make" "cmTC_ecaea/fast"
make[1]: Entering directory `/home/muptii/Documents/robocup/team-nust-robocup-v2/build-V5/Debug-Motion/build-remote/team-nust-robocup/CMakeFiles/CMakeTmp'
/usr/bin/make -f CMakeFiles/cmTC_ecaea.dir/build.make CMakeFiles/cmTC_ecaea.dir/build
make[2]: Entering directory `/home/muptii/Documents/robocup/team-nust-robocup-v2/build-V5/Debug-Motion/build-remote/team-nust-robocup/CMakeFiles/CMakeTmp'
Building C object CMakeFiles/cmTC_ecaea.dir/CheckSymbolExists.c.o
/usr/bin/cc    -fPIE   -o CMakeFiles/cmTC_ecaea.dir/CheckSymbolExists.c.o   -c /home/muptii/Documents/robocup/team-nust-robocup-v2/build-V5/Debug-Motion/build-remote/team-nust-robocup/CMakeFiles/CMakeTmp/CheckSymbolExists.c
Linking C executable cmTC_ecaea
/usr/bin/cmake -E cmake_link_script CMakeFiles/cmTC_ecaea.dir/link.txt --verbose=1
/usr/bin/cc       CMakeFiles/cmTC_ecaea.dir/CheckSymbolExists.c.o  -o cmTC_ecaea -rdynamic 
CMakeFiles/cmTC_ecaea.dir/CheckSymbolExists.c.o: In function `main':
CheckSymbolExists.c:(.text+0x1b): undefined reference to `pthread_create'
collect2: error: ld returned 1 exit status
make[2]: *** [cmTC_ecaea] Error 1
make[2]: Leaving directory `/home/muptii/Documents/robocup/team-nust-robocup-v2/build-V5/Debug-Motion/build-remote/team-nust-robocup/CMakeFiles/CMakeTmp'
make[1]: *** [cmTC_ecaea/fast] Error 2
make[1]: Leaving directory `/home/muptii/Documents/robocup/team-nust-robocup-v2/build-V5/Debug-Motion/build-remote/team-nust-robocup/CMakeFiles/CMakeTmp'

File /home/muptii/Documents/robocup/team-nust-robocup-v2/build-V5/Debug-Motion/build-remote/team-nust-robocup/CMakeFiles/CMakeTmp/CheckSymbolExists.c:
/* */
#include <pthread.h>

int main(int argc, char** argv)
{
  (void)argv;
#ifndef pthread_create
  return ((int*)(&pthread_create))[argc];
#else
  (void)argc;
  return 0;
#endif
}

Determining if the function pthread_create exists in the pthreads failed with the following output:
Change Dir: /home/muptii/Documents/robocup/team-nust-robocup-v2/build-V5/Debug-Motion/build-remote/team-nust-robocup/CMakeFiles/CMakeTmp

Run Build Command:"/usr/bin/make" "cmTC_3e726/fast"
make[1]: Entering directory `/home/muptii/Documents/robocup/team-nust-robocup-v2/build-V5/Debug-Motion/build-remote/team-nust-robocup/CMakeFiles/CMakeTmp'
/usr/bin/make -f CMakeFiles/cmTC_3e726.dir/build.make CMakeFiles/cmTC_3e726.dir/build
make[2]: Entering directory `/home/muptii/Documents/robocup/team-nust-robocup-v2/build-V5/Debug-Motion/build-remote/team-nust-robocup/CMakeFiles/CMakeTmp'
Building C object CMakeFiles/cmTC_3e726.dir/CheckFunctionExists.c.o
/usr/bin/cc    -DCHECK_FUNCTION_EXISTS=pthread_create -fPIE   -o CMakeFiles/cmTC_3e726.dir/CheckFunctionExists.c.o   -c /usr/share/cmake-3.5/Modules/CheckFunctionExists.c
Linking C executable cmTC_3e726
/usr/bin/cmake -E cmake_link_script CMakeFiles/cmTC_3e726.dir/link.txt --verbose=1
/usr/bin/cc   -DCHECK_FUNCTION_EXISTS=pthread_create    CMakeFiles/cmTC_3e726.dir/CheckFunctionExists.c.o  -o cmTC_3e726 -rdynamic -lpthreads 
/usr/bin/ld: cannot find -lpthreads
collect2: error: ld returned 1 exit status
make[2]: *** [cmTC_3e726] Error 1
make[2]: Leaving directory `/home/muptii/Documents/robocup/team-nust-robocup-v2/build-V5/Debug-Motion/build-remote/team-nust-robocup/CMakeFiles/CMakeTmp'
make[1]: *** [cmTC_3e726/fast] Error 2
make[1]: Leaving directory `/home/muptii/Documents/robocup/team-nust-robocup-v2/build-V5/Debug-Motion/build-remote/team-nust-robocup/CMakeFiles/CMakeTmp'


Determining if the pthread_create exist failed with the following output:
Change Dir: /home/muptii/Documents/robocup/team-nust-robocup-v2/build-V5/Debug-Motion/build-remote/team-nust-robocup/CMakeFiles/CMakeTmp

Run Build Command:"/usr/bin/make" "cmTC_7d5d0/fast"
make[1]: Entering directory `/home/muptii/Documents/robocup/team-nust-robocup-v2/build-V5/Debug-Motion/build-remote/team-nust-robocup/CMakeFiles/CMakeTmp'
/usr/bin/make -f CMakeFiles/cmTC_7d5d0.dir/build.make CMakeFiles/cmTC_7d5d0.dir/build
make[2]: Entering directory `/home/muptii/Documents/robocup/team-nust-robocup-v2/build-V5/Debug-Motion/build-remote/team-nust-robocup/CMakeFiles/CMakeTmp'
Building C object CMakeFiles/cmTC_7d5d0.dir/CheckSymbolExists.c.o
/usr/bin/cc    -fPIE   -o CMakeFiles/cmTC_7d5d0.dir/CheckSymbolExists.c.o   -c /home/muptii/Documents/robocup/team-nust-robocup-v2/build-V5/Debug-Motion/build-remote/team-nust-robocup/CMakeFiles/CMakeTmp/CheckSymbolExists.c
Linking C executable cmTC_7d5d0
/usr/bin/cmake -E cmake_link_script CMakeFiles/cmTC_7d5d0.dir/link.txt --verbose=1
/usr/bin/cc       CMakeFiles/cmTC_7d5d0.dir/CheckSymbolExists.c.o  -o cmTC_7d5d0 -rdynamic 
CMakeFiles/cmTC_7d5d0.dir/CheckSymbolExists.c.o: In function `main':
CheckSymbolExists.c:(.text+0x1b): undefined reference to `pthread_create'
collect2: error: ld returned 1 exit status
make[2]: *** [cmTC_7d5d0] Error 1
make[2]: Leaving directory `/home/muptii/Documents/robocup/team-nust-robocup-v2/build-V5/Debug-Motion/build-remote/team-nust-robocup/CMakeFiles/CMakeTmp'
make[1]: *** [cmTC_7d5d0/fast] Error 2
make[1]: Leaving directory `/home/muptii/Documents/robocup/team-nust-robocup-v2/build-V5/Debug-Motion/build-remote/team-nust-robocup/CMakeFiles/CMakeTmp'

File /home/muptii/Documents/robocup/team-nust-robocup-v2/build-V5/Debug-Motion/build-remote/team-nust-robocup/CMakeFiles/CMakeTmp/CheckSymbolExists.c:
/* */
#include <pthread.h>

int main(int argc, char** argv)
{
  (void)argv;
#ifndef pthread_create
  return ((int*)(&pthread_create))[argc];
#else
  (void)argc;
  return 0;
#endif
}

Determining if the function pthread_create exists in the pthreads failed with the following output:
Change Dir: /home/muptii/Documents/robocup/team-nust-robocup-v2/build-V5/Debug-Motion/build-remote/team-nust-robocup/CMakeFiles/CMakeTmp

Run Build Command:"/usr/bin/make" "cmTC_80894/fast"
make[1]: Entering directory `/home/muptii/Documents/robocup/team-nust-robocup-v2/build-V5/Debug-Motion/build-remote/team-nust-robocup/CMakeFiles/CMakeTmp'
/usr/bin/make -f CMakeFiles/cmTC_80894.dir/build.make CMakeFiles/cmTC_80894.dir/build
make[2]: Entering directory `/home/muptii/Documents/robocup/team-nust-robocup-v2/build-V5/Debug-Motion/build-remote/team-nust-robocup/CMakeFiles/CMakeTmp'
Building C object CMakeFiles/cmTC_80894.dir/CheckFunctionExists.c.o
/usr/bin/cc    -DCHECK_FUNCTION_EXISTS=pthread_create -fPIE   -o CMakeFiles/cmTC_80894.dir/CheckFunctionExists.c.o   -c /usr/share/cmake-3.5/Modules/CheckFunctionExists.c
Linking C executable cmTC_80894
/usr/bin/cmake -E cmake_link_script CMakeFiles/cmTC_80894.dir/link.txt --verbose=1
/usr/bin/cc   -DCHECK_FUNCTION_EXISTS=pthread_create    CMakeFiles/cmTC_80894.dir/CheckFunctionExists.c.o  -o cmTC_80894 -rdynamic -lpthreads 
/usr/bin/ld: cannot find -lpthreads
collect2: error: ld returned 1 exit status
make[2]: *** [cmTC_80894] Error 1
make[2]: Leaving directory `/home/muptii/Documents/robocup/team-nust-robocup-v2/build-V5/Debug-Motion/build-remote/team-nust-robocup/CMakeFiles/CMakeTmp'
make[1]: *** [cmTC_80894/fast] Error 2
make[1]: Leaving directory `/home/muptii/Documents/robocup/team-nust-robocup-v2/build-V5/Debug-Motion/build-remote/team-nust-robocup/CMakeFiles/CMakeTmp'


Determining if the pthread_create exist failed with the following output:
Change Dir: /home/muptii/Documents/robocup/team-nust-robocup-v2/build-V5/Debug-Motion/build-remote/team-nust-robocup/CMakeFiles/CMakeTmp

Run Build Command:"/usr/bin/make" "cmTC_a4bac/fast"
make[1]: Entering directory `/home/muptii/Documents/robocup/team-nust-robocup-v2/build-V5/Debug-Motion/build-remote/team-nust-robocup/CMakeFiles/CMakeTmp'
/usr/bin/make -f CMakeFiles/cmTC_a4bac.dir/build.make CMakeFiles/cmTC_a4bac.dir/build
make[2]: Entering directory `/home/muptii/Documents/robocup/team-nust-robocup-v2/build-V5/Debug-Motion/build-remote/team-nust-robocup/CMakeFiles/CMakeTmp'
Building C object CMakeFiles/cmTC_a4bac.dir/CheckSymbolExists.c.o
/usr/bin/cc    -fPIE   -o CMakeFiles/cmTC_a4bac.dir/CheckSymbolExists.c.o   -c /home/muptii/Documents/robocup/team-nust-robocup-v2/build-V5/Debug-Motion/build-remote/team-nust-robocup/CMakeFiles/CMakeTmp/CheckSymbolExists.c
Linking C executable cmTC_a4bac
/usr/bin/cmake -E cmake_link_script CMakeFiles/cmTC_a4bac.dir/link.txt --verbose=1
/usr/bin/cc       CMakeFiles/cmTC_a4bac.dir/CheckSymbolExists.c.o  -o cmTC_a4bac -rdynamic 
CMakeFiles/cmTC_a4bac.dir/CheckSymbolExists.c.o: In function `main':
CheckSymbolExists.c:(.text+0x1b): undefined reference to `pthread_create'
collect2: error: ld returned 1 exit status
make[2]: *** [cmTC_a4bac] Error 1
make[2]: Leaving directory `/home/muptii/Documents/robocup/team-nust-robocup-v2/build-V5/Debug-Motion/build-remote/team-nust-robocup/CMakeFiles/CMakeTmp'
make[1]: *** [cmTC_a4bac/fast] Error 2
make[1]: Leaving directory `/home/muptii/Documents/robocup/team-nust-robocup-v2/build-V5/Debug-Motion/build-remote/team-nust-robocup/CMakeFiles/CMakeTmp'

File /home/muptii/Documents/robocup/team-nust-robocup-v2/build-V5/Debug-Motion/build-remote/team-nust-robocup/CMakeFiles/CMakeTmp/CheckSymbolExists.c:
/* */
#include <pthread.h>

int main(int argc, char** argv)
{
  (void)argv;
#ifndef pthread_create
  return ((int*)(&pthread_create))[argc];
#else
  (void)argc;
  return 0;
#endif
}

Determining if the function pthread_create exists in the pthreads failed with the following output:
Change Dir: /home/muptii/Documents/robocup/team-nust-robocup-v2/build-V5/Debug-Motion/build-remote/team-nust-robocup/CMakeFiles/CMakeTmp

Run Build Command:"/usr/bin/make" "cmTC_295f0/fast"
make[1]: Entering directory `/home/muptii/Documents/robocup/team-nust-robocup-v2/build-V5/Debug-Motion/build-remote/team-nust-robocup/CMakeFiles/CMakeTmp'
/usr/bin/make -f CMakeFiles/cmTC_295f0.dir/build.make CMakeFiles/cmTC_295f0.dir/build
make[2]: Entering directory `/home/muptii/Documents/robocup/team-nust-robocup-v2/build-V5/Debug-Motion/build-remote/team-nust-robocup/CMakeFiles/CMakeTmp'
Building C object CMakeFiles/cmTC_295f0.dir/CheckFunctionExists.c.o
/usr/bin/cc    -DCHECK_FUNCTION_EXISTS=pthread_create -fPIE   -o CMakeFiles/cmTC_295f0.dir/CheckFunctionExists.c.o   -c /usr/share/cmake-3.5/Modules/CheckFunctionExists.c
Linking C executable cmTC_295f0
/usr/bin/cmake -E cmake_link_script CMakeFiles/cmTC_295f0.dir/link.txt --verbose=1
/usr/bin/cc   -DCHECK_FUNCTION_EXISTS=pthread_create    CMakeFiles/cmTC_295f0.dir/CheckFunctionExists.c.o  -o cmTC_295f0 -rdynamic -lpthreads 
/usr/bin/ld: cannot find -lpthreads
collect2: error: ld returned 1 exit status
make[2]: *** [cmTC_295f0] Error 1
make[2]: Leaving directory `/home/muptii/Documents/robocup/team-nust-robocup-v2/build-V5/Debug-Motion/build-remote/team-nust-robocup/CMakeFiles/CMakeTmp'
make[1]: *** [cmTC_295f0/fast] Error 2
make[1]: Leaving directory `/home/muptii/Documents/robocup/team-nust-robocup-v2/build-V5/Debug-Motion/build-remote/team-nust-robocup/CMakeFiles/CMakeTmp'


Determining if the include file altivec.h exists failed with the following output:
Change Dir: /home/muptii/Documents/robocup/team-nust-robocup-v2/build-V5/Debug-Motion/build-remote/team-nust-robocup/CMakeFiles/CMakeTmp

Run Build Command:"/usr/bin/make" "cmTC_f1b09/fast"
make[1]: Entering directory `/home/muptii/Documents/robocup/team-nust-robocup-v2/build-V5/Debug-Motion/build-remote/team-nust-robocup/CMakeFiles/CMakeTmp'
/usr/bin/make -f CMakeFiles/cmTC_f1b09.dir/build.make CMakeFiles/cmTC_f1b09.dir/build
make[2]: Entering directory `/home/muptii/Documents/robocup/team-nust-robocup-v2/build-V5/Debug-Motion/build-remote/team-nust-robocup/CMakeFiles/CMakeTmp'
Building C object CMakeFiles/cmTC_f1b09.dir/CheckIncludeFile.c.o
/usr/bin/cc    -fPIE   -o CMakeFiles/cmTC_f1b09.dir/CheckIncludeFile.c.o   -c /home/muptii/Documents/robocup/team-nust-robocup-v2/build-V5/Debug-Motion/build-remote/team-nust-robocup/CMakeFiles/CMakeTmp/CheckIncludeFile.c
/home/muptii/Documents/robocup/team-nust-robocup-v2/build-V5/Debug-Motion/build-remote/team-nust-robocup/CMakeFiles/CMakeTmp/CheckIncludeFile.c:1:21: fatal error: altivec.h: No such file or directory
 #include <altivec.h>
                     ^
compilation terminated.
make[2]: *** [CMakeFiles/cmTC_f1b09.dir/CheckIncludeFile.c.o] Error 1
make[2]: Leaving directory `/home/muptii/Documents/robocup/team-nust-robocup-v2/build-V5/Debug-Motion/build-remote/team-nust-robocup/CMakeFiles/CMakeTmp'
make[1]: *** [cmTC_f1b09/fast] Error 2
make[1]: Leaving directory `/home/muptii/Documents/robocup/team-nust-robocup-v2/build-V5/Debug-Motion/build-remote/team-nust-robocup/CMakeFiles/CMakeTmp'


Determining if the include file c_asm.h exists failed with the following output:
Change Dir: /home/muptii/Documents/robocup/team-nust-robocup-v2/build-V5/Debug-Motion/build-remote/team-nust-robocup/CMakeFiles/CMakeTmp

Run Build Command:"/usr/bin/make" "cmTC_19893/fast"
make[1]: Entering directory `/home/muptii/Documents/robocup/team-nust-robocup-v2/build-V5/Debug-Motion/build-remote/team-nust-robocup/CMakeFiles/CMakeTmp'
/usr/bin/make -f CMakeFiles/cmTC_19893.dir/build.make CMakeFiles/cmTC_19893.dir/build
make[2]: Entering directory `/home/muptii/Documents/robocup/team-nust-robocup-v2/build-V5/Debug-Motion/build-remote/team-nust-robocup/CMakeFiles/CMakeTmp'
Building C object CMakeFiles/cmTC_19893.dir/CheckIncludeFile.c.o
/usr/bin/cc    -fPIE   -o CMakeFiles/cmTC_19893.dir/CheckIncludeFile.c.o   -c /home/muptii/Documents/robocup/team-nust-robocup-v2/build-V5/Debug-Motion/build-remote/team-nust-robocup/CMakeFiles/CMakeTmp/CheckIncludeFile.c
/home/muptii/Documents/robocup/team-nust-robocup-v2/build-V5/Debug-Motion/build-remote/team-nust-robocup/CMakeFiles/CMakeTmp/CheckIncludeFile.c:1:19: fatal error: c_asm.h: No such file or directory
 #include <c_asm.h>
                   ^
compilation terminated.
make[2]: *** [CMakeFiles/cmTC_19893.dir/CheckIncludeFile.c.o] Error 1
make[2]: Leaving directory `/home/muptii/Documents/robocup/team-nust-robocup-v2/build-V5/Debug-Motion/build-remote/team-nust-robocup/CMakeFiles/CMakeTmp'
make[1]: *** [cmTC_19893/fast] Error 2
make[1]: Leaving directory `/home/muptii/Documents/robocup/team-nust-robocup-v2/build-V5/Debug-Motion/build-remote/team-nust-robocup/CMakeFiles/CMakeTmp'


Determining if the include file intrinsics.h exists failed with the following output:
Change Dir: /home/muptii/Documents/robocup/team-nust-robocup-v2/build-V5/Debug-Motion/build-remote/team-nust-robocup/CMakeFiles/CMakeTmp

Run Build Command:"/usr/bin/make" "cmTC_5f9ff/fast"
make[1]: Entering directory `/home/muptii/Documents/robocup/team-nust-robocup-v2/build-V5/Debug-Motion/build-remote/team-nust-robocup/CMakeFiles/CMakeTmp'
/usr/bin/make -f CMakeFiles/cmTC_5f9ff.dir/build.make CMakeFiles/cmTC_5f9ff.dir/build
make[2]: Entering directory `/home/muptii/Documents/robocup/team-nust-robocup-v2/build-V5/Debug-Motion/build-remote/team-nust-robocup/CMakeFiles/CMakeTmp'
Building C object CMakeFiles/cmTC_5f9ff.dir/CheckIncludeFile.c.o
/usr/bin/cc    -fPIE   -o CMakeFiles/cmTC_5f9ff.dir/CheckIncludeFile.c.o   -c /home/muptii/Documents/robocup/team-nust-robocup-v2/build-V5/Debug-Motion/build-remote/team-nust-robocup/CMakeFiles/CMakeTmp/CheckIncludeFile.c
/home/muptii/Documents/robocup/team-nust-robocup-v2/build-V5/Debug-Motion/build-remote/team-nust-robocup/CMakeFiles/CMakeTmp/CheckIncludeFile.c:1:24: fatal error: intrinsics.h: No such file or directory
 #include <intrinsics.h>
                        ^
compilation terminated.
make[2]: *** [CMakeFiles/cmTC_5f9ff.dir/CheckIncludeFile.c.o] Error 1
make[2]: Leaving directory `/home/muptii/Documents/robocup/team-nust-robocup-v2/build-V5/Debug-Motion/build-remote/team-nust-robocup/CMakeFiles/CMakeTmp'
make[1]: *** [cmTC_5f9ff/fast] Error 2
make[1]: Leaving directory `/home/muptii/Documents/robocup/team-nust-robocup-v2/build-V5/Debug-Motion/build-remote/team-nust-robocup/CMakeFiles/CMakeTmp'


Determining if the include file mach/mach_time.h exists failed with the following output:
Change Dir: /home/muptii/Documents/robocup/team-nust-robocup-v2/build-V5/Debug-Motion/build-remote/team-nust-robocup/CMakeFiles/CMakeTmp

Run Build Command:"/usr/bin/make" "cmTC_a6157/fast"
make[1]: Entering directory `/home/muptii/Documents/robocup/team-nust-robocup-v2/build-V5/Debug-Motion/build-remote/team-nust-robocup/CMakeFiles/CMakeTmp'
/usr/bin/make -f CMakeFiles/cmTC_a6157.dir/build.make CMakeFiles/cmTC_a6157.dir/build
make[2]: Entering directory `/home/muptii/Documents/robocup/team-nust-robocup-v2/build-V5/Debug-Motion/build-remote/team-nust-robocup/CMakeFiles/CMakeTmp'
Building C object CMakeFiles/cmTC_a6157.dir/CheckIncludeFile.c.o
/usr/bin/cc    -fPIE   -o CMakeFiles/cmTC_a6157.dir/CheckIncludeFile.c.o   -c /home/muptii/Documents/robocup/team-nust-robocup-v2/build-V5/Debug-Motion/build-remote/team-nust-robocup/CMakeFiles/CMakeTmp/CheckIncludeFile.c
/home/muptii/Documents/robocup/team-nust-robocup-v2/build-V5/Debug-Motion/build-remote/team-nust-robocup/CMakeFiles/CMakeTmp/CheckIncludeFile.c:1:28: fatal error: mach/mach_time.h: No such file or directory
 #include <mach/mach_time.h>
                            ^
compilation terminated.
make[2]: *** [CMakeFiles/cmTC_a6157.dir/CheckIncludeFile.c.o] Error 1
make[2]: Leaving directory `/home/muptii/Documents/robocup/team-nust-robocup-v2/build-V5/Debug-Motion/build-remote/team-nust-robocup/CMakeFiles/CMakeTmp'
make[1]: *** [cmTC_a6157/fast] Error 2
make[1]: Leaving directory `/home/muptii/Documents/robocup/team-nust-robocup-v2/build-V5/Debug-Motion/build-remote/team-nust-robocup/CMakeFiles/CMakeTmp'


Determining if the include file uintptr.h exists failed with the following output:
Change Dir: /home/muptii/Documents/robocup/team-nust-robocup-v2/build-V5/Debug-Motion/build-remote/team-nust-robocup/CMakeFiles/CMakeTmp

Run Build Command:"/usr/bin/make" "cmTC_996db/fast"
make[1]: Entering directory `/home/muptii/Documents/robocup/team-nust-robocup-v2/build-V5/Debug-Motion/build-remote/team-nust-robocup/CMakeFiles/CMakeTmp'
/usr/bin/make -f CMakeFiles/cmTC_996db.dir/build.make CMakeFiles/cmTC_996db.dir/build
make[2]: Entering directory `/home/muptii/Documents/robocup/team-nust-robocup-v2/build-V5/Debug-Motion/build-remote/team-nust-robocup/CMakeFiles/CMakeTmp'
Building C object CMakeFiles/cmTC_996db.dir/CheckIncludeFile.c.o
/usr/bin/cc    -fPIE   -o CMakeFiles/cmTC_996db.dir/CheckIncludeFile.c.o   -c /home/muptii/Documents/robocup/team-nust-robocup-v2/build-V5/Debug-Motion/build-remote/team-nust-robocup/CMakeFiles/CMakeTmp/CheckIncludeFile.c
/home/muptii/Documents/robocup/team-nust-robocup-v2/build-V5/Debug-Motion/build-remote/team-nust-robocup/CMakeFiles/CMakeTmp/CheckIncludeFile.c:1:21: fatal error: uintptr.h: No such file or directory
 #include <uintptr.h>
                     ^
compilation terminated.
make[2]: *** [CMakeFiles/cmTC_996db.dir/CheckIncludeFile.c.o] Error 1
make[2]: Leaving directory `/home/muptii/Documents/robocup/team-nust-robocup-v2/build-V5/Debug-Motion/build-remote/team-nust-robocup/CMakeFiles/CMakeTmp'
make[1]: *** [cmTC_996db/fast] Error 2
make[1]: Leaving directory `/home/muptii/Documents/robocup/team-nust-robocup-v2/build-V5/Debug-Motion/build-remote/team-nust-robocup/CMakeFiles/CMakeTmp'


Determining if the mach_absolute_time exist failed with the following output:
Change Dir: /home/muptii/Documents/robocup/team-nust-robocup-v2/build-V5/Debug-Motion/build-remote/team-nust-robocup/CMakeFiles/CMakeTmp

Run Build Command:"/usr/bin/make" "cmTC_f0810/fast"
make[1]: Entering directory `/home/muptii/Documents/robocup/team-nust-robocup-v2/build-V5/Debug-Motion/build-remote/team-nust-robocup/CMakeFiles/CMakeTmp'
/usr/bin/make -f CMakeFiles/cmTC_f0810.dir/build.make CMakeFiles/cmTC_f0810.dir/build
make[2]: Entering directory `/home/muptii/Documents/robocup/team-nust-robocup-v2/build-V5/Debug-Motion/build-remote/team-nust-robocup/CMakeFiles/CMakeTmp'
Building C object CMakeFiles/cmTC_f0810.dir/CheckSymbolExists.c.o
/usr/bin/cc    -fPIE   -o CMakeFiles/cmTC_f0810.dir/CheckSymbolExists.c.o   -c /home/muptii/Documents/robocup/team-nust-robocup-v2/build-V5/Debug-Motion/build-remote/team-nust-robocup/CMakeFiles/CMakeTmp/CheckSymbolExists.c
/home/muptii/Documents/robocup/team-nust-robocup-v2/build-V5/Debug-Motion/build-remote/team-nust-robocup/CMakeFiles/CMakeTmp/CheckSymbolExists.c:2:28: fatal error: mach/mach_time.h: No such file or directory
 #include <mach/mach_time.h>
                            ^
compilation terminated.
make[2]: *** [CMakeFiles/cmTC_f0810.dir/CheckSymbolExists.c.o] Error 1
make[2]: Leaving directory `/home/muptii/Documents/robocup/team-nust-robocup-v2/build-V5/Debug-Motion/build-remote/team-nust-robocup/CMakeFiles/CMakeTmp'
make[1]: *** [cmTC_f0810/fast] Error 2
make[1]: Leaving directory `/home/muptii/Documents/robocup/team-nust-robocup-v2/build-V5/Debug-Motion/build-remote/team-nust-robocup/CMakeFiles/CMakeTmp'

File /home/muptii/Documents/robocup/team-nust-robocup-v2/build-V5/Debug-Motion/build-remote/team-nust-robocup/CMakeFiles/CMakeTmp/CheckSymbolExists.c:
/* */
#include <mach/mach_time.h>

int main(int argc, char** argv)
{
  (void)argv;
#ifndef mach_absolute_time
  return ((int*)(&mach_absolute_time))[argc];
#else
  (void)argc;
  return 0;
#endif
}

Determining if the sysctl exist failed with the following output:
Change Dir: /home/muptii/Documents/robocup/team-nust-robocup-v2/build-V5/Debug-Motion/build-remote/team-nust-robocup/CMakeFiles/CMakeTmp

Run Build Command:"/usr/bin/make" "cmTC_8f401/fast"
make[1]: Entering directory `/home/muptii/Documents/robocup/team-nust-robocup-v2/build-V5/Debug-Motion/build-remote/team-nust-robocup/CMakeFiles/CMakeTmp'
/usr/bin/make -f CMakeFiles/cmTC_8f401.dir/build.make CMakeFiles/cmTC_8f401.dir/build
make[2]: Entering directory `/home/muptii/Documents/robocup/team-nust-robocup-v2/build-V5/Debug-Motion/build-remote/team-nust-robocup/CMakeFiles/CMakeTmp'
Building C object CMakeFiles/cmTC_8f401.dir/CheckSymbolExists.c.o
/usr/bin/cc    -fPIE   -o CMakeFiles/cmTC_8f401.dir/CheckSymbolExists.c.o   -c /home/muptii/Documents/robocup/team-nust-robocup-v2/build-V5/Debug-Motion/build-remote/team-nust-robocup/CMakeFiles/CMakeTmp/CheckSymbolExists.c
/home/muptii/Documents/robocup/team-nust-robocup-v2/build-V5/Debug-Motion/build-remote/team-nust-robocup/CMakeFiles/CMakeTmp/CheckSymbolExists.c: In function ‘main’:
/home/muptii/Documents/robocup/team-nust-robocup-v2/build-V5/Debug-Motion/build-remote/team-nust-robocup/CMakeFiles/CMakeTmp/CheckSymbolExists.c:8:19: error: ‘sysctl’ undeclared (first use in this function)
   return ((int*)(&sysctl))[argc];
                   ^
/home/muptii/Documents/robocup/team-nust-robocup-v2/build-V5/Debug-Motion/build-remote/team-nust-robocup/CMakeFiles/CMakeTmp/CheckSymbolExists.c:8:19: note: each undeclared identifier is reported only once for each function it appears in
make[2]: *** [CMakeFiles/cmTC_8f401.dir/CheckSymbolExists.c.o] Error 1
make[2]: Leaving directory `/home/muptii/Documents/robocup/team-nust-robocup-v2/build-V5/Debug-Motion/build-remote/team-nust-robocup/CMakeFiles/CMakeTmp'
make[1]: *** [cmTC_8f401/fast] Error 2
make[1]: Leaving directory `/home/muptii/Documents/robocup/team-nust-robocup-v2/build-V5/Debug-Motion/build-remote/team-nust-robocup/CMakeFiles/CMakeTmp'

File /home/muptii/Documents/robocup/team-nust-robocup-v2/build-V5/Debug-Motion/build-remote/team-nust-robocup/CMakeFiles/CMakeTmp/CheckSymbolExists.c:
/* */
#include <unistd.h>

int main(int argc, char** argv)
{
  (void)argv;
#ifndef sysctl
  return ((int*)(&sysctl))[argc];
#else
  (void)argc;
  return 0;
#endif
}

Determining if the pthread_create exist failed with the following output:
Change Dir: /home/muptii/Documents/robocup/team-nust-robocup-v2/build-V5/Debug-Motion/build-remote/team-nust-robocup/CMakeFiles/CMakeTmp

Run Build Command:"/usr/bin/make" "cmTC_30f54/fast"
make[1]: Entering directory `/home/muptii/Documents/robocup/team-nust-robocup-v2/build-V5/Debug-Motion/build-remote/team-nust-robocup/CMakeFiles/CMakeTmp'
/usr/bin/make -f CMakeFiles/cmTC_30f54.dir/build.make CMakeFiles/cmTC_30f54.dir/build
make[2]: Entering directory `/home/muptii/Documents/robocup/team-nust-robocup-v2/build-V5/Debug-Motion/build-remote/team-nust-robocup/CMakeFiles/CMakeTmp'
Building C object CMakeFiles/cmTC_30f54.dir/CheckSymbolExists.c.o
/usr/bin/cc    -fPIE   -o CMakeFiles/cmTC_30f54.dir/CheckSymbolExists.c.o   -c /home/muptii/Documents/robocup/team-nust-robocup-v2/build-V5/Debug-Motion/build-remote/team-nust-robocup/CMakeFiles/CMakeTmp/CheckSymbolExists.c
Linking C executable cmTC_30f54
/usr/bin/cmake -E cmake_link_script CMakeFiles/cmTC_30f54.dir/link.txt --verbose=1
/usr/bin/cc       CMakeFiles/cmTC_30f54.dir/CheckSymbolExists.c.o  -o cmTC_30f54 -rdynamic -lm 
CMakeFiles/cmTC_30f54.dir/CheckSymbolExists.c.o: In function `main':
CheckSymbolExists.c:(.text+0x1b): undefined reference to `pthread_create'
collect2: error: ld returned 1 exit status
make[2]: *** [cmTC_30f54] Error 1
make[2]: Leaving directory `/home/muptii/Documents/robocup/team-nust-robocup-v2/build-V5/Debug-Motion/build-remote/team-nust-robocup/CMakeFiles/CMakeTmp'
make[1]: *** [cmTC_30f54/fast] Error 2
make[1]: Leaving directory `/home/muptii/Documents/robocup/team-nust-robocup-v2/build-V5/Debug-Motion/build-remote/team-nust-robocup/CMakeFiles/CMakeTmp'

File /home/muptii/Documents/robocup/team-nust-robocup-v2/build-V5/Debug-Motion/build-remote/team-nust-robocup/CMakeFiles/CMakeTmp/CheckSymbolExists.c:
/* */
#include <pthread.h>

int main(int argc, char** argv)
{
  (void)argv;
#ifndef pthread_create
  return ((int*)(&pthread_create))[argc];
#else
  (void)argc;
  return 0;
#endif
}

Determining if the function pthread_create exists in the pthreads failed with the following output:
Change Dir: /home/muptii/Documents/robocup/team-nust-robocup-v2/build-V5/Debug-Motion/build-remote/team-nust-robocup/CMakeFiles/CMakeTmp

Run Build Command:"/usr/bin/make" "cmTC_ceaef/fast"
make[1]: Entering directory `/home/muptii/Documents/robocup/team-nust-robocup-v2/build-V5/Debug-Motion/build-remote/team-nust-robocup/CMakeFiles/CMakeTmp'
/usr/bin/make -f CMakeFiles/cmTC_ceaef.dir/build.make CMakeFiles/cmTC_ceaef.dir/build
make[2]: Entering directory `/home/muptii/Documents/robocup/team-nust-robocup-v2/build-V5/Debug-Motion/build-remote/team-nust-robocup/CMakeFiles/CMakeTmp'
Building C object CMakeFiles/cmTC_ceaef.dir/CheckFunctionExists.c.o
/usr/bin/cc    -DCHECK_FUNCTION_EXISTS=pthread_create -fPIE   -o CMakeFiles/cmTC_ceaef.dir/CheckFunctionExists.c.o   -c /usr/share/cmake-3.5/Modules/CheckFunctionExists.c
Linking C executable cmTC_ceaef
/usr/bin/cmake -E cmake_link_script CMakeFiles/cmTC_ceaef.dir/link.txt --verbose=1
/usr/bin/cc   -DCHECK_FUNCTION_EXISTS=pthread_create    CMakeFiles/cmTC_ceaef.dir/CheckFunctionExists.c.o  -o cmTC_ceaef -rdynamic -lpthreads -lm 
/usr/bin/ld: cannot find -lpthreads
collect2: error: ld returned 1 exit status
make[2]: *** [cmTC_ceaef] Error 1
make[2]: Leaving directory `/home/muptii/Documents/robocup/team-nust-robocup-v2/build-V5/Debug-Motion/build-remote/team-nust-robocup/CMakeFiles/CMakeTmp'
make[1]: *** [cmTC_ceaef/fast] Error 2
make[1]: Leaving directory `/home/muptii/Documents/robocup/team-nust-robocup-v2/build-V5/Debug-Motion/build-remote/team-nust-robocup/CMakeFiles/CMakeTmp'


Performing C SOURCE FILE Test HAVE_THREAD_LOCAL_STORAGE failed with the following output:
Change Dir: /home/muptii/Documents/robocup/team-nust-robocup-v2/build-V5/Debug-Motion/build-remote/team-nust-robocup/CMakeFiles/CMakeTmp

Run Build Command:"/usr/bin/make" "cmTC_2fb7b/fast"
make[1]: Entering directory `/home/muptii/Documents/robocup/team-nust-robocup-v2/build-V5/Debug-Motion/build-remote/team-nust-robocup/CMakeFiles/CMakeTmp'
/usr/bin/make -f CMakeFiles/cmTC_2fb7b.dir/build.make CMakeFiles/cmTC_2fb7b.dir/build
make[2]: Entering directory `/home/muptii/Documents/robocup/team-nust-robocup-v2/build-V5/Debug-Motion/build-remote/team-nust-robocup/CMakeFiles/CMakeTmp'
Building C object CMakeFiles/cmTC_2fb7b.dir/src.c.o
/usr/bin/cc    -DHAVE_THREAD_LOCAL_STORAGE -fPIE   -o CMakeFiles/cmTC_2fb7b.dir/src.c.o   -c /home/muptii/Documents/robocup/team-nust-robocup-v2/build-V5/Debug-Motion/build-remote/team-nust-robocup/CMakeFiles/CMakeTmp/src.c
/home/muptii/Documents/robocup/team-nust-robocup-v2/build-V5/Debug-Motion/build-remote/team-nust-robocup/CMakeFiles/CMakeTmp/src.c: In function ‘__declspec’:
/home/muptii/Documents/robocup/team-nust-robocup-v2/build-V5/Debug-Motion/build-remote/team-nust-robocup/CMakeFiles/CMakeTmp/src.c:3:20: error: expected ‘=’, ‘,’, ‘;’, ‘asm’ or ‘__attribute__’ before ‘{’ token
     int main(void) {
                    ^
/home/muptii/Documents/robocup/team-nust-robocup-v2/build-V5/Debug-Motion/build-remote/team-nust-robocup/CMakeFiles/CMakeTmp/src.c:2:28: error: declaration for parameter ‘tls’ but no such parameter
     __declspec(thread) int tls;
                            ^
/home/muptii/Documents/robocup/team-nust-robocup-v2/build-V5/Debug-Motion/build-remote/team-nust-robocup/CMakeFiles/CMakeTmp/src.c:5:5: error: expected ‘{’ at end of input
     }
     ^
make[2]: *** [CMakeFiles/cmTC_2fb7b.dir/src.c.o] Error 1
make[2]: Leaving directory `/home/muptii/Documents/robocup/team-nust-robocup-v2/build-V5/Debug-Motion/build-remote/team-nust-robocup/CMakeFiles/CMakeTmp'
make[1]: *** [cmTC_2fb7b/fast] Error 2
make[1]: Leaving directory `/home/muptii/Documents/robocup/team-nust-robocup-v2/build-V5/Debug-Motion/build-remote/team-nust-robocup/CMakeFiles/CMakeTmp'

Source file was:

    __declspec(thread) int tls;
    int main(void) {
        return 0;
    }
Determining if the include file altivec.h exists failed with the following output:
Change Dir: /home/muptii/Documents/robocup/team-nust-robocup-v2/build-V5/Debug-Motion/build-remote/team-nust-robocup/CMakeFiles/CMakeTmp

Run Build Command:"/usr/bin/make" "cmTC_2c09c/fast"
make[1]: Entering directory `/home/muptii/Documents/robocup/team-nust-robocup-v2/build-V5/Debug-Motion/build-remote/team-nust-robocup/CMakeFiles/CMakeTmp'
/usr/bin/make -f CMakeFiles/cmTC_2c09c.dir/build.make CMakeFiles/cmTC_2c09c.dir/build
make[2]: Entering directory `/home/muptii/Documents/robocup/team-nust-robocup-v2/build-V5/Debug-Motion/build-remote/team-nust-robocup/CMakeFiles/CMakeTmp'
Building C object CMakeFiles/cmTC_2c09c.dir/CheckIncludeFile.c.o
/usr/bin/cc    -fPIE   -o CMakeFiles/cmTC_2c09c.dir/CheckIncludeFile.c.o   -c /home/muptii/Documents/robocup/team-nust-robocup-v2/build-V5/Debug-Motion/build-remote/team-nust-robocup/CMakeFiles/CMakeTmp/CheckIncludeFile.c
/home/muptii/Documents/robocup/team-nust-robocup-v2/build-V5/Debug-Motion/build-remote/team-nust-robocup/CMakeFiles/CMakeTmp/CheckIncludeFile.c:1:21: fatal error: altivec.h: No such file or directory
 #include <altivec.h>
                     ^
compilation terminated.
make[2]: *** [CMakeFiles/cmTC_2c09c.dir/CheckIncludeFile.c.o] Error 1
make[2]: Leaving directory `/home/muptii/Documents/robocup/team-nust-robocup-v2/build-V5/Debug-Motion/build-remote/team-nust-robocup/CMakeFiles/CMakeTmp'
make[1]: *** [cmTC_2c09c/fast] Error 2
make[1]: Leaving directory `/home/muptii/Documents/robocup/team-nust-robocup-v2/build-V5/Debug-Motion/build-remote/team-nust-robocup/CMakeFiles/CMakeTmp'


Determining if the include file c_asm.h exists failed with the following output:
Change Dir: /home/muptii/Documents/robocup/team-nust-robocup-v2/build-V5/Debug-Motion/build-remote/team-nust-robocup/CMakeFiles/CMakeTmp

Run Build Command:"/usr/bin/make" "cmTC_35e67/fast"
make[1]: Entering directory `/home/muptii/Documents/robocup/team-nust-robocup-v2/build-V5/Debug-Motion/build-remote/team-nust-robocup/CMakeFiles/CMakeTmp'
/usr/bin/make -f CMakeFiles/cmTC_35e67.dir/build.make CMakeFiles/cmTC_35e67.dir/build
make[2]: Entering directory `/home/muptii/Documents/robocup/team-nust-robocup-v2/build-V5/Debug-Motion/build-remote/team-nust-robocup/CMakeFiles/CMakeTmp'
Building C object CMakeFiles/cmTC_35e67.dir/CheckIncludeFile.c.o
/usr/bin/cc    -fPIE   -o CMakeFiles/cmTC_35e67.dir/CheckIncludeFile.c.o   -c /home/muptii/Documents/robocup/team-nust-robocup-v2/build-V5/Debug-Motion/build-remote/team-nust-robocup/CMakeFiles/CMakeTmp/CheckIncludeFile.c
/home/muptii/Documents/robocup/team-nust-robocup-v2/build-V5/Debug-Motion/build-remote/team-nust-robocup/CMakeFiles/CMakeTmp/CheckIncludeFile.c:1:19: fatal error: c_asm.h: No such file or directory
 #include <c_asm.h>
                   ^
compilation terminated.
make[2]: *** [CMakeFiles/cmTC_35e67.dir/CheckIncludeFile.c.o] Error 1
make[2]: Leaving directory `/home/muptii/Documents/robocup/team-nust-robocup-v2/build-V5/Debug-Motion/build-remote/team-nust-robocup/CMakeFiles/CMakeTmp'
make[1]: *** [cmTC_35e67/fast] Error 2
make[1]: Leaving directory `/home/muptii/Documents/robocup/team-nust-robocup-v2/build-V5/Debug-Motion/build-remote/team-nust-robocup/CMakeFiles/CMakeTmp'


Determining if the include file intrinsics.h exists failed with the following output:
Change Dir: /home/muptii/Documents/robocup/team-nust-robocup-v2/build-V5/Debug-Motion/build-remote/team-nust-robocup/CMakeFiles/CMakeTmp

Run Build Command:"/usr/bin/make" "cmTC_02132/fast"
make[1]: Entering directory `/home/muptii/Documents/robocup/team-nust-robocup-v2/build-V5/Debug-Motion/build-remote/team-nust-robocup/CMakeFiles/CMakeTmp'
/usr/bin/make -f CMakeFiles/cmTC_02132.dir/build.make CMakeFiles/cmTC_02132.dir/build
make[2]: Entering directory `/home/muptii/Documents/robocup/team-nust-robocup-v2/build-V5/Debug-Motion/build-remote/team-nust-robocup/CMakeFiles/CMakeTmp'
Building C object CMakeFiles/cmTC_02132.dir/CheckIncludeFile.c.o
/usr/bin/cc    -fPIE   -o CMakeFiles/cmTC_02132.dir/CheckIncludeFile.c.o   -c /home/muptii/Documents/robocup/team-nust-robocup-v2/build-V5/Debug-Motion/build-remote/team-nust-robocup/CMakeFiles/CMakeTmp/CheckIncludeFile.c
/home/muptii/Documents/robocup/team-nust-robocup-v2/build-V5/Debug-Motion/build-remote/team-nust-robocup/CMakeFiles/CMakeTmp/CheckIncludeFile.c:1:24: fatal error: intrinsics.h: No such file or directory
 #include <intrinsics.h>
                        ^
compilation terminated.
make[2]: *** [CMakeFiles/cmTC_02132.dir/CheckIncludeFile.c.o] Error 1
make[2]: Leaving directory `/home/muptii/Documents/robocup/team-nust-robocup-v2/build-V5/Debug-Motion/build-remote/team-nust-robocup/CMakeFiles/CMakeTmp'
make[1]: *** [cmTC_02132/fast] Error 2
make[1]: Leaving directory `/home/muptii/Documents/robocup/team-nust-robocup-v2/build-V5/Debug-Motion/build-remote/team-nust-robocup/CMakeFiles/CMakeTmp'


Determining if the include file mach/mach_time.h exists failed with the following output:
Change Dir: /home/muptii/Documents/robocup/team-nust-robocup-v2/build-V5/Debug-Motion/build-remote/team-nust-robocup/CMakeFiles/CMakeTmp

Run Build Command:"/usr/bin/make" "cmTC_ac03f/fast"
make[1]: Entering directory `/home/muptii/Documents/robocup/team-nust-robocup-v2/build-V5/Debug-Motion/build-remote/team-nust-robocup/CMakeFiles/CMakeTmp'
/usr/bin/make -f CMakeFiles/cmTC_ac03f.dir/build.make CMakeFiles/cmTC_ac03f.dir/build
make[2]: Entering directory `/home/muptii/Documents/robocup/team-nust-robocup-v2/build-V5/Debug-Motion/build-remote/team-nust-robocup/CMakeFiles/CMakeTmp'
Building C object CMakeFiles/cmTC_ac03f.dir/CheckIncludeFile.c.o
/usr/bin/cc    -fPIE   -o CMakeFiles/cmTC_ac03f.dir/CheckIncludeFile.c.o   -c /home/muptii/Documents/robocup/team-nust-robocup-v2/build-V5/Debug-Motion/build-remote/team-nust-robocup/CMakeFiles/CMakeTmp/CheckIncludeFile.c
/home/muptii/Documents/robocup/team-nust-robocup-v2/build-V5/Debug-Motion/build-remote/team-nust-robocup/CMakeFiles/CMakeTmp/CheckIncludeFile.c:1:28: fatal error: mach/mach_time.h: No such file or directory
 #include <mach/mach_time.h>
                            ^
compilation terminated.
make[2]: *** [CMakeFiles/cmTC_ac03f.dir/CheckIncludeFile.c.o] Error 1
make[2]: Leaving directory `/home/muptii/Documents/robocup/team-nust-robocup-v2/build-V5/Debug-Motion/build-remote/team-nust-robocup/CMakeFiles/CMakeTmp'
make[1]: *** [cmTC_ac03f/fast] Error 2
make[1]: Leaving directory `/home/muptii/Documents/robocup/team-nust-robocup-v2/build-V5/Debug-Motion/build-remote/team-nust-robocup/CMakeFiles/CMakeTmp'


Determining if the include file uintptr.h exists failed with the following output:
Change Dir: /home/muptii/Documents/robocup/team-nust-robocup-v2/build-V5/Debug-Motion/build-remote/team-nust-robocup/CMakeFiles/CMakeTmp

Run Build Command:"/usr/bin/make" "cmTC_05f9f/fast"
make[1]: Entering directory `/home/muptii/Documents/robocup/team-nust-robocup-v2/build-V5/Debug-Motion/build-remote/team-nust-robocup/CMakeFiles/CMakeTmp'
/usr/bin/make -f CMakeFiles/cmTC_05f9f.dir/build.make CMakeFiles/cmTC_05f9f.dir/build
make[2]: Entering directory `/home/muptii/Documents/robocup/team-nust-robocup-v2/build-V5/Debug-Motion/build-remote/team-nust-robocup/CMakeFiles/CMakeTmp'
Building C object CMakeFiles/cmTC_05f9f.dir/CheckIncludeFile.c.o
/usr/bin/cc    -fPIE   -o CMakeFiles/cmTC_05f9f.dir/CheckIncludeFile.c.o   -c /home/muptii/Documents/robocup/team-nust-robocup-v2/build-V5/Debug-Motion/build-remote/team-nust-robocup/CMakeFiles/CMakeTmp/CheckIncludeFile.c
/home/muptii/Documents/robocup/team-nust-robocup-v2/build-V5/Debug-Motion/build-remote/team-nust-robocup/CMakeFiles/CMakeTmp/CheckIncludeFile.c:1:21: fatal error: uintptr.h: No such file or directory
 #include <uintptr.h>
                     ^
compilation terminated.
make[2]: *** [CMakeFiles/cmTC_05f9f.dir/CheckIncludeFile.c.o] Error 1
make[2]: Leaving directory `/home/muptii/Documents/robocup/team-nust-robocup-v2/build-V5/Debug-Motion/build-remote/team-nust-robocup/CMakeFiles/CMakeTmp'
make[1]: *** [cmTC_05f9f/fast] Error 2
make[1]: Leaving directory `/home/muptii/Documents/robocup/team-nust-robocup-v2/build-V5/Debug-Motion/build-remote/team-nust-robocup/CMakeFiles/CMakeTmp'


Determining if the mach_absolute_time exist failed with the following output:
Change Dir: /home/muptii/Documents/robocup/team-nust-robocup-v2/build-V5/Debug-Motion/build-remote/team-nust-robocup/CMakeFiles/CMakeTmp

Run Build Command:"/usr/bin/make" "cmTC_6bb68/fast"
make[1]: Entering directory `/home/muptii/Documents/robocup/team-nust-robocup-v2/build-V5/Debug-Motion/build-remote/team-nust-robocup/CMakeFiles/CMakeTmp'
/usr/bin/make -f CMakeFiles/cmTC_6bb68.dir/build.make CMakeFiles/cmTC_6bb68.dir/build
make[2]: Entering directory `/home/muptii/Documents/robocup/team-nust-robocup-v2/build-V5/Debug-Motion/build-remote/team-nust-robocup/CMakeFiles/CMakeTmp'
Building C object CMakeFiles/cmTC_6bb68.dir/CheckSymbolExists.c.o
/usr/bin/cc    -fPIE   -o CMakeFiles/cmTC_6bb68.dir/CheckSymbolExists.c.o   -c /home/muptii/Documents/robocup/team-nust-robocup-v2/build-V5/Debug-Motion/build-remote/team-nust-robocup/CMakeFiles/CMakeTmp/CheckSymbolExists.c
/home/muptii/Documents/robocup/team-nust-robocup-v2/build-V5/Debug-Motion/build-remote/team-nust-robocup/CMakeFiles/CMakeTmp/CheckSymbolExists.c:2:28: fatal error: mach/mach_time.h: No such file or directory
 #include <mach/mach_time.h>
                            ^
compilation terminated.
make[2]: *** [CMakeFiles/cmTC_6bb68.dir/CheckSymbolExists.c.o] Error 1
make[2]: Leaving directory `/home/muptii/Documents/robocup/team-nust-robocup-v2/build-V5/Debug-Motion/build-remote/team-nust-robocup/CMakeFiles/CMakeTmp'
make[1]: *** [cmTC_6bb68/fast] Error 2
make[1]: Leaving directory `/home/muptii/Documents/robocup/team-nust-robocup-v2/build-V5/Debug-Motion/build-remote/team-nust-robocup/CMakeFiles/CMakeTmp'

File /home/muptii/Documents/robocup/team-nust-robocup-v2/build-V5/Debug-Motion/build-remote/team-nust-robocup/CMakeFiles/CMakeTmp/CheckSymbolExists.c:
/* */
#include <mach/mach_time.h>

int main(int argc, char** argv)
{
  (void)argv;
#ifndef mach_absolute_time
  return ((int*)(&mach_absolute_time))[argc];
#else
  (void)argc;
  return 0;
#endif
}

Determining if the sysctl exist failed with the following output:
Change Dir: /home/muptii/Documents/robocup/team-nust-robocup-v2/build-V5/Debug-Motion/build-remote/team-nust-robocup/CMakeFiles/CMakeTmp

Run Build Command:"/usr/bin/make" "cmTC_8fdaf/fast"
make[1]: Entering directory `/home/muptii/Documents/robocup/team-nust-robocup-v2/build-V5/Debug-Motion/build-remote/team-nust-robocup/CMakeFiles/CMakeTmp'
/usr/bin/make -f CMakeFiles/cmTC_8fdaf.dir/build.make CMakeFiles/cmTC_8fdaf.dir/build
make[2]: Entering directory `/home/muptii/Documents/robocup/team-nust-robocup-v2/build-V5/Debug-Motion/build-remote/team-nust-robocup/CMakeFiles/CMakeTmp'
Building C object CMakeFiles/cmTC_8fdaf.dir/CheckSymbolExists.c.o
/usr/bin/cc    -fPIE   -o CMakeFiles/cmTC_8fdaf.dir/CheckSymbolExists.c.o   -c /home/muptii/Documents/robocup/team-nust-robocup-v2/build-V5/Debug-Motion/build-remote/team-nust-robocup/CMakeFiles/CMakeTmp/CheckSymbolExists.c
/home/muptii/Documents/robocup/team-nust-robocup-v2/build-V5/Debug-Motion/build-remote/team-nust-robocup/CMakeFiles/CMakeTmp/CheckSymbolExists.c: In function ‘main’:
/home/muptii/Documents/robocup/team-nust-robocup-v2/build-V5/Debug-Motion/build-remote/team-nust-robocup/CMakeFiles/CMakeTmp/CheckSymbolExists.c:8:19: error: ‘sysctl’ undeclared (first use in this function)
   return ((int*)(&sysctl))[argc];
                   ^
/home/muptii/Documents/robocup/team-nust-robocup-v2/build-V5/Debug-Motion/build-remote/team-nust-robocup/CMakeFiles/CMakeTmp/CheckSymbolExists.c:8:19: note: each undeclared identifier is reported only once for each function it appears in
make[2]: *** [CMakeFiles/cmTC_8fdaf.dir/CheckSymbolExists.c.o] Error 1
make[2]: Leaving directory `/home/muptii/Documents/robocup/team-nust-robocup-v2/build-V5/Debug-Motion/build-remote/team-nust-robocup/CMakeFiles/CMakeTmp'
make[1]: *** [cmTC_8fdaf/fast] Error 2
make[1]: Leaving directory `/home/muptii/Documents/robocup/team-nust-robocup-v2/build-V5/Debug-Motion/build-remote/team-nust-robocup/CMakeFiles/CMakeTmp'

File /home/muptii/Documents/robocup/team-nust-robocup-v2/build-V5/Debug-Motion/build-remote/team-nust-robocup/CMakeFiles/CMakeTmp/CheckSymbolExists.c:
/* */
#include <unistd.h>

int main(int argc, char** argv)
{
  (void)argv;
#ifndef sysctl
  return ((int*)(&sysctl))[argc];
#else
  (void)argc;
  return 0;
#endif
}

Determining if the pthread_create exist failed with the following output:
Change Dir: /home/muptii/Documents/robocup/team-nust-robocup-v2/build-V5/Debug-Motion/build-remote/team-nust-robocup/CMakeFiles/CMakeTmp

Run Build Command:"/usr/bin/make" "cmTC_5fc36/fast"
make[1]: Entering directory `/home/muptii/Documents/robocup/team-nust-robocup-v2/build-V5/Debug-Motion/build-remote/team-nust-robocup/CMakeFiles/CMakeTmp'
/usr/bin/make -f CMakeFiles/cmTC_5fc36.dir/build.make CMakeFiles/cmTC_5fc36.dir/build
make[2]: Entering directory `/home/muptii/Documents/robocup/team-nust-robocup-v2/build-V5/Debug-Motion/build-remote/team-nust-robocup/CMakeFiles/CMakeTmp'
Building C object CMakeFiles/cmTC_5fc36.dir/CheckSymbolExists.c.o
/usr/bin/cc    -fPIE   -o CMakeFiles/cmTC_5fc36.dir/CheckSymbolExists.c.o   -c /home/muptii/Documents/robocup/team-nust-robocup-v2/build-V5/Debug-Motion/build-remote/team-nust-robocup/CMakeFiles/CMakeTmp/CheckSymbolExists.c
Linking C executable cmTC_5fc36
/usr/bin/cmake -E cmake_link_script CMakeFiles/cmTC_5fc36.dir/link.txt --verbose=1
/usr/bin/cc       CMakeFiles/cmTC_5fc36.dir/CheckSymbolExists.c.o  -o cmTC_5fc36 -rdynamic -lm 
CMakeFiles/cmTC_5fc36.dir/CheckSymbolExists.c.o: In function `main':
CheckSymbolExists.c:(.text+0x1b): undefined reference to `pthread_create'
collect2: error: ld returned 1 exit status
make[2]: *** [cmTC_5fc36] Error 1
make[2]: Leaving directory `/home/muptii/Documents/robocup/team-nust-robocup-v2/build-V5/Debug-Motion/build-remote/team-nust-robocup/CMakeFiles/CMakeTmp'
make[1]: *** [cmTC_5fc36/fast] Error 2
make[1]: Leaving directory `/home/muptii/Documents/robocup/team-nust-robocup-v2/build-V5/Debug-Motion/build-remote/team-nust-robocup/CMakeFiles/CMakeTmp'

File /home/muptii/Documents/robocup/team-nust-robocup-v2/build-V5/Debug-Motion/build-remote/team-nust-robocup/CMakeFiles/CMakeTmp/CheckSymbolExists.c:
/* */
#include <pthread.h>

int main(int argc, char** argv)
{
  (void)argv;
#ifndef pthread_create
  return ((int*)(&pthread_create))[argc];
#else
  (void)argc;
  return 0;
#endif
}

Determining if the function pthread_create exists in the pthreads failed with the following output:
Change Dir: /home/muptii/Documents/robocup/team-nust-robocup-v2/build-V5/Debug-Motion/build-remote/team-nust-robocup/CMakeFiles/CMakeTmp

Run Build Command:"/usr/bin/make" "cmTC_06916/fast"
make[1]: Entering directory `/home/muptii/Documents/robocup/team-nust-robocup-v2/build-V5/Debug-Motion/build-remote/team-nust-robocup/CMakeFiles/CMakeTmp'
/usr/bin/make -f CMakeFiles/cmTC_06916.dir/build.make CMakeFiles/cmTC_06916.dir/build
make[2]: Entering directory `/home/muptii/Documents/robocup/team-nust-robocup-v2/build-V5/Debug-Motion/build-remote/team-nust-robocup/CMakeFiles/CMakeTmp'
Building C object CMakeFiles/cmTC_06916.dir/CheckFunctionExists.c.o
/usr/bin/cc    -DCHECK_FUNCTION_EXISTS=pthread_create -fPIE   -o CMakeFiles/cmTC_06916.dir/CheckFunctionExists.c.o   -c /usr/share/cmake-3.5/Modules/CheckFunctionExists.c
Linking C executable cmTC_06916
/usr/bin/cmake -E cmake_link_script CMakeFiles/cmTC_06916.dir/link.txt --verbose=1
/usr/bin/cc   -DCHECK_FUNCTION_EXISTS=pthread_create    CMakeFiles/cmTC_06916.dir/CheckFunctionExists.c.o  -o cmTC_06916 -rdynamic -lpthreads -lm 
/usr/bin/ld: cannot find -lpthreads
collect2: error: ld returned 1 exit status
make[2]: *** [cmTC_06916] Error 1
make[2]: Leaving directory `/home/muptii/Documents/robocup/team-nust-robocup-v2/build-V5/Debug-Motion/build-remote/team-nust-robocup/CMakeFiles/CMakeTmp'
make[1]: *** [cmTC_06916/fast] Error 2
make[1]: Leaving directory `/home/muptii/Documents/robocup/team-nust-robocup-v2/build-V5/Debug-Motion/build-remote/team-nust-robocup/CMakeFiles/CMakeTmp'


Performing C SOURCE FILE Test HAVE_THREAD_LOCAL_STORAGE failed with the following output:
Change Dir: /home/muptii/Documents/robocup/team-nust-robocup-v2/build-V5/Debug-Motion/build-remote/team-nust-robocup/CMakeFiles/CMakeTmp

Run Build Command:"/usr/bin/make" "cmTC_4c4de/fast"
make[1]: Entering directory `/home/muptii/Documents/robocup/team-nust-robocup-v2/build-V5/Debug-Motion/build-remote/team-nust-robocup/CMakeFiles/CMakeTmp'
/usr/bin/make -f CMakeFiles/cmTC_4c4de.dir/build.make CMakeFiles/cmTC_4c4de.dir/build
make[2]: Entering directory `/home/muptii/Documents/robocup/team-nust-robocup-v2/build-V5/Debug-Motion/build-remote/team-nust-robocup/CMakeFiles/CMakeTmp'
Building C object CMakeFiles/cmTC_4c4de.dir/src.c.o
/usr/bin/cc    -DHAVE_THREAD_LOCAL_STORAGE -fPIE   -o CMakeFiles/cmTC_4c4de.dir/src.c.o   -c /home/muptii/Documents/robocup/team-nust-robocup-v2/build-V5/Debug-Motion/build-remote/team-nust-robocup/CMakeFiles/CMakeTmp/src.c
/home/muptii/Documents/robocup/team-nust-robocup-v2/build-V5/Debug-Motion/build-remote/team-nust-robocup/CMakeFiles/CMakeTmp/src.c: In function ‘__declspec’:
/home/muptii/Documents/robocup/team-nust-robocup-v2/build-V5/Debug-Motion/build-remote/team-nust-robocup/CMakeFiles/CMakeTmp/src.c:3:20: error: expected ‘=’, ‘,’, ‘;’, ‘asm’ or ‘__attribute__’ before ‘{’ token
     int main(void) {
                    ^
/home/muptii/Documents/robocup/team-nust-robocup-v2/build-V5/Debug-Motion/build-remote/team-nust-robocup/CMakeFiles/CMakeTmp/src.c:2:28: error: declaration for parameter ‘tls’ but no such parameter
     __declspec(thread) int tls;
                            ^
/home/muptii/Documents/robocup/team-nust-robocup-v2/build-V5/Debug-Motion/build-remote/team-nust-robocup/CMakeFiles/CMakeTmp/src.c:5:5: error: expected ‘{’ at end of input
     }
     ^
make[2]: *** [CMakeFiles/cmTC_4c4de.dir/src.c.o] Error 1
make[2]: Leaving directory `/home/muptii/Documents/robocup/team-nust-robocup-v2/build-V5/Debug-Motion/build-remote/team-nust-robocup/CMakeFiles/CMakeTmp'
make[1]: *** [cmTC_4c4de/fast] Error 2
make[1]: Leaving directory `/home/muptii/Documents/robocup/team-nust-robocup-v2/build-V5/Debug-Motion/build-remote/team-nust-robocup/CMakeFiles/CMakeTmp'

Source file was:

    __declspec(thread) int tls;
    int main(void) {
        return 0;
    }
Determining if the include file altivec.h exists failed with the following output:
Change Dir: /home/muptii/Documents/robocup/team-nust-robocup-v2/build-V5/Debug-Motion/build-remote/team-nust-robocup/CMakeFiles/CMakeTmp

Run Build Command:"/usr/bin/make" "cmTC_7cb69/fast"
make[1]: Entering directory `/home/muptii/Documents/robocup/team-nust-robocup-v2/build-V5/Debug-Motion/build-remote/team-nust-robocup/CMakeFiles/CMakeTmp'
/usr/bin/make -f CMakeFiles/cmTC_7cb69.dir/build.make CMakeFiles/cmTC_7cb69.dir/build
make[2]: Entering directory `/home/muptii/Documents/robocup/team-nust-robocup-v2/build-V5/Debug-Motion/build-remote/team-nust-robocup/CMakeFiles/CMakeTmp'
Building C object CMakeFiles/cmTC_7cb69.dir/CheckIncludeFile.c.o
/usr/bin/cc    -fPIE   -o CMakeFiles/cmTC_7cb69.dir/CheckIncludeFile.c.o   -c /home/muptii/Documents/robocup/team-nust-robocup-v2/build-V5/Debug-Motion/build-remote/team-nust-robocup/CMakeFiles/CMakeTmp/CheckIncludeFile.c
/home/muptii/Documents/robocup/team-nust-robocup-v2/build-V5/Debug-Motion/build-remote/team-nust-robocup/CMakeFiles/CMakeTmp/CheckIncludeFile.c:1:21: fatal error: altivec.h: No such file or directory
 #include <altivec.h>
                     ^
compilation terminated.
make[2]: *** [CMakeFiles/cmTC_7cb69.dir/CheckIncludeFile.c.o] Error 1
make[2]: Leaving directory `/home/muptii/Documents/robocup/team-nust-robocup-v2/build-V5/Debug-Motion/build-remote/team-nust-robocup/CMakeFiles/CMakeTmp'
make[1]: *** [cmTC_7cb69/fast] Error 2
make[1]: Leaving directory `/home/muptii/Documents/robocup/team-nust-robocup-v2/build-V5/Debug-Motion/build-remote/team-nust-robocup/CMakeFiles/CMakeTmp'


Determining if the include file c_asm.h exists failed with the following output:
Change Dir: /home/muptii/Documents/robocup/team-nust-robocup-v2/build-V5/Debug-Motion/build-remote/team-nust-robocup/CMakeFiles/CMakeTmp

Run Build Command:"/usr/bin/make" "cmTC_d2582/fast"
make[1]: Entering directory `/home/muptii/Documents/robocup/team-nust-robocup-v2/build-V5/Debug-Motion/build-remote/team-nust-robocup/CMakeFiles/CMakeTmp'
/usr/bin/make -f CMakeFiles/cmTC_d2582.dir/build.make CMakeFiles/cmTC_d2582.dir/build
make[2]: Entering directory `/home/muptii/Documents/robocup/team-nust-robocup-v2/build-V5/Debug-Motion/build-remote/team-nust-robocup/CMakeFiles/CMakeTmp'
Building C object CMakeFiles/cmTC_d2582.dir/CheckIncludeFile.c.o
/usr/bin/cc    -fPIE   -o CMakeFiles/cmTC_d2582.dir/CheckIncludeFile.c.o   -c /home/muptii/Documents/robocup/team-nust-robocup-v2/build-V5/Debug-Motion/build-remote/team-nust-robocup/CMakeFiles/CMakeTmp/CheckIncludeFile.c
/home/muptii/Documents/robocup/team-nust-robocup-v2/build-V5/Debug-Motion/build-remote/team-nust-robocup/CMakeFiles/CMakeTmp/CheckIncludeFile.c:1:19: fatal error: c_asm.h: No such file or directory
 #include <c_asm.h>
                   ^
compilation terminated.
make[2]: *** [CMakeFiles/cmTC_d2582.dir/CheckIncludeFile.c.o] Error 1
make[2]: Leaving directory `/home/muptii/Documents/robocup/team-nust-robocup-v2/build-V5/Debug-Motion/build-remote/team-nust-robocup/CMakeFiles/CMakeTmp'
make[1]: *** [cmTC_d2582/fast] Error 2
make[1]: Leaving directory `/home/muptii/Documents/robocup/team-nust-robocup-v2/build-V5/Debug-Motion/build-remote/team-nust-robocup/CMakeFiles/CMakeTmp'


Determining if the include file intrinsics.h exists failed with the following output:
Change Dir: /home/muptii/Documents/robocup/team-nust-robocup-v2/build-V5/Debug-Motion/build-remote/team-nust-robocup/CMakeFiles/CMakeTmp

Run Build Command:"/usr/bin/make" "cmTC_013ed/fast"
make[1]: Entering directory `/home/muptii/Documents/robocup/team-nust-robocup-v2/build-V5/Debug-Motion/build-remote/team-nust-robocup/CMakeFiles/CMakeTmp'
/usr/bin/make -f CMakeFiles/cmTC_013ed.dir/build.make CMakeFiles/cmTC_013ed.dir/build
make[2]: Entering directory `/home/muptii/Documents/robocup/team-nust-robocup-v2/build-V5/Debug-Motion/build-remote/team-nust-robocup/CMakeFiles/CMakeTmp'
Building C object CMakeFiles/cmTC_013ed.dir/CheckIncludeFile.c.o
/usr/bin/cc    -fPIE   -o CMakeFiles/cmTC_013ed.dir/CheckIncludeFile.c.o   -c /home/muptii/Documents/robocup/team-nust-robocup-v2/build-V5/Debug-Motion/build-remote/team-nust-robocup/CMakeFiles/CMakeTmp/CheckIncludeFile.c
/home/muptii/Documents/robocup/team-nust-robocup-v2/build-V5/Debug-Motion/build-remote/team-nust-robocup/CMakeFiles/CMakeTmp/CheckIncludeFile.c:1:24: fatal error: intrinsics.h: No such file or directory
 #include <intrinsics.h>
                        ^
compilation terminated.
make[2]: *** [CMakeFiles/cmTC_013ed.dir/CheckIncludeFile.c.o] Error 1
make[2]: Leaving directory `/home/muptii/Documents/robocup/team-nust-robocup-v2/build-V5/Debug-Motion/build-remote/team-nust-robocup/CMakeFiles/CMakeTmp'
make[1]: *** [cmTC_013ed/fast] Error 2
make[1]: Leaving directory `/home/muptii/Documents/robocup/team-nust-robocup-v2/build-V5/Debug-Motion/build-remote/team-nust-robocup/CMakeFiles/CMakeTmp'


Determining if the include file mach/mach_time.h exists failed with the following output:
Change Dir: /home/muptii/Documents/robocup/team-nust-robocup-v2/build-V5/Debug-Motion/build-remote/team-nust-robocup/CMakeFiles/CMakeTmp

Run Build Command:"/usr/bin/make" "cmTC_4ca77/fast"
make[1]: Entering directory `/home/muptii/Documents/robocup/team-nust-robocup-v2/build-V5/Debug-Motion/build-remote/team-nust-robocup/CMakeFiles/CMakeTmp'
/usr/bin/make -f CMakeFiles/cmTC_4ca77.dir/build.make CMakeFiles/cmTC_4ca77.dir/build
make[2]: Entering directory `/home/muptii/Documents/robocup/team-nust-robocup-v2/build-V5/Debug-Motion/build-remote/team-nust-robocup/CMakeFiles/CMakeTmp'
Building C object CMakeFiles/cmTC_4ca77.dir/CheckIncludeFile.c.o
/usr/bin/cc    -fPIE   -o CMakeFiles/cmTC_4ca77.dir/CheckIncludeFile.c.o   -c /home/muptii/Documents/robocup/team-nust-robocup-v2/build-V5/Debug-Motion/build-remote/team-nust-robocup/CMakeFiles/CMakeTmp/CheckIncludeFile.c
/home/muptii/Documents/robocup/team-nust-robocup-v2/build-V5/Debug-Motion/build-remote/team-nust-robocup/CMakeFiles/CMakeTmp/CheckIncludeFile.c:1:28: fatal error: mach/mach_time.h: No such file or directory
 #include <mach/mach_time.h>
                            ^
compilation terminated.
make[2]: *** [CMakeFiles/cmTC_4ca77.dir/CheckIncludeFile.c.o] Error 1
make[2]: Leaving directory `/home/muptii/Documents/robocup/team-nust-robocup-v2/build-V5/Debug-Motion/build-remote/team-nust-robocup/CMakeFiles/CMakeTmp'
make[1]: *** [cmTC_4ca77/fast] Error 2
make[1]: Leaving directory `/home/muptii/Documents/robocup/team-nust-robocup-v2/build-V5/Debug-Motion/build-remote/team-nust-robocup/CMakeFiles/CMakeTmp'


Determining if the include file uintptr.h exists failed with the following output:
Change Dir: /home/muptii/Documents/robocup/team-nust-robocup-v2/build-V5/Debug-Motion/build-remote/team-nust-robocup/CMakeFiles/CMakeTmp

Run Build Command:"/usr/bin/make" "cmTC_76911/fast"
make[1]: Entering directory `/home/muptii/Documents/robocup/team-nust-robocup-v2/build-V5/Debug-Motion/build-remote/team-nust-robocup/CMakeFiles/CMakeTmp'
/usr/bin/make -f CMakeFiles/cmTC_76911.dir/build.make CMakeFiles/cmTC_76911.dir/build
make[2]: Entering directory `/home/muptii/Documents/robocup/team-nust-robocup-v2/build-V5/Debug-Motion/build-remote/team-nust-robocup/CMakeFiles/CMakeTmp'
Building C object CMakeFiles/cmTC_76911.dir/CheckIncludeFile.c.o
/usr/bin/cc    -fPIE   -o CMakeFiles/cmTC_76911.dir/CheckIncludeFile.c.o   -c /home/muptii/Documents/robocup/team-nust-robocup-v2/build-V5/Debug-Motion/build-remote/team-nust-robocup/CMakeFiles/CMakeTmp/CheckIncludeFile.c
/home/muptii/Documents/robocup/team-nust-robocup-v2/build-V5/Debug-Motion/build-remote/team-nust-robocup/CMakeFiles/CMakeTmp/CheckIncludeFile.c:1:21: fatal error: uintptr.h: No such file or directory
 #include <uintptr.h>
                     ^
compilation terminated.
make[2]: *** [CMakeFiles/cmTC_76911.dir/CheckIncludeFile.c.o] Error 1
make[2]: Leaving directory `/home/muptii/Documents/robocup/team-nust-robocup-v2/build-V5/Debug-Motion/build-remote/team-nust-robocup/CMakeFiles/CMakeTmp'
make[1]: *** [cmTC_76911/fast] Error 2
make[1]: Leaving directory `/home/muptii/Documents/robocup/team-nust-robocup-v2/build-V5/Debug-Motion/build-remote/team-nust-robocup/CMakeFiles/CMakeTmp'


Determining if the mach_absolute_time exist failed with the following output:
Change Dir: /home/muptii/Documents/robocup/team-nust-robocup-v2/build-V5/Debug-Motion/build-remote/team-nust-robocup/CMakeFiles/CMakeTmp

Run Build Command:"/usr/bin/make" "cmTC_4c658/fast"
make[1]: Entering directory `/home/muptii/Documents/robocup/team-nust-robocup-v2/build-V5/Debug-Motion/build-remote/team-nust-robocup/CMakeFiles/CMakeTmp'
/usr/bin/make -f CMakeFiles/cmTC_4c658.dir/build.make CMakeFiles/cmTC_4c658.dir/build
make[2]: Entering directory `/home/muptii/Documents/robocup/team-nust-robocup-v2/build-V5/Debug-Motion/build-remote/team-nust-robocup/CMakeFiles/CMakeTmp'
Building C object CMakeFiles/cmTC_4c658.dir/CheckSymbolExists.c.o
/usr/bin/cc    -fPIE   -o CMakeFiles/cmTC_4c658.dir/CheckSymbolExists.c.o   -c /home/muptii/Documents/robocup/team-nust-robocup-v2/build-V5/Debug-Motion/build-remote/team-nust-robocup/CMakeFiles/CMakeTmp/CheckSymbolExists.c
/home/muptii/Documents/robocup/team-nust-robocup-v2/build-V5/Debug-Motion/build-remote/team-nust-robocup/CMakeFiles/CMakeTmp/CheckSymbolExists.c:2:28: fatal error: mach/mach_time.h: No such file or directory
 #include <mach/mach_time.h>
                            ^
compilation terminated.
make[2]: *** [CMakeFiles/cmTC_4c658.dir/CheckSymbolExists.c.o] Error 1
make[2]: Leaving directory `/home/muptii/Documents/robocup/team-nust-robocup-v2/build-V5/Debug-Motion/build-remote/team-nust-robocup/CMakeFiles/CMakeTmp'
make[1]: *** [cmTC_4c658/fast] Error 2
make[1]: Leaving directory `/home/muptii/Documents/robocup/team-nust-robocup-v2/build-V5/Debug-Motion/build-remote/team-nust-robocup/CMakeFiles/CMakeTmp'

File /home/muptii/Documents/robocup/team-nust-robocup-v2/build-V5/Debug-Motion/build-remote/team-nust-robocup/CMakeFiles/CMakeTmp/CheckSymbolExists.c:
/* */
#include <mach/mach_time.h>

int main(int argc, char** argv)
{
  (void)argv;
#ifndef mach_absolute_time
  return ((int*)(&mach_absolute_time))[argc];
#else
  (void)argc;
  return 0;
#endif
}

Determining if the sysctl exist failed with the following output:
Change Dir: /home/muptii/Documents/robocup/team-nust-robocup-v2/build-V5/Debug-Motion/build-remote/team-nust-robocup/CMakeFiles/CMakeTmp

Run Build Command:"/usr/bin/make" "cmTC_24f0e/fast"
make[1]: Entering directory `/home/muptii/Documents/robocup/team-nust-robocup-v2/build-V5/Debug-Motion/build-remote/team-nust-robocup/CMakeFiles/CMakeTmp'
/usr/bin/make -f CMakeFiles/cmTC_24f0e.dir/build.make CMakeFiles/cmTC_24f0e.dir/build
make[2]: Entering directory `/home/muptii/Documents/robocup/team-nust-robocup-v2/build-V5/Debug-Motion/build-remote/team-nust-robocup/CMakeFiles/CMakeTmp'
Building C object CMakeFiles/cmTC_24f0e.dir/CheckSymbolExists.c.o
/usr/bin/cc    -fPIE   -o CMakeFiles/cmTC_24f0e.dir/CheckSymbolExists.c.o   -c /home/muptii/Documents/robocup/team-nust-robocup-v2/build-V5/Debug-Motion/build-remote/team-nust-robocup/CMakeFiles/CMakeTmp/CheckSymbolExists.c
/home/muptii/Documents/robocup/team-nust-robocup-v2/build-V5/Debug-Motion/build-remote/team-nust-robocup/CMakeFiles/CMakeTmp/CheckSymbolExists.c: In function ‘main’:
/home/muptii/Documents/robocup/team-nust-robocup-v2/build-V5/Debug-Motion/build-remote/team-nust-robocup/CMakeFiles/CMakeTmp/CheckSymbolExists.c:8:19: error: ‘sysctl’ undeclared (first use in this function)
   return ((int*)(&sysctl))[argc];
                   ^
/home/muptii/Documents/robocup/team-nust-robocup-v2/build-V5/Debug-Motion/build-remote/team-nust-robocup/CMakeFiles/CMakeTmp/CheckSymbolExists.c:8:19: note: each undeclared identifier is reported only once for each function it appears in
make[2]: *** [CMakeFiles/cmTC_24f0e.dir/CheckSymbolExists.c.o] Error 1
make[2]: Leaving directory `/home/muptii/Documents/robocup/team-nust-robocup-v2/build-V5/Debug-Motion/build-remote/team-nust-robocup/CMakeFiles/CMakeTmp'
make[1]: *** [cmTC_24f0e/fast] Error 2
make[1]: Leaving directory `/home/muptii/Documents/robocup/team-nust-robocup-v2/build-V5/Debug-Motion/build-remote/team-nust-robocup/CMakeFiles/CMakeTmp'

File /home/muptii/Documents/robocup/team-nust-robocup-v2/build-V5/Debug-Motion/build-remote/team-nust-robocup/CMakeFiles/CMakeTmp/CheckSymbolExists.c:
/* */
#include <unistd.h>

int main(int argc, char** argv)
{
  (void)argv;
#ifndef sysctl
  return ((int*)(&sysctl))[argc];
#else
  (void)argc;
  return 0;
#endif
}

Determining if the pthread_create exist failed with the following output:
Change Dir: /home/muptii/Documents/robocup/team-nust-robocup-v2/build-V5/Debug-Motion/build-remote/team-nust-robocup/CMakeFiles/CMakeTmp

Run Build Command:"/usr/bin/make" "cmTC_1c5cd/fast"
make[1]: Entering directory `/home/muptii/Documents/robocup/team-nust-robocup-v2/build-V5/Debug-Motion/build-remote/team-nust-robocup/CMakeFiles/CMakeTmp'
/usr/bin/make -f CMakeFiles/cmTC_1c5cd.dir/build.make CMakeFiles/cmTC_1c5cd.dir/build
make[2]: Entering directory `/home/muptii/Documents/robocup/team-nust-robocup-v2/build-V5/Debug-Motion/build-remote/team-nust-robocup/CMakeFiles/CMakeTmp'
Building C object CMakeFiles/cmTC_1c5cd.dir/CheckSymbolExists.c.o
/usr/bin/cc    -fPIE   -o CMakeFiles/cmTC_1c5cd.dir/CheckSymbolExists.c.o   -c /home/muptii/Documents/robocup/team-nust-robocup-v2/build-V5/Debug-Motion/build-remote/team-nust-robocup/CMakeFiles/CMakeTmp/CheckSymbolExists.c
Linking C executable cmTC_1c5cd
/usr/bin/cmake -E cmake_link_script CMakeFiles/cmTC_1c5cd.dir/link.txt --verbose=1
/usr/bin/cc       CMakeFiles/cmTC_1c5cd.dir/CheckSymbolExists.c.o  -o cmTC_1c5cd -rdynamic -lm 
CMakeFiles/cmTC_1c5cd.dir/CheckSymbolExists.c.o: In function `main':
CheckSymbolExists.c:(.text+0x1b): undefined reference to `pthread_create'
collect2: error: ld returned 1 exit status
make[2]: *** [cmTC_1c5cd] Error 1
make[2]: Leaving directory `/home/muptii/Documents/robocup/team-nust-robocup-v2/build-V5/Debug-Motion/build-remote/team-nust-robocup/CMakeFiles/CMakeTmp'
make[1]: *** [cmTC_1c5cd/fast] Error 2
make[1]: Leaving directory `/home/muptii/Documents/robocup/team-nust-robocup-v2/build-V5/Debug-Motion/build-remote/team-nust-robocup/CMakeFiles/CMakeTmp'

File /home/muptii/Documents/robocup/team-nust-robocup-v2/build-V5/Debug-Motion/build-remote/team-nust-robocup/CMakeFiles/CMakeTmp/CheckSymbolExists.c:
/* */
#include <pthread.h>

int main(int argc, char** argv)
{
  (void)argv;
#ifndef pthread_create
  return ((int*)(&pthread_create))[argc];
#else
  (void)argc;
  return 0;
#endif
}

Determining if the function pthread_create exists in the pthreads failed with the following output:
Change Dir: /home/muptii/Documents/robocup/team-nust-robocup-v2/build-V5/Debug-Motion/build-remote/team-nust-robocup/CMakeFiles/CMakeTmp

Run Build Command:"/usr/bin/make" "cmTC_61c84/fast"
make[1]: Entering directory `/home/muptii/Documents/robocup/team-nust-robocup-v2/build-V5/Debug-Motion/build-remote/team-nust-robocup/CMakeFiles/CMakeTmp'
/usr/bin/make -f CMakeFiles/cmTC_61c84.dir/build.make CMakeFiles/cmTC_61c84.dir/build
make[2]: Entering directory `/home/muptii/Documents/robocup/team-nust-robocup-v2/build-V5/Debug-Motion/build-remote/team-nust-robocup/CMakeFiles/CMakeTmp'
Building C object CMakeFiles/cmTC_61c84.dir/CheckFunctionExists.c.o
/usr/bin/cc    -DCHECK_FUNCTION_EXISTS=pthread_create -fPIE   -o CMakeFiles/cmTC_61c84.dir/CheckFunctionExists.c.o   -c /usr/share/cmake-3.5/Modules/CheckFunctionExists.c
Linking C executable cmTC_61c84
/usr/bin/cmake -E cmake_link_script CMakeFiles/cmTC_61c84.dir/link.txt --verbose=1
/usr/bin/cc   -DCHECK_FUNCTION_EXISTS=pthread_create    CMakeFiles/cmTC_61c84.dir/CheckFunctionExists.c.o  -o cmTC_61c84 -rdynamic -lpthreads -lm 
/usr/bin/ld: cannot find -lpthreads
collect2: error: ld returned 1 exit status
make[2]: *** [cmTC_61c84] Error 1
make[2]: Leaving directory `/home/muptii/Documents/robocup/team-nust-robocup-v2/build-V5/Debug-Motion/build-remote/team-nust-robocup/CMakeFiles/CMakeTmp'
make[1]: *** [cmTC_61c84/fast] Error 2
make[1]: Leaving directory `/home/muptii/Documents/robocup/team-nust-robocup-v2/build-V5/Debug-Motion/build-remote/team-nust-robocup/CMakeFiles/CMakeTmp'


Performing C SOURCE FILE Test HAVE_THREAD_LOCAL_STORAGE failed with the following output:
Change Dir: /home/muptii/Documents/robocup/team-nust-robocup-v2/build-V5/Debug-Motion/build-remote/team-nust-robocup/CMakeFiles/CMakeTmp

Run Build Command:"/usr/bin/make" "cmTC_4d75a/fast"
make[1]: Entering directory `/home/muptii/Documents/robocup/team-nust-robocup-v2/build-V5/Debug-Motion/build-remote/team-nust-robocup/CMakeFiles/CMakeTmp'
/usr/bin/make -f CMakeFiles/cmTC_4d75a.dir/build.make CMakeFiles/cmTC_4d75a.dir/build
make[2]: Entering directory `/home/muptii/Documents/robocup/team-nust-robocup-v2/build-V5/Debug-Motion/build-remote/team-nust-robocup/CMakeFiles/CMakeTmp'
Building C object CMakeFiles/cmTC_4d75a.dir/src.c.o
/usr/bin/cc    -DHAVE_THREAD_LOCAL_STORAGE -fPIE   -o CMakeFiles/cmTC_4d75a.dir/src.c.o   -c /home/muptii/Documents/robocup/team-nust-robocup-v2/build-V5/Debug-Motion/build-remote/team-nust-robocup/CMakeFiles/CMakeTmp/src.c
/home/muptii/Documents/robocup/team-nust-robocup-v2/build-V5/Debug-Motion/build-remote/team-nust-robocup/CMakeFiles/CMakeTmp/src.c: In function ‘__declspec’:
/home/muptii/Documents/robocup/team-nust-robocup-v2/build-V5/Debug-Motion/build-remote/team-nust-robocup/CMakeFiles/CMakeTmp/src.c:3:20: error: expected ‘=’, ‘,’, ‘;’, ‘asm’ or ‘__attribute__’ before ‘{’ token
     int main(void) {
                    ^
/home/muptii/Documents/robocup/team-nust-robocup-v2/build-V5/Debug-Motion/build-remote/team-nust-robocup/CMakeFiles/CMakeTmp/src.c:2:28: error: declaration for parameter ‘tls’ but no such parameter
     __declspec(thread) int tls;
                            ^
/home/muptii/Documents/robocup/team-nust-robocup-v2/build-V5/Debug-Motion/build-remote/team-nust-robocup/CMakeFiles/CMakeTmp/src.c:5:5: error: expected ‘{’ at end of input
     }
     ^
make[2]: *** [CMakeFiles/cmTC_4d75a.dir/src.c.o] Error 1
make[2]: Leaving directory `/home/muptii/Documents/robocup/team-nust-robocup-v2/build-V5/Debug-Motion/build-remote/team-nust-robocup/CMakeFiles/CMakeTmp'
make[1]: *** [cmTC_4d75a/fast] Error 2
make[1]: Leaving directory `/home/muptii/Documents/robocup/team-nust-robocup-v2/build-V5/Debug-Motion/build-remote/team-nust-robocup/CMakeFiles/CMakeTmp'

Source file was:

    __declspec(thread) int tls;
    int main(void) {
        return 0;
    }
Determining if the include file altivec.h exists failed with the following output:
Change Dir: /home/muptii/Documents/robocup/team-nust-robocup-v2/build-V5/Debug-Motion/build-remote/team-nust-robocup/CMakeFiles/CMakeTmp

Run Build Command:"/usr/bin/make" "cmTC_d3537/fast"
make[1]: Entering directory `/home/muptii/Documents/robocup/team-nust-robocup-v2/build-V5/Debug-Motion/build-remote/team-nust-robocup/CMakeFiles/CMakeTmp'
/usr/bin/make -f CMakeFiles/cmTC_d3537.dir/build.make CMakeFiles/cmTC_d3537.dir/build
make[2]: Entering directory `/home/muptii/Documents/robocup/team-nust-robocup-v2/build-V5/Debug-Motion/build-remote/team-nust-robocup/CMakeFiles/CMakeTmp'
Building C object CMakeFiles/cmTC_d3537.dir/CheckIncludeFile.c.o
/usr/bin/cc    -fPIE   -o CMakeFiles/cmTC_d3537.dir/CheckIncludeFile.c.o   -c /home/muptii/Documents/robocup/team-nust-robocup-v2/build-V5/Debug-Motion/build-remote/team-nust-robocup/CMakeFiles/CMakeTmp/CheckIncludeFile.c
/home/muptii/Documents/robocup/team-nust-robocup-v2/build-V5/Debug-Motion/build-remote/team-nust-robocup/CMakeFiles/CMakeTmp/CheckIncludeFile.c:1:21: fatal error: altivec.h: No such file or directory
 #include <altivec.h>
                     ^
compilation terminated.
make[2]: *** [CMakeFiles/cmTC_d3537.dir/CheckIncludeFile.c.o] Error 1
make[2]: Leaving directory `/home/muptii/Documents/robocup/team-nust-robocup-v2/build-V5/Debug-Motion/build-remote/team-nust-robocup/CMakeFiles/CMakeTmp'
make[1]: *** [cmTC_d3537/fast] Error 2
make[1]: Leaving directory `/home/muptii/Documents/robocup/team-nust-robocup-v2/build-V5/Debug-Motion/build-remote/team-nust-robocup/CMakeFiles/CMakeTmp'


Determining if the include file c_asm.h exists failed with the following output:
Change Dir: /home/muptii/Documents/robocup/team-nust-robocup-v2/build-V5/Debug-Motion/build-remote/team-nust-robocup/CMakeFiles/CMakeTmp

Run Build Command:"/usr/bin/make" "cmTC_a6034/fast"
make[1]: Entering directory `/home/muptii/Documents/robocup/team-nust-robocup-v2/build-V5/Debug-Motion/build-remote/team-nust-robocup/CMakeFiles/CMakeTmp'
/usr/bin/make -f CMakeFiles/cmTC_a6034.dir/build.make CMakeFiles/cmTC_a6034.dir/build
make[2]: Entering directory `/home/muptii/Documents/robocup/team-nust-robocup-v2/build-V5/Debug-Motion/build-remote/team-nust-robocup/CMakeFiles/CMakeTmp'
Building C object CMakeFiles/cmTC_a6034.dir/CheckIncludeFile.c.o
/usr/bin/cc    -fPIE   -o CMakeFiles/cmTC_a6034.dir/CheckIncludeFile.c.o   -c /home/muptii/Documents/robocup/team-nust-robocup-v2/build-V5/Debug-Motion/build-remote/team-nust-robocup/CMakeFiles/CMakeTmp/CheckIncludeFile.c
/home/muptii/Documents/robocup/team-nust-robocup-v2/build-V5/Debug-Motion/build-remote/team-nust-robocup/CMakeFiles/CMakeTmp/CheckIncludeFile.c:1:19: fatal error: c_asm.h: No such file or directory
 #include <c_asm.h>
                   ^
compilation terminated.
make[2]: *** [CMakeFiles/cmTC_a6034.dir/CheckIncludeFile.c.o] Error 1
make[2]: Leaving directory `/home/muptii/Documents/robocup/team-nust-robocup-v2/build-V5/Debug-Motion/build-remote/team-nust-robocup/CMakeFiles/CMakeTmp'
make[1]: *** [cmTC_a6034/fast] Error 2
make[1]: Leaving directory `/home/muptii/Documents/robocup/team-nust-robocup-v2/build-V5/Debug-Motion/build-remote/team-nust-robocup/CMakeFiles/CMakeTmp'


Determining if the include file intrinsics.h exists failed with the following output:
Change Dir: /home/muptii/Documents/robocup/team-nust-robocup-v2/build-V5/Debug-Motion/build-remote/team-nust-robocup/CMakeFiles/CMakeTmp

Run Build Command:"/usr/bin/make" "cmTC_fc4d0/fast"
make[1]: Entering directory `/home/muptii/Documents/robocup/team-nust-robocup-v2/build-V5/Debug-Motion/build-remote/team-nust-robocup/CMakeFiles/CMakeTmp'
/usr/bin/make -f CMakeFiles/cmTC_fc4d0.dir/build.make CMakeFiles/cmTC_fc4d0.dir/build
make[2]: Entering directory `/home/muptii/Documents/robocup/team-nust-robocup-v2/build-V5/Debug-Motion/build-remote/team-nust-robocup/CMakeFiles/CMakeTmp'
Building C object CMakeFiles/cmTC_fc4d0.dir/CheckIncludeFile.c.o
/usr/bin/cc    -fPIE   -o CMakeFiles/cmTC_fc4d0.dir/CheckIncludeFile.c.o   -c /home/muptii/Documents/robocup/team-nust-robocup-v2/build-V5/Debug-Motion/build-remote/team-nust-robocup/CMakeFiles/CMakeTmp/CheckIncludeFile.c
/home/muptii/Documents/robocup/team-nust-robocup-v2/build-V5/Debug-Motion/build-remote/team-nust-robocup/CMakeFiles/CMakeTmp/CheckIncludeFile.c:1:24: fatal error: intrinsics.h: No such file or directory
 #include <intrinsics.h>
                        ^
compilation terminated.
make[2]: *** [CMakeFiles/cmTC_fc4d0.dir/CheckIncludeFile.c.o] Error 1
make[2]: Leaving directory `/home/muptii/Documents/robocup/team-nust-robocup-v2/build-V5/Debug-Motion/build-remote/team-nust-robocup/CMakeFiles/CMakeTmp'
make[1]: *** [cmTC_fc4d0/fast] Error 2
make[1]: Leaving directory `/home/muptii/Documents/robocup/team-nust-robocup-v2/build-V5/Debug-Motion/build-remote/team-nust-robocup/CMakeFiles/CMakeTmp'


Determining if the include file mach/mach_time.h exists failed with the following output:
Change Dir: /home/muptii/Documents/robocup/team-nust-robocup-v2/build-V5/Debug-Motion/build-remote/team-nust-robocup/CMakeFiles/CMakeTmp

Run Build Command:"/usr/bin/make" "cmTC_6dd35/fast"
make[1]: Entering directory `/home/muptii/Documents/robocup/team-nust-robocup-v2/build-V5/Debug-Motion/build-remote/team-nust-robocup/CMakeFiles/CMakeTmp'
/usr/bin/make -f CMakeFiles/cmTC_6dd35.dir/build.make CMakeFiles/cmTC_6dd35.dir/build
make[2]: Entering directory `/home/muptii/Documents/robocup/team-nust-robocup-v2/build-V5/Debug-Motion/build-remote/team-nust-robocup/CMakeFiles/CMakeTmp'
Building C object CMakeFiles/cmTC_6dd35.dir/CheckIncludeFile.c.o
/usr/bin/cc    -fPIE   -o CMakeFiles/cmTC_6dd35.dir/CheckIncludeFile.c.o   -c /home/muptii/Documents/robocup/team-nust-robocup-v2/build-V5/Debug-Motion/build-remote/team-nust-robocup/CMakeFiles/CMakeTmp/CheckIncludeFile.c
/home/muptii/Documents/robocup/team-nust-robocup-v2/build-V5/Debug-Motion/build-remote/team-nust-robocup/CMakeFiles/CMakeTmp/CheckIncludeFile.c:1:28: fatal error: mach/mach_time.h: No such file or directory
 #include <mach/mach_time.h>
                            ^
compilation terminated.
make[2]: *** [CMakeFiles/cmTC_6dd35.dir/CheckIncludeFile.c.o] Error 1
make[2]: Leaving directory `/home/muptii/Documents/robocup/team-nust-robocup-v2/build-V5/Debug-Motion/build-remote/team-nust-robocup/CMakeFiles/CMakeTmp'
make[1]: *** [cmTC_6dd35/fast] Error 2
make[1]: Leaving directory `/home/muptii/Documents/robocup/team-nust-robocup-v2/build-V5/Debug-Motion/build-remote/team-nust-robocup/CMakeFiles/CMakeTmp'


Determining if the include file uintptr.h exists failed with the following output:
Change Dir: /home/muptii/Documents/robocup/team-nust-robocup-v2/build-V5/Debug-Motion/build-remote/team-nust-robocup/CMakeFiles/CMakeTmp

Run Build Command:"/usr/bin/make" "cmTC_e3bb7/fast"
make[1]: Entering directory `/home/muptii/Documents/robocup/team-nust-robocup-v2/build-V5/Debug-Motion/build-remote/team-nust-robocup/CMakeFiles/CMakeTmp'
/usr/bin/make -f CMakeFiles/cmTC_e3bb7.dir/build.make CMakeFiles/cmTC_e3bb7.dir/build
make[2]: Entering directory `/home/muptii/Documents/robocup/team-nust-robocup-v2/build-V5/Debug-Motion/build-remote/team-nust-robocup/CMakeFiles/CMakeTmp'
Building C object CMakeFiles/cmTC_e3bb7.dir/CheckIncludeFile.c.o
/usr/bin/cc    -fPIE   -o CMakeFiles/cmTC_e3bb7.dir/CheckIncludeFile.c.o   -c /home/muptii/Documents/robocup/team-nust-robocup-v2/build-V5/Debug-Motion/build-remote/team-nust-robocup/CMakeFiles/CMakeTmp/CheckIncludeFile.c
/home/muptii/Documents/robocup/team-nust-robocup-v2/build-V5/Debug-Motion/build-remote/team-nust-robocup/CMakeFiles/CMakeTmp/CheckIncludeFile.c:1:21: fatal error: uintptr.h: No such file or directory
 #include <uintptr.h>
                     ^
compilation terminated.
make[2]: *** [CMakeFiles/cmTC_e3bb7.dir/CheckIncludeFile.c.o] Error 1
make[2]: Leaving directory `/home/muptii/Documents/robocup/team-nust-robocup-v2/build-V5/Debug-Motion/build-remote/team-nust-robocup/CMakeFiles/CMakeTmp'
make[1]: *** [cmTC_e3bb7/fast] Error 2
make[1]: Leaving directory `/home/muptii/Documents/robocup/team-nust-robocup-v2/build-V5/Debug-Motion/build-remote/team-nust-robocup/CMakeFiles/CMakeTmp'


Determining if the mach_absolute_time exist failed with the following output:
Change Dir: /home/muptii/Documents/robocup/team-nust-robocup-v2/build-V5/Debug-Motion/build-remote/team-nust-robocup/CMakeFiles/CMakeTmp

Run Build Command:"/usr/bin/make" "cmTC_051ef/fast"
make[1]: Entering directory `/home/muptii/Documents/robocup/team-nust-robocup-v2/build-V5/Debug-Motion/build-remote/team-nust-robocup/CMakeFiles/CMakeTmp'
/usr/bin/make -f CMakeFiles/cmTC_051ef.dir/build.make CMakeFiles/cmTC_051ef.dir/build
make[2]: Entering directory `/home/muptii/Documents/robocup/team-nust-robocup-v2/build-V5/Debug-Motion/build-remote/team-nust-robocup/CMakeFiles/CMakeTmp'
Building C object CMakeFiles/cmTC_051ef.dir/CheckSymbolExists.c.o
/usr/bin/cc    -fPIE   -o CMakeFiles/cmTC_051ef.dir/CheckSymbolExists.c.o   -c /home/muptii/Documents/robocup/team-nust-robocup-v2/build-V5/Debug-Motion/build-remote/team-nust-robocup/CMakeFiles/CMakeTmp/CheckSymbolExists.c
/home/muptii/Documents/robocup/team-nust-robocup-v2/build-V5/Debug-Motion/build-remote/team-nust-robocup/CMakeFiles/CMakeTmp/CheckSymbolExists.c:2:28: fatal error: mach/mach_time.h: No such file or directory
 #include <mach/mach_time.h>
                            ^
compilation terminated.
make[2]: *** [CMakeFiles/cmTC_051ef.dir/CheckSymbolExists.c.o] Error 1
make[2]: Leaving directory `/home/muptii/Documents/robocup/team-nust-robocup-v2/build-V5/Debug-Motion/build-remote/team-nust-robocup/CMakeFiles/CMakeTmp'
make[1]: *** [cmTC_051ef/fast] Error 2
make[1]: Leaving directory `/home/muptii/Documents/robocup/team-nust-robocup-v2/build-V5/Debug-Motion/build-remote/team-nust-robocup/CMakeFiles/CMakeTmp'

File /home/muptii/Documents/robocup/team-nust-robocup-v2/build-V5/Debug-Motion/build-remote/team-nust-robocup/CMakeFiles/CMakeTmp/CheckSymbolExists.c:
/* */
#include <mach/mach_time.h>

int main(int argc, char** argv)
{
  (void)argv;
#ifndef mach_absolute_time
  return ((int*)(&mach_absolute_time))[argc];
#else
  (void)argc;
  return 0;
#endif
}

Determining if the sysctl exist failed with the following output:
Change Dir: /home/muptii/Documents/robocup/team-nust-robocup-v2/build-V5/Debug-Motion/build-remote/team-nust-robocup/CMakeFiles/CMakeTmp

Run Build Command:"/usr/bin/make" "cmTC_86ed0/fast"
make[1]: Entering directory `/home/muptii/Documents/robocup/team-nust-robocup-v2/build-V5/Debug-Motion/build-remote/team-nust-robocup/CMakeFiles/CMakeTmp'
/usr/bin/make -f CMakeFiles/cmTC_86ed0.dir/build.make CMakeFiles/cmTC_86ed0.dir/build
make[2]: Entering directory `/home/muptii/Documents/robocup/team-nust-robocup-v2/build-V5/Debug-Motion/build-remote/team-nust-robocup/CMakeFiles/CMakeTmp'
Building C object CMakeFiles/cmTC_86ed0.dir/CheckSymbolExists.c.o
/usr/bin/cc    -fPIE   -o CMakeFiles/cmTC_86ed0.dir/CheckSymbolExists.c.o   -c /home/muptii/Documents/robocup/team-nust-robocup-v2/build-V5/Debug-Motion/build-remote/team-nust-robocup/CMakeFiles/CMakeTmp/CheckSymbolExists.c
/home/muptii/Documents/robocup/team-nust-robocup-v2/build-V5/Debug-Motion/build-remote/team-nust-robocup/CMakeFiles/CMakeTmp/CheckSymbolExists.c: In function ‘main’:
/home/muptii/Documents/robocup/team-nust-robocup-v2/build-V5/Debug-Motion/build-remote/team-nust-robocup/CMakeFiles/CMakeTmp/CheckSymbolExists.c:8:19: error: ‘sysctl’ undeclared (first use in this function)
   return ((int*)(&sysctl))[argc];
                   ^
/home/muptii/Documents/robocup/team-nust-robocup-v2/build-V5/Debug-Motion/build-remote/team-nust-robocup/CMakeFiles/CMakeTmp/CheckSymbolExists.c:8:19: note: each undeclared identifier is reported only once for each function it appears in
make[2]: *** [CMakeFiles/cmTC_86ed0.dir/CheckSymbolExists.c.o] Error 1
make[2]: Leaving directory `/home/muptii/Documents/robocup/team-nust-robocup-v2/build-V5/Debug-Motion/build-remote/team-nust-robocup/CMakeFiles/CMakeTmp'
make[1]: *** [cmTC_86ed0/fast] Error 2
make[1]: Leaving directory `/home/muptii/Documents/robocup/team-nust-robocup-v2/build-V5/Debug-Motion/build-remote/team-nust-robocup/CMakeFiles/CMakeTmp'

File /home/muptii/Documents/robocup/team-nust-robocup-v2/build-V5/Debug-Motion/build-remote/team-nust-robocup/CMakeFiles/CMakeTmp/CheckSymbolExists.c:
/* */
#include <unistd.h>

int main(int argc, char** argv)
{
  (void)argv;
#ifndef sysctl
  return ((int*)(&sysctl))[argc];
#else
  (void)argc;
  return 0;
#endif
}

Determining if the pthread_create exist failed with the following output:
Change Dir: /home/muptii/Documents/robocup/team-nust-robocup-v2/build-V5/Debug-Motion/build-remote/team-nust-robocup/CMakeFiles/CMakeTmp

Run Build Command:"/usr/bin/make" "cmTC_f349f/fast"
make[1]: Entering directory `/home/muptii/Documents/robocup/team-nust-robocup-v2/build-V5/Debug-Motion/build-remote/team-nust-robocup/CMakeFiles/CMakeTmp'
/usr/bin/make -f CMakeFiles/cmTC_f349f.dir/build.make CMakeFiles/cmTC_f349f.dir/build
make[2]: Entering directory `/home/muptii/Documents/robocup/team-nust-robocup-v2/build-V5/Debug-Motion/build-remote/team-nust-robocup/CMakeFiles/CMakeTmp'
Building C object CMakeFiles/cmTC_f349f.dir/CheckSymbolExists.c.o
/usr/bin/cc    -fPIE   -o CMakeFiles/cmTC_f349f.dir/CheckSymbolExists.c.o   -c /home/muptii/Documents/robocup/team-nust-robocup-v2/build-V5/Debug-Motion/build-remote/team-nust-robocup/CMakeFiles/CMakeTmp/CheckSymbolExists.c
Linking C executable cmTC_f349f
/usr/bin/cmake -E cmake_link_script CMakeFiles/cmTC_f349f.dir/link.txt --verbose=1
/usr/bin/cc       CMakeFiles/cmTC_f349f.dir/CheckSymbolExists.c.o  -o cmTC_f349f -rdynamic -lm 
CMakeFiles/cmTC_f349f.dir/CheckSymbolExists.c.o: In function `main':
CheckSymbolExists.c:(.text+0x1b): undefined reference to `pthread_create'
collect2: error: ld returned 1 exit status
make[2]: *** [cmTC_f349f] Error 1
make[2]: Leaving directory `/home/muptii/Documents/robocup/team-nust-robocup-v2/build-V5/Debug-Motion/build-remote/team-nust-robocup/CMakeFiles/CMakeTmp'
make[1]: *** [cmTC_f349f/fast] Error 2
make[1]: Leaving directory `/home/muptii/Documents/robocup/team-nust-robocup-v2/build-V5/Debug-Motion/build-remote/team-nust-robocup/CMakeFiles/CMakeTmp'

File /home/muptii/Documents/robocup/team-nust-robocup-v2/build-V5/Debug-Motion/build-remote/team-nust-robocup/CMakeFiles/CMakeTmp/CheckSymbolExists.c:
/* */
#include <pthread.h>

int main(int argc, char** argv)
{
  (void)argv;
#ifndef pthread_create
  return ((int*)(&pthread_create))[argc];
#else
  (void)argc;
  return 0;
#endif
}

Determining if the function pthread_create exists in the pthreads failed with the following output:
Change Dir: /home/muptii/Documents/robocup/team-nust-robocup-v2/build-V5/Debug-Motion/build-remote/team-nust-robocup/CMakeFiles/CMakeTmp

Run Build Command:"/usr/bin/make" "cmTC_7f7d7/fast"
make[1]: Entering directory `/home/muptii/Documents/robocup/team-nust-robocup-v2/build-V5/Debug-Motion/build-remote/team-nust-robocup/CMakeFiles/CMakeTmp'
/usr/bin/make -f CMakeFiles/cmTC_7f7d7.dir/build.make CMakeFiles/cmTC_7f7d7.dir/build
make[2]: Entering directory `/home/muptii/Documents/robocup/team-nust-robocup-v2/build-V5/Debug-Motion/build-remote/team-nust-robocup/CMakeFiles/CMakeTmp'
Building C object CMakeFiles/cmTC_7f7d7.dir/CheckFunctionExists.c.o
/usr/bin/cc    -DCHECK_FUNCTION_EXISTS=pthread_create -fPIE   -o CMakeFiles/cmTC_7f7d7.dir/CheckFunctionExists.c.o   -c /usr/share/cmake-3.5/Modules/CheckFunctionExists.c
Linking C executable cmTC_7f7d7
/usr/bin/cmake -E cmake_link_script CMakeFiles/cmTC_7f7d7.dir/link.txt --verbose=1
/usr/bin/cc   -DCHECK_FUNCTION_EXISTS=pthread_create    CMakeFiles/cmTC_7f7d7.dir/CheckFunctionExists.c.o  -o cmTC_7f7d7 -rdynamic -lpthreads -lm 
/usr/bin/ld: cannot find -lpthreads
collect2: error: ld returned 1 exit status
make[2]: *** [cmTC_7f7d7] Error 1
make[2]: Leaving directory `/home/muptii/Documents/robocup/team-nust-robocup-v2/build-V5/Debug-Motion/build-remote/team-nust-robocup/CMakeFiles/CMakeTmp'
make[1]: *** [cmTC_7f7d7/fast] Error 2
make[1]: Leaving directory `/home/muptii/Documents/robocup/team-nust-robocup-v2/build-V5/Debug-Motion/build-remote/team-nust-robocup/CMakeFiles/CMakeTmp'


Performing C SOURCE FILE Test HAVE_THREAD_LOCAL_STORAGE failed with the following output:
Change Dir: /home/muptii/Documents/robocup/team-nust-robocup-v2/build-V5/Debug-Motion/build-remote/team-nust-robocup/CMakeFiles/CMakeTmp

Run Build Command:"/usr/bin/make" "cmTC_6e1c9/fast"
make[1]: Entering directory `/home/muptii/Documents/robocup/team-nust-robocup-v2/build-V5/Debug-Motion/build-remote/team-nust-robocup/CMakeFiles/CMakeTmp'
/usr/bin/make -f CMakeFiles/cmTC_6e1c9.dir/build.make CMakeFiles/cmTC_6e1c9.dir/build
make[2]: Entering directory `/home/muptii/Documents/robocup/team-nust-robocup-v2/build-V5/Debug-Motion/build-remote/team-nust-robocup/CMakeFiles/CMakeTmp'
Building C object CMakeFiles/cmTC_6e1c9.dir/src.c.o
/usr/bin/cc    -DHAVE_THREAD_LOCAL_STORAGE -fPIE   -o CMakeFiles/cmTC_6e1c9.dir/src.c.o   -c /home/muptii/Documents/robocup/team-nust-robocup-v2/build-V5/Debug-Motion/build-remote/team-nust-robocup/CMakeFiles/CMakeTmp/src.c
/home/muptii/Documents/robocup/team-nust-robocup-v2/build-V5/Debug-Motion/build-remote/team-nust-robocup/CMakeFiles/CMakeTmp/src.c: In function ‘__declspec’:
/home/muptii/Documents/robocup/team-nust-robocup-v2/build-V5/Debug-Motion/build-remote/team-nust-robocup/CMakeFiles/CMakeTmp/src.c:3:20: error: expected ‘=’, ‘,’, ‘;’, ‘asm’ or ‘__attribute__’ before ‘{’ token
     int main(void) {
                    ^
/home/muptii/Documents/robocup/team-nust-robocup-v2/build-V5/Debug-Motion/build-remote/team-nust-robocup/CMakeFiles/CMakeTmp/src.c:2:28: error: declaration for parameter ‘tls’ but no such parameter
     __declspec(thread) int tls;
                            ^
/home/muptii/Documents/robocup/team-nust-robocup-v2/build-V5/Debug-Motion/build-remote/team-nust-robocup/CMakeFiles/CMakeTmp/src.c:5:5: error: expected ‘{’ at end of input
     }
     ^
make[2]: *** [CMakeFiles/cmTC_6e1c9.dir/src.c.o] Error 1
make[2]: Leaving directory `/home/muptii/Documents/robocup/team-nust-robocup-v2/build-V5/Debug-Motion/build-remote/team-nust-robocup/CMakeFiles/CMakeTmp'
make[1]: *** [cmTC_6e1c9/fast] Error 2
make[1]: Leaving directory `/home/muptii/Documents/robocup/team-nust-robocup-v2/build-V5/Debug-Motion/build-remote/team-nust-robocup/CMakeFiles/CMakeTmp'

Source file was:

    __declspec(thread) int tls;
    int main(void) {
        return 0;
    }
Determining if the include file altivec.h exists failed with the following output:
Change Dir: /home/muptii/Documents/robocup/team-nust-robocup-v2/build-V5/Debug-Motion/build-remote/team-nust-robocup/CMakeFiles/CMakeTmp

Run Build Command:"/usr/bin/make" "cmTC_85df2/fast"
make[1]: Entering directory `/home/muptii/Documents/robocup/team-nust-robocup-v2/build-V5/Debug-Motion/build-remote/team-nust-robocup/CMakeFiles/CMakeTmp'
/usr/bin/make -f CMakeFiles/cmTC_85df2.dir/build.make CMakeFiles/cmTC_85df2.dir/build
make[2]: Entering directory `/home/muptii/Documents/robocup/team-nust-robocup-v2/build-V5/Debug-Motion/build-remote/team-nust-robocup/CMakeFiles/CMakeTmp'
Building C object CMakeFiles/cmTC_85df2.dir/CheckIncludeFile.c.o
/usr/bin/cc    -fPIE   -o CMakeFiles/cmTC_85df2.dir/CheckIncludeFile.c.o   -c /home/muptii/Documents/robocup/team-nust-robocup-v2/build-V5/Debug-Motion/build-remote/team-nust-robocup/CMakeFiles/CMakeTmp/CheckIncludeFile.c
/home/muptii/Documents/robocup/team-nust-robocup-v2/build-V5/Debug-Motion/build-remote/team-nust-robocup/CMakeFiles/CMakeTmp/CheckIncludeFile.c:1:21: fatal error: altivec.h: No such file or directory
 #include <altivec.h>
                     ^
compilation terminated.
make[2]: *** [CMakeFiles/cmTC_85df2.dir/CheckIncludeFile.c.o] Error 1
make[2]: Leaving directory `/home/muptii/Documents/robocup/team-nust-robocup-v2/build-V5/Debug-Motion/build-remote/team-nust-robocup/CMakeFiles/CMakeTmp'
make[1]: *** [cmTC_85df2/fast] Error 2
make[1]: Leaving directory `/home/muptii/Documents/robocup/team-nust-robocup-v2/build-V5/Debug-Motion/build-remote/team-nust-robocup/CMakeFiles/CMakeTmp'


Determining if the include file c_asm.h exists failed with the following output:
Change Dir: /home/muptii/Documents/robocup/team-nust-robocup-v2/build-V5/Debug-Motion/build-remote/team-nust-robocup/CMakeFiles/CMakeTmp

Run Build Command:"/usr/bin/make" "cmTC_06890/fast"
make[1]: Entering directory `/home/muptii/Documents/robocup/team-nust-robocup-v2/build-V5/Debug-Motion/build-remote/team-nust-robocup/CMakeFiles/CMakeTmp'
/usr/bin/make -f CMakeFiles/cmTC_06890.dir/build.make CMakeFiles/cmTC_06890.dir/build
make[2]: Entering directory `/home/muptii/Documents/robocup/team-nust-robocup-v2/build-V5/Debug-Motion/build-remote/team-nust-robocup/CMakeFiles/CMakeTmp'
Building C object CMakeFiles/cmTC_06890.dir/CheckIncludeFile.c.o
/usr/bin/cc    -fPIE   -o CMakeFiles/cmTC_06890.dir/CheckIncludeFile.c.o   -c /home/muptii/Documents/robocup/team-nust-robocup-v2/build-V5/Debug-Motion/build-remote/team-nust-robocup/CMakeFiles/CMakeTmp/CheckIncludeFile.c
/home/muptii/Documents/robocup/team-nust-robocup-v2/build-V5/Debug-Motion/build-remote/team-nust-robocup/CMakeFiles/CMakeTmp/CheckIncludeFile.c:1:19: fatal error: c_asm.h: No such file or directory
 #include <c_asm.h>
                   ^
compilation terminated.
make[2]: *** [CMakeFiles/cmTC_06890.dir/CheckIncludeFile.c.o] Error 1
make[2]: Leaving directory `/home/muptii/Documents/robocup/team-nust-robocup-v2/build-V5/Debug-Motion/build-remote/team-nust-robocup/CMakeFiles/CMakeTmp'
make[1]: *** [cmTC_06890/fast] Error 2
make[1]: Leaving directory `/home/muptii/Documents/robocup/team-nust-robocup-v2/build-V5/Debug-Motion/build-remote/team-nust-robocup/CMakeFiles/CMakeTmp'


Determining if the include file intrinsics.h exists failed with the following output:
Change Dir: /home/muptii/Documents/robocup/team-nust-robocup-v2/build-V5/Debug-Motion/build-remote/team-nust-robocup/CMakeFiles/CMakeTmp

Run Build Command:"/usr/bin/make" "cmTC_2e28c/fast"
make[1]: Entering directory `/home/muptii/Documents/robocup/team-nust-robocup-v2/build-V5/Debug-Motion/build-remote/team-nust-robocup/CMakeFiles/CMakeTmp'
/usr/bin/make -f CMakeFiles/cmTC_2e28c.dir/build.make CMakeFiles/cmTC_2e28c.dir/build
make[2]: Entering directory `/home/muptii/Documents/robocup/team-nust-robocup-v2/build-V5/Debug-Motion/build-remote/team-nust-robocup/CMakeFiles/CMakeTmp'
Building C object CMakeFiles/cmTC_2e28c.dir/CheckIncludeFile.c.o
/usr/bin/cc    -fPIE   -o CMakeFiles/cmTC_2e28c.dir/CheckIncludeFile.c.o   -c /home/muptii/Documents/robocup/team-nust-robocup-v2/build-V5/Debug-Motion/build-remote/team-nust-robocup/CMakeFiles/CMakeTmp/CheckIncludeFile.c
/home/muptii/Documents/robocup/team-nust-robocup-v2/build-V5/Debug-Motion/build-remote/team-nust-robocup/CMakeFiles/CMakeTmp/CheckIncludeFile.c:1:24: fatal error: intrinsics.h: No such file or directory
 #include <intrinsics.h>
                        ^
compilation terminated.
make[2]: *** [CMakeFiles/cmTC_2e28c.dir/CheckIncludeFile.c.o] Error 1
make[2]: Leaving directory `/home/muptii/Documents/robocup/team-nust-robocup-v2/build-V5/Debug-Motion/build-remote/team-nust-robocup/CMakeFiles/CMakeTmp'
make[1]: *** [cmTC_2e28c/fast] Error 2
make[1]: Leaving directory `/home/muptii/Documents/robocup/team-nust-robocup-v2/build-V5/Debug-Motion/build-remote/team-nust-robocup/CMakeFiles/CMakeTmp'


Determining if the include file mach/mach_time.h exists failed with the following output:
Change Dir: /home/muptii/Documents/robocup/team-nust-robocup-v2/build-V5/Debug-Motion/build-remote/team-nust-robocup/CMakeFiles/CMakeTmp

Run Build Command:"/usr/bin/make" "cmTC_5ec2c/fast"
make[1]: Entering directory `/home/muptii/Documents/robocup/team-nust-robocup-v2/build-V5/Debug-Motion/build-remote/team-nust-robocup/CMakeFiles/CMakeTmp'
/usr/bin/make -f CMakeFiles/cmTC_5ec2c.dir/build.make CMakeFiles/cmTC_5ec2c.dir/build
make[2]: Entering directory `/home/muptii/Documents/robocup/team-nust-robocup-v2/build-V5/Debug-Motion/build-remote/team-nust-robocup/CMakeFiles/CMakeTmp'
Building C object CMakeFiles/cmTC_5ec2c.dir/CheckIncludeFile.c.o
/usr/bin/cc    -fPIE   -o CMakeFiles/cmTC_5ec2c.dir/CheckIncludeFile.c.o   -c /home/muptii/Documents/robocup/team-nust-robocup-v2/build-V5/Debug-Motion/build-remote/team-nust-robocup/CMakeFiles/CMakeTmp/CheckIncludeFile.c
/home/muptii/Documents/robocup/team-nust-robocup-v2/build-V5/Debug-Motion/build-remote/team-nust-robocup/CMakeFiles/CMakeTmp/CheckIncludeFile.c:1:28: fatal error: mach/mach_time.h: No such file or directory
 #include <mach/mach_time.h>
                            ^
compilation terminated.
make[2]: *** [CMakeFiles/cmTC_5ec2c.dir/CheckIncludeFile.c.o] Error 1
make[2]: Leaving directory `/home/muptii/Documents/robocup/team-nust-robocup-v2/build-V5/Debug-Motion/build-remote/team-nust-robocup/CMakeFiles/CMakeTmp'
make[1]: *** [cmTC_5ec2c/fast] Error 2
make[1]: Leaving directory `/home/muptii/Documents/robocup/team-nust-robocup-v2/build-V5/Debug-Motion/build-remote/team-nust-robocup/CMakeFiles/CMakeTmp'


Determining if the include file uintptr.h exists failed with the following output:
Change Dir: /home/muptii/Documents/robocup/team-nust-robocup-v2/build-V5/Debug-Motion/build-remote/team-nust-robocup/CMakeFiles/CMakeTmp

Run Build Command:"/usr/bin/make" "cmTC_6d60a/fast"
make[1]: Entering directory `/home/muptii/Documents/robocup/team-nust-robocup-v2/build-V5/Debug-Motion/build-remote/team-nust-robocup/CMakeFiles/CMakeTmp'
/usr/bin/make -f CMakeFiles/cmTC_6d60a.dir/build.make CMakeFiles/cmTC_6d60a.dir/build
make[2]: Entering directory `/home/muptii/Documents/robocup/team-nust-robocup-v2/build-V5/Debug-Motion/build-remote/team-nust-robocup/CMakeFiles/CMakeTmp'
Building C object CMakeFiles/cmTC_6d60a.dir/CheckIncludeFile.c.o
/usr/bin/cc    -fPIE   -o CMakeFiles/cmTC_6d60a.dir/CheckIncludeFile.c.o   -c /home/muptii/Documents/robocup/team-nust-robocup-v2/build-V5/Debug-Motion/build-remote/team-nust-robocup/CMakeFiles/CMakeTmp/CheckIncludeFile.c
/home/muptii/Documents/robocup/team-nust-robocup-v2/build-V5/Debug-Motion/build-remote/team-nust-robocup/CMakeFiles/CMakeTmp/CheckIncludeFile.c:1:21: fatal error: uintptr.h: No such file or directory
 #include <uintptr.h>
                     ^
compilation terminated.
make[2]: *** [CMakeFiles/cmTC_6d60a.dir/CheckIncludeFile.c.o] Error 1
make[2]: Leaving directory `/home/muptii/Documents/robocup/team-nust-robocup-v2/build-V5/Debug-Motion/build-remote/team-nust-robocup/CMakeFiles/CMakeTmp'
make[1]: *** [cmTC_6d60a/fast] Error 2
make[1]: Leaving directory `/home/muptii/Documents/robocup/team-nust-robocup-v2/build-V5/Debug-Motion/build-remote/team-nust-robocup/CMakeFiles/CMakeTmp'


Determining if the mach_absolute_time exist failed with the following output:
Change Dir: /home/muptii/Documents/robocup/team-nust-robocup-v2/build-V5/Debug-Motion/build-remote/team-nust-robocup/CMakeFiles/CMakeTmp

Run Build Command:"/usr/bin/make" "cmTC_408e4/fast"
make[1]: Entering directory `/home/muptii/Documents/robocup/team-nust-robocup-v2/build-V5/Debug-Motion/build-remote/team-nust-robocup/CMakeFiles/CMakeTmp'
/usr/bin/make -f CMakeFiles/cmTC_408e4.dir/build.make CMakeFiles/cmTC_408e4.dir/build
make[2]: Entering directory `/home/muptii/Documents/robocup/team-nust-robocup-v2/build-V5/Debug-Motion/build-remote/team-nust-robocup/CMakeFiles/CMakeTmp'
Building C object CMakeFiles/cmTC_408e4.dir/CheckSymbolExists.c.o
/usr/bin/cc    -fPIE   -o CMakeFiles/cmTC_408e4.dir/CheckSymbolExists.c.o   -c /home/muptii/Documents/robocup/team-nust-robocup-v2/build-V5/Debug-Motion/build-remote/team-nust-robocup/CMakeFiles/CMakeTmp/CheckSymbolExists.c
/home/muptii/Documents/robocup/team-nust-robocup-v2/build-V5/Debug-Motion/build-remote/team-nust-robocup/CMakeFiles/CMakeTmp/CheckSymbolExists.c:2:28: fatal error: mach/mach_time.h: No such file or directory
 #include <mach/mach_time.h>
                            ^
compilation terminated.
make[2]: *** [CMakeFiles/cmTC_408e4.dir/CheckSymbolExists.c.o] Error 1
make[2]: Leaving directory `/home/muptii/Documents/robocup/team-nust-robocup-v2/build-V5/Debug-Motion/build-remote/team-nust-robocup/CMakeFiles/CMakeTmp'
make[1]: *** [cmTC_408e4/fast] Error 2
make[1]: Leaving directory `/home/muptii/Documents/robocup/team-nust-robocup-v2/build-V5/Debug-Motion/build-remote/team-nust-robocup/CMakeFiles/CMakeTmp'

File /home/muptii/Documents/robocup/team-nust-robocup-v2/build-V5/Debug-Motion/build-remote/team-nust-robocup/CMakeFiles/CMakeTmp/CheckSymbolExists.c:
/* */
#include <mach/mach_time.h>

int main(int argc, char** argv)
{
  (void)argv;
#ifndef mach_absolute_time
  return ((int*)(&mach_absolute_time))[argc];
#else
  (void)argc;
  return 0;
#endif
}

Determining if the sysctl exist failed with the following output:
Change Dir: /home/muptii/Documents/robocup/team-nust-robocup-v2/build-V5/Debug-Motion/build-remote/team-nust-robocup/CMakeFiles/CMakeTmp

Run Build Command:"/usr/bin/make" "cmTC_9609f/fast"
make[1]: Entering directory `/home/muptii/Documents/robocup/team-nust-robocup-v2/build-V5/Debug-Motion/build-remote/team-nust-robocup/CMakeFiles/CMakeTmp'
/usr/bin/make -f CMakeFiles/cmTC_9609f.dir/build.make CMakeFiles/cmTC_9609f.dir/build
make[2]: Entering directory `/home/muptii/Documents/robocup/team-nust-robocup-v2/build-V5/Debug-Motion/build-remote/team-nust-robocup/CMakeFiles/CMakeTmp'
Building C object CMakeFiles/cmTC_9609f.dir/CheckSymbolExists.c.o
/usr/bin/cc    -fPIE   -o CMakeFiles/cmTC_9609f.dir/CheckSymbolExists.c.o   -c /home/muptii/Documents/robocup/team-nust-robocup-v2/build-V5/Debug-Motion/build-remote/team-nust-robocup/CMakeFiles/CMakeTmp/CheckSymbolExists.c
/home/muptii/Documents/robocup/team-nust-robocup-v2/build-V5/Debug-Motion/build-remote/team-nust-robocup/CMakeFiles/CMakeTmp/CheckSymbolExists.c: In function ‘main’:
/home/muptii/Documents/robocup/team-nust-robocup-v2/build-V5/Debug-Motion/build-remote/team-nust-robocup/CMakeFiles/CMakeTmp/CheckSymbolExists.c:8:19: error: ‘sysctl’ undeclared (first use in this function)
   return ((int*)(&sysctl))[argc];
                   ^
/home/muptii/Documents/robocup/team-nust-robocup-v2/build-V5/Debug-Motion/build-remote/team-nust-robocup/CMakeFiles/CMakeTmp/CheckSymbolExists.c:8:19: note: each undeclared identifier is reported only once for each function it appears in
make[2]: *** [CMakeFiles/cmTC_9609f.dir/CheckSymbolExists.c.o] Error 1
make[2]: Leaving directory `/home/muptii/Documents/robocup/team-nust-robocup-v2/build-V5/Debug-Motion/build-remote/team-nust-robocup/CMakeFiles/CMakeTmp'
make[1]: *** [cmTC_9609f/fast] Error 2
make[1]: Leaving directory `/home/muptii/Documents/robocup/team-nust-robocup-v2/build-V5/Debug-Motion/build-remote/team-nust-robocup/CMakeFiles/CMakeTmp'

File /home/muptii/Documents/robocup/team-nust-robocup-v2/build-V5/Debug-Motion/build-remote/team-nust-robocup/CMakeFiles/CMakeTmp/CheckSymbolExists.c:
/* */
#include <unistd.h>

int main(int argc, char** argv)
{
  (void)argv;
#ifndef sysctl
  return ((int*)(&sysctl))[argc];
#else
  (void)argc;
  return 0;
#endif
}

Determining if the pthread_create exist failed with the following output:
Change Dir: /home/muptii/Documents/robocup/team-nust-robocup-v2/build-V5/Debug-Motion/build-remote/team-nust-robocup/CMakeFiles/CMakeTmp

Run Build Command:"/usr/bin/make" "cmTC_899e8/fast"
make[1]: Entering directory `/home/muptii/Documents/robocup/team-nust-robocup-v2/build-V5/Debug-Motion/build-remote/team-nust-robocup/CMakeFiles/CMakeTmp'
/usr/bin/make -f CMakeFiles/cmTC_899e8.dir/build.make CMakeFiles/cmTC_899e8.dir/build
make[2]: Entering directory `/home/muptii/Documents/robocup/team-nust-robocup-v2/build-V5/Debug-Motion/build-remote/team-nust-robocup/CMakeFiles/CMakeTmp'
Building C object CMakeFiles/cmTC_899e8.dir/CheckSymbolExists.c.o
/usr/bin/cc    -fPIE   -o CMakeFiles/cmTC_899e8.dir/CheckSymbolExists.c.o   -c /home/muptii/Documents/robocup/team-nust-robocup-v2/build-V5/Debug-Motion/build-remote/team-nust-robocup/CMakeFiles/CMakeTmp/CheckSymbolExists.c
Linking C executable cmTC_899e8
/usr/bin/cmake -E cmake_link_script CMakeFiles/cmTC_899e8.dir/link.txt --verbose=1
/usr/bin/cc       CMakeFiles/cmTC_899e8.dir/CheckSymbolExists.c.o  -o cmTC_899e8 -rdynamic -lm 
CMakeFiles/cmTC_899e8.dir/CheckSymbolExists.c.o: In function `main':
CheckSymbolExists.c:(.text+0x1b): undefined reference to `pthread_create'
collect2: error: ld returned 1 exit status
make[2]: *** [cmTC_899e8] Error 1
make[2]: Leaving directory `/home/muptii/Documents/robocup/team-nust-robocup-v2/build-V5/Debug-Motion/build-remote/team-nust-robocup/CMakeFiles/CMakeTmp'
make[1]: *** [cmTC_899e8/fast] Error 2
make[1]: Leaving directory `/home/muptii/Documents/robocup/team-nust-robocup-v2/build-V5/Debug-Motion/build-remote/team-nust-robocup/CMakeFiles/CMakeTmp'

File /home/muptii/Documents/robocup/team-nust-robocup-v2/build-V5/Debug-Motion/build-remote/team-nust-robocup/CMakeFiles/CMakeTmp/CheckSymbolExists.c:
/* */
#include <pthread.h>

int main(int argc, char** argv)
{
  (void)argv;
#ifndef pthread_create
  return ((int*)(&pthread_create))[argc];
#else
  (void)argc;
  return 0;
#endif
}

Determining if the function pthread_create exists in the pthreads failed with the following output:
Change Dir: /home/muptii/Documents/robocup/team-nust-robocup-v2/build-V5/Debug-Motion/build-remote/team-nust-robocup/CMakeFiles/CMakeTmp

Run Build Command:"/usr/bin/make" "cmTC_287c4/fast"
make[1]: Entering directory `/home/muptii/Documents/robocup/team-nust-robocup-v2/build-V5/Debug-Motion/build-remote/team-nust-robocup/CMakeFiles/CMakeTmp'
/usr/bin/make -f CMakeFiles/cmTC_287c4.dir/build.make CMakeFiles/cmTC_287c4.dir/build
make[2]: Entering directory `/home/muptii/Documents/robocup/team-nust-robocup-v2/build-V5/Debug-Motion/build-remote/team-nust-robocup/CMakeFiles/CMakeTmp'
Building C object CMakeFiles/cmTC_287c4.dir/CheckFunctionExists.c.o
/usr/bin/cc    -DCHECK_FUNCTION_EXISTS=pthread_create -fPIE   -o CMakeFiles/cmTC_287c4.dir/CheckFunctionExists.c.o   -c /usr/share/cmake-3.5/Modules/CheckFunctionExists.c
Linking C executable cmTC_287c4
/usr/bin/cmake -E cmake_link_script CMakeFiles/cmTC_287c4.dir/link.txt --verbose=1
/usr/bin/cc   -DCHECK_FUNCTION_EXISTS=pthread_create    CMakeFiles/cmTC_287c4.dir/CheckFunctionExists.c.o  -o cmTC_287c4 -rdynamic -lpthreads -lm 
/usr/bin/ld: cannot find -lpthreads
collect2: error: ld returned 1 exit status
make[2]: *** [cmTC_287c4] Error 1
make[2]: Leaving directory `/home/muptii/Documents/robocup/team-nust-robocup-v2/build-V5/Debug-Motion/build-remote/team-nust-robocup/CMakeFiles/CMakeTmp'
make[1]: *** [cmTC_287c4/fast] Error 2
make[1]: Leaving directory `/home/muptii/Documents/robocup/team-nust-robocup-v2/build-V5/Debug-Motion/build-remote/team-nust-robocup/CMakeFiles/CMakeTmp'


Performing C SOURCE FILE Test HAVE_THREAD_LOCAL_STORAGE failed with the following output:
Change Dir: /home/muptii/Documents/robocup/team-nust-robocup-v2/build-V5/Debug-Motion/build-remote/team-nust-robocup/CMakeFiles/CMakeTmp

Run Build Command:"/usr/bin/make" "cmTC_56e16/fast"
make[1]: Entering directory `/home/muptii/Documents/robocup/team-nust-robocup-v2/build-V5/Debug-Motion/build-remote/team-nust-robocup/CMakeFiles/CMakeTmp'
/usr/bin/make -f CMakeFiles/cmTC_56e16.dir/build.make CMakeFiles/cmTC_56e16.dir/build
make[2]: Entering directory `/home/muptii/Documents/robocup/team-nust-robocup-v2/build-V5/Debug-Motion/build-remote/team-nust-robocup/CMakeFiles/CMakeTmp'
Building C object CMakeFiles/cmTC_56e16.dir/src.c.o
/usr/bin/cc    -DHAVE_THREAD_LOCAL_STORAGE -fPIE   -o CMakeFiles/cmTC_56e16.dir/src.c.o   -c /home/muptii/Documents/robocup/team-nust-robocup-v2/build-V5/Debug-Motion/build-remote/team-nust-robocup/CMakeFiles/CMakeTmp/src.c
/home/muptii/Documents/robocup/team-nust-robocup-v2/build-V5/Debug-Motion/build-remote/team-nust-robocup/CMakeFiles/CMakeTmp/src.c: In function ‘__declspec’:
/home/muptii/Documents/robocup/team-nust-robocup-v2/build-V5/Debug-Motion/build-remote/team-nust-robocup/CMakeFiles/CMakeTmp/src.c:3:20: error: expected ‘=’, ‘,’, ‘;’, ‘asm’ or ‘__attribute__’ before ‘{’ token
     int main(void) {
                    ^
/home/muptii/Documents/robocup/team-nust-robocup-v2/build-V5/Debug-Motion/build-remote/team-nust-robocup/CMakeFiles/CMakeTmp/src.c:2:28: error: declaration for parameter ‘tls’ but no such parameter
     __declspec(thread) int tls;
                            ^
/home/muptii/Documents/robocup/team-nust-robocup-v2/build-V5/Debug-Motion/build-remote/team-nust-robocup/CMakeFiles/CMakeTmp/src.c:5:5: error: expected ‘{’ at end of input
     }
     ^
make[2]: *** [CMakeFiles/cmTC_56e16.dir/src.c.o] Error 1
make[2]: Leaving directory `/home/muptii/Documents/robocup/team-nust-robocup-v2/build-V5/Debug-Motion/build-remote/team-nust-robocup/CMakeFiles/CMakeTmp'
make[1]: *** [cmTC_56e16/fast] Error 2
make[1]: Leaving directory `/home/muptii/Documents/robocup/team-nust-robocup-v2/build-V5/Debug-Motion/build-remote/team-nust-robocup/CMakeFiles/CMakeTmp'

Source file was:

    __declspec(thread) int tls;
    int main(void) {
        return 0;
    }
Determining if the include file altivec.h exists failed with the following output:
Change Dir: /home/muptii/Documents/robocup/team-nust-robocup-v2/build-V5/Debug-Motion/build-remote/team-nust-robocup/CMakeFiles/CMakeTmp

Run Build Command:"/usr/bin/make" "cmTC_0e01c/fast"
make[1]: Entering directory `/home/muptii/Documents/robocup/team-nust-robocup-v2/build-V5/Debug-Motion/build-remote/team-nust-robocup/CMakeFiles/CMakeTmp'
/usr/bin/make -f CMakeFiles/cmTC_0e01c.dir/build.make CMakeFiles/cmTC_0e01c.dir/build
make[2]: Entering directory `/home/muptii/Documents/robocup/team-nust-robocup-v2/build-V5/Debug-Motion/build-remote/team-nust-robocup/CMakeFiles/CMakeTmp'
Building C object CMakeFiles/cmTC_0e01c.dir/CheckIncludeFile.c.o
/usr/bin/cc    -fPIE   -o CMakeFiles/cmTC_0e01c.dir/CheckIncludeFile.c.o   -c /home/muptii/Documents/robocup/team-nust-robocup-v2/build-V5/Debug-Motion/build-remote/team-nust-robocup/CMakeFiles/CMakeTmp/CheckIncludeFile.c
/home/muptii/Documents/robocup/team-nust-robocup-v2/build-V5/Debug-Motion/build-remote/team-nust-robocup/CMakeFiles/CMakeTmp/CheckIncludeFile.c:1:21: fatal error: altivec.h: No such file or directory
 #include <altivec.h>
                     ^
compilation terminated.
make[2]: *** [CMakeFiles/cmTC_0e01c.dir/CheckIncludeFile.c.o] Error 1
make[2]: Leaving directory `/home/muptii/Documents/robocup/team-nust-robocup-v2/build-V5/Debug-Motion/build-remote/team-nust-robocup/CMakeFiles/CMakeTmp'
make[1]: *** [cmTC_0e01c/fast] Error 2
make[1]: Leaving directory `/home/muptii/Documents/robocup/team-nust-robocup-v2/build-V5/Debug-Motion/build-remote/team-nust-robocup/CMakeFiles/CMakeTmp'


Determining if the include file c_asm.h exists failed with the following output:
Change Dir: /home/muptii/Documents/robocup/team-nust-robocup-v2/build-V5/Debug-Motion/build-remote/team-nust-robocup/CMakeFiles/CMakeTmp

Run Build Command:"/usr/bin/make" "cmTC_9017d/fast"
make[1]: Entering directory `/home/muptii/Documents/robocup/team-nust-robocup-v2/build-V5/Debug-Motion/build-remote/team-nust-robocup/CMakeFiles/CMakeTmp'
/usr/bin/make -f CMakeFiles/cmTC_9017d.dir/build.make CMakeFiles/cmTC_9017d.dir/build
make[2]: Entering directory `/home/muptii/Documents/robocup/team-nust-robocup-v2/build-V5/Debug-Motion/build-remote/team-nust-robocup/CMakeFiles/CMakeTmp'
Building C object CMakeFiles/cmTC_9017d.dir/CheckIncludeFile.c.o
/usr/bin/cc    -fPIE   -o CMakeFiles/cmTC_9017d.dir/CheckIncludeFile.c.o   -c /home/muptii/Documents/robocup/team-nust-robocup-v2/build-V5/Debug-Motion/build-remote/team-nust-robocup/CMakeFiles/CMakeTmp/CheckIncludeFile.c
/home/muptii/Documents/robocup/team-nust-robocup-v2/build-V5/Debug-Motion/build-remote/team-nust-robocup/CMakeFiles/CMakeTmp/CheckIncludeFile.c:1:19: fatal error: c_asm.h: No such file or directory
 #include <c_asm.h>
                   ^
compilation terminated.
make[2]: *** [CMakeFiles/cmTC_9017d.dir/CheckIncludeFile.c.o] Error 1
make[2]: Leaving directory `/home/muptii/Documents/robocup/team-nust-robocup-v2/build-V5/Debug-Motion/build-remote/team-nust-robocup/CMakeFiles/CMakeTmp'
make[1]: *** [cmTC_9017d/fast] Error 2
make[1]: Leaving directory `/home/muptii/Documents/robocup/team-nust-robocup-v2/build-V5/Debug-Motion/build-remote/team-nust-robocup/CMakeFiles/CMakeTmp'


Determining if the include file intrinsics.h exists failed with the following output:
Change Dir: /home/muptii/Documents/robocup/team-nust-robocup-v2/build-V5/Debug-Motion/build-remote/team-nust-robocup/CMakeFiles/CMakeTmp

Run Build Command:"/usr/bin/make" "cmTC_ac30c/fast"
make[1]: Entering directory `/home/muptii/Documents/robocup/team-nust-robocup-v2/build-V5/Debug-Motion/build-remote/team-nust-robocup/CMakeFiles/CMakeTmp'
/usr/bin/make -f CMakeFiles/cmTC_ac30c.dir/build.make CMakeFiles/cmTC_ac30c.dir/build
make[2]: Entering directory `/home/muptii/Documents/robocup/team-nust-robocup-v2/build-V5/Debug-Motion/build-remote/team-nust-robocup/CMakeFiles/CMakeTmp'
Building C object CMakeFiles/cmTC_ac30c.dir/CheckIncludeFile.c.o
/usr/bin/cc    -fPIE   -o CMakeFiles/cmTC_ac30c.dir/CheckIncludeFile.c.o   -c /home/muptii/Documents/robocup/team-nust-robocup-v2/build-V5/Debug-Motion/build-remote/team-nust-robocup/CMakeFiles/CMakeTmp/CheckIncludeFile.c
/home/muptii/Documents/robocup/team-nust-robocup-v2/build-V5/Debug-Motion/build-remote/team-nust-robocup/CMakeFiles/CMakeTmp/CheckIncludeFile.c:1:24: fatal error: intrinsics.h: No such file or directory
 #include <intrinsics.h>
                        ^
compilation terminated.
make[2]: *** [CMakeFiles/cmTC_ac30c.dir/CheckIncludeFile.c.o] Error 1
make[2]: Leaving directory `/home/muptii/Documents/robocup/team-nust-robocup-v2/build-V5/Debug-Motion/build-remote/team-nust-robocup/CMakeFiles/CMakeTmp'
make[1]: *** [cmTC_ac30c/fast] Error 2
make[1]: Leaving directory `/home/muptii/Documents/robocup/team-nust-robocup-v2/build-V5/Debug-Motion/build-remote/team-nust-robocup/CMakeFiles/CMakeTmp'


Determining if the include file mach/mach_time.h exists failed with the following output:
Change Dir: /home/muptii/Documents/robocup/team-nust-robocup-v2/build-V5/Debug-Motion/build-remote/team-nust-robocup/CMakeFiles/CMakeTmp

Run Build Command:"/usr/bin/make" "cmTC_495f7/fast"
make[1]: Entering directory `/home/muptii/Documents/robocup/team-nust-robocup-v2/build-V5/Debug-Motion/build-remote/team-nust-robocup/CMakeFiles/CMakeTmp'
/usr/bin/make -f CMakeFiles/cmTC_495f7.dir/build.make CMakeFiles/cmTC_495f7.dir/build
make[2]: Entering directory `/home/muptii/Documents/robocup/team-nust-robocup-v2/build-V5/Debug-Motion/build-remote/team-nust-robocup/CMakeFiles/CMakeTmp'
Building C object CMakeFiles/cmTC_495f7.dir/CheckIncludeFile.c.o
/usr/bin/cc    -fPIE   -o CMakeFiles/cmTC_495f7.dir/CheckIncludeFile.c.o   -c /home/muptii/Documents/robocup/team-nust-robocup-v2/build-V5/Debug-Motion/build-remote/team-nust-robocup/CMakeFiles/CMakeTmp/CheckIncludeFile.c
/home/muptii/Documents/robocup/team-nust-robocup-v2/build-V5/Debug-Motion/build-remote/team-nust-robocup/CMakeFiles/CMakeTmp/CheckIncludeFile.c:1:28: fatal error: mach/mach_time.h: No such file or directory
 #include <mach/mach_time.h>
                            ^
compilation terminated.
make[2]: *** [CMakeFiles/cmTC_495f7.dir/CheckIncludeFile.c.o] Error 1
make[2]: Leaving directory `/home/muptii/Documents/robocup/team-nust-robocup-v2/build-V5/Debug-Motion/build-remote/team-nust-robocup/CMakeFiles/CMakeTmp'
make[1]: *** [cmTC_495f7/fast] Error 2
make[1]: Leaving directory `/home/muptii/Documents/robocup/team-nust-robocup-v2/build-V5/Debug-Motion/build-remote/team-nust-robocup/CMakeFiles/CMakeTmp'


Determining if the include file uintptr.h exists failed with the following output:
Change Dir: /home/muptii/Documents/robocup/team-nust-robocup-v2/build-V5/Debug-Motion/build-remote/team-nust-robocup/CMakeFiles/CMakeTmp

Run Build Command:"/usr/bin/make" "cmTC_a5819/fast"
make[1]: Entering directory `/home/muptii/Documents/robocup/team-nust-robocup-v2/build-V5/Debug-Motion/build-remote/team-nust-robocup/CMakeFiles/CMakeTmp'
/usr/bin/make -f CMakeFiles/cmTC_a5819.dir/build.make CMakeFiles/cmTC_a5819.dir/build
make[2]: Entering directory `/home/muptii/Documents/robocup/team-nust-robocup-v2/build-V5/Debug-Motion/build-remote/team-nust-robocup/CMakeFiles/CMakeTmp'
Building C object CMakeFiles/cmTC_a5819.dir/CheckIncludeFile.c.o
/usr/bin/cc    -fPIE   -o CMakeFiles/cmTC_a5819.dir/CheckIncludeFile.c.o   -c /home/muptii/Documents/robocup/team-nust-robocup-v2/build-V5/Debug-Motion/build-remote/team-nust-robocup/CMakeFiles/CMakeTmp/CheckIncludeFile.c
/home/muptii/Documents/robocup/team-nust-robocup-v2/build-V5/Debug-Motion/build-remote/team-nust-robocup/CMakeFiles/CMakeTmp/CheckIncludeFile.c:1:21: fatal error: uintptr.h: No such file or directory
 #include <uintptr.h>
                     ^
compilation terminated.
make[2]: *** [CMakeFiles/cmTC_a5819.dir/CheckIncludeFile.c.o] Error 1
make[2]: Leaving directory `/home/muptii/Documents/robocup/team-nust-robocup-v2/build-V5/Debug-Motion/build-remote/team-nust-robocup/CMakeFiles/CMakeTmp'
make[1]: *** [cmTC_a5819/fast] Error 2
make[1]: Leaving directory `/home/muptii/Documents/robocup/team-nust-robocup-v2/build-V5/Debug-Motion/build-remote/team-nust-robocup/CMakeFiles/CMakeTmp'


Determining if the mach_absolute_time exist failed with the following output:
Change Dir: /home/muptii/Documents/robocup/team-nust-robocup-v2/build-V5/Debug-Motion/build-remote/team-nust-robocup/CMakeFiles/CMakeTmp

Run Build Command:"/usr/bin/make" "cmTC_81ce2/fast"
make[1]: Entering directory `/home/muptii/Documents/robocup/team-nust-robocup-v2/build-V5/Debug-Motion/build-remote/team-nust-robocup/CMakeFiles/CMakeTmp'
/usr/bin/make -f CMakeFiles/cmTC_81ce2.dir/build.make CMakeFiles/cmTC_81ce2.dir/build
make[2]: Entering directory `/home/muptii/Documents/robocup/team-nust-robocup-v2/build-V5/Debug-Motion/build-remote/team-nust-robocup/CMakeFiles/CMakeTmp'
Building C object CMakeFiles/cmTC_81ce2.dir/CheckSymbolExists.c.o
/usr/bin/cc    -fPIE   -o CMakeFiles/cmTC_81ce2.dir/CheckSymbolExists.c.o   -c /home/muptii/Documents/robocup/team-nust-robocup-v2/build-V5/Debug-Motion/build-remote/team-nust-robocup/CMakeFiles/CMakeTmp/CheckSymbolExists.c
/home/muptii/Documents/robocup/team-nust-robocup-v2/build-V5/Debug-Motion/build-remote/team-nust-robocup/CMakeFiles/CMakeTmp/CheckSymbolExists.c:2:28: fatal error: mach/mach_time.h: No such file or directory
 #include <mach/mach_time.h>
                            ^
compilation terminated.
make[2]: *** [CMakeFiles/cmTC_81ce2.dir/CheckSymbolExists.c.o] Error 1
make[2]: Leaving directory `/home/muptii/Documents/robocup/team-nust-robocup-v2/build-V5/Debug-Motion/build-remote/team-nust-robocup/CMakeFiles/CMakeTmp'
make[1]: *** [cmTC_81ce2/fast] Error 2
make[1]: Leaving directory `/home/muptii/Documents/robocup/team-nust-robocup-v2/build-V5/Debug-Motion/build-remote/team-nust-robocup/CMakeFiles/CMakeTmp'

File /home/muptii/Documents/robocup/team-nust-robocup-v2/build-V5/Debug-Motion/build-remote/team-nust-robocup/CMakeFiles/CMakeTmp/CheckSymbolExists.c:
/* */
#include <mach/mach_time.h>

int main(int argc, char** argv)
{
  (void)argv;
#ifndef mach_absolute_time
  return ((int*)(&mach_absolute_time))[argc];
#else
  (void)argc;
  return 0;
#endif
}

Determining if the sysctl exist failed with the following output:
Change Dir: /home/muptii/Documents/robocup/team-nust-robocup-v2/build-V5/Debug-Motion/build-remote/team-nust-robocup/CMakeFiles/CMakeTmp

Run Build Command:"/usr/bin/make" "cmTC_96657/fast"
make[1]: Entering directory `/home/muptii/Documents/robocup/team-nust-robocup-v2/build-V5/Debug-Motion/build-remote/team-nust-robocup/CMakeFiles/CMakeTmp'
/usr/bin/make -f CMakeFiles/cmTC_96657.dir/build.make CMakeFiles/cmTC_96657.dir/build
make[2]: Entering directory `/home/muptii/Documents/robocup/team-nust-robocup-v2/build-V5/Debug-Motion/build-remote/team-nust-robocup/CMakeFiles/CMakeTmp'
Building C object CMakeFiles/cmTC_96657.dir/CheckSymbolExists.c.o
/usr/bin/cc    -fPIE   -o CMakeFiles/cmTC_96657.dir/CheckSymbolExists.c.o   -c /home/muptii/Documents/robocup/team-nust-robocup-v2/build-V5/Debug-Motion/build-remote/team-nust-robocup/CMakeFiles/CMakeTmp/CheckSymbolExists.c
/home/muptii/Documents/robocup/team-nust-robocup-v2/build-V5/Debug-Motion/build-remote/team-nust-robocup/CMakeFiles/CMakeTmp/CheckSymbolExists.c: In function ‘main’:
/home/muptii/Documents/robocup/team-nust-robocup-v2/build-V5/Debug-Motion/build-remote/team-nust-robocup/CMakeFiles/CMakeTmp/CheckSymbolExists.c:8:19: error: ‘sysctl’ undeclared (first use in this function)
   return ((int*)(&sysctl))[argc];
                   ^
/home/muptii/Documents/robocup/team-nust-robocup-v2/build-V5/Debug-Motion/build-remote/team-nust-robocup/CMakeFiles/CMakeTmp/CheckSymbolExists.c:8:19: note: each undeclared identifier is reported only once for each function it appears in
make[2]: *** [CMakeFiles/cmTC_96657.dir/CheckSymbolExists.c.o] Error 1
make[2]: Leaving directory `/home/muptii/Documents/robocup/team-nust-robocup-v2/build-V5/Debug-Motion/build-remote/team-nust-robocup/CMakeFiles/CMakeTmp'
make[1]: *** [cmTC_96657/fast] Error 2
make[1]: Leaving directory `/home/muptii/Documents/robocup/team-nust-robocup-v2/build-V5/Debug-Motion/build-remote/team-nust-robocup/CMakeFiles/CMakeTmp'

File /home/muptii/Documents/robocup/team-nust-robocup-v2/build-V5/Debug-Motion/build-remote/team-nust-robocup/CMakeFiles/CMakeTmp/CheckSymbolExists.c:
/* */
#include <unistd.h>

int main(int argc, char** argv)
{
  (void)argv;
#ifndef sysctl
  return ((int*)(&sysctl))[argc];
#else
  (void)argc;
  return 0;
#endif
}

Determining if the pthread_create exist failed with the following output:
Change Dir: /home/muptii/Documents/robocup/team-nust-robocup-v2/build-V5/Debug-Motion/build-remote/team-nust-robocup/CMakeFiles/CMakeTmp

Run Build Command:"/usr/bin/make" "cmTC_00824/fast"
make[1]: Entering directory `/home/muptii/Documents/robocup/team-nust-robocup-v2/build-V5/Debug-Motion/build-remote/team-nust-robocup/CMakeFiles/CMakeTmp'
/usr/bin/make -f CMakeFiles/cmTC_00824.dir/build.make CMakeFiles/cmTC_00824.dir/build
make[2]: Entering directory `/home/muptii/Documents/robocup/team-nust-robocup-v2/build-V5/Debug-Motion/build-remote/team-nust-robocup/CMakeFiles/CMakeTmp'
Building C object CMakeFiles/cmTC_00824.dir/CheckSymbolExists.c.o
/usr/bin/cc    -fPIE   -o CMakeFiles/cmTC_00824.dir/CheckSymbolExists.c.o   -c /home/muptii/Documents/robocup/team-nust-robocup-v2/build-V5/Debug-Motion/build-remote/team-nust-robocup/CMakeFiles/CMakeTmp/CheckSymbolExists.c
Linking C executable cmTC_00824
/usr/bin/cmake -E cmake_link_script CMakeFiles/cmTC_00824.dir/link.txt --verbose=1
/usr/bin/cc       CMakeFiles/cmTC_00824.dir/CheckSymbolExists.c.o  -o cmTC_00824 -rdynamic -lm 
CMakeFiles/cmTC_00824.dir/CheckSymbolExists.c.o: In function `main':
CheckSymbolExists.c:(.text+0x1b): undefined reference to `pthread_create'
collect2: error: ld returned 1 exit status
make[2]: *** [cmTC_00824] Error 1
make[2]: Leaving directory `/home/muptii/Documents/robocup/team-nust-robocup-v2/build-V5/Debug-Motion/build-remote/team-nust-robocup/CMakeFiles/CMakeTmp'
make[1]: *** [cmTC_00824/fast] Error 2
make[1]: Leaving directory `/home/muptii/Documents/robocup/team-nust-robocup-v2/build-V5/Debug-Motion/build-remote/team-nust-robocup/CMakeFiles/CMakeTmp'

File /home/muptii/Documents/robocup/team-nust-robocup-v2/build-V5/Debug-Motion/build-remote/team-nust-robocup/CMakeFiles/CMakeTmp/CheckSymbolExists.c:
/* */
#include <pthread.h>

int main(int argc, char** argv)
{
  (void)argv;
#ifndef pthread_create
  return ((int*)(&pthread_create))[argc];
#else
  (void)argc;
  return 0;
#endif
}

Determining if the function pthread_create exists in the pthreads failed with the following output:
Change Dir: /home/muptii/Documents/robocup/team-nust-robocup-v2/build-V5/Debug-Motion/build-remote/team-nust-robocup/CMakeFiles/CMakeTmp

Run Build Command:"/usr/bin/make" "cmTC_77861/fast"
make[1]: Entering directory `/home/muptii/Documents/robocup/team-nust-robocup-v2/build-V5/Debug-Motion/build-remote/team-nust-robocup/CMakeFiles/CMakeTmp'
/usr/bin/make -f CMakeFiles/cmTC_77861.dir/build.make CMakeFiles/cmTC_77861.dir/build
make[2]: Entering directory `/home/muptii/Documents/robocup/team-nust-robocup-v2/build-V5/Debug-Motion/build-remote/team-nust-robocup/CMakeFiles/CMakeTmp'
Building C object CMakeFiles/cmTC_77861.dir/CheckFunctionExists.c.o
/usr/bin/cc    -DCHECK_FUNCTION_EXISTS=pthread_create -fPIE   -o CMakeFiles/cmTC_77861.dir/CheckFunctionExists.c.o   -c /usr/share/cmake-3.5/Modules/CheckFunctionExists.c
Linking C executable cmTC_77861
/usr/bin/cmake -E cmake_link_script CMakeFiles/cmTC_77861.dir/link.txt --verbose=1
/usr/bin/cc   -DCHECK_FUNCTION_EXISTS=pthread_create    CMakeFiles/cmTC_77861.dir/CheckFunctionExists.c.o  -o cmTC_77861 -rdynamic -lpthreads -lm 
/usr/bin/ld: cannot find -lpthreads
collect2: error: ld returned 1 exit status
make[2]: *** [cmTC_77861] Error 1
make[2]: Leaving directory `/home/muptii/Documents/robocup/team-nust-robocup-v2/build-V5/Debug-Motion/build-remote/team-nust-robocup/CMakeFiles/CMakeTmp'
make[1]: *** [cmTC_77861/fast] Error 2
make[1]: Leaving directory `/home/muptii/Documents/robocup/team-nust-robocup-v2/build-V5/Debug-Motion/build-remote/team-nust-robocup/CMakeFiles/CMakeTmp'


Performing C SOURCE FILE Test HAVE_THREAD_LOCAL_STORAGE failed with the following output:
Change Dir: /home/muptii/Documents/robocup/team-nust-robocup-v2/build-V5/Debug-Motion/build-remote/team-nust-robocup/CMakeFiles/CMakeTmp

Run Build Command:"/usr/bin/make" "cmTC_cfd79/fast"
make[1]: Entering directory `/home/muptii/Documents/robocup/team-nust-robocup-v2/build-V5/Debug-Motion/build-remote/team-nust-robocup/CMakeFiles/CMakeTmp'
/usr/bin/make -f CMakeFiles/cmTC_cfd79.dir/build.make CMakeFiles/cmTC_cfd79.dir/build
make[2]: Entering directory `/home/muptii/Documents/robocup/team-nust-robocup-v2/build-V5/Debug-Motion/build-remote/team-nust-robocup/CMakeFiles/CMakeTmp'
Building C object CMakeFiles/cmTC_cfd79.dir/src.c.o
/usr/bin/cc    -DHAVE_THREAD_LOCAL_STORAGE -fPIE   -o CMakeFiles/cmTC_cfd79.dir/src.c.o   -c /home/muptii/Documents/robocup/team-nust-robocup-v2/build-V5/Debug-Motion/build-remote/team-nust-robocup/CMakeFiles/CMakeTmp/src.c
/home/muptii/Documents/robocup/team-nust-robocup-v2/build-V5/Debug-Motion/build-remote/team-nust-robocup/CMakeFiles/CMakeTmp/src.c: In function ‘__declspec’:
/home/muptii/Documents/robocup/team-nust-robocup-v2/build-V5/Debug-Motion/build-remote/team-nust-robocup/CMakeFiles/CMakeTmp/src.c:3:20: error: expected ‘=’, ‘,’, ‘;’, ‘asm’ or ‘__attribute__’ before ‘{’ token
     int main(void) {
                    ^
/home/muptii/Documents/robocup/team-nust-robocup-v2/build-V5/Debug-Motion/build-remote/team-nust-robocup/CMakeFiles/CMakeTmp/src.c:2:28: error: declaration for parameter ‘tls’ but no such parameter
     __declspec(thread) int tls;
                            ^
/home/muptii/Documents/robocup/team-nust-robocup-v2/build-V5/Debug-Motion/build-remote/team-nust-robocup/CMakeFiles/CMakeTmp/src.c:5:5: error: expected ‘{’ at end of input
     }
     ^
make[2]: *** [CMakeFiles/cmTC_cfd79.dir/src.c.o] Error 1
make[2]: Leaving directory `/home/muptii/Documents/robocup/team-nust-robocup-v2/build-V5/Debug-Motion/build-remote/team-nust-robocup/CMakeFiles/CMakeTmp'
make[1]: *** [cmTC_cfd79/fast] Error 2
make[1]: Leaving directory `/home/muptii/Documents/robocup/team-nust-robocup-v2/build-V5/Debug-Motion/build-remote/team-nust-robocup/CMakeFiles/CMakeTmp'

Source file was:

    __declspec(thread) int tls;
    int main(void) {
        return 0;
    }
Determining if the include file altivec.h exists failed with the following output:
Change Dir: /home/muptii/Documents/robocup/team-nust-robocup-v2/build-V5/Debug-Motion/build-remote/team-nust-robocup/CMakeFiles/CMakeTmp

Run Build Command:"/usr/bin/make" "cmTC_e3243/fast"
make[1]: Entering directory `/home/muptii/Documents/robocup/team-nust-robocup-v2/build-V5/Debug-Motion/build-remote/team-nust-robocup/CMakeFiles/CMakeTmp'
/usr/bin/make -f CMakeFiles/cmTC_e3243.dir/build.make CMakeFiles/cmTC_e3243.dir/build
make[2]: Entering directory `/home/muptii/Documents/robocup/team-nust-robocup-v2/build-V5/Debug-Motion/build-remote/team-nust-robocup/CMakeFiles/CMakeTmp'
Building C object CMakeFiles/cmTC_e3243.dir/CheckIncludeFile.c.o
/usr/bin/cc    -fPIE   -o CMakeFiles/cmTC_e3243.dir/CheckIncludeFile.c.o   -c /home/muptii/Documents/robocup/team-nust-robocup-v2/build-V5/Debug-Motion/build-remote/team-nust-robocup/CMakeFiles/CMakeTmp/CheckIncludeFile.c
/home/muptii/Documents/robocup/team-nust-robocup-v2/build-V5/Debug-Motion/build-remote/team-nust-robocup/CMakeFiles/CMakeTmp/CheckIncludeFile.c:1:21: fatal error: altivec.h: No such file or directory
 #include <altivec.h>
                     ^
compilation terminated.
make[2]: *** [CMakeFiles/cmTC_e3243.dir/CheckIncludeFile.c.o] Error 1
make[2]: Leaving directory `/home/muptii/Documents/robocup/team-nust-robocup-v2/build-V5/Debug-Motion/build-remote/team-nust-robocup/CMakeFiles/CMakeTmp'
make[1]: *** [cmTC_e3243/fast] Error 2
make[1]: Leaving directory `/home/muptii/Documents/robocup/team-nust-robocup-v2/build-V5/Debug-Motion/build-remote/team-nust-robocup/CMakeFiles/CMakeTmp'


Determining if the include file c_asm.h exists failed with the following output:
Change Dir: /home/muptii/Documents/robocup/team-nust-robocup-v2/build-V5/Debug-Motion/build-remote/team-nust-robocup/CMakeFiles/CMakeTmp

Run Build Command:"/usr/bin/make" "cmTC_15590/fast"
make[1]: Entering directory `/home/muptii/Documents/robocup/team-nust-robocup-v2/build-V5/Debug-Motion/build-remote/team-nust-robocup/CMakeFiles/CMakeTmp'
/usr/bin/make -f CMakeFiles/cmTC_15590.dir/build.make CMakeFiles/cmTC_15590.dir/build
make[2]: Entering directory `/home/muptii/Documents/robocup/team-nust-robocup-v2/build-V5/Debug-Motion/build-remote/team-nust-robocup/CMakeFiles/CMakeTmp'
Building C object CMakeFiles/cmTC_15590.dir/CheckIncludeFile.c.o
/usr/bin/cc    -fPIE   -o CMakeFiles/cmTC_15590.dir/CheckIncludeFile.c.o   -c /home/muptii/Documents/robocup/team-nust-robocup-v2/build-V5/Debug-Motion/build-remote/team-nust-robocup/CMakeFiles/CMakeTmp/CheckIncludeFile.c
/home/muptii/Documents/robocup/team-nust-robocup-v2/build-V5/Debug-Motion/build-remote/team-nust-robocup/CMakeFiles/CMakeTmp/CheckIncludeFile.c:1:19: fatal error: c_asm.h: No such file or directory
 #include <c_asm.h>
                   ^
compilation terminated.
make[2]: *** [CMakeFiles/cmTC_15590.dir/CheckIncludeFile.c.o] Error 1
make[2]: Leaving directory `/home/muptii/Documents/robocup/team-nust-robocup-v2/build-V5/Debug-Motion/build-remote/team-nust-robocup/CMakeFiles/CMakeTmp'
make[1]: *** [cmTC_15590/fast] Error 2
make[1]: Leaving directory `/home/muptii/Documents/robocup/team-nust-robocup-v2/build-V5/Debug-Motion/build-remote/team-nust-robocup/CMakeFiles/CMakeTmp'


Determining if the include file intrinsics.h exists failed with the following output:
Change Dir: /home/muptii/Documents/robocup/team-nust-robocup-v2/build-V5/Debug-Motion/build-remote/team-nust-robocup/CMakeFiles/CMakeTmp

Run Build Command:"/usr/bin/make" "cmTC_33e8e/fast"
make[1]: Entering directory `/home/muptii/Documents/robocup/team-nust-robocup-v2/build-V5/Debug-Motion/build-remote/team-nust-robocup/CMakeFiles/CMakeTmp'
/usr/bin/make -f CMakeFiles/cmTC_33e8e.dir/build.make CMakeFiles/cmTC_33e8e.dir/build
make[2]: Entering directory `/home/muptii/Documents/robocup/team-nust-robocup-v2/build-V5/Debug-Motion/build-remote/team-nust-robocup/CMakeFiles/CMakeTmp'
Building C object CMakeFiles/cmTC_33e8e.dir/CheckIncludeFile.c.o
/usr/bin/cc    -fPIE   -o CMakeFiles/cmTC_33e8e.dir/CheckIncludeFile.c.o   -c /home/muptii/Documents/robocup/team-nust-robocup-v2/build-V5/Debug-Motion/build-remote/team-nust-robocup/CMakeFiles/CMakeTmp/CheckIncludeFile.c
/home/muptii/Documents/robocup/team-nust-robocup-v2/build-V5/Debug-Motion/build-remote/team-nust-robocup/CMakeFiles/CMakeTmp/CheckIncludeFile.c:1:24: fatal error: intrinsics.h: No such file or directory
 #include <intrinsics.h>
                        ^
compilation terminated.
make[2]: *** [CMakeFiles/cmTC_33e8e.dir/CheckIncludeFile.c.o] Error 1
make[2]: Leaving directory `/home/muptii/Documents/robocup/team-nust-robocup-v2/build-V5/Debug-Motion/build-remote/team-nust-robocup/CMakeFiles/CMakeTmp'
make[1]: *** [cmTC_33e8e/fast] Error 2
make[1]: Leaving directory `/home/muptii/Documents/robocup/team-nust-robocup-v2/build-V5/Debug-Motion/build-remote/team-nust-robocup/CMakeFiles/CMakeTmp'


Determining if the include file mach/mach_time.h exists failed with the following output:
Change Dir: /home/muptii/Documents/robocup/team-nust-robocup-v2/build-V5/Debug-Motion/build-remote/team-nust-robocup/CMakeFiles/CMakeTmp

Run Build Command:"/usr/bin/make" "cmTC_95cdd/fast"
make[1]: Entering directory `/home/muptii/Documents/robocup/team-nust-robocup-v2/build-V5/Debug-Motion/build-remote/team-nust-robocup/CMakeFiles/CMakeTmp'
/usr/bin/make -f CMakeFiles/cmTC_95cdd.dir/build.make CMakeFiles/cmTC_95cdd.dir/build
make[2]: Entering directory `/home/muptii/Documents/robocup/team-nust-robocup-v2/build-V5/Debug-Motion/build-remote/team-nust-robocup/CMakeFiles/CMakeTmp'
Building C object CMakeFiles/cmTC_95cdd.dir/CheckIncludeFile.c.o
/usr/bin/cc    -fPIE   -o CMakeFiles/cmTC_95cdd.dir/CheckIncludeFile.c.o   -c /home/muptii/Documents/robocup/team-nust-robocup-v2/build-V5/Debug-Motion/build-remote/team-nust-robocup/CMakeFiles/CMakeTmp/CheckIncludeFile.c
/home/muptii/Documents/robocup/team-nust-robocup-v2/build-V5/Debug-Motion/build-remote/team-nust-robocup/CMakeFiles/CMakeTmp/CheckIncludeFile.c:1:28: fatal error: mach/mach_time.h: No such file or directory
 #include <mach/mach_time.h>
                            ^
compilation terminated.
make[2]: *** [CMakeFiles/cmTC_95cdd.dir/CheckIncludeFile.c.o] Error 1
make[2]: Leaving directory `/home/muptii/Documents/robocup/team-nust-robocup-v2/build-V5/Debug-Motion/build-remote/team-nust-robocup/CMakeFiles/CMakeTmp'
make[1]: *** [cmTC_95cdd/fast] Error 2
make[1]: Leaving directory `/home/muptii/Documents/robocup/team-nust-robocup-v2/build-V5/Debug-Motion/build-remote/team-nust-robocup/CMakeFiles/CMakeTmp'


Determining if the include file uintptr.h exists failed with the following output:
Change Dir: /home/muptii/Documents/robocup/team-nust-robocup-v2/build-V5/Debug-Motion/build-remote/team-nust-robocup/CMakeFiles/CMakeTmp

Run Build Command:"/usr/bin/make" "cmTC_276d0/fast"
make[1]: Entering directory `/home/muptii/Documents/robocup/team-nust-robocup-v2/build-V5/Debug-Motion/build-remote/team-nust-robocup/CMakeFiles/CMakeTmp'
/usr/bin/make -f CMakeFiles/cmTC_276d0.dir/build.make CMakeFiles/cmTC_276d0.dir/build
make[2]: Entering directory `/home/muptii/Documents/robocup/team-nust-robocup-v2/build-V5/Debug-Motion/build-remote/team-nust-robocup/CMakeFiles/CMakeTmp'
Building C object CMakeFiles/cmTC_276d0.dir/CheckIncludeFile.c.o
/usr/bin/cc    -fPIE   -o CMakeFiles/cmTC_276d0.dir/CheckIncludeFile.c.o   -c /home/muptii/Documents/robocup/team-nust-robocup-v2/build-V5/Debug-Motion/build-remote/team-nust-robocup/CMakeFiles/CMakeTmp/CheckIncludeFile.c
/home/muptii/Documents/robocup/team-nust-robocup-v2/build-V5/Debug-Motion/build-remote/team-nust-robocup/CMakeFiles/CMakeTmp/CheckIncludeFile.c:1:21: fatal error: uintptr.h: No such file or directory
 #include <uintptr.h>
                     ^
compilation terminated.
make[2]: *** [CMakeFiles/cmTC_276d0.dir/CheckIncludeFile.c.o] Error 1
make[2]: Leaving directory `/home/muptii/Documents/robocup/team-nust-robocup-v2/build-V5/Debug-Motion/build-remote/team-nust-robocup/CMakeFiles/CMakeTmp'
make[1]: *** [cmTC_276d0/fast] Error 2
make[1]: Leaving directory `/home/muptii/Documents/robocup/team-nust-robocup-v2/build-V5/Debug-Motion/build-remote/team-nust-robocup/CMakeFiles/CMakeTmp'


Determining if the mach_absolute_time exist failed with the following output:
Change Dir: /home/muptii/Documents/robocup/team-nust-robocup-v2/build-V5/Debug-Motion/build-remote/team-nust-robocup/CMakeFiles/CMakeTmp

Run Build Command:"/usr/bin/make" "cmTC_d0c59/fast"
make[1]: Entering directory `/home/muptii/Documents/robocup/team-nust-robocup-v2/build-V5/Debug-Motion/build-remote/team-nust-robocup/CMakeFiles/CMakeTmp'
/usr/bin/make -f CMakeFiles/cmTC_d0c59.dir/build.make CMakeFiles/cmTC_d0c59.dir/build
make[2]: Entering directory `/home/muptii/Documents/robocup/team-nust-robocup-v2/build-V5/Debug-Motion/build-remote/team-nust-robocup/CMakeFiles/CMakeTmp'
Building C object CMakeFiles/cmTC_d0c59.dir/CheckSymbolExists.c.o
/usr/bin/cc    -fPIE   -o CMakeFiles/cmTC_d0c59.dir/CheckSymbolExists.c.o   -c /home/muptii/Documents/robocup/team-nust-robocup-v2/build-V5/Debug-Motion/build-remote/team-nust-robocup/CMakeFiles/CMakeTmp/CheckSymbolExists.c
/home/muptii/Documents/robocup/team-nust-robocup-v2/build-V5/Debug-Motion/build-remote/team-nust-robocup/CMakeFiles/CMakeTmp/CheckSymbolExists.c:2:28: fatal error: mach/mach_time.h: No such file or directory
 #include <mach/mach_time.h>
                            ^
compilation terminated.
make[2]: *** [CMakeFiles/cmTC_d0c59.dir/CheckSymbolExists.c.o] Error 1
make[2]: Leaving directory `/home/muptii/Documents/robocup/team-nust-robocup-v2/build-V5/Debug-Motion/build-remote/team-nust-robocup/CMakeFiles/CMakeTmp'
make[1]: *** [cmTC_d0c59/fast] Error 2
make[1]: Leaving directory `/home/muptii/Documents/robocup/team-nust-robocup-v2/build-V5/Debug-Motion/build-remote/team-nust-robocup/CMakeFiles/CMakeTmp'

File /home/muptii/Documents/robocup/team-nust-robocup-v2/build-V5/Debug-Motion/build-remote/team-nust-robocup/CMakeFiles/CMakeTmp/CheckSymbolExists.c:
/* */
#include <mach/mach_time.h>

int main(int argc, char** argv)
{
  (void)argv;
#ifndef mach_absolute_time
  return ((int*)(&mach_absolute_time))[argc];
#else
  (void)argc;
  return 0;
#endif
}

Determining if the sysctl exist failed with the following output:
Change Dir: /home/muptii/Documents/robocup/team-nust-robocup-v2/build-V5/Debug-Motion/build-remote/team-nust-robocup/CMakeFiles/CMakeTmp

Run Build Command:"/usr/bin/make" "cmTC_1db9f/fast"
make[1]: Entering directory `/home/muptii/Documents/robocup/team-nust-robocup-v2/build-V5/Debug-Motion/build-remote/team-nust-robocup/CMakeFiles/CMakeTmp'
/usr/bin/make -f CMakeFiles/cmTC_1db9f.dir/build.make CMakeFiles/cmTC_1db9f.dir/build
make[2]: Entering directory `/home/muptii/Documents/robocup/team-nust-robocup-v2/build-V5/Debug-Motion/build-remote/team-nust-robocup/CMakeFiles/CMakeTmp'
Building C object CMakeFiles/cmTC_1db9f.dir/CheckSymbolExists.c.o
/usr/bin/cc    -fPIE   -o CMakeFiles/cmTC_1db9f.dir/CheckSymbolExists.c.o   -c /home/muptii/Documents/robocup/team-nust-robocup-v2/build-V5/Debug-Motion/build-remote/team-nust-robocup/CMakeFiles/CMakeTmp/CheckSymbolExists.c
/home/muptii/Documents/robocup/team-nust-robocup-v2/build-V5/Debug-Motion/build-remote/team-nust-robocup/CMakeFiles/CMakeTmp/CheckSymbolExists.c: In function ‘main’:
/home/muptii/Documents/robocup/team-nust-robocup-v2/build-V5/Debug-Motion/build-remote/team-nust-robocup/CMakeFiles/CMakeTmp/CheckSymbolExists.c:8:19: error: ‘sysctl’ undeclared (first use in this function)
   return ((int*)(&sysctl))[argc];
                   ^
/home/muptii/Documents/robocup/team-nust-robocup-v2/build-V5/Debug-Motion/build-remote/team-nust-robocup/CMakeFiles/CMakeTmp/CheckSymbolExists.c:8:19: note: each undeclared identifier is reported only once for each function it appears in
make[2]: *** [CMakeFiles/cmTC_1db9f.dir/CheckSymbolExists.c.o] Error 1
make[2]: Leaving directory `/home/muptii/Documents/robocup/team-nust-robocup-v2/build-V5/Debug-Motion/build-remote/team-nust-robocup/CMakeFiles/CMakeTmp'
make[1]: *** [cmTC_1db9f/fast] Error 2
make[1]: Leaving directory `/home/muptii/Documents/robocup/team-nust-robocup-v2/build-V5/Debug-Motion/build-remote/team-nust-robocup/CMakeFiles/CMakeTmp'

File /home/muptii/Documents/robocup/team-nust-robocup-v2/build-V5/Debug-Motion/build-remote/team-nust-robocup/CMakeFiles/CMakeTmp/CheckSymbolExists.c:
/* */
#include <unistd.h>

int main(int argc, char** argv)
{
  (void)argv;
#ifndef sysctl
  return ((int*)(&sysctl))[argc];
#else
  (void)argc;
  return 0;
#endif
}

Determining if the pthread_create exist failed with the following output:
Change Dir: /home/muptii/Documents/robocup/team-nust-robocup-v2/build-V5/Debug-Motion/build-remote/team-nust-robocup/CMakeFiles/CMakeTmp

Run Build Command:"/usr/bin/make" "cmTC_81506/fast"
make[1]: Entering directory `/home/muptii/Documents/robocup/team-nust-robocup-v2/build-V5/Debug-Motion/build-remote/team-nust-robocup/CMakeFiles/CMakeTmp'
/usr/bin/make -f CMakeFiles/cmTC_81506.dir/build.make CMakeFiles/cmTC_81506.dir/build
make[2]: Entering directory `/home/muptii/Documents/robocup/team-nust-robocup-v2/build-V5/Debug-Motion/build-remote/team-nust-robocup/CMakeFiles/CMakeTmp'
Building C object CMakeFiles/cmTC_81506.dir/CheckSymbolExists.c.o
/usr/bin/cc    -fPIE   -o CMakeFiles/cmTC_81506.dir/CheckSymbolExists.c.o   -c /home/muptii/Documents/robocup/team-nust-robocup-v2/build-V5/Debug-Motion/build-remote/team-nust-robocup/CMakeFiles/CMakeTmp/CheckSymbolExists.c
Linking C executable cmTC_81506
/usr/bin/cmake -E cmake_link_script CMakeFiles/cmTC_81506.dir/link.txt --verbose=1
/usr/bin/cc       CMakeFiles/cmTC_81506.dir/CheckSymbolExists.c.o  -o cmTC_81506 -rdynamic -lm 
CMakeFiles/cmTC_81506.dir/CheckSymbolExists.c.o: In function `main':
CheckSymbolExists.c:(.text+0x1b): undefined reference to `pthread_create'
collect2: error: ld returned 1 exit status
make[2]: *** [cmTC_81506] Error 1
make[2]: Leaving directory `/home/muptii/Documents/robocup/team-nust-robocup-v2/build-V5/Debug-Motion/build-remote/team-nust-robocup/CMakeFiles/CMakeTmp'
make[1]: *** [cmTC_81506/fast] Error 2
make[1]: Leaving directory `/home/muptii/Documents/robocup/team-nust-robocup-v2/build-V5/Debug-Motion/build-remote/team-nust-robocup/CMakeFiles/CMakeTmp'

File /home/muptii/Documents/robocup/team-nust-robocup-v2/build-V5/Debug-Motion/build-remote/team-nust-robocup/CMakeFiles/CMakeTmp/CheckSymbolExists.c:
/* */
#include <pthread.h>

int main(int argc, char** argv)
{
  (void)argv;
#ifndef pthread_create
  return ((int*)(&pthread_create))[argc];
#else
  (void)argc;
  return 0;
#endif
}

Determining if the function pthread_create exists in the pthreads failed with the following output:
Change Dir: /home/muptii/Documents/robocup/team-nust-robocup-v2/build-V5/Debug-Motion/build-remote/team-nust-robocup/CMakeFiles/CMakeTmp

Run Build Command:"/usr/bin/make" "cmTC_464a1/fast"
make[1]: Entering directory `/home/muptii/Documents/robocup/team-nust-robocup-v2/build-V5/Debug-Motion/build-remote/team-nust-robocup/CMakeFiles/CMakeTmp'
/usr/bin/make -f CMakeFiles/cmTC_464a1.dir/build.make CMakeFiles/cmTC_464a1.dir/build
make[2]: Entering directory `/home/muptii/Documents/robocup/team-nust-robocup-v2/build-V5/Debug-Motion/build-remote/team-nust-robocup/CMakeFiles/CMakeTmp'
Building C object CMakeFiles/cmTC_464a1.dir/CheckFunctionExists.c.o
/usr/bin/cc    -DCHECK_FUNCTION_EXISTS=pthread_create -fPIE   -o CMakeFiles/cmTC_464a1.dir/CheckFunctionExists.c.o   -c /usr/share/cmake-3.5/Modules/CheckFunctionExists.c
Linking C executable cmTC_464a1
/usr/bin/cmake -E cmake_link_script CMakeFiles/cmTC_464a1.dir/link.txt --verbose=1
/usr/bin/cc   -DCHECK_FUNCTION_EXISTS=pthread_create    CMakeFiles/cmTC_464a1.dir/CheckFunctionExists.c.o  -o cmTC_464a1 -rdynamic -lpthreads -lm 
/usr/bin/ld: cannot find -lpthreads
collect2: error: ld returned 1 exit status
make[2]: *** [cmTC_464a1] Error 1
make[2]: Leaving directory `/home/muptii/Documents/robocup/team-nust-robocup-v2/build-V5/Debug-Motion/build-remote/team-nust-robocup/CMakeFiles/CMakeTmp'
make[1]: *** [cmTC_464a1/fast] Error 2
make[1]: Leaving directory `/home/muptii/Documents/robocup/team-nust-robocup-v2/build-V5/Debug-Motion/build-remote/team-nust-robocup/CMakeFiles/CMakeTmp'


Performing C SOURCE FILE Test HAVE_THREAD_LOCAL_STORAGE failed with the following output:
Change Dir: /home/muptii/Documents/robocup/team-nust-robocup-v2/build-V5/Debug-Motion/build-remote/team-nust-robocup/CMakeFiles/CMakeTmp

Run Build Command:"/usr/bin/make" "cmTC_f3123/fast"
make[1]: Entering directory `/home/muptii/Documents/robocup/team-nust-robocup-v2/build-V5/Debug-Motion/build-remote/team-nust-robocup/CMakeFiles/CMakeTmp'
/usr/bin/make -f CMakeFiles/cmTC_f3123.dir/build.make CMakeFiles/cmTC_f3123.dir/build
make[2]: Entering directory `/home/muptii/Documents/robocup/team-nust-robocup-v2/build-V5/Debug-Motion/build-remote/team-nust-robocup/CMakeFiles/CMakeTmp'
Building C object CMakeFiles/cmTC_f3123.dir/src.c.o
/usr/bin/cc    -DHAVE_THREAD_LOCAL_STORAGE -fPIE   -o CMakeFiles/cmTC_f3123.dir/src.c.o   -c /home/muptii/Documents/robocup/team-nust-robocup-v2/build-V5/Debug-Motion/build-remote/team-nust-robocup/CMakeFiles/CMakeTmp/src.c
/home/muptii/Documents/robocup/team-nust-robocup-v2/build-V5/Debug-Motion/build-remote/team-nust-robocup/CMakeFiles/CMakeTmp/src.c: In function ‘__declspec’:
/home/muptii/Documents/robocup/team-nust-robocup-v2/build-V5/Debug-Motion/build-remote/team-nust-robocup/CMakeFiles/CMakeTmp/src.c:3:20: error: expected ‘=’, ‘,’, ‘;’, ‘asm’ or ‘__attribute__’ before ‘{’ token
     int main(void) {
                    ^
/home/muptii/Documents/robocup/team-nust-robocup-v2/build-V5/Debug-Motion/build-remote/team-nust-robocup/CMakeFiles/CMakeTmp/src.c:2:28: error: declaration for parameter ‘tls’ but no such parameter
     __declspec(thread) int tls;
                            ^
/home/muptii/Documents/robocup/team-nust-robocup-v2/build-V5/Debug-Motion/build-remote/team-nust-robocup/CMakeFiles/CMakeTmp/src.c:5:5: error: expected ‘{’ at end of input
     }
     ^
make[2]: *** [CMakeFiles/cmTC_f3123.dir/src.c.o] Error 1
make[2]: Leaving directory `/home/muptii/Documents/robocup/team-nust-robocup-v2/build-V5/Debug-Motion/build-remote/team-nust-robocup/CMakeFiles/CMakeTmp'
make[1]: *** [cmTC_f3123/fast] Error 2
make[1]: Leaving directory `/home/muptii/Documents/robocup/team-nust-robocup-v2/build-V5/Debug-Motion/build-remote/team-nust-robocup/CMakeFiles/CMakeTmp'

Source file was:

    __declspec(thread) int tls;
    int main(void) {
        return 0;
    }
Determining if the include file altivec.h exists failed with the following output:
Change Dir: /home/muptii/Documents/robocup/team-nust-robocup-v2/build-V5/Debug-Motion/build-remote/team-nust-robocup/CMakeFiles/CMakeTmp

Run Build Command:"/usr/bin/make" "cmTC_d29b0/fast"
make[1]: Entering directory `/home/muptii/Documents/robocup/team-nust-robocup-v2/build-V5/Debug-Motion/build-remote/team-nust-robocup/CMakeFiles/CMakeTmp'
/usr/bin/make -f CMakeFiles/cmTC_d29b0.dir/build.make CMakeFiles/cmTC_d29b0.dir/build
make[2]: Entering directory `/home/muptii/Documents/robocup/team-nust-robocup-v2/build-V5/Debug-Motion/build-remote/team-nust-robocup/CMakeFiles/CMakeTmp'
Building C object CMakeFiles/cmTC_d29b0.dir/CheckIncludeFile.c.o
/usr/bin/cc    -fPIE   -o CMakeFiles/cmTC_d29b0.dir/CheckIncludeFile.c.o   -c /home/muptii/Documents/robocup/team-nust-robocup-v2/build-V5/Debug-Motion/build-remote/team-nust-robocup/CMakeFiles/CMakeTmp/CheckIncludeFile.c
/home/muptii/Documents/robocup/team-nust-robocup-v2/build-V5/Debug-Motion/build-remote/team-nust-robocup/CMakeFiles/CMakeTmp/CheckIncludeFile.c:1:21: fatal error: altivec.h: No such file or directory
 #include <altivec.h>
                     ^
compilation terminated.
make[2]: *** [CMakeFiles/cmTC_d29b0.dir/CheckIncludeFile.c.o] Error 1
make[2]: Leaving directory `/home/muptii/Documents/robocup/team-nust-robocup-v2/build-V5/Debug-Motion/build-remote/team-nust-robocup/CMakeFiles/CMakeTmp'
make[1]: *** [cmTC_d29b0/fast] Error 2
make[1]: Leaving directory `/home/muptii/Documents/robocup/team-nust-robocup-v2/build-V5/Debug-Motion/build-remote/team-nust-robocup/CMakeFiles/CMakeTmp'


Determining if the include file c_asm.h exists failed with the following output:
Change Dir: /home/muptii/Documents/robocup/team-nust-robocup-v2/build-V5/Debug-Motion/build-remote/team-nust-robocup/CMakeFiles/CMakeTmp

Run Build Command:"/usr/bin/make" "cmTC_b9650/fast"
make[1]: Entering directory `/home/muptii/Documents/robocup/team-nust-robocup-v2/build-V5/Debug-Motion/build-remote/team-nust-robocup/CMakeFiles/CMakeTmp'
/usr/bin/make -f CMakeFiles/cmTC_b9650.dir/build.make CMakeFiles/cmTC_b9650.dir/build
make[2]: Entering directory `/home/muptii/Documents/robocup/team-nust-robocup-v2/build-V5/Debug-Motion/build-remote/team-nust-robocup/CMakeFiles/CMakeTmp'
Building C object CMakeFiles/cmTC_b9650.dir/CheckIncludeFile.c.o
/usr/bin/cc    -fPIE   -o CMakeFiles/cmTC_b9650.dir/CheckIncludeFile.c.o   -c /home/muptii/Documents/robocup/team-nust-robocup-v2/build-V5/Debug-Motion/build-remote/team-nust-robocup/CMakeFiles/CMakeTmp/CheckIncludeFile.c
/home/muptii/Documents/robocup/team-nust-robocup-v2/build-V5/Debug-Motion/build-remote/team-nust-robocup/CMakeFiles/CMakeTmp/CheckIncludeFile.c:1:19: fatal error: c_asm.h: No such file or directory
 #include <c_asm.h>
                   ^
compilation terminated.
make[2]: *** [CMakeFiles/cmTC_b9650.dir/CheckIncludeFile.c.o] Error 1
make[2]: Leaving directory `/home/muptii/Documents/robocup/team-nust-robocup-v2/build-V5/Debug-Motion/build-remote/team-nust-robocup/CMakeFiles/CMakeTmp'
make[1]: *** [cmTC_b9650/fast] Error 2
make[1]: Leaving directory `/home/muptii/Documents/robocup/team-nust-robocup-v2/build-V5/Debug-Motion/build-remote/team-nust-robocup/CMakeFiles/CMakeTmp'


Determining if the include file intrinsics.h exists failed with the following output:
Change Dir: /home/muptii/Documents/robocup/team-nust-robocup-v2/build-V5/Debug-Motion/build-remote/team-nust-robocup/CMakeFiles/CMakeTmp

Run Build Command:"/usr/bin/make" "cmTC_1778e/fast"
make[1]: Entering directory `/home/muptii/Documents/robocup/team-nust-robocup-v2/build-V5/Debug-Motion/build-remote/team-nust-robocup/CMakeFiles/CMakeTmp'
/usr/bin/make -f CMakeFiles/cmTC_1778e.dir/build.make CMakeFiles/cmTC_1778e.dir/build
make[2]: Entering directory `/home/muptii/Documents/robocup/team-nust-robocup-v2/build-V5/Debug-Motion/build-remote/team-nust-robocup/CMakeFiles/CMakeTmp'
Building C object CMakeFiles/cmTC_1778e.dir/CheckIncludeFile.c.o
/usr/bin/cc    -fPIE   -o CMakeFiles/cmTC_1778e.dir/CheckIncludeFile.c.o   -c /home/muptii/Documents/robocup/team-nust-robocup-v2/build-V5/Debug-Motion/build-remote/team-nust-robocup/CMakeFiles/CMakeTmp/CheckIncludeFile.c
/home/muptii/Documents/robocup/team-nust-robocup-v2/build-V5/Debug-Motion/build-remote/team-nust-robocup/CMakeFiles/CMakeTmp/CheckIncludeFile.c:1:24: fatal error: intrinsics.h: No such file or directory
 #include <intrinsics.h>
                        ^
compilation terminated.
make[2]: *** [CMakeFiles/cmTC_1778e.dir/CheckIncludeFile.c.o] Error 1
make[2]: Leaving directory `/home/muptii/Documents/robocup/team-nust-robocup-v2/build-V5/Debug-Motion/build-remote/team-nust-robocup/CMakeFiles/CMakeTmp'
make[1]: *** [cmTC_1778e/fast] Error 2
make[1]: Leaving directory `/home/muptii/Documents/robocup/team-nust-robocup-v2/build-V5/Debug-Motion/build-remote/team-nust-robocup/CMakeFiles/CMakeTmp'


Determining if the include file mach/mach_time.h exists failed with the following output:
Change Dir: /home/muptii/Documents/robocup/team-nust-robocup-v2/build-V5/Debug-Motion/build-remote/team-nust-robocup/CMakeFiles/CMakeTmp

Run Build Command:"/usr/bin/make" "cmTC_1f4dc/fast"
make[1]: Entering directory `/home/muptii/Documents/robocup/team-nust-robocup-v2/build-V5/Debug-Motion/build-remote/team-nust-robocup/CMakeFiles/CMakeTmp'
/usr/bin/make -f CMakeFiles/cmTC_1f4dc.dir/build.make CMakeFiles/cmTC_1f4dc.dir/build
make[2]: Entering directory `/home/muptii/Documents/robocup/team-nust-robocup-v2/build-V5/Debug-Motion/build-remote/team-nust-robocup/CMakeFiles/CMakeTmp'
Building C object CMakeFiles/cmTC_1f4dc.dir/CheckIncludeFile.c.o
/usr/bin/cc    -fPIE   -o CMakeFiles/cmTC_1f4dc.dir/CheckIncludeFile.c.o   -c /home/muptii/Documents/robocup/team-nust-robocup-v2/build-V5/Debug-Motion/build-remote/team-nust-robocup/CMakeFiles/CMakeTmp/CheckIncludeFile.c
/home/muptii/Documents/robocup/team-nust-robocup-v2/build-V5/Debug-Motion/build-remote/team-nust-robocup/CMakeFiles/CMakeTmp/CheckIncludeFile.c:1:28: fatal error: mach/mach_time.h: No such file or directory
 #include <mach/mach_time.h>
                            ^
compilation terminated.
make[2]: *** [CMakeFiles/cmTC_1f4dc.dir/CheckIncludeFile.c.o] Error 1
make[2]: Leaving directory `/home/muptii/Documents/robocup/team-nust-robocup-v2/build-V5/Debug-Motion/build-remote/team-nust-robocup/CMakeFiles/CMakeTmp'
make[1]: *** [cmTC_1f4dc/fast] Error 2
make[1]: Leaving directory `/home/muptii/Documents/robocup/team-nust-robocup-v2/build-V5/Debug-Motion/build-remote/team-nust-robocup/CMakeFiles/CMakeTmp'


Determining if the include file uintptr.h exists failed with the following output:
Change Dir: /home/muptii/Documents/robocup/team-nust-robocup-v2/build-V5/Debug-Motion/build-remote/team-nust-robocup/CMakeFiles/CMakeTmp

Run Build Command:"/usr/bin/make" "cmTC_ab992/fast"
make[1]: Entering directory `/home/muptii/Documents/robocup/team-nust-robocup-v2/build-V5/Debug-Motion/build-remote/team-nust-robocup/CMakeFiles/CMakeTmp'
/usr/bin/make -f CMakeFiles/cmTC_ab992.dir/build.make CMakeFiles/cmTC_ab992.dir/build
make[2]: Entering directory `/home/muptii/Documents/robocup/team-nust-robocup-v2/build-V5/Debug-Motion/build-remote/team-nust-robocup/CMakeFiles/CMakeTmp'
Building C object CMakeFiles/cmTC_ab992.dir/CheckIncludeFile.c.o
/usr/bin/cc    -fPIE   -o CMakeFiles/cmTC_ab992.dir/CheckIncludeFile.c.o   -c /home/muptii/Documents/robocup/team-nust-robocup-v2/build-V5/Debug-Motion/build-remote/team-nust-robocup/CMakeFiles/CMakeTmp/CheckIncludeFile.c
/home/muptii/Documents/robocup/team-nust-robocup-v2/build-V5/Debug-Motion/build-remote/team-nust-robocup/CMakeFiles/CMakeTmp/CheckIncludeFile.c:1:21: fatal error: uintptr.h: No such file or directory
 #include <uintptr.h>
                     ^
compilation terminated.
make[2]: *** [CMakeFiles/cmTC_ab992.dir/CheckIncludeFile.c.o] Error 1
make[2]: Leaving directory `/home/muptii/Documents/robocup/team-nust-robocup-v2/build-V5/Debug-Motion/build-remote/team-nust-robocup/CMakeFiles/CMakeTmp'
make[1]: *** [cmTC_ab992/fast] Error 2
make[1]: Leaving directory `/home/muptii/Documents/robocup/team-nust-robocup-v2/build-V5/Debug-Motion/build-remote/team-nust-robocup/CMakeFiles/CMakeTmp'


Determining if the mach_absolute_time exist failed with the following output:
Change Dir: /home/muptii/Documents/robocup/team-nust-robocup-v2/build-V5/Debug-Motion/build-remote/team-nust-robocup/CMakeFiles/CMakeTmp

Run Build Command:"/usr/bin/make" "cmTC_edffa/fast"
make[1]: Entering directory `/home/muptii/Documents/robocup/team-nust-robocup-v2/build-V5/Debug-Motion/build-remote/team-nust-robocup/CMakeFiles/CMakeTmp'
/usr/bin/make -f CMakeFiles/cmTC_edffa.dir/build.make CMakeFiles/cmTC_edffa.dir/build
make[2]: Entering directory `/home/muptii/Documents/robocup/team-nust-robocup-v2/build-V5/Debug-Motion/build-remote/team-nust-robocup/CMakeFiles/CMakeTmp'
Building C object CMakeFiles/cmTC_edffa.dir/CheckSymbolExists.c.o
/usr/bin/cc    -fPIE   -o CMakeFiles/cmTC_edffa.dir/CheckSymbolExists.c.o   -c /home/muptii/Documents/robocup/team-nust-robocup-v2/build-V5/Debug-Motion/build-remote/team-nust-robocup/CMakeFiles/CMakeTmp/CheckSymbolExists.c
/home/muptii/Documents/robocup/team-nust-robocup-v2/build-V5/Debug-Motion/build-remote/team-nust-robocup/CMakeFiles/CMakeTmp/CheckSymbolExists.c:2:28: fatal error: mach/mach_time.h: No such file or directory
 #include <mach/mach_time.h>
                            ^
compilation terminated.
make[2]: *** [CMakeFiles/cmTC_edffa.dir/CheckSymbolExists.c.o] Error 1
make[2]: Leaving directory `/home/muptii/Documents/robocup/team-nust-robocup-v2/build-V5/Debug-Motion/build-remote/team-nust-robocup/CMakeFiles/CMakeTmp'
make[1]: *** [cmTC_edffa/fast] Error 2
make[1]: Leaving directory `/home/muptii/Documents/robocup/team-nust-robocup-v2/build-V5/Debug-Motion/build-remote/team-nust-robocup/CMakeFiles/CMakeTmp'

File /home/muptii/Documents/robocup/team-nust-robocup-v2/build-V5/Debug-Motion/build-remote/team-nust-robocup/CMakeFiles/CMakeTmp/CheckSymbolExists.c:
/* */
#include <mach/mach_time.h>

int main(int argc, char** argv)
{
  (void)argv;
#ifndef mach_absolute_time
  return ((int*)(&mach_absolute_time))[argc];
#else
  (void)argc;
  return 0;
#endif
}

Determining if the sysctl exist failed with the following output:
Change Dir: /home/muptii/Documents/robocup/team-nust-robocup-v2/build-V5/Debug-Motion/build-remote/team-nust-robocup/CMakeFiles/CMakeTmp

Run Build Command:"/usr/bin/make" "cmTC_7929c/fast"
make[1]: Entering directory `/home/muptii/Documents/robocup/team-nust-robocup-v2/build-V5/Debug-Motion/build-remote/team-nust-robocup/CMakeFiles/CMakeTmp'
/usr/bin/make -f CMakeFiles/cmTC_7929c.dir/build.make CMakeFiles/cmTC_7929c.dir/build
make[2]: Entering directory `/home/muptii/Documents/robocup/team-nust-robocup-v2/build-V5/Debug-Motion/build-remote/team-nust-robocup/CMakeFiles/CMakeTmp'
Building C object CMakeFiles/cmTC_7929c.dir/CheckSymbolExists.c.o
/usr/bin/cc    -fPIE   -o CMakeFiles/cmTC_7929c.dir/CheckSymbolExists.c.o   -c /home/muptii/Documents/robocup/team-nust-robocup-v2/build-V5/Debug-Motion/build-remote/team-nust-robocup/CMakeFiles/CMakeTmp/CheckSymbolExists.c
/home/muptii/Documents/robocup/team-nust-robocup-v2/build-V5/Debug-Motion/build-remote/team-nust-robocup/CMakeFiles/CMakeTmp/CheckSymbolExists.c: In function ‘main’:
/home/muptii/Documents/robocup/team-nust-robocup-v2/build-V5/Debug-Motion/build-remote/team-nust-robocup/CMakeFiles/CMakeTmp/CheckSymbolExists.c:8:19: error: ‘sysctl’ undeclared (first use in this function)
   return ((int*)(&sysctl))[argc];
                   ^
/home/muptii/Documents/robocup/team-nust-robocup-v2/build-V5/Debug-Motion/build-remote/team-nust-robocup/CMakeFiles/CMakeTmp/CheckSymbolExists.c:8:19: note: each undeclared identifier is reported only once for each function it appears in
make[2]: *** [CMakeFiles/cmTC_7929c.dir/CheckSymbolExists.c.o] Error 1
make[2]: Leaving directory `/home/muptii/Documents/robocup/team-nust-robocup-v2/build-V5/Debug-Motion/build-remote/team-nust-robocup/CMakeFiles/CMakeTmp'
make[1]: *** [cmTC_7929c/fast] Error 2
make[1]: Leaving directory `/home/muptii/Documents/robocup/team-nust-robocup-v2/build-V5/Debug-Motion/build-remote/team-nust-robocup/CMakeFiles/CMakeTmp'

File /home/muptii/Documents/robocup/team-nust-robocup-v2/build-V5/Debug-Motion/build-remote/team-nust-robocup/CMakeFiles/CMakeTmp/CheckSymbolExists.c:
/* */
#include <unistd.h>

int main(int argc, char** argv)
{
  (void)argv;
#ifndef sysctl
  return ((int*)(&sysctl))[argc];
#else
  (void)argc;
  return 0;
#endif
}

Determining if the pthread_create exist failed with the following output:
Change Dir: /home/muptii/Documents/robocup/team-nust-robocup-v2/build-V5/Debug-Motion/build-remote/team-nust-robocup/CMakeFiles/CMakeTmp

Run Build Command:"/usr/bin/make" "cmTC_77ea0/fast"
make[1]: Entering directory `/home/muptii/Documents/robocup/team-nust-robocup-v2/build-V5/Debug-Motion/build-remote/team-nust-robocup/CMakeFiles/CMakeTmp'
/usr/bin/make -f CMakeFiles/cmTC_77ea0.dir/build.make CMakeFiles/cmTC_77ea0.dir/build
make[2]: Entering directory `/home/muptii/Documents/robocup/team-nust-robocup-v2/build-V5/Debug-Motion/build-remote/team-nust-robocup/CMakeFiles/CMakeTmp'
Building C object CMakeFiles/cmTC_77ea0.dir/CheckSymbolExists.c.o
/usr/bin/cc    -fPIE   -o CMakeFiles/cmTC_77ea0.dir/CheckSymbolExists.c.o   -c /home/muptii/Documents/robocup/team-nust-robocup-v2/build-V5/Debug-Motion/build-remote/team-nust-robocup/CMakeFiles/CMakeTmp/CheckSymbolExists.c
Linking C executable cmTC_77ea0
/usr/bin/cmake -E cmake_link_script CMakeFiles/cmTC_77ea0.dir/link.txt --verbose=1
/usr/bin/cc       CMakeFiles/cmTC_77ea0.dir/CheckSymbolExists.c.o  -o cmTC_77ea0 -rdynamic -lm 
CMakeFiles/cmTC_77ea0.dir/CheckSymbolExists.c.o: In function `main':
CheckSymbolExists.c:(.text+0x1b): undefined reference to `pthread_create'
collect2: error: ld returned 1 exit status
make[2]: *** [cmTC_77ea0] Error 1
make[2]: Leaving directory `/home/muptii/Documents/robocup/team-nust-robocup-v2/build-V5/Debug-Motion/build-remote/team-nust-robocup/CMakeFiles/CMakeTmp'
make[1]: *** [cmTC_77ea0/fast] Error 2
make[1]: Leaving directory `/home/muptii/Documents/robocup/team-nust-robocup-v2/build-V5/Debug-Motion/build-remote/team-nust-robocup/CMakeFiles/CMakeTmp'

File /home/muptii/Documents/robocup/team-nust-robocup-v2/build-V5/Debug-Motion/build-remote/team-nust-robocup/CMakeFiles/CMakeTmp/CheckSymbolExists.c:
/* */
#include <pthread.h>

int main(int argc, char** argv)
{
  (void)argv;
#ifndef pthread_create
  return ((int*)(&pthread_create))[argc];
#else
  (void)argc;
  return 0;
#endif
}

Determining if the function pthread_create exists in the pthreads failed with the following output:
Change Dir: /home/muptii/Documents/robocup/team-nust-robocup-v2/build-V5/Debug-Motion/build-remote/team-nust-robocup/CMakeFiles/CMakeTmp

Run Build Command:"/usr/bin/make" "cmTC_8c7c9/fast"
make[1]: Entering directory `/home/muptii/Documents/robocup/team-nust-robocup-v2/build-V5/Debug-Motion/build-remote/team-nust-robocup/CMakeFiles/CMakeTmp'
/usr/bin/make -f CMakeFiles/cmTC_8c7c9.dir/build.make CMakeFiles/cmTC_8c7c9.dir/build
make[2]: Entering directory `/home/muptii/Documents/robocup/team-nust-robocup-v2/build-V5/Debug-Motion/build-remote/team-nust-robocup/CMakeFiles/CMakeTmp'
Building C object CMakeFiles/cmTC_8c7c9.dir/CheckFunctionExists.c.o
/usr/bin/cc    -DCHECK_FUNCTION_EXISTS=pthread_create -fPIE   -o CMakeFiles/cmTC_8c7c9.dir/CheckFunctionExists.c.o   -c /usr/share/cmake-3.5/Modules/CheckFunctionExists.c
Linking C executable cmTC_8c7c9
/usr/bin/cmake -E cmake_link_script CMakeFiles/cmTC_8c7c9.dir/link.txt --verbose=1
/usr/bin/cc   -DCHECK_FUNCTION_EXISTS=pthread_create    CMakeFiles/cmTC_8c7c9.dir/CheckFunctionExists.c.o  -o cmTC_8c7c9 -rdynamic -lpthreads -lm 
/usr/bin/ld: cannot find -lpthreads
collect2: error: ld returned 1 exit status
make[2]: *** [cmTC_8c7c9] Error 1
make[2]: Leaving directory `/home/muptii/Documents/robocup/team-nust-robocup-v2/build-V5/Debug-Motion/build-remote/team-nust-robocup/CMakeFiles/CMakeTmp'
make[1]: *** [cmTC_8c7c9/fast] Error 2
make[1]: Leaving directory `/home/muptii/Documents/robocup/team-nust-robocup-v2/build-V5/Debug-Motion/build-remote/team-nust-robocup/CMakeFiles/CMakeTmp'


Performing C SOURCE FILE Test HAVE_THREAD_LOCAL_STORAGE failed with the following output:
Change Dir: /home/muptii/Documents/robocup/team-nust-robocup-v2/build-V5/Debug-Motion/build-remote/team-nust-robocup/CMakeFiles/CMakeTmp

Run Build Command:"/usr/bin/make" "cmTC_63efc/fast"
make[1]: Entering directory `/home/muptii/Documents/robocup/team-nust-robocup-v2/build-V5/Debug-Motion/build-remote/team-nust-robocup/CMakeFiles/CMakeTmp'
/usr/bin/make -f CMakeFiles/cmTC_63efc.dir/build.make CMakeFiles/cmTC_63efc.dir/build
make[2]: Entering directory `/home/muptii/Documents/robocup/team-nust-robocup-v2/build-V5/Debug-Motion/build-remote/team-nust-robocup/CMakeFiles/CMakeTmp'
Building C object CMakeFiles/cmTC_63efc.dir/src.c.o
/usr/bin/cc    -DHAVE_THREAD_LOCAL_STORAGE -fPIE   -o CMakeFiles/cmTC_63efc.dir/src.c.o   -c /home/muptii/Documents/robocup/team-nust-robocup-v2/build-V5/Debug-Motion/build-remote/team-nust-robocup/CMakeFiles/CMakeTmp/src.c
/home/muptii/Documents/robocup/team-nust-robocup-v2/build-V5/Debug-Motion/build-remote/team-nust-robocup/CMakeFiles/CMakeTmp/src.c: In function ‘__declspec’:
/home/muptii/Documents/robocup/team-nust-robocup-v2/build-V5/Debug-Motion/build-remote/team-nust-robocup/CMakeFiles/CMakeTmp/src.c:3:20: error: expected ‘=’, ‘,’, ‘;’, ‘asm’ or ‘__attribute__’ before ‘{’ token
     int main(void) {
                    ^
/home/muptii/Documents/robocup/team-nust-robocup-v2/build-V5/Debug-Motion/build-remote/team-nust-robocup/CMakeFiles/CMakeTmp/src.c:2:28: error: declaration for parameter ‘tls’ but no such parameter
     __declspec(thread) int tls;
                            ^
/home/muptii/Documents/robocup/team-nust-robocup-v2/build-V5/Debug-Motion/build-remote/team-nust-robocup/CMakeFiles/CMakeTmp/src.c:5:5: error: expected ‘{’ at end of input
     }
     ^
make[2]: *** [CMakeFiles/cmTC_63efc.dir/src.c.o] Error 1
make[2]: Leaving directory `/home/muptii/Documents/robocup/team-nust-robocup-v2/build-V5/Debug-Motion/build-remote/team-nust-robocup/CMakeFiles/CMakeTmp'
make[1]: *** [cmTC_63efc/fast] Error 2
make[1]: Leaving directory `/home/muptii/Documents/robocup/team-nust-robocup-v2/build-V5/Debug-Motion/build-remote/team-nust-robocup/CMakeFiles/CMakeTmp'

Source file was:

    __declspec(thread) int tls;
    int main(void) {
        return 0;
    }
Determining if the include file altivec.h exists failed with the following output:
Change Dir: /home/muptii/Documents/robocup/team-nust-robocup-v2/build-V5/Debug-Motion/build-remote/team-nust-robocup/CMakeFiles/CMakeTmp

Run Build Command:"/usr/bin/make" "cmTC_2a369/fast"
make[1]: Entering directory `/home/muptii/Documents/robocup/team-nust-robocup-v2/build-V5/Debug-Motion/build-remote/team-nust-robocup/CMakeFiles/CMakeTmp'
/usr/bin/make -f CMakeFiles/cmTC_2a369.dir/build.make CMakeFiles/cmTC_2a369.dir/build
make[2]: Entering directory `/home/muptii/Documents/robocup/team-nust-robocup-v2/build-V5/Debug-Motion/build-remote/team-nust-robocup/CMakeFiles/CMakeTmp'
Building C object CMakeFiles/cmTC_2a369.dir/CheckIncludeFile.c.o
/usr/bin/cc    -fPIE   -o CMakeFiles/cmTC_2a369.dir/CheckIncludeFile.c.o   -c /home/muptii/Documents/robocup/team-nust-robocup-v2/build-V5/Debug-Motion/build-remote/team-nust-robocup/CMakeFiles/CMakeTmp/CheckIncludeFile.c
/home/muptii/Documents/robocup/team-nust-robocup-v2/build-V5/Debug-Motion/build-remote/team-nust-robocup/CMakeFiles/CMakeTmp/CheckIncludeFile.c:1:21: fatal error: altivec.h: No such file or directory
 #include <altivec.h>
                     ^
compilation terminated.
make[2]: *** [CMakeFiles/cmTC_2a369.dir/CheckIncludeFile.c.o] Error 1
make[2]: Leaving directory `/home/muptii/Documents/robocup/team-nust-robocup-v2/build-V5/Debug-Motion/build-remote/team-nust-robocup/CMakeFiles/CMakeTmp'
make[1]: *** [cmTC_2a369/fast] Error 2
make[1]: Leaving directory `/home/muptii/Documents/robocup/team-nust-robocup-v2/build-V5/Debug-Motion/build-remote/team-nust-robocup/CMakeFiles/CMakeTmp'


Determining if the include file c_asm.h exists failed with the following output:
Change Dir: /home/muptii/Documents/robocup/team-nust-robocup-v2/build-V5/Debug-Motion/build-remote/team-nust-robocup/CMakeFiles/CMakeTmp

Run Build Command:"/usr/bin/make" "cmTC_ae59e/fast"
make[1]: Entering directory `/home/muptii/Documents/robocup/team-nust-robocup-v2/build-V5/Debug-Motion/build-remote/team-nust-robocup/CMakeFiles/CMakeTmp'
/usr/bin/make -f CMakeFiles/cmTC_ae59e.dir/build.make CMakeFiles/cmTC_ae59e.dir/build
make[2]: Entering directory `/home/muptii/Documents/robocup/team-nust-robocup-v2/build-V5/Debug-Motion/build-remote/team-nust-robocup/CMakeFiles/CMakeTmp'
Building C object CMakeFiles/cmTC_ae59e.dir/CheckIncludeFile.c.o
/usr/bin/cc    -fPIE   -o CMakeFiles/cmTC_ae59e.dir/CheckIncludeFile.c.o   -c /home/muptii/Documents/robocup/team-nust-robocup-v2/build-V5/Debug-Motion/build-remote/team-nust-robocup/CMakeFiles/CMakeTmp/CheckIncludeFile.c
/home/muptii/Documents/robocup/team-nust-robocup-v2/build-V5/Debug-Motion/build-remote/team-nust-robocup/CMakeFiles/CMakeTmp/CheckIncludeFile.c:1:19: fatal error: c_asm.h: No such file or directory
 #include <c_asm.h>
                   ^
compilation terminated.
make[2]: *** [CMakeFiles/cmTC_ae59e.dir/CheckIncludeFile.c.o] Error 1
make[2]: Leaving directory `/home/muptii/Documents/robocup/team-nust-robocup-v2/build-V5/Debug-Motion/build-remote/team-nust-robocup/CMakeFiles/CMakeTmp'
make[1]: *** [cmTC_ae59e/fast] Error 2
make[1]: Leaving directory `/home/muptii/Documents/robocup/team-nust-robocup-v2/build-V5/Debug-Motion/build-remote/team-nust-robocup/CMakeFiles/CMakeTmp'


Determining if the include file intrinsics.h exists failed with the following output:
Change Dir: /home/muptii/Documents/robocup/team-nust-robocup-v2/build-V5/Debug-Motion/build-remote/team-nust-robocup/CMakeFiles/CMakeTmp

Run Build Command:"/usr/bin/make" "cmTC_8b1ab/fast"
make[1]: Entering directory `/home/muptii/Documents/robocup/team-nust-robocup-v2/build-V5/Debug-Motion/build-remote/team-nust-robocup/CMakeFiles/CMakeTmp'
/usr/bin/make -f CMakeFiles/cmTC_8b1ab.dir/build.make CMakeFiles/cmTC_8b1ab.dir/build
make[2]: Entering directory `/home/muptii/Documents/robocup/team-nust-robocup-v2/build-V5/Debug-Motion/build-remote/team-nust-robocup/CMakeFiles/CMakeTmp'
Building C object CMakeFiles/cmTC_8b1ab.dir/CheckIncludeFile.c.o
/usr/bin/cc    -fPIE   -o CMakeFiles/cmTC_8b1ab.dir/CheckIncludeFile.c.o   -c /home/muptii/Documents/robocup/team-nust-robocup-v2/build-V5/Debug-Motion/build-remote/team-nust-robocup/CMakeFiles/CMakeTmp/CheckIncludeFile.c
/home/muptii/Documents/robocup/team-nust-robocup-v2/build-V5/Debug-Motion/build-remote/team-nust-robocup/CMakeFiles/CMakeTmp/CheckIncludeFile.c:1:24: fatal error: intrinsics.h: No such file or directory
 #include <intrinsics.h>
                        ^
compilation terminated.
make[2]: *** [CMakeFiles/cmTC_8b1ab.dir/CheckIncludeFile.c.o] Error 1
make[2]: Leaving directory `/home/muptii/Documents/robocup/team-nust-robocup-v2/build-V5/Debug-Motion/build-remote/team-nust-robocup/CMakeFiles/CMakeTmp'
make[1]: *** [cmTC_8b1ab/fast] Error 2
make[1]: Leaving directory `/home/muptii/Documents/robocup/team-nust-robocup-v2/build-V5/Debug-Motion/build-remote/team-nust-robocup/CMakeFiles/CMakeTmp'


Determining if the include file mach/mach_time.h exists failed with the following output:
Change Dir: /home/muptii/Documents/robocup/team-nust-robocup-v2/build-V5/Debug-Motion/build-remote/team-nust-robocup/CMakeFiles/CMakeTmp

Run Build Command:"/usr/bin/make" "cmTC_b886b/fast"
make[1]: Entering directory `/home/muptii/Documents/robocup/team-nust-robocup-v2/build-V5/Debug-Motion/build-remote/team-nust-robocup/CMakeFiles/CMakeTmp'
/usr/bin/make -f CMakeFiles/cmTC_b886b.dir/build.make CMakeFiles/cmTC_b886b.dir/build
make[2]: Entering directory `/home/muptii/Documents/robocup/team-nust-robocup-v2/build-V5/Debug-Motion/build-remote/team-nust-robocup/CMakeFiles/CMakeTmp'
Building C object CMakeFiles/cmTC_b886b.dir/CheckIncludeFile.c.o
/usr/bin/cc    -fPIE   -o CMakeFiles/cmTC_b886b.dir/CheckIncludeFile.c.o   -c /home/muptii/Documents/robocup/team-nust-robocup-v2/build-V5/Debug-Motion/build-remote/team-nust-robocup/CMakeFiles/CMakeTmp/CheckIncludeFile.c
/home/muptii/Documents/robocup/team-nust-robocup-v2/build-V5/Debug-Motion/build-remote/team-nust-robocup/CMakeFiles/CMakeTmp/CheckIncludeFile.c:1:28: fatal error: mach/mach_time.h: No such file or directory
 #include <mach/mach_time.h>
                            ^
compilation terminated.
make[2]: *** [CMakeFiles/cmTC_b886b.dir/CheckIncludeFile.c.o] Error 1
make[2]: Leaving directory `/home/muptii/Documents/robocup/team-nust-robocup-v2/build-V5/Debug-Motion/build-remote/team-nust-robocup/CMakeFiles/CMakeTmp'
make[1]: *** [cmTC_b886b/fast] Error 2
make[1]: Leaving directory `/home/muptii/Documents/robocup/team-nust-robocup-v2/build-V5/Debug-Motion/build-remote/team-nust-robocup/CMakeFiles/CMakeTmp'


Determining if the include file uintptr.h exists failed with the following output:
Change Dir: /home/muptii/Documents/robocup/team-nust-robocup-v2/build-V5/Debug-Motion/build-remote/team-nust-robocup/CMakeFiles/CMakeTmp

Run Build Command:"/usr/bin/make" "cmTC_c7c96/fast"
make[1]: Entering directory `/home/muptii/Documents/robocup/team-nust-robocup-v2/build-V5/Debug-Motion/build-remote/team-nust-robocup/CMakeFiles/CMakeTmp'
/usr/bin/make -f CMakeFiles/cmTC_c7c96.dir/build.make CMakeFiles/cmTC_c7c96.dir/build
make[2]: Entering directory `/home/muptii/Documents/robocup/team-nust-robocup-v2/build-V5/Debug-Motion/build-remote/team-nust-robocup/CMakeFiles/CMakeTmp'
Building C object CMakeFiles/cmTC_c7c96.dir/CheckIncludeFile.c.o
/usr/bin/cc    -fPIE   -o CMakeFiles/cmTC_c7c96.dir/CheckIncludeFile.c.o   -c /home/muptii/Documents/robocup/team-nust-robocup-v2/build-V5/Debug-Motion/build-remote/team-nust-robocup/CMakeFiles/CMakeTmp/CheckIncludeFile.c
/home/muptii/Documents/robocup/team-nust-robocup-v2/build-V5/Debug-Motion/build-remote/team-nust-robocup/CMakeFiles/CMakeTmp/CheckIncludeFile.c:1:21: fatal error: uintptr.h: No such file or directory
 #include <uintptr.h>
                     ^
compilation terminated.
make[2]: *** [CMakeFiles/cmTC_c7c96.dir/CheckIncludeFile.c.o] Error 1
make[2]: Leaving directory `/home/muptii/Documents/robocup/team-nust-robocup-v2/build-V5/Debug-Motion/build-remote/team-nust-robocup/CMakeFiles/CMakeTmp'
make[1]: *** [cmTC_c7c96/fast] Error 2
make[1]: Leaving directory `/home/muptii/Documents/robocup/team-nust-robocup-v2/build-V5/Debug-Motion/build-remote/team-nust-robocup/CMakeFiles/CMakeTmp'


Determining if the mach_absolute_time exist failed with the following output:
Change Dir: /home/muptii/Documents/robocup/team-nust-robocup-v2/build-V5/Debug-Motion/build-remote/team-nust-robocup/CMakeFiles/CMakeTmp

Run Build Command:"/usr/bin/make" "cmTC_ef057/fast"
make[1]: Entering directory `/home/muptii/Documents/robocup/team-nust-robocup-v2/build-V5/Debug-Motion/build-remote/team-nust-robocup/CMakeFiles/CMakeTmp'
/usr/bin/make -f CMakeFiles/cmTC_ef057.dir/build.make CMakeFiles/cmTC_ef057.dir/build
make[2]: Entering directory `/home/muptii/Documents/robocup/team-nust-robocup-v2/build-V5/Debug-Motion/build-remote/team-nust-robocup/CMakeFiles/CMakeTmp'
Building C object CMakeFiles/cmTC_ef057.dir/CheckSymbolExists.c.o
/usr/bin/cc    -fPIE   -o CMakeFiles/cmTC_ef057.dir/CheckSymbolExists.c.o   -c /home/muptii/Documents/robocup/team-nust-robocup-v2/build-V5/Debug-Motion/build-remote/team-nust-robocup/CMakeFiles/CMakeTmp/CheckSymbolExists.c
/home/muptii/Documents/robocup/team-nust-robocup-v2/build-V5/Debug-Motion/build-remote/team-nust-robocup/CMakeFiles/CMakeTmp/CheckSymbolExists.c:2:28: fatal error: mach/mach_time.h: No such file or directory
 #include <mach/mach_time.h>
                            ^
compilation terminated.
make[2]: *** [CMakeFiles/cmTC_ef057.dir/CheckSymbolExists.c.o] Error 1
make[2]: Leaving directory `/home/muptii/Documents/robocup/team-nust-robocup-v2/build-V5/Debug-Motion/build-remote/team-nust-robocup/CMakeFiles/CMakeTmp'
make[1]: *** [cmTC_ef057/fast] Error 2
make[1]: Leaving directory `/home/muptii/Documents/robocup/team-nust-robocup-v2/build-V5/Debug-Motion/build-remote/team-nust-robocup/CMakeFiles/CMakeTmp'

File /home/muptii/Documents/robocup/team-nust-robocup-v2/build-V5/Debug-Motion/build-remote/team-nust-robocup/CMakeFiles/CMakeTmp/CheckSymbolExists.c:
/* */
#include <mach/mach_time.h>

int main(int argc, char** argv)
{
  (void)argv;
#ifndef mach_absolute_time
  return ((int*)(&mach_absolute_time))[argc];
#else
  (void)argc;
  return 0;
#endif
}

Determining if the sysctl exist failed with the following output:
Change Dir: /home/muptii/Documents/robocup/team-nust-robocup-v2/build-V5/Debug-Motion/build-remote/team-nust-robocup/CMakeFiles/CMakeTmp

Run Build Command:"/usr/bin/make" "cmTC_ba648/fast"
make[1]: Entering directory `/home/muptii/Documents/robocup/team-nust-robocup-v2/build-V5/Debug-Motion/build-remote/team-nust-robocup/CMakeFiles/CMakeTmp'
/usr/bin/make -f CMakeFiles/cmTC_ba648.dir/build.make CMakeFiles/cmTC_ba648.dir/build
make[2]: Entering directory `/home/muptii/Documents/robocup/team-nust-robocup-v2/build-V5/Debug-Motion/build-remote/team-nust-robocup/CMakeFiles/CMakeTmp'
Building C object CMakeFiles/cmTC_ba648.dir/CheckSymbolExists.c.o
/usr/bin/cc    -fPIE   -o CMakeFiles/cmTC_ba648.dir/CheckSymbolExists.c.o   -c /home/muptii/Documents/robocup/team-nust-robocup-v2/build-V5/Debug-Motion/build-remote/team-nust-robocup/CMakeFiles/CMakeTmp/CheckSymbolExists.c
/home/muptii/Documents/robocup/team-nust-robocup-v2/build-V5/Debug-Motion/build-remote/team-nust-robocup/CMakeFiles/CMakeTmp/CheckSymbolExists.c: In function ‘main’:
/home/muptii/Documents/robocup/team-nust-robocup-v2/build-V5/Debug-Motion/build-remote/team-nust-robocup/CMakeFiles/CMakeTmp/CheckSymbolExists.c:8:19: error: ‘sysctl’ undeclared (first use in this function)
   return ((int*)(&sysctl))[argc];
                   ^
/home/muptii/Documents/robocup/team-nust-robocup-v2/build-V5/Debug-Motion/build-remote/team-nust-robocup/CMakeFiles/CMakeTmp/CheckSymbolExists.c:8:19: note: each undeclared identifier is reported only once for each function it appears in
make[2]: *** [CMakeFiles/cmTC_ba648.dir/CheckSymbolExists.c.o] Error 1
make[2]: Leaving directory `/home/muptii/Documents/robocup/team-nust-robocup-v2/build-V5/Debug-Motion/build-remote/team-nust-robocup/CMakeFiles/CMakeTmp'
make[1]: *** [cmTC_ba648/fast] Error 2
make[1]: Leaving directory `/home/muptii/Documents/robocup/team-nust-robocup-v2/build-V5/Debug-Motion/build-remote/team-nust-robocup/CMakeFiles/CMakeTmp'

File /home/muptii/Documents/robocup/team-nust-robocup-v2/build-V5/Debug-Motion/build-remote/team-nust-robocup/CMakeFiles/CMakeTmp/CheckSymbolExists.c:
/* */
#include <unistd.h>

int main(int argc, char** argv)
{
  (void)argv;
#ifndef sysctl
  return ((int*)(&sysctl))[argc];
#else
  (void)argc;
  return 0;
#endif
}

Determining if the pthread_create exist failed with the following output:
Change Dir: /home/muptii/Documents/robocup/team-nust-robocup-v2/build-V5/Debug-Motion/build-remote/team-nust-robocup/CMakeFiles/CMakeTmp

Run Build Command:"/usr/bin/make" "cmTC_ea6ad/fast"
make[1]: Entering directory `/home/muptii/Documents/robocup/team-nust-robocup-v2/build-V5/Debug-Motion/build-remote/team-nust-robocup/CMakeFiles/CMakeTmp'
/usr/bin/make -f CMakeFiles/cmTC_ea6ad.dir/build.make CMakeFiles/cmTC_ea6ad.dir/build
make[2]: Entering directory `/home/muptii/Documents/robocup/team-nust-robocup-v2/build-V5/Debug-Motion/build-remote/team-nust-robocup/CMakeFiles/CMakeTmp'
Building C object CMakeFiles/cmTC_ea6ad.dir/CheckSymbolExists.c.o
/usr/bin/cc    -fPIE   -o CMakeFiles/cmTC_ea6ad.dir/CheckSymbolExists.c.o   -c /home/muptii/Documents/robocup/team-nust-robocup-v2/build-V5/Debug-Motion/build-remote/team-nust-robocup/CMakeFiles/CMakeTmp/CheckSymbolExists.c
Linking C executable cmTC_ea6ad
/usr/bin/cmake -E cmake_link_script CMakeFiles/cmTC_ea6ad.dir/link.txt --verbose=1
/usr/bin/cc       CMakeFiles/cmTC_ea6ad.dir/CheckSymbolExists.c.o  -o cmTC_ea6ad -rdynamic -lm 
CMakeFiles/cmTC_ea6ad.dir/CheckSymbolExists.c.o: In function `main':
CheckSymbolExists.c:(.text+0x1b): undefined reference to `pthread_create'
collect2: error: ld returned 1 exit status
make[2]: *** [cmTC_ea6ad] Error 1
make[2]: Leaving directory `/home/muptii/Documents/robocup/team-nust-robocup-v2/build-V5/Debug-Motion/build-remote/team-nust-robocup/CMakeFiles/CMakeTmp'
make[1]: *** [cmTC_ea6ad/fast] Error 2
make[1]: Leaving directory `/home/muptii/Documents/robocup/team-nust-robocup-v2/build-V5/Debug-Motion/build-remote/team-nust-robocup/CMakeFiles/CMakeTmp'

File /home/muptii/Documents/robocup/team-nust-robocup-v2/build-V5/Debug-Motion/build-remote/team-nust-robocup/CMakeFiles/CMakeTmp/CheckSymbolExists.c:
/* */
#include <pthread.h>

int main(int argc, char** argv)
{
  (void)argv;
#ifndef pthread_create
  return ((int*)(&pthread_create))[argc];
#else
  (void)argc;
  return 0;
#endif
}

Determining if the function pthread_create exists in the pthreads failed with the following output:
Change Dir: /home/muptii/Documents/robocup/team-nust-robocup-v2/build-V5/Debug-Motion/build-remote/team-nust-robocup/CMakeFiles/CMakeTmp

Run Build Command:"/usr/bin/make" "cmTC_15ad0/fast"
make[1]: Entering directory `/home/muptii/Documents/robocup/team-nust-robocup-v2/build-V5/Debug-Motion/build-remote/team-nust-robocup/CMakeFiles/CMakeTmp'
/usr/bin/make -f CMakeFiles/cmTC_15ad0.dir/build.make CMakeFiles/cmTC_15ad0.dir/build
make[2]: Entering directory `/home/muptii/Documents/robocup/team-nust-robocup-v2/build-V5/Debug-Motion/build-remote/team-nust-robocup/CMakeFiles/CMakeTmp'
Building C object CMakeFiles/cmTC_15ad0.dir/CheckFunctionExists.c.o
/usr/bin/cc    -DCHECK_FUNCTION_EXISTS=pthread_create -fPIE   -o CMakeFiles/cmTC_15ad0.dir/CheckFunctionExists.c.o   -c /usr/share/cmake-3.5/Modules/CheckFunctionExists.c
Linking C executable cmTC_15ad0
/usr/bin/cmake -E cmake_link_script CMakeFiles/cmTC_15ad0.dir/link.txt --verbose=1
/usr/bin/cc   -DCHECK_FUNCTION_EXISTS=pthread_create    CMakeFiles/cmTC_15ad0.dir/CheckFunctionExists.c.o  -o cmTC_15ad0 -rdynamic -lpthreads -lm 
/usr/bin/ld: cannot find -lpthreads
collect2: error: ld returned 1 exit status
make[2]: *** [cmTC_15ad0] Error 1
make[2]: Leaving directory `/home/muptii/Documents/robocup/team-nust-robocup-v2/build-V5/Debug-Motion/build-remote/team-nust-robocup/CMakeFiles/CMakeTmp'
make[1]: *** [cmTC_15ad0/fast] Error 2
make[1]: Leaving directory `/home/muptii/Documents/robocup/team-nust-robocup-v2/build-V5/Debug-Motion/build-remote/team-nust-robocup/CMakeFiles/CMakeTmp'


Performing C SOURCE FILE Test HAVE_THREAD_LOCAL_STORAGE failed with the following output:
Change Dir: /home/muptii/Documents/robocup/team-nust-robocup-v2/build-V5/Debug-Motion/build-remote/team-nust-robocup/CMakeFiles/CMakeTmp

Run Build Command:"/usr/bin/make" "cmTC_400a6/fast"
make[1]: Entering directory `/home/muptii/Documents/robocup/team-nust-robocup-v2/build-V5/Debug-Motion/build-remote/team-nust-robocup/CMakeFiles/CMakeTmp'
/usr/bin/make -f CMakeFiles/cmTC_400a6.dir/build.make CMakeFiles/cmTC_400a6.dir/build
make[2]: Entering directory `/home/muptii/Documents/robocup/team-nust-robocup-v2/build-V5/Debug-Motion/build-remote/team-nust-robocup/CMakeFiles/CMakeTmp'
Building C object CMakeFiles/cmTC_400a6.dir/src.c.o
/usr/bin/cc    -DHAVE_THREAD_LOCAL_STORAGE -fPIE   -o CMakeFiles/cmTC_400a6.dir/src.c.o   -c /home/muptii/Documents/robocup/team-nust-robocup-v2/build-V5/Debug-Motion/build-remote/team-nust-robocup/CMakeFiles/CMakeTmp/src.c
/home/muptii/Documents/robocup/team-nust-robocup-v2/build-V5/Debug-Motion/build-remote/team-nust-robocup/CMakeFiles/CMakeTmp/src.c: In function ‘__declspec’:
/home/muptii/Documents/robocup/team-nust-robocup-v2/build-V5/Debug-Motion/build-remote/team-nust-robocup/CMakeFiles/CMakeTmp/src.c:3:20: error: expected ‘=’, ‘,’, ‘;’, ‘asm’ or ‘__attribute__’ before ‘{’ token
     int main(void) {
                    ^
/home/muptii/Documents/robocup/team-nust-robocup-v2/build-V5/Debug-Motion/build-remote/team-nust-robocup/CMakeFiles/CMakeTmp/src.c:2:28: error: declaration for parameter ‘tls’ but no such parameter
     __declspec(thread) int tls;
                            ^
/home/muptii/Documents/robocup/team-nust-robocup-v2/build-V5/Debug-Motion/build-remote/team-nust-robocup/CMakeFiles/CMakeTmp/src.c:5:5: error: expected ‘{’ at end of input
     }
     ^
make[2]: *** [CMakeFiles/cmTC_400a6.dir/src.c.o] Error 1
make[2]: Leaving directory `/home/muptii/Documents/robocup/team-nust-robocup-v2/build-V5/Debug-Motion/build-remote/team-nust-robocup/CMakeFiles/CMakeTmp'
make[1]: *** [cmTC_400a6/fast] Error 2
make[1]: Leaving directory `/home/muptii/Documents/robocup/team-nust-robocup-v2/build-V5/Debug-Motion/build-remote/team-nust-robocup/CMakeFiles/CMakeTmp'

Source file was:

    __declspec(thread) int tls;
    int main(void) {
        return 0;
    }
Determining if the include file altivec.h exists failed with the following output:
Change Dir: /home/muptii/Documents/robocup/team-nust-robocup-v2/build-V5/Debug-Motion/build-remote/team-nust-robocup/CMakeFiles/CMakeTmp

Run Build Command:"/usr/bin/make" "cmTC_f3cf9/fast"
make[1]: Entering directory `/home/muptii/Documents/robocup/team-nust-robocup-v2/build-V5/Debug-Motion/build-remote/team-nust-robocup/CMakeFiles/CMakeTmp'
/usr/bin/make -f CMakeFiles/cmTC_f3cf9.dir/build.make CMakeFiles/cmTC_f3cf9.dir/build
make[2]: Entering directory `/home/muptii/Documents/robocup/team-nust-robocup-v2/build-V5/Debug-Motion/build-remote/team-nust-robocup/CMakeFiles/CMakeTmp'
Building C object CMakeFiles/cmTC_f3cf9.dir/CheckIncludeFile.c.o
/usr/bin/cc    -fPIE   -o CMakeFiles/cmTC_f3cf9.dir/CheckIncludeFile.c.o   -c /home/muptii/Documents/robocup/team-nust-robocup-v2/build-V5/Debug-Motion/build-remote/team-nust-robocup/CMakeFiles/CMakeTmp/CheckIncludeFile.c
/home/muptii/Documents/robocup/team-nust-robocup-v2/build-V5/Debug-Motion/build-remote/team-nust-robocup/CMakeFiles/CMakeTmp/CheckIncludeFile.c:1:21: fatal error: altivec.h: No such file or directory
 #include <altivec.h>
                     ^
compilation terminated.
make[2]: *** [CMakeFiles/cmTC_f3cf9.dir/CheckIncludeFile.c.o] Error 1
make[2]: Leaving directory `/home/muptii/Documents/robocup/team-nust-robocup-v2/build-V5/Debug-Motion/build-remote/team-nust-robocup/CMakeFiles/CMakeTmp'
make[1]: *** [cmTC_f3cf9/fast] Error 2
make[1]: Leaving directory `/home/muptii/Documents/robocup/team-nust-robocup-v2/build-V5/Debug-Motion/build-remote/team-nust-robocup/CMakeFiles/CMakeTmp'


Determining if the include file c_asm.h exists failed with the following output:
Change Dir: /home/muptii/Documents/robocup/team-nust-robocup-v2/build-V5/Debug-Motion/build-remote/team-nust-robocup/CMakeFiles/CMakeTmp

Run Build Command:"/usr/bin/make" "cmTC_bcfce/fast"
make[1]: Entering directory `/home/muptii/Documents/robocup/team-nust-robocup-v2/build-V5/Debug-Motion/build-remote/team-nust-robocup/CMakeFiles/CMakeTmp'
/usr/bin/make -f CMakeFiles/cmTC_bcfce.dir/build.make CMakeFiles/cmTC_bcfce.dir/build
make[2]: Entering directory `/home/muptii/Documents/robocup/team-nust-robocup-v2/build-V5/Debug-Motion/build-remote/team-nust-robocup/CMakeFiles/CMakeTmp'
Building C object CMakeFiles/cmTC_bcfce.dir/CheckIncludeFile.c.o
/usr/bin/cc    -fPIE   -o CMakeFiles/cmTC_bcfce.dir/CheckIncludeFile.c.o   -c /home/muptii/Documents/robocup/team-nust-robocup-v2/build-V5/Debug-Motion/build-remote/team-nust-robocup/CMakeFiles/CMakeTmp/CheckIncludeFile.c
/home/muptii/Documents/robocup/team-nust-robocup-v2/build-V5/Debug-Motion/build-remote/team-nust-robocup/CMakeFiles/CMakeTmp/CheckIncludeFile.c:1:19: fatal error: c_asm.h: No such file or directory
 #include <c_asm.h>
                   ^
compilation terminated.
make[2]: *** [CMakeFiles/cmTC_bcfce.dir/CheckIncludeFile.c.o] Error 1
make[2]: Leaving directory `/home/muptii/Documents/robocup/team-nust-robocup-v2/build-V5/Debug-Motion/build-remote/team-nust-robocup/CMakeFiles/CMakeTmp'
make[1]: *** [cmTC_bcfce/fast] Error 2
make[1]: Leaving directory `/home/muptii/Documents/robocup/team-nust-robocup-v2/build-V5/Debug-Motion/build-remote/team-nust-robocup/CMakeFiles/CMakeTmp'


Determining if the include file intrinsics.h exists failed with the following output:
Change Dir: /home/muptii/Documents/robocup/team-nust-robocup-v2/build-V5/Debug-Motion/build-remote/team-nust-robocup/CMakeFiles/CMakeTmp

Run Build Command:"/usr/bin/make" "cmTC_217d3/fast"
make[1]: Entering directory `/home/muptii/Documents/robocup/team-nust-robocup-v2/build-V5/Debug-Motion/build-remote/team-nust-robocup/CMakeFiles/CMakeTmp'
/usr/bin/make -f CMakeFiles/cmTC_217d3.dir/build.make CMakeFiles/cmTC_217d3.dir/build
make[2]: Entering directory `/home/muptii/Documents/robocup/team-nust-robocup-v2/build-V5/Debug-Motion/build-remote/team-nust-robocup/CMakeFiles/CMakeTmp'
Building C object CMakeFiles/cmTC_217d3.dir/CheckIncludeFile.c.o
/usr/bin/cc    -fPIE   -o CMakeFiles/cmTC_217d3.dir/CheckIncludeFile.c.o   -c /home/muptii/Documents/robocup/team-nust-robocup-v2/build-V5/Debug-Motion/build-remote/team-nust-robocup/CMakeFiles/CMakeTmp/CheckIncludeFile.c
/home/muptii/Documents/robocup/team-nust-robocup-v2/build-V5/Debug-Motion/build-remote/team-nust-robocup/CMakeFiles/CMakeTmp/CheckIncludeFile.c:1:24: fatal error: intrinsics.h: No such file or directory
 #include <intrinsics.h>
                        ^
compilation terminated.
make[2]: *** [CMakeFiles/cmTC_217d3.dir/CheckIncludeFile.c.o] Error 1
make[2]: Leaving directory `/home/muptii/Documents/robocup/team-nust-robocup-v2/build-V5/Debug-Motion/build-remote/team-nust-robocup/CMakeFiles/CMakeTmp'
make[1]: *** [cmTC_217d3/fast] Error 2
make[1]: Leaving directory `/home/muptii/Documents/robocup/team-nust-robocup-v2/build-V5/Debug-Motion/build-remote/team-nust-robocup/CMakeFiles/CMakeTmp'


Determining if the include file mach/mach_time.h exists failed with the following output:
Change Dir: /home/muptii/Documents/robocup/team-nust-robocup-v2/build-V5/Debug-Motion/build-remote/team-nust-robocup/CMakeFiles/CMakeTmp

Run Build Command:"/usr/bin/make" "cmTC_ca8ba/fast"
make[1]: Entering directory `/home/muptii/Documents/robocup/team-nust-robocup-v2/build-V5/Debug-Motion/build-remote/team-nust-robocup/CMakeFiles/CMakeTmp'
/usr/bin/make -f CMakeFiles/cmTC_ca8ba.dir/build.make CMakeFiles/cmTC_ca8ba.dir/build
make[2]: Entering directory `/home/muptii/Documents/robocup/team-nust-robocup-v2/build-V5/Debug-Motion/build-remote/team-nust-robocup/CMakeFiles/CMakeTmp'
Building C object CMakeFiles/cmTC_ca8ba.dir/CheckIncludeFile.c.o
/usr/bin/cc    -fPIE   -o CMakeFiles/cmTC_ca8ba.dir/CheckIncludeFile.c.o   -c /home/muptii/Documents/robocup/team-nust-robocup-v2/build-V5/Debug-Motion/build-remote/team-nust-robocup/CMakeFiles/CMakeTmp/CheckIncludeFile.c
/home/muptii/Documents/robocup/team-nust-robocup-v2/build-V5/Debug-Motion/build-remote/team-nust-robocup/CMakeFiles/CMakeTmp/CheckIncludeFile.c:1:28: fatal error: mach/mach_time.h: No such file or directory
 #include <mach/mach_time.h>
                            ^
compilation terminated.
make[2]: *** [CMakeFiles/cmTC_ca8ba.dir/CheckIncludeFile.c.o] Error 1
make[2]: Leaving directory `/home/muptii/Documents/robocup/team-nust-robocup-v2/build-V5/Debug-Motion/build-remote/team-nust-robocup/CMakeFiles/CMakeTmp'
make[1]: *** [cmTC_ca8ba/fast] Error 2
make[1]: Leaving directory `/home/muptii/Documents/robocup/team-nust-robocup-v2/build-V5/Debug-Motion/build-remote/team-nust-robocup/CMakeFiles/CMakeTmp'


Determining if the include file uintptr.h exists failed with the following output:
Change Dir: /home/muptii/Documents/robocup/team-nust-robocup-v2/build-V5/Debug-Motion/build-remote/team-nust-robocup/CMakeFiles/CMakeTmp

Run Build Command:"/usr/bin/make" "cmTC_d2e8b/fast"
make[1]: Entering directory `/home/muptii/Documents/robocup/team-nust-robocup-v2/build-V5/Debug-Motion/build-remote/team-nust-robocup/CMakeFiles/CMakeTmp'
/usr/bin/make -f CMakeFiles/cmTC_d2e8b.dir/build.make CMakeFiles/cmTC_d2e8b.dir/build
make[2]: Entering directory `/home/muptii/Documents/robocup/team-nust-robocup-v2/build-V5/Debug-Motion/build-remote/team-nust-robocup/CMakeFiles/CMakeTmp'
Building C object CMakeFiles/cmTC_d2e8b.dir/CheckIncludeFile.c.o
/usr/bin/cc    -fPIE   -o CMakeFiles/cmTC_d2e8b.dir/CheckIncludeFile.c.o   -c /home/muptii/Documents/robocup/team-nust-robocup-v2/build-V5/Debug-Motion/build-remote/team-nust-robocup/CMakeFiles/CMakeTmp/CheckIncludeFile.c
/home/muptii/Documents/robocup/team-nust-robocup-v2/build-V5/Debug-Motion/build-remote/team-nust-robocup/CMakeFiles/CMakeTmp/CheckIncludeFile.c:1:21: fatal error: uintptr.h: No such file or directory
 #include <uintptr.h>
                     ^
compilation terminated.
make[2]: *** [CMakeFiles/cmTC_d2e8b.dir/CheckIncludeFile.c.o] Error 1
make[2]: Leaving directory `/home/muptii/Documents/robocup/team-nust-robocup-v2/build-V5/Debug-Motion/build-remote/team-nust-robocup/CMakeFiles/CMakeTmp'
make[1]: *** [cmTC_d2e8b/fast] Error 2
make[1]: Leaving directory `/home/muptii/Documents/robocup/team-nust-robocup-v2/build-V5/Debug-Motion/build-remote/team-nust-robocup/CMakeFiles/CMakeTmp'


Determining if the mach_absolute_time exist failed with the following output:
Change Dir: /home/muptii/Documents/robocup/team-nust-robocup-v2/build-V5/Debug-Motion/build-remote/team-nust-robocup/CMakeFiles/CMakeTmp

Run Build Command:"/usr/bin/make" "cmTC_41fff/fast"
make[1]: Entering directory `/home/muptii/Documents/robocup/team-nust-robocup-v2/build-V5/Debug-Motion/build-remote/team-nust-robocup/CMakeFiles/CMakeTmp'
/usr/bin/make -f CMakeFiles/cmTC_41fff.dir/build.make CMakeFiles/cmTC_41fff.dir/build
make[2]: Entering directory `/home/muptii/Documents/robocup/team-nust-robocup-v2/build-V5/Debug-Motion/build-remote/team-nust-robocup/CMakeFiles/CMakeTmp'
Building C object CMakeFiles/cmTC_41fff.dir/CheckSymbolExists.c.o
/usr/bin/cc    -fPIE   -o CMakeFiles/cmTC_41fff.dir/CheckSymbolExists.c.o   -c /home/muptii/Documents/robocup/team-nust-robocup-v2/build-V5/Debug-Motion/build-remote/team-nust-robocup/CMakeFiles/CMakeTmp/CheckSymbolExists.c
/home/muptii/Documents/robocup/team-nust-robocup-v2/build-V5/Debug-Motion/build-remote/team-nust-robocup/CMakeFiles/CMakeTmp/CheckSymbolExists.c:2:28: fatal error: mach/mach_time.h: No such file or directory
 #include <mach/mach_time.h>
                            ^
compilation terminated.
make[2]: *** [CMakeFiles/cmTC_41fff.dir/CheckSymbolExists.c.o] Error 1
make[2]: Leaving directory `/home/muptii/Documents/robocup/team-nust-robocup-v2/build-V5/Debug-Motion/build-remote/team-nust-robocup/CMakeFiles/CMakeTmp'
make[1]: *** [cmTC_41fff/fast] Error 2
make[1]: Leaving directory `/home/muptii/Documents/robocup/team-nust-robocup-v2/build-V5/Debug-Motion/build-remote/team-nust-robocup/CMakeFiles/CMakeTmp'

File /home/muptii/Documents/robocup/team-nust-robocup-v2/build-V5/Debug-Motion/build-remote/team-nust-robocup/CMakeFiles/CMakeTmp/CheckSymbolExists.c:
/* */
#include <mach/mach_time.h>

int main(int argc, char** argv)
{
  (void)argv;
#ifndef mach_absolute_time
  return ((int*)(&mach_absolute_time))[argc];
#else
  (void)argc;
  return 0;
#endif
}

Determining if the sysctl exist failed with the following output:
Change Dir: /home/muptii/Documents/robocup/team-nust-robocup-v2/build-V5/Debug-Motion/build-remote/team-nust-robocup/CMakeFiles/CMakeTmp

Run Build Command:"/usr/bin/make" "cmTC_513b4/fast"
make[1]: Entering directory `/home/muptii/Documents/robocup/team-nust-robocup-v2/build-V5/Debug-Motion/build-remote/team-nust-robocup/CMakeFiles/CMakeTmp'
/usr/bin/make -f CMakeFiles/cmTC_513b4.dir/build.make CMakeFiles/cmTC_513b4.dir/build
make[2]: Entering directory `/home/muptii/Documents/robocup/team-nust-robocup-v2/build-V5/Debug-Motion/build-remote/team-nust-robocup/CMakeFiles/CMakeTmp'
Building C object CMakeFiles/cmTC_513b4.dir/CheckSymbolExists.c.o
/usr/bin/cc    -fPIE   -o CMakeFiles/cmTC_513b4.dir/CheckSymbolExists.c.o   -c /home/muptii/Documents/robocup/team-nust-robocup-v2/build-V5/Debug-Motion/build-remote/team-nust-robocup/CMakeFiles/CMakeTmp/CheckSymbolExists.c
/home/muptii/Documents/robocup/team-nust-robocup-v2/build-V5/Debug-Motion/build-remote/team-nust-robocup/CMakeFiles/CMakeTmp/CheckSymbolExists.c: In function ‘main’:
/home/muptii/Documents/robocup/team-nust-robocup-v2/build-V5/Debug-Motion/build-remote/team-nust-robocup/CMakeFiles/CMakeTmp/CheckSymbolExists.c:8:19: error: ‘sysctl’ undeclared (first use in this function)
   return ((int*)(&sysctl))[argc];
                   ^
/home/muptii/Documents/robocup/team-nust-robocup-v2/build-V5/Debug-Motion/build-remote/team-nust-robocup/CMakeFiles/CMakeTmp/CheckSymbolExists.c:8:19: note: each undeclared identifier is reported only once for each function it appears in
make[2]: *** [CMakeFiles/cmTC_513b4.dir/CheckSymbolExists.c.o] Error 1
make[2]: Leaving directory `/home/muptii/Documents/robocup/team-nust-robocup-v2/build-V5/Debug-Motion/build-remote/team-nust-robocup/CMakeFiles/CMakeTmp'
make[1]: *** [cmTC_513b4/fast] Error 2
make[1]: Leaving directory `/home/muptii/Documents/robocup/team-nust-robocup-v2/build-V5/Debug-Motion/build-remote/team-nust-robocup/CMakeFiles/CMakeTmp'

File /home/muptii/Documents/robocup/team-nust-robocup-v2/build-V5/Debug-Motion/build-remote/team-nust-robocup/CMakeFiles/CMakeTmp/CheckSymbolExists.c:
/* */
#include <unistd.h>

int main(int argc, char** argv)
{
  (void)argv;
#ifndef sysctl
  return ((int*)(&sysctl))[argc];
#else
  (void)argc;
  return 0;
#endif
}

Determining if the pthread_create exist failed with the following output:
Change Dir: /home/muptii/Documents/robocup/team-nust-robocup-v2/build-V5/Debug-Motion/build-remote/team-nust-robocup/CMakeFiles/CMakeTmp

Run Build Command:"/usr/bin/make" "cmTC_0e6cc/fast"
make[1]: Entering directory `/home/muptii/Documents/robocup/team-nust-robocup-v2/build-V5/Debug-Motion/build-remote/team-nust-robocup/CMakeFiles/CMakeTmp'
/usr/bin/make -f CMakeFiles/cmTC_0e6cc.dir/build.make CMakeFiles/cmTC_0e6cc.dir/build
make[2]: Entering directory `/home/muptii/Documents/robocup/team-nust-robocup-v2/build-V5/Debug-Motion/build-remote/team-nust-robocup/CMakeFiles/CMakeTmp'
Building C object CMakeFiles/cmTC_0e6cc.dir/CheckSymbolExists.c.o
/usr/bin/cc    -fPIE   -o CMakeFiles/cmTC_0e6cc.dir/CheckSymbolExists.c.o   -c /home/muptii/Documents/robocup/team-nust-robocup-v2/build-V5/Debug-Motion/build-remote/team-nust-robocup/CMakeFiles/CMakeTmp/CheckSymbolExists.c
Linking C executable cmTC_0e6cc
/usr/bin/cmake -E cmake_link_script CMakeFiles/cmTC_0e6cc.dir/link.txt --verbose=1
/usr/bin/cc       CMakeFiles/cmTC_0e6cc.dir/CheckSymbolExists.c.o  -o cmTC_0e6cc -rdynamic -lm 
CMakeFiles/cmTC_0e6cc.dir/CheckSymbolExists.c.o: In function `main':
CheckSymbolExists.c:(.text+0x1b): undefined reference to `pthread_create'
collect2: error: ld returned 1 exit status
make[2]: *** [cmTC_0e6cc] Error 1
make[2]: Leaving directory `/home/muptii/Documents/robocup/team-nust-robocup-v2/build-V5/Debug-Motion/build-remote/team-nust-robocup/CMakeFiles/CMakeTmp'
make[1]: *** [cmTC_0e6cc/fast] Error 2
make[1]: Leaving directory `/home/muptii/Documents/robocup/team-nust-robocup-v2/build-V5/Debug-Motion/build-remote/team-nust-robocup/CMakeFiles/CMakeTmp'

File /home/muptii/Documents/robocup/team-nust-robocup-v2/build-V5/Debug-Motion/build-remote/team-nust-robocup/CMakeFiles/CMakeTmp/CheckSymbolExists.c:
/* */
#include <pthread.h>

int main(int argc, char** argv)
{
  (void)argv;
#ifndef pthread_create
  return ((int*)(&pthread_create))[argc];
#else
  (void)argc;
  return 0;
#endif
}

Determining if the function pthread_create exists in the pthreads failed with the following output:
Change Dir: /home/muptii/Documents/robocup/team-nust-robocup-v2/build-V5/Debug-Motion/build-remote/team-nust-robocup/CMakeFiles/CMakeTmp

Run Build Command:"/usr/bin/make" "cmTC_15a5d/fast"
make[1]: Entering directory `/home/muptii/Documents/robocup/team-nust-robocup-v2/build-V5/Debug-Motion/build-remote/team-nust-robocup/CMakeFiles/CMakeTmp'
/usr/bin/make -f CMakeFiles/cmTC_15a5d.dir/build.make CMakeFiles/cmTC_15a5d.dir/build
make[2]: Entering directory `/home/muptii/Documents/robocup/team-nust-robocup-v2/build-V5/Debug-Motion/build-remote/team-nust-robocup/CMakeFiles/CMakeTmp'
Building C object CMakeFiles/cmTC_15a5d.dir/CheckFunctionExists.c.o
/usr/bin/cc    -DCHECK_FUNCTION_EXISTS=pthread_create -fPIE   -o CMakeFiles/cmTC_15a5d.dir/CheckFunctionExists.c.o   -c /usr/share/cmake-3.5/Modules/CheckFunctionExists.c
Linking C executable cmTC_15a5d
/usr/bin/cmake -E cmake_link_script CMakeFiles/cmTC_15a5d.dir/link.txt --verbose=1
/usr/bin/cc   -DCHECK_FUNCTION_EXISTS=pthread_create    CMakeFiles/cmTC_15a5d.dir/CheckFunctionExists.c.o  -o cmTC_15a5d -rdynamic -lpthreads -lm 
/usr/bin/ld: cannot find -lpthreads
collect2: error: ld returned 1 exit status
make[2]: *** [cmTC_15a5d] Error 1
make[2]: Leaving directory `/home/muptii/Documents/robocup/team-nust-robocup-v2/build-V5/Debug-Motion/build-remote/team-nust-robocup/CMakeFiles/CMakeTmp'
make[1]: *** [cmTC_15a5d/fast] Error 2
make[1]: Leaving directory `/home/muptii/Documents/robocup/team-nust-robocup-v2/build-V5/Debug-Motion/build-remote/team-nust-robocup/CMakeFiles/CMakeTmp'


Performing C SOURCE FILE Test HAVE_THREAD_LOCAL_STORAGE failed with the following output:
Change Dir: /home/muptii/Documents/robocup/team-nust-robocup-v2/build-V5/Debug-Motion/build-remote/team-nust-robocup/CMakeFiles/CMakeTmp

Run Build Command:"/usr/bin/make" "cmTC_7f627/fast"
make[1]: Entering directory `/home/muptii/Documents/robocup/team-nust-robocup-v2/build-V5/Debug-Motion/build-remote/team-nust-robocup/CMakeFiles/CMakeTmp'
/usr/bin/make -f CMakeFiles/cmTC_7f627.dir/build.make CMakeFiles/cmTC_7f627.dir/build
make[2]: Entering directory `/home/muptii/Documents/robocup/team-nust-robocup-v2/build-V5/Debug-Motion/build-remote/team-nust-robocup/CMakeFiles/CMakeTmp'
Building C object CMakeFiles/cmTC_7f627.dir/src.c.o
/usr/bin/cc    -DHAVE_THREAD_LOCAL_STORAGE -fPIE   -o CMakeFiles/cmTC_7f627.dir/src.c.o   -c /home/muptii/Documents/robocup/team-nust-robocup-v2/build-V5/Debug-Motion/build-remote/team-nust-robocup/CMakeFiles/CMakeTmp/src.c
/home/muptii/Documents/robocup/team-nust-robocup-v2/build-V5/Debug-Motion/build-remote/team-nust-robocup/CMakeFiles/CMakeTmp/src.c: In function ‘__declspec’:
/home/muptii/Documents/robocup/team-nust-robocup-v2/build-V5/Debug-Motion/build-remote/team-nust-robocup/CMakeFiles/CMakeTmp/src.c:3:20: error: expected ‘=’, ‘,’, ‘;’, ‘asm’ or ‘__attribute__’ before ‘{’ token
     int main(void) {
                    ^
/home/muptii/Documents/robocup/team-nust-robocup-v2/build-V5/Debug-Motion/build-remote/team-nust-robocup/CMakeFiles/CMakeTmp/src.c:2:28: error: declaration for parameter ‘tls’ but no such parameter
     __declspec(thread) int tls;
                            ^
/home/muptii/Documents/robocup/team-nust-robocup-v2/build-V5/Debug-Motion/build-remote/team-nust-robocup/CMakeFiles/CMakeTmp/src.c:5:5: error: expected ‘{’ at end of input
     }
     ^
make[2]: *** [CMakeFiles/cmTC_7f627.dir/src.c.o] Error 1
make[2]: Leaving directory `/home/muptii/Documents/robocup/team-nust-robocup-v2/build-V5/Debug-Motion/build-remote/team-nust-robocup/CMakeFiles/CMakeTmp'
make[1]: *** [cmTC_7f627/fast] Error 2
make[1]: Leaving directory `/home/muptii/Documents/robocup/team-nust-robocup-v2/build-V5/Debug-Motion/build-remote/team-nust-robocup/CMakeFiles/CMakeTmp'

Source file was:

    __declspec(thread) int tls;
    int main(void) {
        return 0;
    }
