Determining if the include file altivec.h exists failed with the following output:
Change Dir: /home/umaidzz/Documents/team-nust/team-nust-robocup-v2/build-V5/Release-Motion/build-local/team-nust-robocup/CMakeFiles/CMakeTmp

Run Build Command:"/usr/bin/make" "cmTC_2ff10/fast"
make[1]: Entering directory `/home/umaidzz/Documents/team-nust/team-nust-robocup-v2/build-V5/Release-Motion/build-local/team-nust-robocup/CMakeFiles/CMakeTmp'
/usr/bin/make -f CMakeFiles/cmTC_2ff10.dir/build.make CMakeFiles/cmTC_2ff10.dir/build
make[2]: Entering directory `/home/umaidzz/Documents/team-nust/team-nust-robocup-v2/build-V5/Release-Motion/build-local/team-nust-robocup/CMakeFiles/CMakeTmp'
Building C object CMakeFiles/cmTC_2ff10.dir/CheckIncludeFile.c.o
/home/umaidzz/Documents/team-nust/ctc-linux32-atom-2.1.4.13/cross/bin/i686-aldebaran-linux-gnu-gcc    -DI_AM_A_ROBOT --sysroot /home/umaidzz/Documents/team-nust/ctc-linux32-atom-2.1.4.13/cross/i686-aldebaran-linux-gnu/sysroot/ -pipe -fomit-frame-pointer -fno-align-jumps -fno-align-functions -fno-align-labels -fno-align-loops -m32 -mtune=generic    -o CMakeFiles/cmTC_2ff10.dir/CheckIncludeFile.c.o   -c /home/umaidzz/Documents/team-nust/team-nust-robocup-v2/build-V5/Release-Motion/build-local/team-nust-robocup/CMakeFiles/CMakeTmp/CheckIncludeFile.c
/home/umaidzz/Documents/team-nust/team-nust-robocup-v2/build-V5/Release-Motion/build-local/team-nust-robocup/CMakeFiles/CMakeTmp/CheckIncludeFile.c:1:21: fatal error: altivec.h: No such file or directory
compilation terminated.
make[2]: *** [CMakeFiles/cmTC_2ff10.dir/CheckIncludeFile.c.o] Error 1
make[2]: Leaving directory `/home/umaidzz/Documents/team-nust/team-nust-robocup-v2/build-V5/Release-Motion/build-local/team-nust-robocup/CMakeFiles/CMakeTmp'
make[1]: *** [cmTC_2ff10/fast] Error 2
make[1]: Leaving directory `/home/umaidzz/Documents/team-nust/team-nust-robocup-v2/build-V5/Release-Motion/build-local/team-nust-robocup/CMakeFiles/CMakeTmp'


Determining if the include file c_asm.h exists failed with the following output:
Change Dir: /home/umaidzz/Documents/team-nust/team-nust-robocup-v2/build-V5/Release-Motion/build-local/team-nust-robocup/CMakeFiles/CMakeTmp

Run Build Command:"/usr/bin/make" "cmTC_b2469/fast"
make[1]: Entering directory `/home/umaidzz/Documents/team-nust/team-nust-robocup-v2/build-V5/Release-Motion/build-local/team-nust-robocup/CMakeFiles/CMakeTmp'
/usr/bin/make -f CMakeFiles/cmTC_b2469.dir/build.make CMakeFiles/cmTC_b2469.dir/build
make[2]: Entering directory `/home/umaidzz/Documents/team-nust/team-nust-robocup-v2/build-V5/Release-Motion/build-local/team-nust-robocup/CMakeFiles/CMakeTmp'
Building C object CMakeFiles/cmTC_b2469.dir/CheckIncludeFile.c.o
/home/umaidzz/Documents/team-nust/ctc-linux32-atom-2.1.4.13/cross/bin/i686-aldebaran-linux-gnu-gcc    -DI_AM_A_ROBOT --sysroot /home/umaidzz/Documents/team-nust/ctc-linux32-atom-2.1.4.13/cross/i686-aldebaran-linux-gnu/sysroot/ -pipe -fomit-frame-pointer -fno-align-jumps -fno-align-functions -fno-align-labels -fno-align-loops -m32 -mtune=generic    -o CMakeFiles/cmTC_b2469.dir/CheckIncludeFile.c.o   -c /home/umaidzz/Documents/team-nust/team-nust-robocup-v2/build-V5/Release-Motion/build-local/team-nust-robocup/CMakeFiles/CMakeTmp/CheckIncludeFile.c
/home/umaidzz/Documents/team-nust/team-nust-robocup-v2/build-V5/Release-Motion/build-local/team-nust-robocup/CMakeFiles/CMakeTmp/CheckIncludeFile.c:1:19: fatal error: c_asm.h: No such file or directory
compilation terminated.
make[2]: *** [CMakeFiles/cmTC_b2469.dir/CheckIncludeFile.c.o] Error 1
make[2]: Leaving directory `/home/umaidzz/Documents/team-nust/team-nust-robocup-v2/build-V5/Release-Motion/build-local/team-nust-robocup/CMakeFiles/CMakeTmp'
make[1]: *** [cmTC_b2469/fast] Error 2
make[1]: Leaving directory `/home/umaidzz/Documents/team-nust/team-nust-robocup-v2/build-V5/Release-Motion/build-local/team-nust-robocup/CMakeFiles/CMakeTmp'


Determining if the include file intrinsics.h exists failed with the following output:
Change Dir: /home/umaidzz/Documents/team-nust/team-nust-robocup-v2/build-V5/Release-Motion/build-local/team-nust-robocup/CMakeFiles/CMakeTmp

Run Build Command:"/usr/bin/make" "cmTC_2c8d0/fast"
make[1]: Entering directory `/home/umaidzz/Documents/team-nust/team-nust-robocup-v2/build-V5/Release-Motion/build-local/team-nust-robocup/CMakeFiles/CMakeTmp'
/usr/bin/make -f CMakeFiles/cmTC_2c8d0.dir/build.make CMakeFiles/cmTC_2c8d0.dir/build
make[2]: Entering directory `/home/umaidzz/Documents/team-nust/team-nust-robocup-v2/build-V5/Release-Motion/build-local/team-nust-robocup/CMakeFiles/CMakeTmp'
Building C object CMakeFiles/cmTC_2c8d0.dir/CheckIncludeFile.c.o
/home/umaidzz/Documents/team-nust/ctc-linux32-atom-2.1.4.13/cross/bin/i686-aldebaran-linux-gnu-gcc    -DI_AM_A_ROBOT --sysroot /home/umaidzz/Documents/team-nust/ctc-linux32-atom-2.1.4.13/cross/i686-aldebaran-linux-gnu/sysroot/ -pipe -fomit-frame-pointer -fno-align-jumps -fno-align-functions -fno-align-labels -fno-align-loops -m32 -mtune=generic    -o CMakeFiles/cmTC_2c8d0.dir/CheckIncludeFile.c.o   -c /home/umaidzz/Documents/team-nust/team-nust-robocup-v2/build-V5/Release-Motion/build-local/team-nust-robocup/CMakeFiles/CMakeTmp/CheckIncludeFile.c
/home/umaidzz/Documents/team-nust/team-nust-robocup-v2/build-V5/Release-Motion/build-local/team-nust-robocup/CMakeFiles/CMakeTmp/CheckIncludeFile.c:1:24: fatal error: intrinsics.h: No such file or directory
compilation terminated.
make[2]: *** [CMakeFiles/cmTC_2c8d0.dir/CheckIncludeFile.c.o] Error 1
make[2]: Leaving directory `/home/umaidzz/Documents/team-nust/team-nust-robocup-v2/build-V5/Release-Motion/build-local/team-nust-robocup/CMakeFiles/CMakeTmp'
make[1]: *** [cmTC_2c8d0/fast] Error 2
make[1]: Leaving directory `/home/umaidzz/Documents/team-nust/team-nust-robocup-v2/build-V5/Release-Motion/build-local/team-nust-robocup/CMakeFiles/CMakeTmp'


Determining if the include file mach/mach_time.h exists failed with the following output:
Change Dir: /home/umaidzz/Documents/team-nust/team-nust-robocup-v2/build-V5/Release-Motion/build-local/team-nust-robocup/CMakeFiles/CMakeTmp

Run Build Command:"/usr/bin/make" "cmTC_d05e9/fast"
make[1]: Entering directory `/home/umaidzz/Documents/team-nust/team-nust-robocup-v2/build-V5/Release-Motion/build-local/team-nust-robocup/CMakeFiles/CMakeTmp'
/usr/bin/make -f CMakeFiles/cmTC_d05e9.dir/build.make CMakeFiles/cmTC_d05e9.dir/build
make[2]: Entering directory `/home/umaidzz/Documents/team-nust/team-nust-robocup-v2/build-V5/Release-Motion/build-local/team-nust-robocup/CMakeFiles/CMakeTmp'
Building C object CMakeFiles/cmTC_d05e9.dir/CheckIncludeFile.c.o
/home/umaidzz/Documents/team-nust/ctc-linux32-atom-2.1.4.13/cross/bin/i686-aldebaran-linux-gnu-gcc    -DI_AM_A_ROBOT --sysroot /home/umaidzz/Documents/team-nust/ctc-linux32-atom-2.1.4.13/cross/i686-aldebaran-linux-gnu/sysroot/ -pipe -fomit-frame-pointer -fno-align-jumps -fno-align-functions -fno-align-labels -fno-align-loops -m32 -mtune=generic    -o CMakeFiles/cmTC_d05e9.dir/CheckIncludeFile.c.o   -c /home/umaidzz/Documents/team-nust/team-nust-robocup-v2/build-V5/Release-Motion/build-local/team-nust-robocup/CMakeFiles/CMakeTmp/CheckIncludeFile.c
/home/umaidzz/Documents/team-nust/team-nust-robocup-v2/build-V5/Release-Motion/build-local/team-nust-robocup/CMakeFiles/CMakeTmp/CheckIncludeFile.c:1:28: fatal error: mach/mach_time.h: No such file or directory
compilation terminated.
make[2]: *** [CMakeFiles/cmTC_d05e9.dir/CheckIncludeFile.c.o] Error 1
make[2]: Leaving directory `/home/umaidzz/Documents/team-nust/team-nust-robocup-v2/build-V5/Release-Motion/build-local/team-nust-robocup/CMakeFiles/CMakeTmp'
make[1]: *** [cmTC_d05e9/fast] Error 2
make[1]: Leaving directory `/home/umaidzz/Documents/team-nust/team-nust-robocup-v2/build-V5/Release-Motion/build-local/team-nust-robocup/CMakeFiles/CMakeTmp'


Determining if the include file uintptr.h exists failed with the following output:
Change Dir: /home/umaidzz/Documents/team-nust/team-nust-robocup-v2/build-V5/Release-Motion/build-local/team-nust-robocup/CMakeFiles/CMakeTmp

Run Build Command:"/usr/bin/make" "cmTC_f9345/fast"
make[1]: Entering directory `/home/umaidzz/Documents/team-nust/team-nust-robocup-v2/build-V5/Release-Motion/build-local/team-nust-robocup/CMakeFiles/CMakeTmp'
/usr/bin/make -f CMakeFiles/cmTC_f9345.dir/build.make CMakeFiles/cmTC_f9345.dir/build
make[2]: Entering directory `/home/umaidzz/Documents/team-nust/team-nust-robocup-v2/build-V5/Release-Motion/build-local/team-nust-robocup/CMakeFiles/CMakeTmp'
Building C object CMakeFiles/cmTC_f9345.dir/CheckIncludeFile.c.o
/home/umaidzz/Documents/team-nust/ctc-linux32-atom-2.1.4.13/cross/bin/i686-aldebaran-linux-gnu-gcc    -DI_AM_A_ROBOT --sysroot /home/umaidzz/Documents/team-nust/ctc-linux32-atom-2.1.4.13/cross/i686-aldebaran-linux-gnu/sysroot/ -pipe -fomit-frame-pointer -fno-align-jumps -fno-align-functions -fno-align-labels -fno-align-loops -m32 -mtune=generic    -o CMakeFiles/cmTC_f9345.dir/CheckIncludeFile.c.o   -c /home/umaidzz/Documents/team-nust/team-nust-robocup-v2/build-V5/Release-Motion/build-local/team-nust-robocup/CMakeFiles/CMakeTmp/CheckIncludeFile.c
/home/umaidzz/Documents/team-nust/team-nust-robocup-v2/build-V5/Release-Motion/build-local/team-nust-robocup/CMakeFiles/CMakeTmp/CheckIncludeFile.c:1:21: fatal error: uintptr.h: No such file or directory
compilation terminated.
make[2]: *** [CMakeFiles/cmTC_f9345.dir/CheckIncludeFile.c.o] Error 1
make[2]: Leaving directory `/home/umaidzz/Documents/team-nust/team-nust-robocup-v2/build-V5/Release-Motion/build-local/team-nust-robocup/CMakeFiles/CMakeTmp'
make[1]: *** [cmTC_f9345/fast] Error 2
make[1]: Leaving directory `/home/umaidzz/Documents/team-nust/team-nust-robocup-v2/build-V5/Release-Motion/build-local/team-nust-robocup/CMakeFiles/CMakeTmp'


Determining if the clock_gettime exist failed with the following output:
Change Dir: /home/umaidzz/Documents/team-nust/team-nust-robocup-v2/build-V5/Release-Motion/build-local/team-nust-robocup/CMakeFiles/CMakeTmp

Run Build Command:"/usr/bin/make" "cmTC_27504/fast"
make[1]: Entering directory `/home/umaidzz/Documents/team-nust/team-nust-robocup-v2/build-V5/Release-Motion/build-local/team-nust-robocup/CMakeFiles/CMakeTmp'
/usr/bin/make -f CMakeFiles/cmTC_27504.dir/build.make CMakeFiles/cmTC_27504.dir/build
make[2]: Entering directory `/home/umaidzz/Documents/team-nust/team-nust-robocup-v2/build-V5/Release-Motion/build-local/team-nust-robocup/CMakeFiles/CMakeTmp'
Building C object CMakeFiles/cmTC_27504.dir/CheckSymbolExists.c.o
/home/umaidzz/Documents/team-nust/ctc-linux32-atom-2.1.4.13/cross/bin/i686-aldebaran-linux-gnu-gcc    -DI_AM_A_ROBOT --sysroot /home/umaidzz/Documents/team-nust/ctc-linux32-atom-2.1.4.13/cross/i686-aldebaran-linux-gnu/sysroot/ -pipe -fomit-frame-pointer -fno-align-jumps -fno-align-functions -fno-align-labels -fno-align-loops -m32 -mtune=generic    -o CMakeFiles/cmTC_27504.dir/CheckSymbolExists.c.o   -c /home/umaidzz/Documents/team-nust/team-nust-robocup-v2/build-V5/Release-Motion/build-local/team-nust-robocup/CMakeFiles/CMakeTmp/CheckSymbolExists.c
Linking C executable cmTC_27504
/usr/bin/cmake -E cmake_link_script CMakeFiles/cmTC_27504.dir/link.txt --verbose=1
/home/umaidzz/Documents/team-nust/ctc-linux32-atom-2.1.4.13/cross/bin/i686-aldebaran-linux-gnu-gcc     -DI_AM_A_ROBOT --sysroot /home/umaidzz/Documents/team-nust/ctc-linux32-atom-2.1.4.13/cross/i686-aldebaran-linux-gnu/sysroot/ -pipe -fomit-frame-pointer -fno-align-jumps -fno-align-functions -fno-align-labels -fno-align-loops -m32 -mtune=generic   -Wl,--as-needed,--sysroot,/home/umaidzz/Documents/team-nust/ctc-linux32-atom-2.1.4.13/cross/i686-aldebaran-linux-gnu/sysroot/  CMakeFiles/cmTC_27504.dir/CheckSymbolExists.c.o  -o cmTC_27504 -rdynamic 
CMakeFiles/cmTC_27504.dir/CheckSymbolExists.c.o: In function `main':
CheckSymbolExists.c:(.text+0x1): undefined reference to `clock_gettime'
collect2: ld returned 1 exit status
make[2]: *** [cmTC_27504] Error 1
make[2]: Leaving directory `/home/umaidzz/Documents/team-nust/team-nust-robocup-v2/build-V5/Release-Motion/build-local/team-nust-robocup/CMakeFiles/CMakeTmp'
make[1]: *** [cmTC_27504/fast] Error 2
make[1]: Leaving directory `/home/umaidzz/Documents/team-nust/team-nust-robocup-v2/build-V5/Release-Motion/build-local/team-nust-robocup/CMakeFiles/CMakeTmp'

File /home/umaidzz/Documents/team-nust/team-nust-robocup-v2/build-V5/Release-Motion/build-local/team-nust-robocup/CMakeFiles/CMakeTmp/CheckSymbolExists.c:
/* */
#include <time.h>

int main(int argc, char** argv)
{
  (void)argv;
#ifndef clock_gettime
  return ((int*)(&clock_gettime))[argc];
#else
  (void)argc;
  return 0;
#endif
}

Determining if the mach_absolute_time exist failed with the following output:
Change Dir: /home/umaidzz/Documents/team-nust/team-nust-robocup-v2/build-V5/Release-Motion/build-local/team-nust-robocup/CMakeFiles/CMakeTmp

Run Build Command:"/usr/bin/make" "cmTC_7b6e7/fast"
make[1]: Entering directory `/home/umaidzz/Documents/team-nust/team-nust-robocup-v2/build-V5/Release-Motion/build-local/team-nust-robocup/CMakeFiles/CMakeTmp'
/usr/bin/make -f CMakeFiles/cmTC_7b6e7.dir/build.make CMakeFiles/cmTC_7b6e7.dir/build
make[2]: Entering directory `/home/umaidzz/Documents/team-nust/team-nust-robocup-v2/build-V5/Release-Motion/build-local/team-nust-robocup/CMakeFiles/CMakeTmp'
Building C object CMakeFiles/cmTC_7b6e7.dir/CheckSymbolExists.c.o
/home/umaidzz/Documents/team-nust/ctc-linux32-atom-2.1.4.13/cross/bin/i686-aldebaran-linux-gnu-gcc    -DI_AM_A_ROBOT --sysroot /home/umaidzz/Documents/team-nust/ctc-linux32-atom-2.1.4.13/cross/i686-aldebaran-linux-gnu/sysroot/ -pipe -fomit-frame-pointer -fno-align-jumps -fno-align-functions -fno-align-labels -fno-align-loops -m32 -mtune=generic    -o CMakeFiles/cmTC_7b6e7.dir/CheckSymbolExists.c.o   -c /home/umaidzz/Documents/team-nust/team-nust-robocup-v2/build-V5/Release-Motion/build-local/team-nust-robocup/CMakeFiles/CMakeTmp/CheckSymbolExists.c
/home/umaidzz/Documents/team-nust/team-nust-robocup-v2/build-V5/Release-Motion/build-local/team-nust-robocup/CMakeFiles/CMakeTmp/CheckSymbolExists.c:2:28: fatal error: mach/mach_time.h: No such file or directory
compilation terminated.
make[2]: *** [CMakeFiles/cmTC_7b6e7.dir/CheckSymbolExists.c.o] Error 1
make[2]: Leaving directory `/home/umaidzz/Documents/team-nust/team-nust-robocup-v2/build-V5/Release-Motion/build-local/team-nust-robocup/CMakeFiles/CMakeTmp'
make[1]: *** [cmTC_7b6e7/fast] Error 2
make[1]: Leaving directory `/home/umaidzz/Documents/team-nust/team-nust-robocup-v2/build-V5/Release-Motion/build-local/team-nust-robocup/CMakeFiles/CMakeTmp'

File /home/umaidzz/Documents/team-nust/team-nust-robocup-v2/build-V5/Release-Motion/build-local/team-nust-robocup/CMakeFiles/CMakeTmp/CheckSymbolExists.c:
/* */
#include <mach/mach_time.h>

int main(int argc, char** argv)
{
  (void)argv;
#ifndef mach_absolute_time
  return ((int*)(&mach_absolute_time))[argc];
#else
  (void)argc;
  return 0;
#endif
}

Determining if the sysctl exist failed with the following output:
Change Dir: /home/umaidzz/Documents/team-nust/team-nust-robocup-v2/build-V5/Release-Motion/build-local/team-nust-robocup/CMakeFiles/CMakeTmp

Run Build Command:"/usr/bin/make" "cmTC_6373a/fast"
make[1]: Entering directory `/home/umaidzz/Documents/team-nust/team-nust-robocup-v2/build-V5/Release-Motion/build-local/team-nust-robocup/CMakeFiles/CMakeTmp'
/usr/bin/make -f CMakeFiles/cmTC_6373a.dir/build.make CMakeFiles/cmTC_6373a.dir/build
make[2]: Entering directory `/home/umaidzz/Documents/team-nust/team-nust-robocup-v2/build-V5/Release-Motion/build-local/team-nust-robocup/CMakeFiles/CMakeTmp'
Building C object CMakeFiles/cmTC_6373a.dir/CheckSymbolExists.c.o
/home/umaidzz/Documents/team-nust/ctc-linux32-atom-2.1.4.13/cross/bin/i686-aldebaran-linux-gnu-gcc    -DI_AM_A_ROBOT --sysroot /home/umaidzz/Documents/team-nust/ctc-linux32-atom-2.1.4.13/cross/i686-aldebaran-linux-gnu/sysroot/ -pipe -fomit-frame-pointer -fno-align-jumps -fno-align-functions -fno-align-labels -fno-align-loops -m32 -mtune=generic    -o CMakeFiles/cmTC_6373a.dir/CheckSymbolExists.c.o   -c /home/umaidzz/Documents/team-nust/team-nust-robocup-v2/build-V5/Release-Motion/build-local/team-nust-robocup/CMakeFiles/CMakeTmp/CheckSymbolExists.c
/home/umaidzz/Documents/team-nust/team-nust-robocup-v2/build-V5/Release-Motion/build-local/team-nust-robocup/CMakeFiles/CMakeTmp/CheckSymbolExists.c: In function 'main':
/home/umaidzz/Documents/team-nust/team-nust-robocup-v2/build-V5/Release-Motion/build-local/team-nust-robocup/CMakeFiles/CMakeTmp/CheckSymbolExists.c:8:19: error: 'sysctl' undeclared (first use in this function)
/home/umaidzz/Documents/team-nust/team-nust-robocup-v2/build-V5/Release-Motion/build-local/team-nust-robocup/CMakeFiles/CMakeTmp/CheckSymbolExists.c:8:19: note: each undeclared identifier is reported only once for each function it appears in
make[2]: *** [CMakeFiles/cmTC_6373a.dir/CheckSymbolExists.c.o] Error 1
make[2]: Leaving directory `/home/umaidzz/Documents/team-nust/team-nust-robocup-v2/build-V5/Release-Motion/build-local/team-nust-robocup/CMakeFiles/CMakeTmp'
make[1]: *** [cmTC_6373a/fast] Error 2
make[1]: Leaving directory `/home/umaidzz/Documents/team-nust/team-nust-robocup-v2/build-V5/Release-Motion/build-local/team-nust-robocup/CMakeFiles/CMakeTmp'

File /home/umaidzz/Documents/team-nust/team-nust-robocup-v2/build-V5/Release-Motion/build-local/team-nust-robocup/CMakeFiles/CMakeTmp/CheckSymbolExists.c:
/* */
#include <unistd.h>

int main(int argc, char** argv)
{
  (void)argv;
#ifndef sysctl
  return ((int*)(&sysctl))[argc];
#else
  (void)argc;
  return 0;
#endif
}

Determining if the pthread_create exist failed with the following output:
Change Dir: /home/umaidzz/Documents/team-nust/team-nust-robocup-v2/build-V5/Release-Motion/build-local/team-nust-robocup/CMakeFiles/CMakeTmp

Run Build Command:"/usr/bin/make" "cmTC_d12e9/fast"
make[1]: Entering directory `/home/umaidzz/Documents/team-nust/team-nust-robocup-v2/build-V5/Release-Motion/build-local/team-nust-robocup/CMakeFiles/CMakeTmp'
/usr/bin/make -f CMakeFiles/cmTC_d12e9.dir/build.make CMakeFiles/cmTC_d12e9.dir/build
make[2]: Entering directory `/home/umaidzz/Documents/team-nust/team-nust-robocup-v2/build-V5/Release-Motion/build-local/team-nust-robocup/CMakeFiles/CMakeTmp'
Building C object CMakeFiles/cmTC_d12e9.dir/CheckSymbolExists.c.o
/home/umaidzz/Documents/team-nust/ctc-linux32-atom-2.1.4.13/cross/bin/i686-aldebaran-linux-gnu-gcc    -DI_AM_A_ROBOT --sysroot /home/umaidzz/Documents/team-nust/ctc-linux32-atom-2.1.4.13/cross/i686-aldebaran-linux-gnu/sysroot/ -pipe -fomit-frame-pointer -fno-align-jumps -fno-align-functions -fno-align-labels -fno-align-loops -m32 -mtune=generic    -o CMakeFiles/cmTC_d12e9.dir/CheckSymbolExists.c.o   -c /home/umaidzz/Documents/team-nust/team-nust-robocup-v2/build-V5/Release-Motion/build-local/team-nust-robocup/CMakeFiles/CMakeTmp/CheckSymbolExists.c
Linking C executable cmTC_d12e9
/usr/bin/cmake -E cmake_link_script CMakeFiles/cmTC_d12e9.dir/link.txt --verbose=1
/home/umaidzz/Documents/team-nust/ctc-linux32-atom-2.1.4.13/cross/bin/i686-aldebaran-linux-gnu-gcc     -DI_AM_A_ROBOT --sysroot /home/umaidzz/Documents/team-nust/ctc-linux32-atom-2.1.4.13/cross/i686-aldebaran-linux-gnu/sysroot/ -pipe -fomit-frame-pointer -fno-align-jumps -fno-align-functions -fno-align-labels -fno-align-loops -m32 -mtune=generic   -Wl,--as-needed,--sysroot,/home/umaidzz/Documents/team-nust/ctc-linux32-atom-2.1.4.13/cross/i686-aldebaran-linux-gnu/sysroot/  CMakeFiles/cmTC_d12e9.dir/CheckSymbolExists.c.o  -o cmTC_d12e9 -rdynamic -lm 
CMakeFiles/cmTC_d12e9.dir/CheckSymbolExists.c.o: In function `main':
CheckSymbolExists.c:(.text+0x1): undefined reference to `pthread_create'
collect2: ld returned 1 exit status
make[2]: *** [cmTC_d12e9] Error 1
make[2]: Leaving directory `/home/umaidzz/Documents/team-nust/team-nust-robocup-v2/build-V5/Release-Motion/build-local/team-nust-robocup/CMakeFiles/CMakeTmp'
make[1]: *** [cmTC_d12e9/fast] Error 2
make[1]: Leaving directory `/home/umaidzz/Documents/team-nust/team-nust-robocup-v2/build-V5/Release-Motion/build-local/team-nust-robocup/CMakeFiles/CMakeTmp'

File /home/umaidzz/Documents/team-nust/team-nust-robocup-v2/build-V5/Release-Motion/build-local/team-nust-robocup/CMakeFiles/CMakeTmp/CheckSymbolExists.c:
/* */
#include <pthread.h>

int main(int argc, char** argv)
{
  (void)argv;
#ifndef pthread_create
  return ((int*)(&pthread_create))[argc];
#else
  (void)argc;
  return 0;
#endif
}

Determining if the function pthread_create exists in the pthreads failed with the following output:
Change Dir: /home/umaidzz/Documents/team-nust/team-nust-robocup-v2/build-V5/Release-Motion/build-local/team-nust-robocup/CMakeFiles/CMakeTmp

Run Build Command:"/usr/bin/make" "cmTC_14200/fast"
make[1]: Entering directory `/home/umaidzz/Documents/team-nust/team-nust-robocup-v2/build-V5/Release-Motion/build-local/team-nust-robocup/CMakeFiles/CMakeTmp'
/usr/bin/make -f CMakeFiles/cmTC_14200.dir/build.make CMakeFiles/cmTC_14200.dir/build
make[2]: Entering directory `/home/umaidzz/Documents/team-nust/team-nust-robocup-v2/build-V5/Release-Motion/build-local/team-nust-robocup/CMakeFiles/CMakeTmp'
Building C object CMakeFiles/cmTC_14200.dir/CheckFunctionExists.c.o
/home/umaidzz/Documents/team-nust/ctc-linux32-atom-2.1.4.13/cross/bin/i686-aldebaran-linux-gnu-gcc    -DI_AM_A_ROBOT --sysroot /home/umaidzz/Documents/team-nust/ctc-linux32-atom-2.1.4.13/cross/i686-aldebaran-linux-gnu/sysroot/ -pipe -fomit-frame-pointer -fno-align-jumps -fno-align-functions -fno-align-labels -fno-align-loops -m32 -mtune=generic -DCHECK_FUNCTION_EXISTS=pthread_create   -o CMakeFiles/cmTC_14200.dir/CheckFunctionExists.c.o   -c /usr/share/cmake-3.5/Modules/CheckFunctionExists.c
Linking C executable cmTC_14200
/usr/bin/cmake -E cmake_link_script CMakeFiles/cmTC_14200.dir/link.txt --verbose=1
/home/umaidzz/Documents/team-nust/ctc-linux32-atom-2.1.4.13/cross/bin/i686-aldebaran-linux-gnu-gcc     -DI_AM_A_ROBOT --sysroot /home/umaidzz/Documents/team-nust/ctc-linux32-atom-2.1.4.13/cross/i686-aldebaran-linux-gnu/sysroot/ -pipe -fomit-frame-pointer -fno-align-jumps -fno-align-functions -fno-align-labels -fno-align-loops -m32 -mtune=generic -DCHECK_FUNCTION_EXISTS=pthread_create  -Wl,--as-needed,--sysroot,/home/umaidzz/Documents/team-nust/ctc-linux32-atom-2.1.4.13/cross/i686-aldebaran-linux-gnu/sysroot/  CMakeFiles/cmTC_14200.dir/CheckFunctionExists.c.o  -o cmTC_14200 -rdynamic -lpthreads -lm 
/home/umaidzz/Documents/team-nust/ctc-linux32-atom-2.1.4.13/cross/bin/../lib/gcc/i686-aldebaran-linux-gnu/4.5.3/../../../../i686-aldebaran-linux-gnu/bin/ld: cannot find -lpthreads
collect2: ld returned 1 exit status
make[2]: *** [cmTC_14200] Error 1
make[2]: Leaving directory `/home/umaidzz/Documents/team-nust/team-nust-robocup-v2/build-V5/Release-Motion/build-local/team-nust-robocup/CMakeFiles/CMakeTmp'
make[1]: *** [cmTC_14200/fast] Error 2
make[1]: Leaving directory `/home/umaidzz/Documents/team-nust/team-nust-robocup-v2/build-V5/Release-Motion/build-local/team-nust-robocup/CMakeFiles/CMakeTmp'


Performing C SOURCE FILE Test HAVE_AVX2 failed with the following output:
Change Dir: /home/umaidzz/Documents/team-nust/team-nust-robocup-v2/build-V5/Release-Motion/build-local/team-nust-robocup/CMakeFiles/CMakeTmp

Run Build Command:"/usr/bin/make" "cmTC_cc8ff/fast"
make[1]: Entering directory `/home/umaidzz/Documents/team-nust/team-nust-robocup-v2/build-V5/Release-Motion/build-local/team-nust-robocup/CMakeFiles/CMakeTmp'
/usr/bin/make -f CMakeFiles/cmTC_cc8ff.dir/build.make CMakeFiles/cmTC_cc8ff.dir/build
make[2]: Entering directory `/home/umaidzz/Documents/team-nust/team-nust-robocup-v2/build-V5/Release-Motion/build-local/team-nust-robocup/CMakeFiles/CMakeTmp'
Building C object CMakeFiles/cmTC_cc8ff.dir/src.c.o
/home/umaidzz/Documents/team-nust/ctc-linux32-atom-2.1.4.13/cross/bin/i686-aldebaran-linux-gnu-gcc    -DI_AM_A_ROBOT --sysroot /home/umaidzz/Documents/team-nust/ctc-linux32-atom-2.1.4.13/cross/i686-aldebaran-linux-gnu/sysroot/ -pipe -fomit-frame-pointer -fno-align-jumps -fno-align-functions -fno-align-labels -fno-align-loops -m32 -mtune=generic -DHAVE_AVX2   -mavx2 -o CMakeFiles/cmTC_cc8ff.dir/src.c.o   -c /home/umaidzz/Documents/team-nust/team-nust-robocup-v2/build-V5/Release-Motion/build-local/team-nust-robocup/CMakeFiles/CMakeTmp/src.c
cc1: error: unrecognized command line option "-mavx2"
make[2]: *** [CMakeFiles/cmTC_cc8ff.dir/src.c.o] Error 1
make[2]: Leaving directory `/home/umaidzz/Documents/team-nust/team-nust-robocup-v2/build-V5/Release-Motion/build-local/team-nust-robocup/CMakeFiles/CMakeTmp'
make[1]: *** [cmTC_cc8ff/fast] Error 2
make[1]: Leaving directory `/home/umaidzz/Documents/team-nust/team-nust-robocup-v2/build-V5/Release-Motion/build-local/team-nust-robocup/CMakeFiles/CMakeTmp'

Source file was:
int main(void) { return 0; }
Performing C SOURCE FILE Test HAVE_AVX2 failed with the following output:
Change Dir: /home/umaidzz/Documents/team-nust/team-nust-robocup-v2/build-V5/Release-Motion/build-local/team-nust-robocup/CMakeFiles/CMakeTmp

Run Build Command:"/usr/bin/make" "cmTC_d2a58/fast"
make[1]: Entering directory `/home/umaidzz/Documents/team-nust/team-nust-robocup-v2/build-V5/Release-Motion/build-local/team-nust-robocup/CMakeFiles/CMakeTmp'
/usr/bin/make -f CMakeFiles/cmTC_d2a58.dir/build.make CMakeFiles/cmTC_d2a58.dir/build
make[2]: Entering directory `/home/umaidzz/Documents/team-nust/team-nust-robocup-v2/build-V5/Release-Motion/build-local/team-nust-robocup/CMakeFiles/CMakeTmp'
Building C object CMakeFiles/cmTC_d2a58.dir/src.c.o
/home/umaidzz/Documents/team-nust/ctc-linux32-atom-2.1.4.13/cross/bin/i686-aldebaran-linux-gnu-gcc    -DI_AM_A_ROBOT --sysroot /home/umaidzz/Documents/team-nust/ctc-linux32-atom-2.1.4.13/cross/i686-aldebaran-linux-gnu/sysroot/ -pipe -fomit-frame-pointer -fno-align-jumps -fno-align-functions -fno-align-labels -fno-align-loops -m32 -mtune=generic -DHAVE_AVX2   /arch:AVX2 -o CMakeFiles/cmTC_d2a58.dir/src.c.o   -c /home/umaidzz/Documents/team-nust/team-nust-robocup-v2/build-V5/Release-Motion/build-local/team-nust-robocup/CMakeFiles/CMakeTmp/src.c
i686-aldebaran-linux-gnu-gcc: /arch:AVX2: No such file or directory
make[2]: *** [CMakeFiles/cmTC_d2a58.dir/src.c.o] Error 1
make[2]: *** Deleting file `CMakeFiles/cmTC_d2a58.dir/src.c.o'
make[2]: Leaving directory `/home/umaidzz/Documents/team-nust/team-nust-robocup-v2/build-V5/Release-Motion/build-local/team-nust-robocup/CMakeFiles/CMakeTmp'
make[1]: *** [cmTC_d2a58/fast] Error 2
make[1]: Leaving directory `/home/umaidzz/Documents/team-nust/team-nust-robocup-v2/build-V5/Release-Motion/build-local/team-nust-robocup/CMakeFiles/CMakeTmp'

Source file was:
int main(void) { return 0; }
Performing C SOURCE FILE Test HAVE_THREAD_LOCAL_STORAGE failed with the following output:
Change Dir: /home/umaidzz/Documents/team-nust/team-nust-robocup-v2/build-V5/Release-Motion/build-local/team-nust-robocup/CMakeFiles/CMakeTmp

Run Build Command:"/usr/bin/make" "cmTC_9c77f/fast"
make[1]: Entering directory `/home/umaidzz/Documents/team-nust/team-nust-robocup-v2/build-V5/Release-Motion/build-local/team-nust-robocup/CMakeFiles/CMakeTmp'
/usr/bin/make -f CMakeFiles/cmTC_9c77f.dir/build.make CMakeFiles/cmTC_9c77f.dir/build
make[2]: Entering directory `/home/umaidzz/Documents/team-nust/team-nust-robocup-v2/build-V5/Release-Motion/build-local/team-nust-robocup/CMakeFiles/CMakeTmp'
Building C object CMakeFiles/cmTC_9c77f.dir/src.c.o
/home/umaidzz/Documents/team-nust/ctc-linux32-atom-2.1.4.13/cross/bin/i686-aldebaran-linux-gnu-gcc    -DI_AM_A_ROBOT --sysroot /home/umaidzz/Documents/team-nust/ctc-linux32-atom-2.1.4.13/cross/i686-aldebaran-linux-gnu/sysroot/ -pipe -fomit-frame-pointer -fno-align-jumps -fno-align-functions -fno-align-labels -fno-align-loops -m32 -mtune=generic -DHAVE_THREAD_LOCAL_STORAGE   -o CMakeFiles/cmTC_9c77f.dir/src.c.o   -c /home/umaidzz/Documents/team-nust/team-nust-robocup-v2/build-V5/Release-Motion/build-local/team-nust-robocup/CMakeFiles/CMakeTmp/src.c
/home/umaidzz/Documents/team-nust/team-nust-robocup-v2/build-V5/Release-Motion/build-local/team-nust-robocup/CMakeFiles/CMakeTmp/src.c: In function '__declspec':
/home/umaidzz/Documents/team-nust/team-nust-robocup-v2/build-V5/Release-Motion/build-local/team-nust-robocup/CMakeFiles/CMakeTmp/src.c:3:20: error: expected '=', ',', ';', 'asm' or '__attribute__' before '{' token
/home/umaidzz/Documents/team-nust/team-nust-robocup-v2/build-V5/Release-Motion/build-local/team-nust-robocup/CMakeFiles/CMakeTmp/src.c:2:28: error: declaration for parameter 'tls' but no such parameter
/home/umaidzz/Documents/team-nust/team-nust-robocup-v2/build-V5/Release-Motion/build-local/team-nust-robocup/CMakeFiles/CMakeTmp/src.c:5:5: error: expected '{' at end of input
make[2]: *** [CMakeFiles/cmTC_9c77f.dir/src.c.o] Error 1
make[2]: Leaving directory `/home/umaidzz/Documents/team-nust/team-nust-robocup-v2/build-V5/Release-Motion/build-local/team-nust-robocup/CMakeFiles/CMakeTmp'
make[1]: *** [cmTC_9c77f/fast] Error 2
make[1]: Leaving directory `/home/umaidzz/Documents/team-nust/team-nust-robocup-v2/build-V5/Release-Motion/build-local/team-nust-robocup/CMakeFiles/CMakeTmp'

Source file was:

    __declspec(thread) int tls;
    int main(void) {
        return 0;
    }
Performing C++ SOURCE FILE Test SUPPORTS_STDCXX11 failed with the following output:
Change Dir: /home/umaidzz/Documents/team-nust/team-nust-robocup-v2/build-V5/Release-Motion/build-local/team-nust-robocup/CMakeFiles/CMakeTmp

Run Build Command:"/usr/bin/make" "cmTC_99081/fast"
make[1]: Entering directory `/home/umaidzz/Documents/team-nust/team-nust-robocup-v2/build-V5/Release-Motion/build-local/team-nust-robocup/CMakeFiles/CMakeTmp'
/usr/bin/make -f CMakeFiles/cmTC_99081.dir/build.make CMakeFiles/cmTC_99081.dir/build
make[2]: Entering directory `/home/umaidzz/Documents/team-nust/team-nust-robocup-v2/build-V5/Release-Motion/build-local/team-nust-robocup/CMakeFiles/CMakeTmp'
Building CXX object CMakeFiles/cmTC_99081.dir/src.cxx.o
/home/umaidzz/Documents/team-nust/ctc-linux32-atom-2.1.4.13/cross/bin/i686-aldebaran-linux-gnu-g++     -DI_AM_A_ROBOT --sysroot /home/umaidzz/Documents/team-nust/ctc-linux32-atom-2.1.4.13/cross/i686-aldebaran-linux-gnu/sysroot/ -pipe -fomit-frame-pointer -fno-align-jumps -fno-align-functions -fno-align-labels -fno-align-loops -m32 -mtune=generic -DSUPPORTS_STDCXX11   -std=c++11 -o CMakeFiles/cmTC_99081.dir/src.cxx.o -c /home/umaidzz/Documents/team-nust/team-nust-robocup-v2/build-V5/Release-Motion/build-local/team-nust-robocup/CMakeFiles/CMakeTmp/src.cxx
cc1plus: error: unrecognized command line option "-std=c++11"
make[2]: *** [CMakeFiles/cmTC_99081.dir/src.cxx.o] Error 1
make[2]: Leaving directory `/home/umaidzz/Documents/team-nust/team-nust-robocup-v2/build-V5/Release-Motion/build-local/team-nust-robocup/CMakeFiles/CMakeTmp'
make[1]: *** [cmTC_99081/fast] Error 2
make[1]: Leaving directory `/home/umaidzz/Documents/team-nust/team-nust-robocup-v2/build-V5/Release-Motion/build-local/team-nust-robocup/CMakeFiles/CMakeTmp'

Source file was:
int main() { return 0; }
Determining if the include file altivec.h exists failed with the following output:
Change Dir: /home/umaidzz/Documents/team-nust/team-nust-robocup-v2/build-V5/Release-Motion/build-local/team-nust-robocup/CMakeFiles/CMakeTmp

Run Build Command:"/usr/bin/make" "cmTC_a829a/fast"
make[1]: Entering directory `/home/umaidzz/Documents/team-nust/team-nust-robocup-v2/build-V5/Release-Motion/build-local/team-nust-robocup/CMakeFiles/CMakeTmp'
/usr/bin/make -f CMakeFiles/cmTC_a829a.dir/build.make CMakeFiles/cmTC_a829a.dir/build
make[2]: Entering directory `/home/umaidzz/Documents/team-nust/team-nust-robocup-v2/build-V5/Release-Motion/build-local/team-nust-robocup/CMakeFiles/CMakeTmp'
Building C object CMakeFiles/cmTC_a829a.dir/CheckIncludeFile.c.o
/home/umaidzz/Documents/team-nust/ctc-linux32-atom-2.1.4.13/cross/bin/i686-aldebaran-linux-gnu-gcc    -DI_AM_A_ROBOT --sysroot /home/umaidzz/Documents/team-nust/ctc-linux32-atom-2.1.4.13/cross/i686-aldebaran-linux-gnu/sysroot/ -pipe -fomit-frame-pointer -fno-align-jumps -fno-align-functions -fno-align-labels -fno-align-loops -m32 -mtune=generic    -o CMakeFiles/cmTC_a829a.dir/CheckIncludeFile.c.o   -c /home/umaidzz/Documents/team-nust/team-nust-robocup-v2/build-V5/Release-Motion/build-local/team-nust-robocup/CMakeFiles/CMakeTmp/CheckIncludeFile.c
/home/umaidzz/Documents/team-nust/team-nust-robocup-v2/build-V5/Release-Motion/build-local/team-nust-robocup/CMakeFiles/CMakeTmp/CheckIncludeFile.c:1:21: fatal error: altivec.h: No such file or directory
compilation terminated.
make[2]: *** [CMakeFiles/cmTC_a829a.dir/CheckIncludeFile.c.o] Error 1
make[2]: Leaving directory `/home/umaidzz/Documents/team-nust/team-nust-robocup-v2/build-V5/Release-Motion/build-local/team-nust-robocup/CMakeFiles/CMakeTmp'
make[1]: *** [cmTC_a829a/fast] Error 2
make[1]: Leaving directory `/home/umaidzz/Documents/team-nust/team-nust-robocup-v2/build-V5/Release-Motion/build-local/team-nust-robocup/CMakeFiles/CMakeTmp'


Determining if the include file c_asm.h exists failed with the following output:
Change Dir: /home/umaidzz/Documents/team-nust/team-nust-robocup-v2/build-V5/Release-Motion/build-local/team-nust-robocup/CMakeFiles/CMakeTmp

Run Build Command:"/usr/bin/make" "cmTC_494ed/fast"
make[1]: Entering directory `/home/umaidzz/Documents/team-nust/team-nust-robocup-v2/build-V5/Release-Motion/build-local/team-nust-robocup/CMakeFiles/CMakeTmp'
/usr/bin/make -f CMakeFiles/cmTC_494ed.dir/build.make CMakeFiles/cmTC_494ed.dir/build
make[2]: Entering directory `/home/umaidzz/Documents/team-nust/team-nust-robocup-v2/build-V5/Release-Motion/build-local/team-nust-robocup/CMakeFiles/CMakeTmp'
Building C object CMakeFiles/cmTC_494ed.dir/CheckIncludeFile.c.o
/home/umaidzz/Documents/team-nust/ctc-linux32-atom-2.1.4.13/cross/bin/i686-aldebaran-linux-gnu-gcc    -DI_AM_A_ROBOT --sysroot /home/umaidzz/Documents/team-nust/ctc-linux32-atom-2.1.4.13/cross/i686-aldebaran-linux-gnu/sysroot/ -pipe -fomit-frame-pointer -fno-align-jumps -fno-align-functions -fno-align-labels -fno-align-loops -m32 -mtune=generic    -o CMakeFiles/cmTC_494ed.dir/CheckIncludeFile.c.o   -c /home/umaidzz/Documents/team-nust/team-nust-robocup-v2/build-V5/Release-Motion/build-local/team-nust-robocup/CMakeFiles/CMakeTmp/CheckIncludeFile.c
/home/umaidzz/Documents/team-nust/team-nust-robocup-v2/build-V5/Release-Motion/build-local/team-nust-robocup/CMakeFiles/CMakeTmp/CheckIncludeFile.c:1:19: fatal error: c_asm.h: No such file or directory
compilation terminated.
make[2]: *** [CMakeFiles/cmTC_494ed.dir/CheckIncludeFile.c.o] Error 1
make[2]: Leaving directory `/home/umaidzz/Documents/team-nust/team-nust-robocup-v2/build-V5/Release-Motion/build-local/team-nust-robocup/CMakeFiles/CMakeTmp'
make[1]: *** [cmTC_494ed/fast] Error 2
make[1]: Leaving directory `/home/umaidzz/Documents/team-nust/team-nust-robocup-v2/build-V5/Release-Motion/build-local/team-nust-robocup/CMakeFiles/CMakeTmp'


Determining if the include file intrinsics.h exists failed with the following output:
Change Dir: /home/umaidzz/Documents/team-nust/team-nust-robocup-v2/build-V5/Release-Motion/build-local/team-nust-robocup/CMakeFiles/CMakeTmp

Run Build Command:"/usr/bin/make" "cmTC_7811a/fast"
make[1]: Entering directory `/home/umaidzz/Documents/team-nust/team-nust-robocup-v2/build-V5/Release-Motion/build-local/team-nust-robocup/CMakeFiles/CMakeTmp'
/usr/bin/make -f CMakeFiles/cmTC_7811a.dir/build.make CMakeFiles/cmTC_7811a.dir/build
make[2]: Entering directory `/home/umaidzz/Documents/team-nust/team-nust-robocup-v2/build-V5/Release-Motion/build-local/team-nust-robocup/CMakeFiles/CMakeTmp'
Building C object CMakeFiles/cmTC_7811a.dir/CheckIncludeFile.c.o
/home/umaidzz/Documents/team-nust/ctc-linux32-atom-2.1.4.13/cross/bin/i686-aldebaran-linux-gnu-gcc    -DI_AM_A_ROBOT --sysroot /home/umaidzz/Documents/team-nust/ctc-linux32-atom-2.1.4.13/cross/i686-aldebaran-linux-gnu/sysroot/ -pipe -fomit-frame-pointer -fno-align-jumps -fno-align-functions -fno-align-labels -fno-align-loops -m32 -mtune=generic    -o CMakeFiles/cmTC_7811a.dir/CheckIncludeFile.c.o   -c /home/umaidzz/Documents/team-nust/team-nust-robocup-v2/build-V5/Release-Motion/build-local/team-nust-robocup/CMakeFiles/CMakeTmp/CheckIncludeFile.c
/home/umaidzz/Documents/team-nust/team-nust-robocup-v2/build-V5/Release-Motion/build-local/team-nust-robocup/CMakeFiles/CMakeTmp/CheckIncludeFile.c:1:24: fatal error: intrinsics.h: No such file or directory
compilation terminated.
make[2]: *** [CMakeFiles/cmTC_7811a.dir/CheckIncludeFile.c.o] Error 1
make[2]: Leaving directory `/home/umaidzz/Documents/team-nust/team-nust-robocup-v2/build-V5/Release-Motion/build-local/team-nust-robocup/CMakeFiles/CMakeTmp'
make[1]: *** [cmTC_7811a/fast] Error 2
make[1]: Leaving directory `/home/umaidzz/Documents/team-nust/team-nust-robocup-v2/build-V5/Release-Motion/build-local/team-nust-robocup/CMakeFiles/CMakeTmp'


Determining if the include file mach/mach_time.h exists failed with the following output:
Change Dir: /home/umaidzz/Documents/team-nust/team-nust-robocup-v2/build-V5/Release-Motion/build-local/team-nust-robocup/CMakeFiles/CMakeTmp

Run Build Command:"/usr/bin/make" "cmTC_0bafd/fast"
make[1]: Entering directory `/home/umaidzz/Documents/team-nust/team-nust-robocup-v2/build-V5/Release-Motion/build-local/team-nust-robocup/CMakeFiles/CMakeTmp'
/usr/bin/make -f CMakeFiles/cmTC_0bafd.dir/build.make CMakeFiles/cmTC_0bafd.dir/build
make[2]: Entering directory `/home/umaidzz/Documents/team-nust/team-nust-robocup-v2/build-V5/Release-Motion/build-local/team-nust-robocup/CMakeFiles/CMakeTmp'
Building C object CMakeFiles/cmTC_0bafd.dir/CheckIncludeFile.c.o
/home/umaidzz/Documents/team-nust/ctc-linux32-atom-2.1.4.13/cross/bin/i686-aldebaran-linux-gnu-gcc    -DI_AM_A_ROBOT --sysroot /home/umaidzz/Documents/team-nust/ctc-linux32-atom-2.1.4.13/cross/i686-aldebaran-linux-gnu/sysroot/ -pipe -fomit-frame-pointer -fno-align-jumps -fno-align-functions -fno-align-labels -fno-align-loops -m32 -mtune=generic    -o CMakeFiles/cmTC_0bafd.dir/CheckIncludeFile.c.o   -c /home/umaidzz/Documents/team-nust/team-nust-robocup-v2/build-V5/Release-Motion/build-local/team-nust-robocup/CMakeFiles/CMakeTmp/CheckIncludeFile.c
/home/umaidzz/Documents/team-nust/team-nust-robocup-v2/build-V5/Release-Motion/build-local/team-nust-robocup/CMakeFiles/CMakeTmp/CheckIncludeFile.c:1:28: fatal error: mach/mach_time.h: No such file or directory
compilation terminated.
make[2]: *** [CMakeFiles/cmTC_0bafd.dir/CheckIncludeFile.c.o] Error 1
make[2]: Leaving directory `/home/umaidzz/Documents/team-nust/team-nust-robocup-v2/build-V5/Release-Motion/build-local/team-nust-robocup/CMakeFiles/CMakeTmp'
make[1]: *** [cmTC_0bafd/fast] Error 2
make[1]: Leaving directory `/home/umaidzz/Documents/team-nust/team-nust-robocup-v2/build-V5/Release-Motion/build-local/team-nust-robocup/CMakeFiles/CMakeTmp'


Determining if the include file uintptr.h exists failed with the following output:
Change Dir: /home/umaidzz/Documents/team-nust/team-nust-robocup-v2/build-V5/Release-Motion/build-local/team-nust-robocup/CMakeFiles/CMakeTmp

Run Build Command:"/usr/bin/make" "cmTC_99a11/fast"
make[1]: Entering directory `/home/umaidzz/Documents/team-nust/team-nust-robocup-v2/build-V5/Release-Motion/build-local/team-nust-robocup/CMakeFiles/CMakeTmp'
/usr/bin/make -f CMakeFiles/cmTC_99a11.dir/build.make CMakeFiles/cmTC_99a11.dir/build
make[2]: Entering directory `/home/umaidzz/Documents/team-nust/team-nust-robocup-v2/build-V5/Release-Motion/build-local/team-nust-robocup/CMakeFiles/CMakeTmp'
Building C object CMakeFiles/cmTC_99a11.dir/CheckIncludeFile.c.o
/home/umaidzz/Documents/team-nust/ctc-linux32-atom-2.1.4.13/cross/bin/i686-aldebaran-linux-gnu-gcc    -DI_AM_A_ROBOT --sysroot /home/umaidzz/Documents/team-nust/ctc-linux32-atom-2.1.4.13/cross/i686-aldebaran-linux-gnu/sysroot/ -pipe -fomit-frame-pointer -fno-align-jumps -fno-align-functions -fno-align-labels -fno-align-loops -m32 -mtune=generic    -o CMakeFiles/cmTC_99a11.dir/CheckIncludeFile.c.o   -c /home/umaidzz/Documents/team-nust/team-nust-robocup-v2/build-V5/Release-Motion/build-local/team-nust-robocup/CMakeFiles/CMakeTmp/CheckIncludeFile.c
/home/umaidzz/Documents/team-nust/team-nust-robocup-v2/build-V5/Release-Motion/build-local/team-nust-robocup/CMakeFiles/CMakeTmp/CheckIncludeFile.c:1:21: fatal error: uintptr.h: No such file or directory
compilation terminated.
make[2]: *** [CMakeFiles/cmTC_99a11.dir/CheckIncludeFile.c.o] Error 1
make[2]: Leaving directory `/home/umaidzz/Documents/team-nust/team-nust-robocup-v2/build-V5/Release-Motion/build-local/team-nust-robocup/CMakeFiles/CMakeTmp'
make[1]: *** [cmTC_99a11/fast] Error 2
make[1]: Leaving directory `/home/umaidzz/Documents/team-nust/team-nust-robocup-v2/build-V5/Release-Motion/build-local/team-nust-robocup/CMakeFiles/CMakeTmp'


Determining if the clock_gettime exist failed with the following output:
Change Dir: /home/umaidzz/Documents/team-nust/team-nust-robocup-v2/build-V5/Release-Motion/build-local/team-nust-robocup/CMakeFiles/CMakeTmp

Run Build Command:"/usr/bin/make" "cmTC_7cbf4/fast"
make[1]: Entering directory `/home/umaidzz/Documents/team-nust/team-nust-robocup-v2/build-V5/Release-Motion/build-local/team-nust-robocup/CMakeFiles/CMakeTmp'
/usr/bin/make -f CMakeFiles/cmTC_7cbf4.dir/build.make CMakeFiles/cmTC_7cbf4.dir/build
make[2]: Entering directory `/home/umaidzz/Documents/team-nust/team-nust-robocup-v2/build-V5/Release-Motion/build-local/team-nust-robocup/CMakeFiles/CMakeTmp'
Building C object CMakeFiles/cmTC_7cbf4.dir/CheckSymbolExists.c.o
/home/umaidzz/Documents/team-nust/ctc-linux32-atom-2.1.4.13/cross/bin/i686-aldebaran-linux-gnu-gcc    -DI_AM_A_ROBOT --sysroot /home/umaidzz/Documents/team-nust/ctc-linux32-atom-2.1.4.13/cross/i686-aldebaran-linux-gnu/sysroot/ -pipe -fomit-frame-pointer -fno-align-jumps -fno-align-functions -fno-align-labels -fno-align-loops -m32 -mtune=generic    -o CMakeFiles/cmTC_7cbf4.dir/CheckSymbolExists.c.o   -c /home/umaidzz/Documents/team-nust/team-nust-robocup-v2/build-V5/Release-Motion/build-local/team-nust-robocup/CMakeFiles/CMakeTmp/CheckSymbolExists.c
Linking C executable cmTC_7cbf4
/usr/bin/cmake -E cmake_link_script CMakeFiles/cmTC_7cbf4.dir/link.txt --verbose=1
/home/umaidzz/Documents/team-nust/ctc-linux32-atom-2.1.4.13/cross/bin/i686-aldebaran-linux-gnu-gcc     -DI_AM_A_ROBOT --sysroot /home/umaidzz/Documents/team-nust/ctc-linux32-atom-2.1.4.13/cross/i686-aldebaran-linux-gnu/sysroot/ -pipe -fomit-frame-pointer -fno-align-jumps -fno-align-functions -fno-align-labels -fno-align-loops -m32 -mtune=generic   -Wl,--as-needed,--sysroot,/home/umaidzz/Documents/team-nust/ctc-linux32-atom-2.1.4.13/cross/i686-aldebaran-linux-gnu/sysroot/  CMakeFiles/cmTC_7cbf4.dir/CheckSymbolExists.c.o  -o cmTC_7cbf4 -rdynamic 
CMakeFiles/cmTC_7cbf4.dir/CheckSymbolExists.c.o: In function `main':
CheckSymbolExists.c:(.text+0x1): undefined reference to `clock_gettime'
collect2: ld returned 1 exit status
make[2]: *** [cmTC_7cbf4] Error 1
make[2]: Leaving directory `/home/umaidzz/Documents/team-nust/team-nust-robocup-v2/build-V5/Release-Motion/build-local/team-nust-robocup/CMakeFiles/CMakeTmp'
make[1]: *** [cmTC_7cbf4/fast] Error 2
make[1]: Leaving directory `/home/umaidzz/Documents/team-nust/team-nust-robocup-v2/build-V5/Release-Motion/build-local/team-nust-robocup/CMakeFiles/CMakeTmp'

File /home/umaidzz/Documents/team-nust/team-nust-robocup-v2/build-V5/Release-Motion/build-local/team-nust-robocup/CMakeFiles/CMakeTmp/CheckSymbolExists.c:
/* */
#include <time.h>

int main(int argc, char** argv)
{
  (void)argv;
#ifndef clock_gettime
  return ((int*)(&clock_gettime))[argc];
#else
  (void)argc;
  return 0;
#endif
}

Determining if the mach_absolute_time exist failed with the following output:
Change Dir: /home/umaidzz/Documents/team-nust/team-nust-robocup-v2/build-V5/Release-Motion/build-local/team-nust-robocup/CMakeFiles/CMakeTmp

Run Build Command:"/usr/bin/make" "cmTC_dfc6c/fast"
make[1]: Entering directory `/home/umaidzz/Documents/team-nust/team-nust-robocup-v2/build-V5/Release-Motion/build-local/team-nust-robocup/CMakeFiles/CMakeTmp'
/usr/bin/make -f CMakeFiles/cmTC_dfc6c.dir/build.make CMakeFiles/cmTC_dfc6c.dir/build
make[2]: Entering directory `/home/umaidzz/Documents/team-nust/team-nust-robocup-v2/build-V5/Release-Motion/build-local/team-nust-robocup/CMakeFiles/CMakeTmp'
Building C object CMakeFiles/cmTC_dfc6c.dir/CheckSymbolExists.c.o
/home/umaidzz/Documents/team-nust/ctc-linux32-atom-2.1.4.13/cross/bin/i686-aldebaran-linux-gnu-gcc    -DI_AM_A_ROBOT --sysroot /home/umaidzz/Documents/team-nust/ctc-linux32-atom-2.1.4.13/cross/i686-aldebaran-linux-gnu/sysroot/ -pipe -fomit-frame-pointer -fno-align-jumps -fno-align-functions -fno-align-labels -fno-align-loops -m32 -mtune=generic    -o CMakeFiles/cmTC_dfc6c.dir/CheckSymbolExists.c.o   -c /home/umaidzz/Documents/team-nust/team-nust-robocup-v2/build-V5/Release-Motion/build-local/team-nust-robocup/CMakeFiles/CMakeTmp/CheckSymbolExists.c
/home/umaidzz/Documents/team-nust/team-nust-robocup-v2/build-V5/Release-Motion/build-local/team-nust-robocup/CMakeFiles/CMakeTmp/CheckSymbolExists.c:2:28: fatal error: mach/mach_time.h: No such file or directory
compilation terminated.
make[2]: *** [CMakeFiles/cmTC_dfc6c.dir/CheckSymbolExists.c.o] Error 1
make[2]: Leaving directory `/home/umaidzz/Documents/team-nust/team-nust-robocup-v2/build-V5/Release-Motion/build-local/team-nust-robocup/CMakeFiles/CMakeTmp'
make[1]: *** [cmTC_dfc6c/fast] Error 2
make[1]: Leaving directory `/home/umaidzz/Documents/team-nust/team-nust-robocup-v2/build-V5/Release-Motion/build-local/team-nust-robocup/CMakeFiles/CMakeTmp'

File /home/umaidzz/Documents/team-nust/team-nust-robocup-v2/build-V5/Release-Motion/build-local/team-nust-robocup/CMakeFiles/CMakeTmp/CheckSymbolExists.c:
/* */
#include <mach/mach_time.h>

int main(int argc, char** argv)
{
  (void)argv;
#ifndef mach_absolute_time
  return ((int*)(&mach_absolute_time))[argc];
#else
  (void)argc;
  return 0;
#endif
}

Determining if the sysctl exist failed with the following output:
Change Dir: /home/umaidzz/Documents/team-nust/team-nust-robocup-v2/build-V5/Release-Motion/build-local/team-nust-robocup/CMakeFiles/CMakeTmp

Run Build Command:"/usr/bin/make" "cmTC_236cd/fast"
make[1]: Entering directory `/home/umaidzz/Documents/team-nust/team-nust-robocup-v2/build-V5/Release-Motion/build-local/team-nust-robocup/CMakeFiles/CMakeTmp'
/usr/bin/make -f CMakeFiles/cmTC_236cd.dir/build.make CMakeFiles/cmTC_236cd.dir/build
make[2]: Entering directory `/home/umaidzz/Documents/team-nust/team-nust-robocup-v2/build-V5/Release-Motion/build-local/team-nust-robocup/CMakeFiles/CMakeTmp'
Building C object CMakeFiles/cmTC_236cd.dir/CheckSymbolExists.c.o
/home/umaidzz/Documents/team-nust/ctc-linux32-atom-2.1.4.13/cross/bin/i686-aldebaran-linux-gnu-gcc    -DI_AM_A_ROBOT --sysroot /home/umaidzz/Documents/team-nust/ctc-linux32-atom-2.1.4.13/cross/i686-aldebaran-linux-gnu/sysroot/ -pipe -fomit-frame-pointer -fno-align-jumps -fno-align-functions -fno-align-labels -fno-align-loops -m32 -mtune=generic    -o CMakeFiles/cmTC_236cd.dir/CheckSymbolExists.c.o   -c /home/umaidzz/Documents/team-nust/team-nust-robocup-v2/build-V5/Release-Motion/build-local/team-nust-robocup/CMakeFiles/CMakeTmp/CheckSymbolExists.c
/home/umaidzz/Documents/team-nust/team-nust-robocup-v2/build-V5/Release-Motion/build-local/team-nust-robocup/CMakeFiles/CMakeTmp/CheckSymbolExists.c: In function 'main':
/home/umaidzz/Documents/team-nust/team-nust-robocup-v2/build-V5/Release-Motion/build-local/team-nust-robocup/CMakeFiles/CMakeTmp/CheckSymbolExists.c:8:19: error: 'sysctl' undeclared (first use in this function)
/home/umaidzz/Documents/team-nust/team-nust-robocup-v2/build-V5/Release-Motion/build-local/team-nust-robocup/CMakeFiles/CMakeTmp/CheckSymbolExists.c:8:19: note: each undeclared identifier is reported only once for each function it appears in
make[2]: *** [CMakeFiles/cmTC_236cd.dir/CheckSymbolExists.c.o] Error 1
make[2]: Leaving directory `/home/umaidzz/Documents/team-nust/team-nust-robocup-v2/build-V5/Release-Motion/build-local/team-nust-robocup/CMakeFiles/CMakeTmp'
make[1]: *** [cmTC_236cd/fast] Error 2
make[1]: Leaving directory `/home/umaidzz/Documents/team-nust/team-nust-robocup-v2/build-V5/Release-Motion/build-local/team-nust-robocup/CMakeFiles/CMakeTmp'

File /home/umaidzz/Documents/team-nust/team-nust-robocup-v2/build-V5/Release-Motion/build-local/team-nust-robocup/CMakeFiles/CMakeTmp/CheckSymbolExists.c:
/* */
#include <unistd.h>

int main(int argc, char** argv)
{
  (void)argv;
#ifndef sysctl
  return ((int*)(&sysctl))[argc];
#else
  (void)argc;
  return 0;
#endif
}

Determining if the pthread_create exist failed with the following output:
Change Dir: /home/umaidzz/Documents/team-nust/team-nust-robocup-v2/build-V5/Release-Motion/build-local/team-nust-robocup/CMakeFiles/CMakeTmp

Run Build Command:"/usr/bin/make" "cmTC_81cbc/fast"
make[1]: Entering directory `/home/umaidzz/Documents/team-nust/team-nust-robocup-v2/build-V5/Release-Motion/build-local/team-nust-robocup/CMakeFiles/CMakeTmp'
/usr/bin/make -f CMakeFiles/cmTC_81cbc.dir/build.make CMakeFiles/cmTC_81cbc.dir/build
make[2]: Entering directory `/home/umaidzz/Documents/team-nust/team-nust-robocup-v2/build-V5/Release-Motion/build-local/team-nust-robocup/CMakeFiles/CMakeTmp'
Building C object CMakeFiles/cmTC_81cbc.dir/CheckSymbolExists.c.o
/home/umaidzz/Documents/team-nust/ctc-linux32-atom-2.1.4.13/cross/bin/i686-aldebaran-linux-gnu-gcc    -DI_AM_A_ROBOT --sysroot /home/umaidzz/Documents/team-nust/ctc-linux32-atom-2.1.4.13/cross/i686-aldebaran-linux-gnu/sysroot/ -pipe -fomit-frame-pointer -fno-align-jumps -fno-align-functions -fno-align-labels -fno-align-loops -m32 -mtune=generic    -o CMakeFiles/cmTC_81cbc.dir/CheckSymbolExists.c.o   -c /home/umaidzz/Documents/team-nust/team-nust-robocup-v2/build-V5/Release-Motion/build-local/team-nust-robocup/CMakeFiles/CMakeTmp/CheckSymbolExists.c
Linking C executable cmTC_81cbc
/usr/bin/cmake -E cmake_link_script CMakeFiles/cmTC_81cbc.dir/link.txt --verbose=1
/home/umaidzz/Documents/team-nust/ctc-linux32-atom-2.1.4.13/cross/bin/i686-aldebaran-linux-gnu-gcc     -DI_AM_A_ROBOT --sysroot /home/umaidzz/Documents/team-nust/ctc-linux32-atom-2.1.4.13/cross/i686-aldebaran-linux-gnu/sysroot/ -pipe -fomit-frame-pointer -fno-align-jumps -fno-align-functions -fno-align-labels -fno-align-loops -m32 -mtune=generic   -Wl,--as-needed,--sysroot,/home/umaidzz/Documents/team-nust/ctc-linux32-atom-2.1.4.13/cross/i686-aldebaran-linux-gnu/sysroot/  CMakeFiles/cmTC_81cbc.dir/CheckSymbolExists.c.o  -o cmTC_81cbc -rdynamic -lm 
CMakeFiles/cmTC_81cbc.dir/CheckSymbolExists.c.o: In function `main':
CheckSymbolExists.c:(.text+0x1): undefined reference to `pthread_create'
collect2: ld returned 1 exit status
make[2]: *** [cmTC_81cbc] Error 1
make[2]: Leaving directory `/home/umaidzz/Documents/team-nust/team-nust-robocup-v2/build-V5/Release-Motion/build-local/team-nust-robocup/CMakeFiles/CMakeTmp'
make[1]: *** [cmTC_81cbc/fast] Error 2
make[1]: Leaving directory `/home/umaidzz/Documents/team-nust/team-nust-robocup-v2/build-V5/Release-Motion/build-local/team-nust-robocup/CMakeFiles/CMakeTmp'

File /home/umaidzz/Documents/team-nust/team-nust-robocup-v2/build-V5/Release-Motion/build-local/team-nust-robocup/CMakeFiles/CMakeTmp/CheckSymbolExists.c:
/* */
#include <pthread.h>

int main(int argc, char** argv)
{
  (void)argv;
#ifndef pthread_create
  return ((int*)(&pthread_create))[argc];
#else
  (void)argc;
  return 0;
#endif
}

Determining if the function pthread_create exists in the pthreads failed with the following output:
Change Dir: /home/umaidzz/Documents/team-nust/team-nust-robocup-v2/build-V5/Release-Motion/build-local/team-nust-robocup/CMakeFiles/CMakeTmp

Run Build Command:"/usr/bin/make" "cmTC_0e8c9/fast"
make[1]: Entering directory `/home/umaidzz/Documents/team-nust/team-nust-robocup-v2/build-V5/Release-Motion/build-local/team-nust-robocup/CMakeFiles/CMakeTmp'
/usr/bin/make -f CMakeFiles/cmTC_0e8c9.dir/build.make CMakeFiles/cmTC_0e8c9.dir/build
make[2]: Entering directory `/home/umaidzz/Documents/team-nust/team-nust-robocup-v2/build-V5/Release-Motion/build-local/team-nust-robocup/CMakeFiles/CMakeTmp'
Building C object CMakeFiles/cmTC_0e8c9.dir/CheckFunctionExists.c.o
/home/umaidzz/Documents/team-nust/ctc-linux32-atom-2.1.4.13/cross/bin/i686-aldebaran-linux-gnu-gcc    -DI_AM_A_ROBOT --sysroot /home/umaidzz/Documents/team-nust/ctc-linux32-atom-2.1.4.13/cross/i686-aldebaran-linux-gnu/sysroot/ -pipe -fomit-frame-pointer -fno-align-jumps -fno-align-functions -fno-align-labels -fno-align-loops -m32 -mtune=generic -DCHECK_FUNCTION_EXISTS=pthread_create   -o CMakeFiles/cmTC_0e8c9.dir/CheckFunctionExists.c.o   -c /usr/share/cmake-3.5/Modules/CheckFunctionExists.c
Linking C executable cmTC_0e8c9
/usr/bin/cmake -E cmake_link_script CMakeFiles/cmTC_0e8c9.dir/link.txt --verbose=1
/home/umaidzz/Documents/team-nust/ctc-linux32-atom-2.1.4.13/cross/bin/i686-aldebaran-linux-gnu-gcc     -DI_AM_A_ROBOT --sysroot /home/umaidzz/Documents/team-nust/ctc-linux32-atom-2.1.4.13/cross/i686-aldebaran-linux-gnu/sysroot/ -pipe -fomit-frame-pointer -fno-align-jumps -fno-align-functions -fno-align-labels -fno-align-loops -m32 -mtune=generic -DCHECK_FUNCTION_EXISTS=pthread_create  -Wl,--as-needed,--sysroot,/home/umaidzz/Documents/team-nust/ctc-linux32-atom-2.1.4.13/cross/i686-aldebaran-linux-gnu/sysroot/  CMakeFiles/cmTC_0e8c9.dir/CheckFunctionExists.c.o  -o cmTC_0e8c9 -rdynamic -lpthreads -lm 
/home/umaidzz/Documents/team-nust/ctc-linux32-atom-2.1.4.13/cross/bin/../lib/gcc/i686-aldebaran-linux-gnu/4.5.3/../../../../i686-aldebaran-linux-gnu/bin/ld: cannot find -lpthreads
collect2: ld returned 1 exit status
make[2]: *** [cmTC_0e8c9] Error 1
make[2]: Leaving directory `/home/umaidzz/Documents/team-nust/team-nust-robocup-v2/build-V5/Release-Motion/build-local/team-nust-robocup/CMakeFiles/CMakeTmp'
make[1]: *** [cmTC_0e8c9/fast] Error 2
make[1]: Leaving directory `/home/umaidzz/Documents/team-nust/team-nust-robocup-v2/build-V5/Release-Motion/build-local/team-nust-robocup/CMakeFiles/CMakeTmp'


Performing C SOURCE FILE Test HAVE_AVX2 failed with the following output:
Change Dir: /home/umaidzz/Documents/team-nust/team-nust-robocup-v2/build-V5/Release-Motion/build-local/team-nust-robocup/CMakeFiles/CMakeTmp

Run Build Command:"/usr/bin/make" "cmTC_d45a9/fast"
make[1]: Entering directory `/home/umaidzz/Documents/team-nust/team-nust-robocup-v2/build-V5/Release-Motion/build-local/team-nust-robocup/CMakeFiles/CMakeTmp'
/usr/bin/make -f CMakeFiles/cmTC_d45a9.dir/build.make CMakeFiles/cmTC_d45a9.dir/build
make[2]: Entering directory `/home/umaidzz/Documents/team-nust/team-nust-robocup-v2/build-V5/Release-Motion/build-local/team-nust-robocup/CMakeFiles/CMakeTmp'
Building C object CMakeFiles/cmTC_d45a9.dir/src.c.o
/home/umaidzz/Documents/team-nust/ctc-linux32-atom-2.1.4.13/cross/bin/i686-aldebaran-linux-gnu-gcc    -DI_AM_A_ROBOT --sysroot /home/umaidzz/Documents/team-nust/ctc-linux32-atom-2.1.4.13/cross/i686-aldebaran-linux-gnu/sysroot/ -pipe -fomit-frame-pointer -fno-align-jumps -fno-align-functions -fno-align-labels -fno-align-loops -m32 -mtune=generic -DHAVE_AVX2   -mavx2 -o CMakeFiles/cmTC_d45a9.dir/src.c.o   -c /home/umaidzz/Documents/team-nust/team-nust-robocup-v2/build-V5/Release-Motion/build-local/team-nust-robocup/CMakeFiles/CMakeTmp/src.c
cc1: error: unrecognized command line option "-mavx2"
make[2]: *** [CMakeFiles/cmTC_d45a9.dir/src.c.o] Error 1
make[2]: Leaving directory `/home/umaidzz/Documents/team-nust/team-nust-robocup-v2/build-V5/Release-Motion/build-local/team-nust-robocup/CMakeFiles/CMakeTmp'
make[1]: *** [cmTC_d45a9/fast] Error 2
make[1]: Leaving directory `/home/umaidzz/Documents/team-nust/team-nust-robocup-v2/build-V5/Release-Motion/build-local/team-nust-robocup/CMakeFiles/CMakeTmp'

Source file was:
int main(void) { return 0; }
Performing C SOURCE FILE Test HAVE_AVX2 failed with the following output:
Change Dir: /home/umaidzz/Documents/team-nust/team-nust-robocup-v2/build-V5/Release-Motion/build-local/team-nust-robocup/CMakeFiles/CMakeTmp

Run Build Command:"/usr/bin/make" "cmTC_eb513/fast"
make[1]: Entering directory `/home/umaidzz/Documents/team-nust/team-nust-robocup-v2/build-V5/Release-Motion/build-local/team-nust-robocup/CMakeFiles/CMakeTmp'
/usr/bin/make -f CMakeFiles/cmTC_eb513.dir/build.make CMakeFiles/cmTC_eb513.dir/build
make[2]: Entering directory `/home/umaidzz/Documents/team-nust/team-nust-robocup-v2/build-V5/Release-Motion/build-local/team-nust-robocup/CMakeFiles/CMakeTmp'
Building C object CMakeFiles/cmTC_eb513.dir/src.c.o
/home/umaidzz/Documents/team-nust/ctc-linux32-atom-2.1.4.13/cross/bin/i686-aldebaran-linux-gnu-gcc    -DI_AM_A_ROBOT --sysroot /home/umaidzz/Documents/team-nust/ctc-linux32-atom-2.1.4.13/cross/i686-aldebaran-linux-gnu/sysroot/ -pipe -fomit-frame-pointer -fno-align-jumps -fno-align-functions -fno-align-labels -fno-align-loops -m32 -mtune=generic -DHAVE_AVX2   /arch:AVX2 -o CMakeFiles/cmTC_eb513.dir/src.c.o   -c /home/umaidzz/Documents/team-nust/team-nust-robocup-v2/build-V5/Release-Motion/build-local/team-nust-robocup/CMakeFiles/CMakeTmp/src.c
i686-aldebaran-linux-gnu-gcc: /arch:AVX2: No such file or directory
make[2]: *** [CMakeFiles/cmTC_eb513.dir/src.c.o] Error 1
make[2]: *** Deleting file `CMakeFiles/cmTC_eb513.dir/src.c.o'
make[2]: Leaving directory `/home/umaidzz/Documents/team-nust/team-nust-robocup-v2/build-V5/Release-Motion/build-local/team-nust-robocup/CMakeFiles/CMakeTmp'
make[1]: *** [cmTC_eb513/fast] Error 2
make[1]: Leaving directory `/home/umaidzz/Documents/team-nust/team-nust-robocup-v2/build-V5/Release-Motion/build-local/team-nust-robocup/CMakeFiles/CMakeTmp'

Source file was:
int main(void) { return 0; }
Performing C SOURCE FILE Test HAVE_THREAD_LOCAL_STORAGE failed with the following output:
Change Dir: /home/umaidzz/Documents/team-nust/team-nust-robocup-v2/build-V5/Release-Motion/build-local/team-nust-robocup/CMakeFiles/CMakeTmp

Run Build Command:"/usr/bin/make" "cmTC_9ee9d/fast"
make[1]: Entering directory `/home/umaidzz/Documents/team-nust/team-nust-robocup-v2/build-V5/Release-Motion/build-local/team-nust-robocup/CMakeFiles/CMakeTmp'
/usr/bin/make -f CMakeFiles/cmTC_9ee9d.dir/build.make CMakeFiles/cmTC_9ee9d.dir/build
make[2]: Entering directory `/home/umaidzz/Documents/team-nust/team-nust-robocup-v2/build-V5/Release-Motion/build-local/team-nust-robocup/CMakeFiles/CMakeTmp'
Building C object CMakeFiles/cmTC_9ee9d.dir/src.c.o
/home/umaidzz/Documents/team-nust/ctc-linux32-atom-2.1.4.13/cross/bin/i686-aldebaran-linux-gnu-gcc    -DI_AM_A_ROBOT --sysroot /home/umaidzz/Documents/team-nust/ctc-linux32-atom-2.1.4.13/cross/i686-aldebaran-linux-gnu/sysroot/ -pipe -fomit-frame-pointer -fno-align-jumps -fno-align-functions -fno-align-labels -fno-align-loops -m32 -mtune=generic -DHAVE_THREAD_LOCAL_STORAGE   -o CMakeFiles/cmTC_9ee9d.dir/src.c.o   -c /home/umaidzz/Documents/team-nust/team-nust-robocup-v2/build-V5/Release-Motion/build-local/team-nust-robocup/CMakeFiles/CMakeTmp/src.c
/home/umaidzz/Documents/team-nust/team-nust-robocup-v2/build-V5/Release-Motion/build-local/team-nust-robocup/CMakeFiles/CMakeTmp/src.c: In function '__declspec':
/home/umaidzz/Documents/team-nust/team-nust-robocup-v2/build-V5/Release-Motion/build-local/team-nust-robocup/CMakeFiles/CMakeTmp/src.c:3:20: error: expected '=', ',', ';', 'asm' or '__attribute__' before '{' token
/home/umaidzz/Documents/team-nust/team-nust-robocup-v2/build-V5/Release-Motion/build-local/team-nust-robocup/CMakeFiles/CMakeTmp/src.c:2:28: error: declaration for parameter 'tls' but no such parameter
/home/umaidzz/Documents/team-nust/team-nust-robocup-v2/build-V5/Release-Motion/build-local/team-nust-robocup/CMakeFiles/CMakeTmp/src.c:5:5: error: expected '{' at end of input
make[2]: *** [CMakeFiles/cmTC_9ee9d.dir/src.c.o] Error 1
make[2]: Leaving directory `/home/umaidzz/Documents/team-nust/team-nust-robocup-v2/build-V5/Release-Motion/build-local/team-nust-robocup/CMakeFiles/CMakeTmp'
make[1]: *** [cmTC_9ee9d/fast] Error 2
make[1]: Leaving directory `/home/umaidzz/Documents/team-nust/team-nust-robocup-v2/build-V5/Release-Motion/build-local/team-nust-robocup/CMakeFiles/CMakeTmp'

Source file was:

    __declspec(thread) int tls;
    int main(void) {
        return 0;
    }
Performing C++ SOURCE FILE Test SUPPORTS_STDCXX11 failed with the following output:
Change Dir: /home/umaidzz/Documents/team-nust/team-nust-robocup-v2/build-V5/Release-Motion/build-local/team-nust-robocup/CMakeFiles/CMakeTmp

Run Build Command:"/usr/bin/make" "cmTC_96a62/fast"
make[1]: Entering directory `/home/umaidzz/Documents/team-nust/team-nust-robocup-v2/build-V5/Release-Motion/build-local/team-nust-robocup/CMakeFiles/CMakeTmp'
/usr/bin/make -f CMakeFiles/cmTC_96a62.dir/build.make CMakeFiles/cmTC_96a62.dir/build
make[2]: Entering directory `/home/umaidzz/Documents/team-nust/team-nust-robocup-v2/build-V5/Release-Motion/build-local/team-nust-robocup/CMakeFiles/CMakeTmp'
Building CXX object CMakeFiles/cmTC_96a62.dir/src.cxx.o
/home/umaidzz/Documents/team-nust/ctc-linux32-atom-2.1.4.13/cross/bin/i686-aldebaran-linux-gnu-g++     -DI_AM_A_ROBOT --sysroot /home/umaidzz/Documents/team-nust/ctc-linux32-atom-2.1.4.13/cross/i686-aldebaran-linux-gnu/sysroot/ -pipe -fomit-frame-pointer -fno-align-jumps -fno-align-functions -fno-align-labels -fno-align-loops -m32 -mtune=generic -DSUPPORTS_STDCXX11   -std=c++11 -o CMakeFiles/cmTC_96a62.dir/src.cxx.o -c /home/umaidzz/Documents/team-nust/team-nust-robocup-v2/build-V5/Release-Motion/build-local/team-nust-robocup/CMakeFiles/CMakeTmp/src.cxx
cc1plus: error: unrecognized command line option "-std=c++11"
make[2]: *** [CMakeFiles/cmTC_96a62.dir/src.cxx.o] Error 1
make[2]: Leaving directory `/home/umaidzz/Documents/team-nust/team-nust-robocup-v2/build-V5/Release-Motion/build-local/team-nust-robocup/CMakeFiles/CMakeTmp'
make[1]: *** [cmTC_96a62/fast] Error 2
make[1]: Leaving directory `/home/umaidzz/Documents/team-nust/team-nust-robocup-v2/build-V5/Release-Motion/build-local/team-nust-robocup/CMakeFiles/CMakeTmp'

Source file was:
int main() { return 0; }
Determining if the include file altivec.h exists failed with the following output:
Change Dir: /home/umaidzz/Documents/team-nust/team-nust-robocup-v2/build-V5/Release-Motion/build-local/team-nust-robocup/CMakeFiles/CMakeTmp

Run Build Command:"/usr/bin/make" "cmTC_92ed4/fast"
make[1]: Entering directory `/home/umaidzz/Documents/team-nust/team-nust-robocup-v2/build-V5/Release-Motion/build-local/team-nust-robocup/CMakeFiles/CMakeTmp'
/usr/bin/make -f CMakeFiles/cmTC_92ed4.dir/build.make CMakeFiles/cmTC_92ed4.dir/build
make[2]: Entering directory `/home/umaidzz/Documents/team-nust/team-nust-robocup-v2/build-V5/Release-Motion/build-local/team-nust-robocup/CMakeFiles/CMakeTmp'
Building C object CMakeFiles/cmTC_92ed4.dir/CheckIncludeFile.c.o
/home/umaidzz/Documents/team-nust/ctc-linux32-atom-2.1.4.13/cross/bin/i686-aldebaran-linux-gnu-gcc    -DI_AM_A_ROBOT --sysroot /home/umaidzz/Documents/team-nust/ctc-linux32-atom-2.1.4.13/cross/i686-aldebaran-linux-gnu/sysroot/ -pipe -fomit-frame-pointer -fno-align-jumps -fno-align-functions -fno-align-labels -fno-align-loops -m32 -mtune=generic    -o CMakeFiles/cmTC_92ed4.dir/CheckIncludeFile.c.o   -c /home/umaidzz/Documents/team-nust/team-nust-robocup-v2/build-V5/Release-Motion/build-local/team-nust-robocup/CMakeFiles/CMakeTmp/CheckIncludeFile.c
/home/umaidzz/Documents/team-nust/team-nust-robocup-v2/build-V5/Release-Motion/build-local/team-nust-robocup/CMakeFiles/CMakeTmp/CheckIncludeFile.c:1:21: fatal error: altivec.h: No such file or directory
compilation terminated.
make[2]: *** [CMakeFiles/cmTC_92ed4.dir/CheckIncludeFile.c.o] Error 1
make[2]: Leaving directory `/home/umaidzz/Documents/team-nust/team-nust-robocup-v2/build-V5/Release-Motion/build-local/team-nust-robocup/CMakeFiles/CMakeTmp'
make[1]: *** [cmTC_92ed4/fast] Error 2
make[1]: Leaving directory `/home/umaidzz/Documents/team-nust/team-nust-robocup-v2/build-V5/Release-Motion/build-local/team-nust-robocup/CMakeFiles/CMakeTmp'


Determining if the include file c_asm.h exists failed with the following output:
Change Dir: /home/umaidzz/Documents/team-nust/team-nust-robocup-v2/build-V5/Release-Motion/build-local/team-nust-robocup/CMakeFiles/CMakeTmp

Run Build Command:"/usr/bin/make" "cmTC_1393e/fast"
make[1]: Entering directory `/home/umaidzz/Documents/team-nust/team-nust-robocup-v2/build-V5/Release-Motion/build-local/team-nust-robocup/CMakeFiles/CMakeTmp'
/usr/bin/make -f CMakeFiles/cmTC_1393e.dir/build.make CMakeFiles/cmTC_1393e.dir/build
make[2]: Entering directory `/home/umaidzz/Documents/team-nust/team-nust-robocup-v2/build-V5/Release-Motion/build-local/team-nust-robocup/CMakeFiles/CMakeTmp'
Building C object CMakeFiles/cmTC_1393e.dir/CheckIncludeFile.c.o
/home/umaidzz/Documents/team-nust/ctc-linux32-atom-2.1.4.13/cross/bin/i686-aldebaran-linux-gnu-gcc    -DI_AM_A_ROBOT --sysroot /home/umaidzz/Documents/team-nust/ctc-linux32-atom-2.1.4.13/cross/i686-aldebaran-linux-gnu/sysroot/ -pipe -fomit-frame-pointer -fno-align-jumps -fno-align-functions -fno-align-labels -fno-align-loops -m32 -mtune=generic    -o CMakeFiles/cmTC_1393e.dir/CheckIncludeFile.c.o   -c /home/umaidzz/Documents/team-nust/team-nust-robocup-v2/build-V5/Release-Motion/build-local/team-nust-robocup/CMakeFiles/CMakeTmp/CheckIncludeFile.c
/home/umaidzz/Documents/team-nust/team-nust-robocup-v2/build-V5/Release-Motion/build-local/team-nust-robocup/CMakeFiles/CMakeTmp/CheckIncludeFile.c:1:19: fatal error: c_asm.h: No such file or directory
compilation terminated.
make[2]: *** [CMakeFiles/cmTC_1393e.dir/CheckIncludeFile.c.o] Error 1
make[2]: Leaving directory `/home/umaidzz/Documents/team-nust/team-nust-robocup-v2/build-V5/Release-Motion/build-local/team-nust-robocup/CMakeFiles/CMakeTmp'
make[1]: *** [cmTC_1393e/fast] Error 2
make[1]: Leaving directory `/home/umaidzz/Documents/team-nust/team-nust-robocup-v2/build-V5/Release-Motion/build-local/team-nust-robocup/CMakeFiles/CMakeTmp'


Determining if the include file intrinsics.h exists failed with the following output:
Change Dir: /home/umaidzz/Documents/team-nust/team-nust-robocup-v2/build-V5/Release-Motion/build-local/team-nust-robocup/CMakeFiles/CMakeTmp

Run Build Command:"/usr/bin/make" "cmTC_8bd7c/fast"
make[1]: Entering directory `/home/umaidzz/Documents/team-nust/team-nust-robocup-v2/build-V5/Release-Motion/build-local/team-nust-robocup/CMakeFiles/CMakeTmp'
/usr/bin/make -f CMakeFiles/cmTC_8bd7c.dir/build.make CMakeFiles/cmTC_8bd7c.dir/build
make[2]: Entering directory `/home/umaidzz/Documents/team-nust/team-nust-robocup-v2/build-V5/Release-Motion/build-local/team-nust-robocup/CMakeFiles/CMakeTmp'
Building C object CMakeFiles/cmTC_8bd7c.dir/CheckIncludeFile.c.o
/home/umaidzz/Documents/team-nust/ctc-linux32-atom-2.1.4.13/cross/bin/i686-aldebaran-linux-gnu-gcc    -DI_AM_A_ROBOT --sysroot /home/umaidzz/Documents/team-nust/ctc-linux32-atom-2.1.4.13/cross/i686-aldebaran-linux-gnu/sysroot/ -pipe -fomit-frame-pointer -fno-align-jumps -fno-align-functions -fno-align-labels -fno-align-loops -m32 -mtune=generic    -o CMakeFiles/cmTC_8bd7c.dir/CheckIncludeFile.c.o   -c /home/umaidzz/Documents/team-nust/team-nust-robocup-v2/build-V5/Release-Motion/build-local/team-nust-robocup/CMakeFiles/CMakeTmp/CheckIncludeFile.c
/home/umaidzz/Documents/team-nust/team-nust-robocup-v2/build-V5/Release-Motion/build-local/team-nust-robocup/CMakeFiles/CMakeTmp/CheckIncludeFile.c:1:24: fatal error: intrinsics.h: No such file or directory
compilation terminated.
make[2]: *** [CMakeFiles/cmTC_8bd7c.dir/CheckIncludeFile.c.o] Error 1
make[2]: Leaving directory `/home/umaidzz/Documents/team-nust/team-nust-robocup-v2/build-V5/Release-Motion/build-local/team-nust-robocup/CMakeFiles/CMakeTmp'
make[1]: *** [cmTC_8bd7c/fast] Error 2
make[1]: Leaving directory `/home/umaidzz/Documents/team-nust/team-nust-robocup-v2/build-V5/Release-Motion/build-local/team-nust-robocup/CMakeFiles/CMakeTmp'


Determining if the include file mach/mach_time.h exists failed with the following output:
Change Dir: /home/umaidzz/Documents/team-nust/team-nust-robocup-v2/build-V5/Release-Motion/build-local/team-nust-robocup/CMakeFiles/CMakeTmp

Run Build Command:"/usr/bin/make" "cmTC_690a9/fast"
make[1]: Entering directory `/home/umaidzz/Documents/team-nust/team-nust-robocup-v2/build-V5/Release-Motion/build-local/team-nust-robocup/CMakeFiles/CMakeTmp'
/usr/bin/make -f CMakeFiles/cmTC_690a9.dir/build.make CMakeFiles/cmTC_690a9.dir/build
make[2]: Entering directory `/home/umaidzz/Documents/team-nust/team-nust-robocup-v2/build-V5/Release-Motion/build-local/team-nust-robocup/CMakeFiles/CMakeTmp'
Building C object CMakeFiles/cmTC_690a9.dir/CheckIncludeFile.c.o
/home/umaidzz/Documents/team-nust/ctc-linux32-atom-2.1.4.13/cross/bin/i686-aldebaran-linux-gnu-gcc    -DI_AM_A_ROBOT --sysroot /home/umaidzz/Documents/team-nust/ctc-linux32-atom-2.1.4.13/cross/i686-aldebaran-linux-gnu/sysroot/ -pipe -fomit-frame-pointer -fno-align-jumps -fno-align-functions -fno-align-labels -fno-align-loops -m32 -mtune=generic    -o CMakeFiles/cmTC_690a9.dir/CheckIncludeFile.c.o   -c /home/umaidzz/Documents/team-nust/team-nust-robocup-v2/build-V5/Release-Motion/build-local/team-nust-robocup/CMakeFiles/CMakeTmp/CheckIncludeFile.c
/home/umaidzz/Documents/team-nust/team-nust-robocup-v2/build-V5/Release-Motion/build-local/team-nust-robocup/CMakeFiles/CMakeTmp/CheckIncludeFile.c:1:28: fatal error: mach/mach_time.h: No such file or directory
compilation terminated.
make[2]: *** [CMakeFiles/cmTC_690a9.dir/CheckIncludeFile.c.o] Error 1
make[2]: Leaving directory `/home/umaidzz/Documents/team-nust/team-nust-robocup-v2/build-V5/Release-Motion/build-local/team-nust-robocup/CMakeFiles/CMakeTmp'
make[1]: *** [cmTC_690a9/fast] Error 2
make[1]: Leaving directory `/home/umaidzz/Documents/team-nust/team-nust-robocup-v2/build-V5/Release-Motion/build-local/team-nust-robocup/CMakeFiles/CMakeTmp'


Determining if the include file uintptr.h exists failed with the following output:
Change Dir: /home/umaidzz/Documents/team-nust/team-nust-robocup-v2/build-V5/Release-Motion/build-local/team-nust-robocup/CMakeFiles/CMakeTmp

Run Build Command:"/usr/bin/make" "cmTC_ccf69/fast"
make[1]: Entering directory `/home/umaidzz/Documents/team-nust/team-nust-robocup-v2/build-V5/Release-Motion/build-local/team-nust-robocup/CMakeFiles/CMakeTmp'
/usr/bin/make -f CMakeFiles/cmTC_ccf69.dir/build.make CMakeFiles/cmTC_ccf69.dir/build
make[2]: Entering directory `/home/umaidzz/Documents/team-nust/team-nust-robocup-v2/build-V5/Release-Motion/build-local/team-nust-robocup/CMakeFiles/CMakeTmp'
Building C object CMakeFiles/cmTC_ccf69.dir/CheckIncludeFile.c.o
/home/umaidzz/Documents/team-nust/ctc-linux32-atom-2.1.4.13/cross/bin/i686-aldebaran-linux-gnu-gcc    -DI_AM_A_ROBOT --sysroot /home/umaidzz/Documents/team-nust/ctc-linux32-atom-2.1.4.13/cross/i686-aldebaran-linux-gnu/sysroot/ -pipe -fomit-frame-pointer -fno-align-jumps -fno-align-functions -fno-align-labels -fno-align-loops -m32 -mtune=generic    -o CMakeFiles/cmTC_ccf69.dir/CheckIncludeFile.c.o   -c /home/umaidzz/Documents/team-nust/team-nust-robocup-v2/build-V5/Release-Motion/build-local/team-nust-robocup/CMakeFiles/CMakeTmp/CheckIncludeFile.c
/home/umaidzz/Documents/team-nust/team-nust-robocup-v2/build-V5/Release-Motion/build-local/team-nust-robocup/CMakeFiles/CMakeTmp/CheckIncludeFile.c:1:21: fatal error: uintptr.h: No such file or directory
compilation terminated.
make[2]: *** [CMakeFiles/cmTC_ccf69.dir/CheckIncludeFile.c.o] Error 1
make[2]: Leaving directory `/home/umaidzz/Documents/team-nust/team-nust-robocup-v2/build-V5/Release-Motion/build-local/team-nust-robocup/CMakeFiles/CMakeTmp'
make[1]: *** [cmTC_ccf69/fast] Error 2
make[1]: Leaving directory `/home/umaidzz/Documents/team-nust/team-nust-robocup-v2/build-V5/Release-Motion/build-local/team-nust-robocup/CMakeFiles/CMakeTmp'


Determining if the clock_gettime exist failed with the following output:
Change Dir: /home/umaidzz/Documents/team-nust/team-nust-robocup-v2/build-V5/Release-Motion/build-local/team-nust-robocup/CMakeFiles/CMakeTmp

Run Build Command:"/usr/bin/make" "cmTC_920a3/fast"
make[1]: Entering directory `/home/umaidzz/Documents/team-nust/team-nust-robocup-v2/build-V5/Release-Motion/build-local/team-nust-robocup/CMakeFiles/CMakeTmp'
/usr/bin/make -f CMakeFiles/cmTC_920a3.dir/build.make CMakeFiles/cmTC_920a3.dir/build
make[2]: Entering directory `/home/umaidzz/Documents/team-nust/team-nust-robocup-v2/build-V5/Release-Motion/build-local/team-nust-robocup/CMakeFiles/CMakeTmp'
Building C object CMakeFiles/cmTC_920a3.dir/CheckSymbolExists.c.o
/home/umaidzz/Documents/team-nust/ctc-linux32-atom-2.1.4.13/cross/bin/i686-aldebaran-linux-gnu-gcc    -DI_AM_A_ROBOT --sysroot /home/umaidzz/Documents/team-nust/ctc-linux32-atom-2.1.4.13/cross/i686-aldebaran-linux-gnu/sysroot/ -pipe -fomit-frame-pointer -fno-align-jumps -fno-align-functions -fno-align-labels -fno-align-loops -m32 -mtune=generic    -o CMakeFiles/cmTC_920a3.dir/CheckSymbolExists.c.o   -c /home/umaidzz/Documents/team-nust/team-nust-robocup-v2/build-V5/Release-Motion/build-local/team-nust-robocup/CMakeFiles/CMakeTmp/CheckSymbolExists.c
Linking C executable cmTC_920a3
/usr/bin/cmake -E cmake_link_script CMakeFiles/cmTC_920a3.dir/link.txt --verbose=1
/home/umaidzz/Documents/team-nust/ctc-linux32-atom-2.1.4.13/cross/bin/i686-aldebaran-linux-gnu-gcc     -DI_AM_A_ROBOT --sysroot /home/umaidzz/Documents/team-nust/ctc-linux32-atom-2.1.4.13/cross/i686-aldebaran-linux-gnu/sysroot/ -pipe -fomit-frame-pointer -fno-align-jumps -fno-align-functions -fno-align-labels -fno-align-loops -m32 -mtune=generic   -Wl,--as-needed,--sysroot,/home/umaidzz/Documents/team-nust/ctc-linux32-atom-2.1.4.13/cross/i686-aldebaran-linux-gnu/sysroot/  CMakeFiles/cmTC_920a3.dir/CheckSymbolExists.c.o  -o cmTC_920a3 -rdynamic 
CMakeFiles/cmTC_920a3.dir/CheckSymbolExists.c.o: In function `main':
CheckSymbolExists.c:(.text+0x1): undefined reference to `clock_gettime'
collect2: ld returned 1 exit status
make[2]: *** [cmTC_920a3] Error 1
make[2]: Leaving directory `/home/umaidzz/Documents/team-nust/team-nust-robocup-v2/build-V5/Release-Motion/build-local/team-nust-robocup/CMakeFiles/CMakeTmp'
make[1]: *** [cmTC_920a3/fast] Error 2
make[1]: Leaving directory `/home/umaidzz/Documents/team-nust/team-nust-robocup-v2/build-V5/Release-Motion/build-local/team-nust-robocup/CMakeFiles/CMakeTmp'

File /home/umaidzz/Documents/team-nust/team-nust-robocup-v2/build-V5/Release-Motion/build-local/team-nust-robocup/CMakeFiles/CMakeTmp/CheckSymbolExists.c:
/* */
#include <time.h>

int main(int argc, char** argv)
{
  (void)argv;
#ifndef clock_gettime
  return ((int*)(&clock_gettime))[argc];
#else
  (void)argc;
  return 0;
#endif
}

Determining if the mach_absolute_time exist failed with the following output:
Change Dir: /home/umaidzz/Documents/team-nust/team-nust-robocup-v2/build-V5/Release-Motion/build-local/team-nust-robocup/CMakeFiles/CMakeTmp

Run Build Command:"/usr/bin/make" "cmTC_3809d/fast"
make[1]: Entering directory `/home/umaidzz/Documents/team-nust/team-nust-robocup-v2/build-V5/Release-Motion/build-local/team-nust-robocup/CMakeFiles/CMakeTmp'
/usr/bin/make -f CMakeFiles/cmTC_3809d.dir/build.make CMakeFiles/cmTC_3809d.dir/build
make[2]: Entering directory `/home/umaidzz/Documents/team-nust/team-nust-robocup-v2/build-V5/Release-Motion/build-local/team-nust-robocup/CMakeFiles/CMakeTmp'
Building C object CMakeFiles/cmTC_3809d.dir/CheckSymbolExists.c.o
/home/umaidzz/Documents/team-nust/ctc-linux32-atom-2.1.4.13/cross/bin/i686-aldebaran-linux-gnu-gcc    -DI_AM_A_ROBOT --sysroot /home/umaidzz/Documents/team-nust/ctc-linux32-atom-2.1.4.13/cross/i686-aldebaran-linux-gnu/sysroot/ -pipe -fomit-frame-pointer -fno-align-jumps -fno-align-functions -fno-align-labels -fno-align-loops -m32 -mtune=generic    -o CMakeFiles/cmTC_3809d.dir/CheckSymbolExists.c.o   -c /home/umaidzz/Documents/team-nust/team-nust-robocup-v2/build-V5/Release-Motion/build-local/team-nust-robocup/CMakeFiles/CMakeTmp/CheckSymbolExists.c
/home/umaidzz/Documents/team-nust/team-nust-robocup-v2/build-V5/Release-Motion/build-local/team-nust-robocup/CMakeFiles/CMakeTmp/CheckSymbolExists.c:2:28: fatal error: mach/mach_time.h: No such file or directory
compilation terminated.
make[2]: *** [CMakeFiles/cmTC_3809d.dir/CheckSymbolExists.c.o] Error 1
make[2]: Leaving directory `/home/umaidzz/Documents/team-nust/team-nust-robocup-v2/build-V5/Release-Motion/build-local/team-nust-robocup/CMakeFiles/CMakeTmp'
make[1]: *** [cmTC_3809d/fast] Error 2
make[1]: Leaving directory `/home/umaidzz/Documents/team-nust/team-nust-robocup-v2/build-V5/Release-Motion/build-local/team-nust-robocup/CMakeFiles/CMakeTmp'

File /home/umaidzz/Documents/team-nust/team-nust-robocup-v2/build-V5/Release-Motion/build-local/team-nust-robocup/CMakeFiles/CMakeTmp/CheckSymbolExists.c:
/* */
#include <mach/mach_time.h>

int main(int argc, char** argv)
{
  (void)argv;
#ifndef mach_absolute_time
  return ((int*)(&mach_absolute_time))[argc];
#else
  (void)argc;
  return 0;
#endif
}

Determining if the sysctl exist failed with the following output:
Change Dir: /home/umaidzz/Documents/team-nust/team-nust-robocup-v2/build-V5/Release-Motion/build-local/team-nust-robocup/CMakeFiles/CMakeTmp

Run Build Command:"/usr/bin/make" "cmTC_4b47f/fast"
make[1]: Entering directory `/home/umaidzz/Documents/team-nust/team-nust-robocup-v2/build-V5/Release-Motion/build-local/team-nust-robocup/CMakeFiles/CMakeTmp'
/usr/bin/make -f CMakeFiles/cmTC_4b47f.dir/build.make CMakeFiles/cmTC_4b47f.dir/build
make[2]: Entering directory `/home/umaidzz/Documents/team-nust/team-nust-robocup-v2/build-V5/Release-Motion/build-local/team-nust-robocup/CMakeFiles/CMakeTmp'
Building C object CMakeFiles/cmTC_4b47f.dir/CheckSymbolExists.c.o
/home/umaidzz/Documents/team-nust/ctc-linux32-atom-2.1.4.13/cross/bin/i686-aldebaran-linux-gnu-gcc    -DI_AM_A_ROBOT --sysroot /home/umaidzz/Documents/team-nust/ctc-linux32-atom-2.1.4.13/cross/i686-aldebaran-linux-gnu/sysroot/ -pipe -fomit-frame-pointer -fno-align-jumps -fno-align-functions -fno-align-labels -fno-align-loops -m32 -mtune=generic    -o CMakeFiles/cmTC_4b47f.dir/CheckSymbolExists.c.o   -c /home/umaidzz/Documents/team-nust/team-nust-robocup-v2/build-V5/Release-Motion/build-local/team-nust-robocup/CMakeFiles/CMakeTmp/CheckSymbolExists.c
/home/umaidzz/Documents/team-nust/team-nust-robocup-v2/build-V5/Release-Motion/build-local/team-nust-robocup/CMakeFiles/CMakeTmp/CheckSymbolExists.c: In function 'main':
/home/umaidzz/Documents/team-nust/team-nust-robocup-v2/build-V5/Release-Motion/build-local/team-nust-robocup/CMakeFiles/CMakeTmp/CheckSymbolExists.c:8:19: error: 'sysctl' undeclared (first use in this function)
/home/umaidzz/Documents/team-nust/team-nust-robocup-v2/build-V5/Release-Motion/build-local/team-nust-robocup/CMakeFiles/CMakeTmp/CheckSymbolExists.c:8:19: note: each undeclared identifier is reported only once for each function it appears in
make[2]: *** [CMakeFiles/cmTC_4b47f.dir/CheckSymbolExists.c.o] Error 1
make[2]: Leaving directory `/home/umaidzz/Documents/team-nust/team-nust-robocup-v2/build-V5/Release-Motion/build-local/team-nust-robocup/CMakeFiles/CMakeTmp'
make[1]: *** [cmTC_4b47f/fast] Error 2
make[1]: Leaving directory `/home/umaidzz/Documents/team-nust/team-nust-robocup-v2/build-V5/Release-Motion/build-local/team-nust-robocup/CMakeFiles/CMakeTmp'

File /home/umaidzz/Documents/team-nust/team-nust-robocup-v2/build-V5/Release-Motion/build-local/team-nust-robocup/CMakeFiles/CMakeTmp/CheckSymbolExists.c:
/* */
#include <unistd.h>

int main(int argc, char** argv)
{
  (void)argv;
#ifndef sysctl
  return ((int*)(&sysctl))[argc];
#else
  (void)argc;
  return 0;
#endif
}

Determining if the pthread_create exist failed with the following output:
Change Dir: /home/umaidzz/Documents/team-nust/team-nust-robocup-v2/build-V5/Release-Motion/build-local/team-nust-robocup/CMakeFiles/CMakeTmp

Run Build Command:"/usr/bin/make" "cmTC_f8e1b/fast"
make[1]: Entering directory `/home/umaidzz/Documents/team-nust/team-nust-robocup-v2/build-V5/Release-Motion/build-local/team-nust-robocup/CMakeFiles/CMakeTmp'
/usr/bin/make -f CMakeFiles/cmTC_f8e1b.dir/build.make CMakeFiles/cmTC_f8e1b.dir/build
make[2]: Entering directory `/home/umaidzz/Documents/team-nust/team-nust-robocup-v2/build-V5/Release-Motion/build-local/team-nust-robocup/CMakeFiles/CMakeTmp'
Building C object CMakeFiles/cmTC_f8e1b.dir/CheckSymbolExists.c.o
/home/umaidzz/Documents/team-nust/ctc-linux32-atom-2.1.4.13/cross/bin/i686-aldebaran-linux-gnu-gcc    -DI_AM_A_ROBOT --sysroot /home/umaidzz/Documents/team-nust/ctc-linux32-atom-2.1.4.13/cross/i686-aldebaran-linux-gnu/sysroot/ -pipe -fomit-frame-pointer -fno-align-jumps -fno-align-functions -fno-align-labels -fno-align-loops -m32 -mtune=generic    -o CMakeFiles/cmTC_f8e1b.dir/CheckSymbolExists.c.o   -c /home/umaidzz/Documents/team-nust/team-nust-robocup-v2/build-V5/Release-Motion/build-local/team-nust-robocup/CMakeFiles/CMakeTmp/CheckSymbolExists.c
Linking C executable cmTC_f8e1b
/usr/bin/cmake -E cmake_link_script CMakeFiles/cmTC_f8e1b.dir/link.txt --verbose=1
/home/umaidzz/Documents/team-nust/ctc-linux32-atom-2.1.4.13/cross/bin/i686-aldebaran-linux-gnu-gcc     -DI_AM_A_ROBOT --sysroot /home/umaidzz/Documents/team-nust/ctc-linux32-atom-2.1.4.13/cross/i686-aldebaran-linux-gnu/sysroot/ -pipe -fomit-frame-pointer -fno-align-jumps -fno-align-functions -fno-align-labels -fno-align-loops -m32 -mtune=generic   -Wl,--as-needed,--sysroot,/home/umaidzz/Documents/team-nust/ctc-linux32-atom-2.1.4.13/cross/i686-aldebaran-linux-gnu/sysroot/  CMakeFiles/cmTC_f8e1b.dir/CheckSymbolExists.c.o  -o cmTC_f8e1b -rdynamic -lm 
CMakeFiles/cmTC_f8e1b.dir/CheckSymbolExists.c.o: In function `main':
CheckSymbolExists.c:(.text+0x1): undefined reference to `pthread_create'
collect2: ld returned 1 exit status
make[2]: *** [cmTC_f8e1b] Error 1
make[2]: Leaving directory `/home/umaidzz/Documents/team-nust/team-nust-robocup-v2/build-V5/Release-Motion/build-local/team-nust-robocup/CMakeFiles/CMakeTmp'
make[1]: *** [cmTC_f8e1b/fast] Error 2
make[1]: Leaving directory `/home/umaidzz/Documents/team-nust/team-nust-robocup-v2/build-V5/Release-Motion/build-local/team-nust-robocup/CMakeFiles/CMakeTmp'

File /home/umaidzz/Documents/team-nust/team-nust-robocup-v2/build-V5/Release-Motion/build-local/team-nust-robocup/CMakeFiles/CMakeTmp/CheckSymbolExists.c:
/* */
#include <pthread.h>

int main(int argc, char** argv)
{
  (void)argv;
#ifndef pthread_create
  return ((int*)(&pthread_create))[argc];
#else
  (void)argc;
  return 0;
#endif
}

Determining if the function pthread_create exists in the pthreads failed with the following output:
Change Dir: /home/umaidzz/Documents/team-nust/team-nust-robocup-v2/build-V5/Release-Motion/build-local/team-nust-robocup/CMakeFiles/CMakeTmp

Run Build Command:"/usr/bin/make" "cmTC_3ab23/fast"
make[1]: Entering directory `/home/umaidzz/Documents/team-nust/team-nust-robocup-v2/build-V5/Release-Motion/build-local/team-nust-robocup/CMakeFiles/CMakeTmp'
/usr/bin/make -f CMakeFiles/cmTC_3ab23.dir/build.make CMakeFiles/cmTC_3ab23.dir/build
make[2]: Entering directory `/home/umaidzz/Documents/team-nust/team-nust-robocup-v2/build-V5/Release-Motion/build-local/team-nust-robocup/CMakeFiles/CMakeTmp'
Building C object CMakeFiles/cmTC_3ab23.dir/CheckFunctionExists.c.o
/home/umaidzz/Documents/team-nust/ctc-linux32-atom-2.1.4.13/cross/bin/i686-aldebaran-linux-gnu-gcc    -DI_AM_A_ROBOT --sysroot /home/umaidzz/Documents/team-nust/ctc-linux32-atom-2.1.4.13/cross/i686-aldebaran-linux-gnu/sysroot/ -pipe -fomit-frame-pointer -fno-align-jumps -fno-align-functions -fno-align-labels -fno-align-loops -m32 -mtune=generic -DCHECK_FUNCTION_EXISTS=pthread_create   -o CMakeFiles/cmTC_3ab23.dir/CheckFunctionExists.c.o   -c /usr/share/cmake-3.5/Modules/CheckFunctionExists.c
Linking C executable cmTC_3ab23
/usr/bin/cmake -E cmake_link_script CMakeFiles/cmTC_3ab23.dir/link.txt --verbose=1
/home/umaidzz/Documents/team-nust/ctc-linux32-atom-2.1.4.13/cross/bin/i686-aldebaran-linux-gnu-gcc     -DI_AM_A_ROBOT --sysroot /home/umaidzz/Documents/team-nust/ctc-linux32-atom-2.1.4.13/cross/i686-aldebaran-linux-gnu/sysroot/ -pipe -fomit-frame-pointer -fno-align-jumps -fno-align-functions -fno-align-labels -fno-align-loops -m32 -mtune=generic -DCHECK_FUNCTION_EXISTS=pthread_create  -Wl,--as-needed,--sysroot,/home/umaidzz/Documents/team-nust/ctc-linux32-atom-2.1.4.13/cross/i686-aldebaran-linux-gnu/sysroot/  CMakeFiles/cmTC_3ab23.dir/CheckFunctionExists.c.o  -o cmTC_3ab23 -rdynamic -lpthreads -lm 
/home/umaidzz/Documents/team-nust/ctc-linux32-atom-2.1.4.13/cross/bin/../lib/gcc/i686-aldebaran-linux-gnu/4.5.3/../../../../i686-aldebaran-linux-gnu/bin/ld: cannot find -lpthreads
collect2: ld returned 1 exit status
make[2]: *** [cmTC_3ab23] Error 1
make[2]: Leaving directory `/home/umaidzz/Documents/team-nust/team-nust-robocup-v2/build-V5/Release-Motion/build-local/team-nust-robocup/CMakeFiles/CMakeTmp'
make[1]: *** [cmTC_3ab23/fast] Error 2
make[1]: Leaving directory `/home/umaidzz/Documents/team-nust/team-nust-robocup-v2/build-V5/Release-Motion/build-local/team-nust-robocup/CMakeFiles/CMakeTmp'


Performing C SOURCE FILE Test HAVE_AVX2 failed with the following output:
Change Dir: /home/umaidzz/Documents/team-nust/team-nust-robocup-v2/build-V5/Release-Motion/build-local/team-nust-robocup/CMakeFiles/CMakeTmp

Run Build Command:"/usr/bin/make" "cmTC_7f726/fast"
make[1]: Entering directory `/home/umaidzz/Documents/team-nust/team-nust-robocup-v2/build-V5/Release-Motion/build-local/team-nust-robocup/CMakeFiles/CMakeTmp'
/usr/bin/make -f CMakeFiles/cmTC_7f726.dir/build.make CMakeFiles/cmTC_7f726.dir/build
make[2]: Entering directory `/home/umaidzz/Documents/team-nust/team-nust-robocup-v2/build-V5/Release-Motion/build-local/team-nust-robocup/CMakeFiles/CMakeTmp'
Building C object CMakeFiles/cmTC_7f726.dir/src.c.o
/home/umaidzz/Documents/team-nust/ctc-linux32-atom-2.1.4.13/cross/bin/i686-aldebaran-linux-gnu-gcc    -DI_AM_A_ROBOT --sysroot /home/umaidzz/Documents/team-nust/ctc-linux32-atom-2.1.4.13/cross/i686-aldebaran-linux-gnu/sysroot/ -pipe -fomit-frame-pointer -fno-align-jumps -fno-align-functions -fno-align-labels -fno-align-loops -m32 -mtune=generic -DHAVE_AVX2   -mavx2 -o CMakeFiles/cmTC_7f726.dir/src.c.o   -c /home/umaidzz/Documents/team-nust/team-nust-robocup-v2/build-V5/Release-Motion/build-local/team-nust-robocup/CMakeFiles/CMakeTmp/src.c
cc1: error: unrecognized command line option "-mavx2"
make[2]: *** [CMakeFiles/cmTC_7f726.dir/src.c.o] Error 1
make[2]: Leaving directory `/home/umaidzz/Documents/team-nust/team-nust-robocup-v2/build-V5/Release-Motion/build-local/team-nust-robocup/CMakeFiles/CMakeTmp'
make[1]: *** [cmTC_7f726/fast] Error 2
make[1]: Leaving directory `/home/umaidzz/Documents/team-nust/team-nust-robocup-v2/build-V5/Release-Motion/build-local/team-nust-robocup/CMakeFiles/CMakeTmp'

Source file was:
int main(void) { return 0; }
Performing C SOURCE FILE Test HAVE_AVX2 failed with the following output:
Change Dir: /home/umaidzz/Documents/team-nust/team-nust-robocup-v2/build-V5/Release-Motion/build-local/team-nust-robocup/CMakeFiles/CMakeTmp

Run Build Command:"/usr/bin/make" "cmTC_1f9e7/fast"
make[1]: Entering directory `/home/umaidzz/Documents/team-nust/team-nust-robocup-v2/build-V5/Release-Motion/build-local/team-nust-robocup/CMakeFiles/CMakeTmp'
/usr/bin/make -f CMakeFiles/cmTC_1f9e7.dir/build.make CMakeFiles/cmTC_1f9e7.dir/build
make[2]: Entering directory `/home/umaidzz/Documents/team-nust/team-nust-robocup-v2/build-V5/Release-Motion/build-local/team-nust-robocup/CMakeFiles/CMakeTmp'
Building C object CMakeFiles/cmTC_1f9e7.dir/src.c.o
/home/umaidzz/Documents/team-nust/ctc-linux32-atom-2.1.4.13/cross/bin/i686-aldebaran-linux-gnu-gcc    -DI_AM_A_ROBOT --sysroot /home/umaidzz/Documents/team-nust/ctc-linux32-atom-2.1.4.13/cross/i686-aldebaran-linux-gnu/sysroot/ -pipe -fomit-frame-pointer -fno-align-jumps -fno-align-functions -fno-align-labels -fno-align-loops -m32 -mtune=generic -DHAVE_AVX2   /arch:AVX2 -o CMakeFiles/cmTC_1f9e7.dir/src.c.o   -c /home/umaidzz/Documents/team-nust/team-nust-robocup-v2/build-V5/Release-Motion/build-local/team-nust-robocup/CMakeFiles/CMakeTmp/src.c
i686-aldebaran-linux-gnu-gcc: /arch:AVX2: No such file or directory
make[2]: *** [CMakeFiles/cmTC_1f9e7.dir/src.c.o] Error 1
make[2]: *** Deleting file `CMakeFiles/cmTC_1f9e7.dir/src.c.o'
make[2]: Leaving directory `/home/umaidzz/Documents/team-nust/team-nust-robocup-v2/build-V5/Release-Motion/build-local/team-nust-robocup/CMakeFiles/CMakeTmp'
make[1]: *** [cmTC_1f9e7/fast] Error 2
make[1]: Leaving directory `/home/umaidzz/Documents/team-nust/team-nust-robocup-v2/build-V5/Release-Motion/build-local/team-nust-robocup/CMakeFiles/CMakeTmp'

Source file was:
int main(void) { return 0; }
Performing C SOURCE FILE Test HAVE_THREAD_LOCAL_STORAGE failed with the following output:
Change Dir: /home/umaidzz/Documents/team-nust/team-nust-robocup-v2/build-V5/Release-Motion/build-local/team-nust-robocup/CMakeFiles/CMakeTmp

Run Build Command:"/usr/bin/make" "cmTC_e1396/fast"
make[1]: Entering directory `/home/umaidzz/Documents/team-nust/team-nust-robocup-v2/build-V5/Release-Motion/build-local/team-nust-robocup/CMakeFiles/CMakeTmp'
/usr/bin/make -f CMakeFiles/cmTC_e1396.dir/build.make CMakeFiles/cmTC_e1396.dir/build
make[2]: Entering directory `/home/umaidzz/Documents/team-nust/team-nust-robocup-v2/build-V5/Release-Motion/build-local/team-nust-robocup/CMakeFiles/CMakeTmp'
Building C object CMakeFiles/cmTC_e1396.dir/src.c.o
/home/umaidzz/Documents/team-nust/ctc-linux32-atom-2.1.4.13/cross/bin/i686-aldebaran-linux-gnu-gcc    -DI_AM_A_ROBOT --sysroot /home/umaidzz/Documents/team-nust/ctc-linux32-atom-2.1.4.13/cross/i686-aldebaran-linux-gnu/sysroot/ -pipe -fomit-frame-pointer -fno-align-jumps -fno-align-functions -fno-align-labels -fno-align-loops -m32 -mtune=generic -DHAVE_THREAD_LOCAL_STORAGE   -o CMakeFiles/cmTC_e1396.dir/src.c.o   -c /home/umaidzz/Documents/team-nust/team-nust-robocup-v2/build-V5/Release-Motion/build-local/team-nust-robocup/CMakeFiles/CMakeTmp/src.c
/home/umaidzz/Documents/team-nust/team-nust-robocup-v2/build-V5/Release-Motion/build-local/team-nust-robocup/CMakeFiles/CMakeTmp/src.c: In function '__declspec':
/home/umaidzz/Documents/team-nust/team-nust-robocup-v2/build-V5/Release-Motion/build-local/team-nust-robocup/CMakeFiles/CMakeTmp/src.c:3:20: error: expected '=', ',', ';', 'asm' or '__attribute__' before '{' token
/home/umaidzz/Documents/team-nust/team-nust-robocup-v2/build-V5/Release-Motion/build-local/team-nust-robocup/CMakeFiles/CMakeTmp/src.c:2:28: error: declaration for parameter 'tls' but no such parameter
/home/umaidzz/Documents/team-nust/team-nust-robocup-v2/build-V5/Release-Motion/build-local/team-nust-robocup/CMakeFiles/CMakeTmp/src.c:5:5: error: expected '{' at end of input
make[2]: *** [CMakeFiles/cmTC_e1396.dir/src.c.o] Error 1
make[2]: Leaving directory `/home/umaidzz/Documents/team-nust/team-nust-robocup-v2/build-V5/Release-Motion/build-local/team-nust-robocup/CMakeFiles/CMakeTmp'
make[1]: *** [cmTC_e1396/fast] Error 2
make[1]: Leaving directory `/home/umaidzz/Documents/team-nust/team-nust-robocup-v2/build-V5/Release-Motion/build-local/team-nust-robocup/CMakeFiles/CMakeTmp'

Source file was:

    __declspec(thread) int tls;
    int main(void) {
        return 0;
    }
Performing C++ SOURCE FILE Test SUPPORTS_STDCXX11 failed with the following output:
Change Dir: /home/umaidzz/Documents/team-nust/team-nust-robocup-v2/build-V5/Release-Motion/build-local/team-nust-robocup/CMakeFiles/CMakeTmp

Run Build Command:"/usr/bin/make" "cmTC_676e7/fast"
make[1]: Entering directory `/home/umaidzz/Documents/team-nust/team-nust-robocup-v2/build-V5/Release-Motion/build-local/team-nust-robocup/CMakeFiles/CMakeTmp'
/usr/bin/make -f CMakeFiles/cmTC_676e7.dir/build.make CMakeFiles/cmTC_676e7.dir/build
make[2]: Entering directory `/home/umaidzz/Documents/team-nust/team-nust-robocup-v2/build-V5/Release-Motion/build-local/team-nust-robocup/CMakeFiles/CMakeTmp'
Building CXX object CMakeFiles/cmTC_676e7.dir/src.cxx.o
/home/umaidzz/Documents/team-nust/ctc-linux32-atom-2.1.4.13/cross/bin/i686-aldebaran-linux-gnu-g++     -DI_AM_A_ROBOT --sysroot /home/umaidzz/Documents/team-nust/ctc-linux32-atom-2.1.4.13/cross/i686-aldebaran-linux-gnu/sysroot/ -pipe -fomit-frame-pointer -fno-align-jumps -fno-align-functions -fno-align-labels -fno-align-loops -m32 -mtune=generic -DSUPPORTS_STDCXX11   -std=c++11 -o CMakeFiles/cmTC_676e7.dir/src.cxx.o -c /home/umaidzz/Documents/team-nust/team-nust-robocup-v2/build-V5/Release-Motion/build-local/team-nust-robocup/CMakeFiles/CMakeTmp/src.cxx
cc1plus: error: unrecognized command line option "-std=c++11"
make[2]: *** [CMakeFiles/cmTC_676e7.dir/src.cxx.o] Error 1
make[2]: Leaving directory `/home/umaidzz/Documents/team-nust/team-nust-robocup-v2/build-V5/Release-Motion/build-local/team-nust-robocup/CMakeFiles/CMakeTmp'
make[1]: *** [cmTC_676e7/fast] Error 2
make[1]: Leaving directory `/home/umaidzz/Documents/team-nust/team-nust-robocup-v2/build-V5/Release-Motion/build-local/team-nust-robocup/CMakeFiles/CMakeTmp'

Source file was:
int main() { return 0; }
Determining if the include file altivec.h exists failed with the following output:
Change Dir: /home/umaidzz/Documents/team-nust/team-nust-robocup-v2/build-V5/Release-Motion/build-local/team-nust-robocup/CMakeFiles/CMakeTmp

Run Build Command:"/usr/bin/make" "cmTC_0cbba/fast"
make[1]: Entering directory `/home/umaidzz/Documents/team-nust/team-nust-robocup-v2/build-V5/Release-Motion/build-local/team-nust-robocup/CMakeFiles/CMakeTmp'
/usr/bin/make -f CMakeFiles/cmTC_0cbba.dir/build.make CMakeFiles/cmTC_0cbba.dir/build
make[2]: Entering directory `/home/umaidzz/Documents/team-nust/team-nust-robocup-v2/build-V5/Release-Motion/build-local/team-nust-robocup/CMakeFiles/CMakeTmp'
Building C object CMakeFiles/cmTC_0cbba.dir/CheckIncludeFile.c.o
/home/umaidzz/Documents/team-nust/ctc-linux32-atom-2.1.4.13/cross/bin/i686-aldebaran-linux-gnu-gcc    -DI_AM_A_ROBOT --sysroot /home/umaidzz/Documents/team-nust/ctc-linux32-atom-2.1.4.13/cross/i686-aldebaran-linux-gnu/sysroot/ -pipe -fomit-frame-pointer -fno-align-jumps -fno-align-functions -fno-align-labels -fno-align-loops -m32 -mtune=generic    -o CMakeFiles/cmTC_0cbba.dir/CheckIncludeFile.c.o   -c /home/umaidzz/Documents/team-nust/team-nust-robocup-v2/build-V5/Release-Motion/build-local/team-nust-robocup/CMakeFiles/CMakeTmp/CheckIncludeFile.c
/home/umaidzz/Documents/team-nust/team-nust-robocup-v2/build-V5/Release-Motion/build-local/team-nust-robocup/CMakeFiles/CMakeTmp/CheckIncludeFile.c:1:21: fatal error: altivec.h: No such file or directory
compilation terminated.
make[2]: *** [CMakeFiles/cmTC_0cbba.dir/CheckIncludeFile.c.o] Error 1
make[2]: Leaving directory `/home/umaidzz/Documents/team-nust/team-nust-robocup-v2/build-V5/Release-Motion/build-local/team-nust-robocup/CMakeFiles/CMakeTmp'
make[1]: *** [cmTC_0cbba/fast] Error 2
make[1]: Leaving directory `/home/umaidzz/Documents/team-nust/team-nust-robocup-v2/build-V5/Release-Motion/build-local/team-nust-robocup/CMakeFiles/CMakeTmp'


Determining if the include file c_asm.h exists failed with the following output:
Change Dir: /home/umaidzz/Documents/team-nust/team-nust-robocup-v2/build-V5/Release-Motion/build-local/team-nust-robocup/CMakeFiles/CMakeTmp

Run Build Command:"/usr/bin/make" "cmTC_9d99d/fast"
make[1]: Entering directory `/home/umaidzz/Documents/team-nust/team-nust-robocup-v2/build-V5/Release-Motion/build-local/team-nust-robocup/CMakeFiles/CMakeTmp'
/usr/bin/make -f CMakeFiles/cmTC_9d99d.dir/build.make CMakeFiles/cmTC_9d99d.dir/build
make[2]: Entering directory `/home/umaidzz/Documents/team-nust/team-nust-robocup-v2/build-V5/Release-Motion/build-local/team-nust-robocup/CMakeFiles/CMakeTmp'
Building C object CMakeFiles/cmTC_9d99d.dir/CheckIncludeFile.c.o
/home/umaidzz/Documents/team-nust/ctc-linux32-atom-2.1.4.13/cross/bin/i686-aldebaran-linux-gnu-gcc    -DI_AM_A_ROBOT --sysroot /home/umaidzz/Documents/team-nust/ctc-linux32-atom-2.1.4.13/cross/i686-aldebaran-linux-gnu/sysroot/ -pipe -fomit-frame-pointer -fno-align-jumps -fno-align-functions -fno-align-labels -fno-align-loops -m32 -mtune=generic    -o CMakeFiles/cmTC_9d99d.dir/CheckIncludeFile.c.o   -c /home/umaidzz/Documents/team-nust/team-nust-robocup-v2/build-V5/Release-Motion/build-local/team-nust-robocup/CMakeFiles/CMakeTmp/CheckIncludeFile.c
/home/umaidzz/Documents/team-nust/team-nust-robocup-v2/build-V5/Release-Motion/build-local/team-nust-robocup/CMakeFiles/CMakeTmp/CheckIncludeFile.c:1:19: fatal error: c_asm.h: No such file or directory
compilation terminated.
make[2]: *** [CMakeFiles/cmTC_9d99d.dir/CheckIncludeFile.c.o] Error 1
make[2]: Leaving directory `/home/umaidzz/Documents/team-nust/team-nust-robocup-v2/build-V5/Release-Motion/build-local/team-nust-robocup/CMakeFiles/CMakeTmp'
make[1]: *** [cmTC_9d99d/fast] Error 2
make[1]: Leaving directory `/home/umaidzz/Documents/team-nust/team-nust-robocup-v2/build-V5/Release-Motion/build-local/team-nust-robocup/CMakeFiles/CMakeTmp'


Determining if the include file intrinsics.h exists failed with the following output:
Change Dir: /home/umaidzz/Documents/team-nust/team-nust-robocup-v2/build-V5/Release-Motion/build-local/team-nust-robocup/CMakeFiles/CMakeTmp

Run Build Command:"/usr/bin/make" "cmTC_9fb05/fast"
make[1]: Entering directory `/home/umaidzz/Documents/team-nust/team-nust-robocup-v2/build-V5/Release-Motion/build-local/team-nust-robocup/CMakeFiles/CMakeTmp'
/usr/bin/make -f CMakeFiles/cmTC_9fb05.dir/build.make CMakeFiles/cmTC_9fb05.dir/build
make[2]: Entering directory `/home/umaidzz/Documents/team-nust/team-nust-robocup-v2/build-V5/Release-Motion/build-local/team-nust-robocup/CMakeFiles/CMakeTmp'
Building C object CMakeFiles/cmTC_9fb05.dir/CheckIncludeFile.c.o
/home/umaidzz/Documents/team-nust/ctc-linux32-atom-2.1.4.13/cross/bin/i686-aldebaran-linux-gnu-gcc    -DI_AM_A_ROBOT --sysroot /home/umaidzz/Documents/team-nust/ctc-linux32-atom-2.1.4.13/cross/i686-aldebaran-linux-gnu/sysroot/ -pipe -fomit-frame-pointer -fno-align-jumps -fno-align-functions -fno-align-labels -fno-align-loops -m32 -mtune=generic    -o CMakeFiles/cmTC_9fb05.dir/CheckIncludeFile.c.o   -c /home/umaidzz/Documents/team-nust/team-nust-robocup-v2/build-V5/Release-Motion/build-local/team-nust-robocup/CMakeFiles/CMakeTmp/CheckIncludeFile.c
/home/umaidzz/Documents/team-nust/team-nust-robocup-v2/build-V5/Release-Motion/build-local/team-nust-robocup/CMakeFiles/CMakeTmp/CheckIncludeFile.c:1:24: fatal error: intrinsics.h: No such file or directory
compilation terminated.
make[2]: *** [CMakeFiles/cmTC_9fb05.dir/CheckIncludeFile.c.o] Error 1
make[2]: Leaving directory `/home/umaidzz/Documents/team-nust/team-nust-robocup-v2/build-V5/Release-Motion/build-local/team-nust-robocup/CMakeFiles/CMakeTmp'
make[1]: *** [cmTC_9fb05/fast] Error 2
make[1]: Leaving directory `/home/umaidzz/Documents/team-nust/team-nust-robocup-v2/build-V5/Release-Motion/build-local/team-nust-robocup/CMakeFiles/CMakeTmp'


Determining if the include file mach/mach_time.h exists failed with the following output:
Change Dir: /home/umaidzz/Documents/team-nust/team-nust-robocup-v2/build-V5/Release-Motion/build-local/team-nust-robocup/CMakeFiles/CMakeTmp

Run Build Command:"/usr/bin/make" "cmTC_74063/fast"
make[1]: Entering directory `/home/umaidzz/Documents/team-nust/team-nust-robocup-v2/build-V5/Release-Motion/build-local/team-nust-robocup/CMakeFiles/CMakeTmp'
/usr/bin/make -f CMakeFiles/cmTC_74063.dir/build.make CMakeFiles/cmTC_74063.dir/build
make[2]: Entering directory `/home/umaidzz/Documents/team-nust/team-nust-robocup-v2/build-V5/Release-Motion/build-local/team-nust-robocup/CMakeFiles/CMakeTmp'
Building C object CMakeFiles/cmTC_74063.dir/CheckIncludeFile.c.o
/home/umaidzz/Documents/team-nust/ctc-linux32-atom-2.1.4.13/cross/bin/i686-aldebaran-linux-gnu-gcc    -DI_AM_A_ROBOT --sysroot /home/umaidzz/Documents/team-nust/ctc-linux32-atom-2.1.4.13/cross/i686-aldebaran-linux-gnu/sysroot/ -pipe -fomit-frame-pointer -fno-align-jumps -fno-align-functions -fno-align-labels -fno-align-loops -m32 -mtune=generic    -o CMakeFiles/cmTC_74063.dir/CheckIncludeFile.c.o   -c /home/umaidzz/Documents/team-nust/team-nust-robocup-v2/build-V5/Release-Motion/build-local/team-nust-robocup/CMakeFiles/CMakeTmp/CheckIncludeFile.c
/home/umaidzz/Documents/team-nust/team-nust-robocup-v2/build-V5/Release-Motion/build-local/team-nust-robocup/CMakeFiles/CMakeTmp/CheckIncludeFile.c:1:28: fatal error: mach/mach_time.h: No such file or directory
compilation terminated.
make[2]: *** [CMakeFiles/cmTC_74063.dir/CheckIncludeFile.c.o] Error 1
make[2]: Leaving directory `/home/umaidzz/Documents/team-nust/team-nust-robocup-v2/build-V5/Release-Motion/build-local/team-nust-robocup/CMakeFiles/CMakeTmp'
make[1]: *** [cmTC_74063/fast] Error 2
make[1]: Leaving directory `/home/umaidzz/Documents/team-nust/team-nust-robocup-v2/build-V5/Release-Motion/build-local/team-nust-robocup/CMakeFiles/CMakeTmp'


Determining if the include file uintptr.h exists failed with the following output:
Change Dir: /home/umaidzz/Documents/team-nust/team-nust-robocup-v2/build-V5/Release-Motion/build-local/team-nust-robocup/CMakeFiles/CMakeTmp

Run Build Command:"/usr/bin/make" "cmTC_0914f/fast"
make[1]: Entering directory `/home/umaidzz/Documents/team-nust/team-nust-robocup-v2/build-V5/Release-Motion/build-local/team-nust-robocup/CMakeFiles/CMakeTmp'
/usr/bin/make -f CMakeFiles/cmTC_0914f.dir/build.make CMakeFiles/cmTC_0914f.dir/build
make[2]: Entering directory `/home/umaidzz/Documents/team-nust/team-nust-robocup-v2/build-V5/Release-Motion/build-local/team-nust-robocup/CMakeFiles/CMakeTmp'
Building C object CMakeFiles/cmTC_0914f.dir/CheckIncludeFile.c.o
/home/umaidzz/Documents/team-nust/ctc-linux32-atom-2.1.4.13/cross/bin/i686-aldebaran-linux-gnu-gcc    -DI_AM_A_ROBOT --sysroot /home/umaidzz/Documents/team-nust/ctc-linux32-atom-2.1.4.13/cross/i686-aldebaran-linux-gnu/sysroot/ -pipe -fomit-frame-pointer -fno-align-jumps -fno-align-functions -fno-align-labels -fno-align-loops -m32 -mtune=generic    -o CMakeFiles/cmTC_0914f.dir/CheckIncludeFile.c.o   -c /home/umaidzz/Documents/team-nust/team-nust-robocup-v2/build-V5/Release-Motion/build-local/team-nust-robocup/CMakeFiles/CMakeTmp/CheckIncludeFile.c
/home/umaidzz/Documents/team-nust/team-nust-robocup-v2/build-V5/Release-Motion/build-local/team-nust-robocup/CMakeFiles/CMakeTmp/CheckIncludeFile.c:1:21: fatal error: uintptr.h: No such file or directory
compilation terminated.
make[2]: *** [CMakeFiles/cmTC_0914f.dir/CheckIncludeFile.c.o] Error 1
make[2]: Leaving directory `/home/umaidzz/Documents/team-nust/team-nust-robocup-v2/build-V5/Release-Motion/build-local/team-nust-robocup/CMakeFiles/CMakeTmp'
make[1]: *** [cmTC_0914f/fast] Error 2
make[1]: Leaving directory `/home/umaidzz/Documents/team-nust/team-nust-robocup-v2/build-V5/Release-Motion/build-local/team-nust-robocup/CMakeFiles/CMakeTmp'


Determining if the clock_gettime exist failed with the following output:
Change Dir: /home/umaidzz/Documents/team-nust/team-nust-robocup-v2/build-V5/Release-Motion/build-local/team-nust-robocup/CMakeFiles/CMakeTmp

Run Build Command:"/usr/bin/make" "cmTC_5032d/fast"
make[1]: Entering directory `/home/umaidzz/Documents/team-nust/team-nust-robocup-v2/build-V5/Release-Motion/build-local/team-nust-robocup/CMakeFiles/CMakeTmp'
/usr/bin/make -f CMakeFiles/cmTC_5032d.dir/build.make CMakeFiles/cmTC_5032d.dir/build
make[2]: Entering directory `/home/umaidzz/Documents/team-nust/team-nust-robocup-v2/build-V5/Release-Motion/build-local/team-nust-robocup/CMakeFiles/CMakeTmp'
Building C object CMakeFiles/cmTC_5032d.dir/CheckSymbolExists.c.o
/home/umaidzz/Documents/team-nust/ctc-linux32-atom-2.1.4.13/cross/bin/i686-aldebaran-linux-gnu-gcc    -DI_AM_A_ROBOT --sysroot /home/umaidzz/Documents/team-nust/ctc-linux32-atom-2.1.4.13/cross/i686-aldebaran-linux-gnu/sysroot/ -pipe -fomit-frame-pointer -fno-align-jumps -fno-align-functions -fno-align-labels -fno-align-loops -m32 -mtune=generic    -o CMakeFiles/cmTC_5032d.dir/CheckSymbolExists.c.o   -c /home/umaidzz/Documents/team-nust/team-nust-robocup-v2/build-V5/Release-Motion/build-local/team-nust-robocup/CMakeFiles/CMakeTmp/CheckSymbolExists.c
Linking C executable cmTC_5032d
/usr/bin/cmake -E cmake_link_script CMakeFiles/cmTC_5032d.dir/link.txt --verbose=1
/home/umaidzz/Documents/team-nust/ctc-linux32-atom-2.1.4.13/cross/bin/i686-aldebaran-linux-gnu-gcc     -DI_AM_A_ROBOT --sysroot /home/umaidzz/Documents/team-nust/ctc-linux32-atom-2.1.4.13/cross/i686-aldebaran-linux-gnu/sysroot/ -pipe -fomit-frame-pointer -fno-align-jumps -fno-align-functions -fno-align-labels -fno-align-loops -m32 -mtune=generic   -Wl,--as-needed,--sysroot,/home/umaidzz/Documents/team-nust/ctc-linux32-atom-2.1.4.13/cross/i686-aldebaran-linux-gnu/sysroot/  CMakeFiles/cmTC_5032d.dir/CheckSymbolExists.c.o  -o cmTC_5032d -rdynamic 
CMakeFiles/cmTC_5032d.dir/CheckSymbolExists.c.o: In function `main':
CheckSymbolExists.c:(.text+0x1): undefined reference to `clock_gettime'
collect2: ld returned 1 exit status
make[2]: *** [cmTC_5032d] Error 1
make[2]: Leaving directory `/home/umaidzz/Documents/team-nust/team-nust-robocup-v2/build-V5/Release-Motion/build-local/team-nust-robocup/CMakeFiles/CMakeTmp'
make[1]: *** [cmTC_5032d/fast] Error 2
make[1]: Leaving directory `/home/umaidzz/Documents/team-nust/team-nust-robocup-v2/build-V5/Release-Motion/build-local/team-nust-robocup/CMakeFiles/CMakeTmp'

File /home/umaidzz/Documents/team-nust/team-nust-robocup-v2/build-V5/Release-Motion/build-local/team-nust-robocup/CMakeFiles/CMakeTmp/CheckSymbolExists.c:
/* */
#include <time.h>

int main(int argc, char** argv)
{
  (void)argv;
#ifndef clock_gettime
  return ((int*)(&clock_gettime))[argc];
#else
  (void)argc;
  return 0;
#endif
}

Determining if the mach_absolute_time exist failed with the following output:
Change Dir: /home/umaidzz/Documents/team-nust/team-nust-robocup-v2/build-V5/Release-Motion/build-local/team-nust-robocup/CMakeFiles/CMakeTmp

Run Build Command:"/usr/bin/make" "cmTC_e3b1f/fast"
make[1]: Entering directory `/home/umaidzz/Documents/team-nust/team-nust-robocup-v2/build-V5/Release-Motion/build-local/team-nust-robocup/CMakeFiles/CMakeTmp'
/usr/bin/make -f CMakeFiles/cmTC_e3b1f.dir/build.make CMakeFiles/cmTC_e3b1f.dir/build
make[2]: Entering directory `/home/umaidzz/Documents/team-nust/team-nust-robocup-v2/build-V5/Release-Motion/build-local/team-nust-robocup/CMakeFiles/CMakeTmp'
Building C object CMakeFiles/cmTC_e3b1f.dir/CheckSymbolExists.c.o
/home/umaidzz/Documents/team-nust/ctc-linux32-atom-2.1.4.13/cross/bin/i686-aldebaran-linux-gnu-gcc    -DI_AM_A_ROBOT --sysroot /home/umaidzz/Documents/team-nust/ctc-linux32-atom-2.1.4.13/cross/i686-aldebaran-linux-gnu/sysroot/ -pipe -fomit-frame-pointer -fno-align-jumps -fno-align-functions -fno-align-labels -fno-align-loops -m32 -mtune=generic    -o CMakeFiles/cmTC_e3b1f.dir/CheckSymbolExists.c.o   -c /home/umaidzz/Documents/team-nust/team-nust-robocup-v2/build-V5/Release-Motion/build-local/team-nust-robocup/CMakeFiles/CMakeTmp/CheckSymbolExists.c
/home/umaidzz/Documents/team-nust/team-nust-robocup-v2/build-V5/Release-Motion/build-local/team-nust-robocup/CMakeFiles/CMakeTmp/CheckSymbolExists.c:2:28: fatal error: mach/mach_time.h: No such file or directory
compilation terminated.
make[2]: *** [CMakeFiles/cmTC_e3b1f.dir/CheckSymbolExists.c.o] Error 1
make[2]: Leaving directory `/home/umaidzz/Documents/team-nust/team-nust-robocup-v2/build-V5/Release-Motion/build-local/team-nust-robocup/CMakeFiles/CMakeTmp'
make[1]: *** [cmTC_e3b1f/fast] Error 2
make[1]: Leaving directory `/home/umaidzz/Documents/team-nust/team-nust-robocup-v2/build-V5/Release-Motion/build-local/team-nust-robocup/CMakeFiles/CMakeTmp'

File /home/umaidzz/Documents/team-nust/team-nust-robocup-v2/build-V5/Release-Motion/build-local/team-nust-robocup/CMakeFiles/CMakeTmp/CheckSymbolExists.c:
/* */
#include <mach/mach_time.h>

int main(int argc, char** argv)
{
  (void)argv;
#ifndef mach_absolute_time
  return ((int*)(&mach_absolute_time))[argc];
#else
  (void)argc;
  return 0;
#endif
}

Determining if the sysctl exist failed with the following output:
Change Dir: /home/umaidzz/Documents/team-nust/team-nust-robocup-v2/build-V5/Release-Motion/build-local/team-nust-robocup/CMakeFiles/CMakeTmp

Run Build Command:"/usr/bin/make" "cmTC_bc0f6/fast"
make[1]: Entering directory `/home/umaidzz/Documents/team-nust/team-nust-robocup-v2/build-V5/Release-Motion/build-local/team-nust-robocup/CMakeFiles/CMakeTmp'
/usr/bin/make -f CMakeFiles/cmTC_bc0f6.dir/build.make CMakeFiles/cmTC_bc0f6.dir/build
make[2]: Entering directory `/home/umaidzz/Documents/team-nust/team-nust-robocup-v2/build-V5/Release-Motion/build-local/team-nust-robocup/CMakeFiles/CMakeTmp'
Building C object CMakeFiles/cmTC_bc0f6.dir/CheckSymbolExists.c.o
/home/umaidzz/Documents/team-nust/ctc-linux32-atom-2.1.4.13/cross/bin/i686-aldebaran-linux-gnu-gcc    -DI_AM_A_ROBOT --sysroot /home/umaidzz/Documents/team-nust/ctc-linux32-atom-2.1.4.13/cross/i686-aldebaran-linux-gnu/sysroot/ -pipe -fomit-frame-pointer -fno-align-jumps -fno-align-functions -fno-align-labels -fno-align-loops -m32 -mtune=generic    -o CMakeFiles/cmTC_bc0f6.dir/CheckSymbolExists.c.o   -c /home/umaidzz/Documents/team-nust/team-nust-robocup-v2/build-V5/Release-Motion/build-local/team-nust-robocup/CMakeFiles/CMakeTmp/CheckSymbolExists.c
/home/umaidzz/Documents/team-nust/team-nust-robocup-v2/build-V5/Release-Motion/build-local/team-nust-robocup/CMakeFiles/CMakeTmp/CheckSymbolExists.c: In function 'main':
/home/umaidzz/Documents/team-nust/team-nust-robocup-v2/build-V5/Release-Motion/build-local/team-nust-robocup/CMakeFiles/CMakeTmp/CheckSymbolExists.c:8:19: error: 'sysctl' undeclared (first use in this function)
/home/umaidzz/Documents/team-nust/team-nust-robocup-v2/build-V5/Release-Motion/build-local/team-nust-robocup/CMakeFiles/CMakeTmp/CheckSymbolExists.c:8:19: note: each undeclared identifier is reported only once for each function it appears in
make[2]: *** [CMakeFiles/cmTC_bc0f6.dir/CheckSymbolExists.c.o] Error 1
make[2]: Leaving directory `/home/umaidzz/Documents/team-nust/team-nust-robocup-v2/build-V5/Release-Motion/build-local/team-nust-robocup/CMakeFiles/CMakeTmp'
make[1]: *** [cmTC_bc0f6/fast] Error 2
make[1]: Leaving directory `/home/umaidzz/Documents/team-nust/team-nust-robocup-v2/build-V5/Release-Motion/build-local/team-nust-robocup/CMakeFiles/CMakeTmp'

File /home/umaidzz/Documents/team-nust/team-nust-robocup-v2/build-V5/Release-Motion/build-local/team-nust-robocup/CMakeFiles/CMakeTmp/CheckSymbolExists.c:
/* */
#include <unistd.h>

int main(int argc, char** argv)
{
  (void)argv;
#ifndef sysctl
  return ((int*)(&sysctl))[argc];
#else
  (void)argc;
  return 0;
#endif
}

Determining if the pthread_create exist failed with the following output:
Change Dir: /home/umaidzz/Documents/team-nust/team-nust-robocup-v2/build-V5/Release-Motion/build-local/team-nust-robocup/CMakeFiles/CMakeTmp

Run Build Command:"/usr/bin/make" "cmTC_cf3a0/fast"
make[1]: Entering directory `/home/umaidzz/Documents/team-nust/team-nust-robocup-v2/build-V5/Release-Motion/build-local/team-nust-robocup/CMakeFiles/CMakeTmp'
/usr/bin/make -f CMakeFiles/cmTC_cf3a0.dir/build.make CMakeFiles/cmTC_cf3a0.dir/build
make[2]: Entering directory `/home/umaidzz/Documents/team-nust/team-nust-robocup-v2/build-V5/Release-Motion/build-local/team-nust-robocup/CMakeFiles/CMakeTmp'
Building C object CMakeFiles/cmTC_cf3a0.dir/CheckSymbolExists.c.o
/home/umaidzz/Documents/team-nust/ctc-linux32-atom-2.1.4.13/cross/bin/i686-aldebaran-linux-gnu-gcc    -DI_AM_A_ROBOT --sysroot /home/umaidzz/Documents/team-nust/ctc-linux32-atom-2.1.4.13/cross/i686-aldebaran-linux-gnu/sysroot/ -pipe -fomit-frame-pointer -fno-align-jumps -fno-align-functions -fno-align-labels -fno-align-loops -m32 -mtune=generic    -o CMakeFiles/cmTC_cf3a0.dir/CheckSymbolExists.c.o   -c /home/umaidzz/Documents/team-nust/team-nust-robocup-v2/build-V5/Release-Motion/build-local/team-nust-robocup/CMakeFiles/CMakeTmp/CheckSymbolExists.c
Linking C executable cmTC_cf3a0
/usr/bin/cmake -E cmake_link_script CMakeFiles/cmTC_cf3a0.dir/link.txt --verbose=1
/home/umaidzz/Documents/team-nust/ctc-linux32-atom-2.1.4.13/cross/bin/i686-aldebaran-linux-gnu-gcc     -DI_AM_A_ROBOT --sysroot /home/umaidzz/Documents/team-nust/ctc-linux32-atom-2.1.4.13/cross/i686-aldebaran-linux-gnu/sysroot/ -pipe -fomit-frame-pointer -fno-align-jumps -fno-align-functions -fno-align-labels -fno-align-loops -m32 -mtune=generic   -Wl,--as-needed,--sysroot,/home/umaidzz/Documents/team-nust/ctc-linux32-atom-2.1.4.13/cross/i686-aldebaran-linux-gnu/sysroot/  CMakeFiles/cmTC_cf3a0.dir/CheckSymbolExists.c.o  -o cmTC_cf3a0 -rdynamic -lm 
CMakeFiles/cmTC_cf3a0.dir/CheckSymbolExists.c.o: In function `main':
CheckSymbolExists.c:(.text+0x1): undefined reference to `pthread_create'
collect2: ld returned 1 exit status
make[2]: *** [cmTC_cf3a0] Error 1
make[2]: Leaving directory `/home/umaidzz/Documents/team-nust/team-nust-robocup-v2/build-V5/Release-Motion/build-local/team-nust-robocup/CMakeFiles/CMakeTmp'
make[1]: *** [cmTC_cf3a0/fast] Error 2
make[1]: Leaving directory `/home/umaidzz/Documents/team-nust/team-nust-robocup-v2/build-V5/Release-Motion/build-local/team-nust-robocup/CMakeFiles/CMakeTmp'

File /home/umaidzz/Documents/team-nust/team-nust-robocup-v2/build-V5/Release-Motion/build-local/team-nust-robocup/CMakeFiles/CMakeTmp/CheckSymbolExists.c:
/* */
#include <pthread.h>

int main(int argc, char** argv)
{
  (void)argv;
#ifndef pthread_create
  return ((int*)(&pthread_create))[argc];
#else
  (void)argc;
  return 0;
#endif
}

Determining if the function pthread_create exists in the pthreads failed with the following output:
Change Dir: /home/umaidzz/Documents/team-nust/team-nust-robocup-v2/build-V5/Release-Motion/build-local/team-nust-robocup/CMakeFiles/CMakeTmp

Run Build Command:"/usr/bin/make" "cmTC_de555/fast"
make[1]: Entering directory `/home/umaidzz/Documents/team-nust/team-nust-robocup-v2/build-V5/Release-Motion/build-local/team-nust-robocup/CMakeFiles/CMakeTmp'
/usr/bin/make -f CMakeFiles/cmTC_de555.dir/build.make CMakeFiles/cmTC_de555.dir/build
make[2]: Entering directory `/home/umaidzz/Documents/team-nust/team-nust-robocup-v2/build-V5/Release-Motion/build-local/team-nust-robocup/CMakeFiles/CMakeTmp'
Building C object CMakeFiles/cmTC_de555.dir/CheckFunctionExists.c.o
/home/umaidzz/Documents/team-nust/ctc-linux32-atom-2.1.4.13/cross/bin/i686-aldebaran-linux-gnu-gcc    -DI_AM_A_ROBOT --sysroot /home/umaidzz/Documents/team-nust/ctc-linux32-atom-2.1.4.13/cross/i686-aldebaran-linux-gnu/sysroot/ -pipe -fomit-frame-pointer -fno-align-jumps -fno-align-functions -fno-align-labels -fno-align-loops -m32 -mtune=generic -DCHECK_FUNCTION_EXISTS=pthread_create   -o CMakeFiles/cmTC_de555.dir/CheckFunctionExists.c.o   -c /usr/share/cmake-3.5/Modules/CheckFunctionExists.c
Linking C executable cmTC_de555
/usr/bin/cmake -E cmake_link_script CMakeFiles/cmTC_de555.dir/link.txt --verbose=1
/home/umaidzz/Documents/team-nust/ctc-linux32-atom-2.1.4.13/cross/bin/i686-aldebaran-linux-gnu-gcc     -DI_AM_A_ROBOT --sysroot /home/umaidzz/Documents/team-nust/ctc-linux32-atom-2.1.4.13/cross/i686-aldebaran-linux-gnu/sysroot/ -pipe -fomit-frame-pointer -fno-align-jumps -fno-align-functions -fno-align-labels -fno-align-loops -m32 -mtune=generic -DCHECK_FUNCTION_EXISTS=pthread_create  -Wl,--as-needed,--sysroot,/home/umaidzz/Documents/team-nust/ctc-linux32-atom-2.1.4.13/cross/i686-aldebaran-linux-gnu/sysroot/  CMakeFiles/cmTC_de555.dir/CheckFunctionExists.c.o  -o cmTC_de555 -rdynamic -lpthreads -lm 
/home/umaidzz/Documents/team-nust/ctc-linux32-atom-2.1.4.13/cross/bin/../lib/gcc/i686-aldebaran-linux-gnu/4.5.3/../../../../i686-aldebaran-linux-gnu/bin/ld: cannot find -lpthreads
collect2: ld returned 1 exit status
make[2]: *** [cmTC_de555] Error 1
make[2]: Leaving directory `/home/umaidzz/Documents/team-nust/team-nust-robocup-v2/build-V5/Release-Motion/build-local/team-nust-robocup/CMakeFiles/CMakeTmp'
make[1]: *** [cmTC_de555/fast] Error 2
make[1]: Leaving directory `/home/umaidzz/Documents/team-nust/team-nust-robocup-v2/build-V5/Release-Motion/build-local/team-nust-robocup/CMakeFiles/CMakeTmp'


Performing C SOURCE FILE Test HAVE_AVX2 failed with the following output:
Change Dir: /home/umaidzz/Documents/team-nust/team-nust-robocup-v2/build-V5/Release-Motion/build-local/team-nust-robocup/CMakeFiles/CMakeTmp

Run Build Command:"/usr/bin/make" "cmTC_b75a2/fast"
make[1]: Entering directory `/home/umaidzz/Documents/team-nust/team-nust-robocup-v2/build-V5/Release-Motion/build-local/team-nust-robocup/CMakeFiles/CMakeTmp'
/usr/bin/make -f CMakeFiles/cmTC_b75a2.dir/build.make CMakeFiles/cmTC_b75a2.dir/build
make[2]: Entering directory `/home/umaidzz/Documents/team-nust/team-nust-robocup-v2/build-V5/Release-Motion/build-local/team-nust-robocup/CMakeFiles/CMakeTmp'
Building C object CMakeFiles/cmTC_b75a2.dir/src.c.o
/home/umaidzz/Documents/team-nust/ctc-linux32-atom-2.1.4.13/cross/bin/i686-aldebaran-linux-gnu-gcc    -DI_AM_A_ROBOT --sysroot /home/umaidzz/Documents/team-nust/ctc-linux32-atom-2.1.4.13/cross/i686-aldebaran-linux-gnu/sysroot/ -pipe -fomit-frame-pointer -fno-align-jumps -fno-align-functions -fno-align-labels -fno-align-loops -m32 -mtune=generic -DHAVE_AVX2   -mavx2 -o CMakeFiles/cmTC_b75a2.dir/src.c.o   -c /home/umaidzz/Documents/team-nust/team-nust-robocup-v2/build-V5/Release-Motion/build-local/team-nust-robocup/CMakeFiles/CMakeTmp/src.c
cc1: error: unrecognized command line option "-mavx2"
make[2]: *** [CMakeFiles/cmTC_b75a2.dir/src.c.o] Error 1
make[2]: Leaving directory `/home/umaidzz/Documents/team-nust/team-nust-robocup-v2/build-V5/Release-Motion/build-local/team-nust-robocup/CMakeFiles/CMakeTmp'
make[1]: *** [cmTC_b75a2/fast] Error 2
make[1]: Leaving directory `/home/umaidzz/Documents/team-nust/team-nust-robocup-v2/build-V5/Release-Motion/build-local/team-nust-robocup/CMakeFiles/CMakeTmp'

Source file was:
int main(void) { return 0; }
Performing C SOURCE FILE Test HAVE_AVX2 failed with the following output:
Change Dir: /home/umaidzz/Documents/team-nust/team-nust-robocup-v2/build-V5/Release-Motion/build-local/team-nust-robocup/CMakeFiles/CMakeTmp

Run Build Command:"/usr/bin/make" "cmTC_36679/fast"
make[1]: Entering directory `/home/umaidzz/Documents/team-nust/team-nust-robocup-v2/build-V5/Release-Motion/build-local/team-nust-robocup/CMakeFiles/CMakeTmp'
/usr/bin/make -f CMakeFiles/cmTC_36679.dir/build.make CMakeFiles/cmTC_36679.dir/build
make[2]: Entering directory `/home/umaidzz/Documents/team-nust/team-nust-robocup-v2/build-V5/Release-Motion/build-local/team-nust-robocup/CMakeFiles/CMakeTmp'
Building C object CMakeFiles/cmTC_36679.dir/src.c.o
/home/umaidzz/Documents/team-nust/ctc-linux32-atom-2.1.4.13/cross/bin/i686-aldebaran-linux-gnu-gcc    -DI_AM_A_ROBOT --sysroot /home/umaidzz/Documents/team-nust/ctc-linux32-atom-2.1.4.13/cross/i686-aldebaran-linux-gnu/sysroot/ -pipe -fomit-frame-pointer -fno-align-jumps -fno-align-functions -fno-align-labels -fno-align-loops -m32 -mtune=generic -DHAVE_AVX2   /arch:AVX2 -o CMakeFiles/cmTC_36679.dir/src.c.o   -c /home/umaidzz/Documents/team-nust/team-nust-robocup-v2/build-V5/Release-Motion/build-local/team-nust-robocup/CMakeFiles/CMakeTmp/src.c
i686-aldebaran-linux-gnu-gcc: /arch:AVX2: No such file or directory
make[2]: *** [CMakeFiles/cmTC_36679.dir/src.c.o] Error 1
make[2]: *** Deleting file `CMakeFiles/cmTC_36679.dir/src.c.o'
make[2]: Leaving directory `/home/umaidzz/Documents/team-nust/team-nust-robocup-v2/build-V5/Release-Motion/build-local/team-nust-robocup/CMakeFiles/CMakeTmp'
make[1]: *** [cmTC_36679/fast] Error 2
make[1]: Leaving directory `/home/umaidzz/Documents/team-nust/team-nust-robocup-v2/build-V5/Release-Motion/build-local/team-nust-robocup/CMakeFiles/CMakeTmp'

Source file was:
int main(void) { return 0; }
Performing C SOURCE FILE Test HAVE_THREAD_LOCAL_STORAGE failed with the following output:
Change Dir: /home/umaidzz/Documents/team-nust/team-nust-robocup-v2/build-V5/Release-Motion/build-local/team-nust-robocup/CMakeFiles/CMakeTmp

Run Build Command:"/usr/bin/make" "cmTC_8507d/fast"
make[1]: Entering directory `/home/umaidzz/Documents/team-nust/team-nust-robocup-v2/build-V5/Release-Motion/build-local/team-nust-robocup/CMakeFiles/CMakeTmp'
/usr/bin/make -f CMakeFiles/cmTC_8507d.dir/build.make CMakeFiles/cmTC_8507d.dir/build
make[2]: Entering directory `/home/umaidzz/Documents/team-nust/team-nust-robocup-v2/build-V5/Release-Motion/build-local/team-nust-robocup/CMakeFiles/CMakeTmp'
Building C object CMakeFiles/cmTC_8507d.dir/src.c.o
/home/umaidzz/Documents/team-nust/ctc-linux32-atom-2.1.4.13/cross/bin/i686-aldebaran-linux-gnu-gcc    -DI_AM_A_ROBOT --sysroot /home/umaidzz/Documents/team-nust/ctc-linux32-atom-2.1.4.13/cross/i686-aldebaran-linux-gnu/sysroot/ -pipe -fomit-frame-pointer -fno-align-jumps -fno-align-functions -fno-align-labels -fno-align-loops -m32 -mtune=generic -DHAVE_THREAD_LOCAL_STORAGE   -o CMakeFiles/cmTC_8507d.dir/src.c.o   -c /home/umaidzz/Documents/team-nust/team-nust-robocup-v2/build-V5/Release-Motion/build-local/team-nust-robocup/CMakeFiles/CMakeTmp/src.c
/home/umaidzz/Documents/team-nust/team-nust-robocup-v2/build-V5/Release-Motion/build-local/team-nust-robocup/CMakeFiles/CMakeTmp/src.c: In function '__declspec':
/home/umaidzz/Documents/team-nust/team-nust-robocup-v2/build-V5/Release-Motion/build-local/team-nust-robocup/CMakeFiles/CMakeTmp/src.c:3:20: error: expected '=', ',', ';', 'asm' or '__attribute__' before '{' token
/home/umaidzz/Documents/team-nust/team-nust-robocup-v2/build-V5/Release-Motion/build-local/team-nust-robocup/CMakeFiles/CMakeTmp/src.c:2:28: error: declaration for parameter 'tls' but no such parameter
/home/umaidzz/Documents/team-nust/team-nust-robocup-v2/build-V5/Release-Motion/build-local/team-nust-robocup/CMakeFiles/CMakeTmp/src.c:5:5: error: expected '{' at end of input
make[2]: *** [CMakeFiles/cmTC_8507d.dir/src.c.o] Error 1
make[2]: Leaving directory `/home/umaidzz/Documents/team-nust/team-nust-robocup-v2/build-V5/Release-Motion/build-local/team-nust-robocup/CMakeFiles/CMakeTmp'
make[1]: *** [cmTC_8507d/fast] Error 2
make[1]: Leaving directory `/home/umaidzz/Documents/team-nust/team-nust-robocup-v2/build-V5/Release-Motion/build-local/team-nust-robocup/CMakeFiles/CMakeTmp'

Source file was:

    __declspec(thread) int tls;
    int main(void) {
        return 0;
    }
Performing C++ SOURCE FILE Test SUPPORTS_STDCXX11 failed with the following output:
Change Dir: /home/umaidzz/Documents/team-nust/team-nust-robocup-v2/build-V5/Release-Motion/build-local/team-nust-robocup/CMakeFiles/CMakeTmp

Run Build Command:"/usr/bin/make" "cmTC_03d1b/fast"
make[1]: Entering directory `/home/umaidzz/Documents/team-nust/team-nust-robocup-v2/build-V5/Release-Motion/build-local/team-nust-robocup/CMakeFiles/CMakeTmp'
/usr/bin/make -f CMakeFiles/cmTC_03d1b.dir/build.make CMakeFiles/cmTC_03d1b.dir/build
make[2]: Entering directory `/home/umaidzz/Documents/team-nust/team-nust-robocup-v2/build-V5/Release-Motion/build-local/team-nust-robocup/CMakeFiles/CMakeTmp'
Building CXX object CMakeFiles/cmTC_03d1b.dir/src.cxx.o
/home/umaidzz/Documents/team-nust/ctc-linux32-atom-2.1.4.13/cross/bin/i686-aldebaran-linux-gnu-g++     -DI_AM_A_ROBOT --sysroot /home/umaidzz/Documents/team-nust/ctc-linux32-atom-2.1.4.13/cross/i686-aldebaran-linux-gnu/sysroot/ -pipe -fomit-frame-pointer -fno-align-jumps -fno-align-functions -fno-align-labels -fno-align-loops -m32 -mtune=generic -DSUPPORTS_STDCXX11   -std=c++11 -o CMakeFiles/cmTC_03d1b.dir/src.cxx.o -c /home/umaidzz/Documents/team-nust/team-nust-robocup-v2/build-V5/Release-Motion/build-local/team-nust-robocup/CMakeFiles/CMakeTmp/src.cxx
cc1plus: error: unrecognized command line option "-std=c++11"
make[2]: *** [CMakeFiles/cmTC_03d1b.dir/src.cxx.o] Error 1
make[2]: Leaving directory `/home/umaidzz/Documents/team-nust/team-nust-robocup-v2/build-V5/Release-Motion/build-local/team-nust-robocup/CMakeFiles/CMakeTmp'
make[1]: *** [cmTC_03d1b/fast] Error 2
make[1]: Leaving directory `/home/umaidzz/Documents/team-nust/team-nust-robocup-v2/build-V5/Release-Motion/build-local/team-nust-robocup/CMakeFiles/CMakeTmp'

Source file was:
int main() { return 0; }
Determining if the include file altivec.h exists failed with the following output:
Change Dir: /home/umaidzz/Documents/team-nust/team-nust-robocup-v2/build-V5/Release-Motion/build-local/team-nust-robocup/CMakeFiles/CMakeTmp

Run Build Command:"/usr/bin/make" "cmTC_fdd76/fast"
make[1]: Entering directory `/home/umaidzz/Documents/team-nust/team-nust-robocup-v2/build-V5/Release-Motion/build-local/team-nust-robocup/CMakeFiles/CMakeTmp'
/usr/bin/make -f CMakeFiles/cmTC_fdd76.dir/build.make CMakeFiles/cmTC_fdd76.dir/build
make[2]: Entering directory `/home/umaidzz/Documents/team-nust/team-nust-robocup-v2/build-V5/Release-Motion/build-local/team-nust-robocup/CMakeFiles/CMakeTmp'
Building C object CMakeFiles/cmTC_fdd76.dir/CheckIncludeFile.c.o
/home/umaidzz/Documents/team-nust/ctc-linux32-atom-2.1.4.13/cross/bin/i686-aldebaran-linux-gnu-gcc    -DI_AM_A_ROBOT --sysroot /home/umaidzz/Documents/team-nust/ctc-linux32-atom-2.1.4.13/cross/i686-aldebaran-linux-gnu/sysroot/ -pipe -fomit-frame-pointer -fno-align-jumps -fno-align-functions -fno-align-labels -fno-align-loops -m32 -mtune=generic    -o CMakeFiles/cmTC_fdd76.dir/CheckIncludeFile.c.o   -c /home/umaidzz/Documents/team-nust/team-nust-robocup-v2/build-V5/Release-Motion/build-local/team-nust-robocup/CMakeFiles/CMakeTmp/CheckIncludeFile.c
/home/umaidzz/Documents/team-nust/team-nust-robocup-v2/build-V5/Release-Motion/build-local/team-nust-robocup/CMakeFiles/CMakeTmp/CheckIncludeFile.c:1:21: fatal error: altivec.h: No such file or directory
compilation terminated.
make[2]: *** [CMakeFiles/cmTC_fdd76.dir/CheckIncludeFile.c.o] Error 1
make[2]: Leaving directory `/home/umaidzz/Documents/team-nust/team-nust-robocup-v2/build-V5/Release-Motion/build-local/team-nust-robocup/CMakeFiles/CMakeTmp'
make[1]: *** [cmTC_fdd76/fast] Error 2
make[1]: Leaving directory `/home/umaidzz/Documents/team-nust/team-nust-robocup-v2/build-V5/Release-Motion/build-local/team-nust-robocup/CMakeFiles/CMakeTmp'


Determining if the include file c_asm.h exists failed with the following output:
Change Dir: /home/umaidzz/Documents/team-nust/team-nust-robocup-v2/build-V5/Release-Motion/build-local/team-nust-robocup/CMakeFiles/CMakeTmp

Run Build Command:"/usr/bin/make" "cmTC_eb017/fast"
make[1]: Entering directory `/home/umaidzz/Documents/team-nust/team-nust-robocup-v2/build-V5/Release-Motion/build-local/team-nust-robocup/CMakeFiles/CMakeTmp'
/usr/bin/make -f CMakeFiles/cmTC_eb017.dir/build.make CMakeFiles/cmTC_eb017.dir/build
make[2]: Entering directory `/home/umaidzz/Documents/team-nust/team-nust-robocup-v2/build-V5/Release-Motion/build-local/team-nust-robocup/CMakeFiles/CMakeTmp'
Building C object CMakeFiles/cmTC_eb017.dir/CheckIncludeFile.c.o
/home/umaidzz/Documents/team-nust/ctc-linux32-atom-2.1.4.13/cross/bin/i686-aldebaran-linux-gnu-gcc    -DI_AM_A_ROBOT --sysroot /home/umaidzz/Documents/team-nust/ctc-linux32-atom-2.1.4.13/cross/i686-aldebaran-linux-gnu/sysroot/ -pipe -fomit-frame-pointer -fno-align-jumps -fno-align-functions -fno-align-labels -fno-align-loops -m32 -mtune=generic    -o CMakeFiles/cmTC_eb017.dir/CheckIncludeFile.c.o   -c /home/umaidzz/Documents/team-nust/team-nust-robocup-v2/build-V5/Release-Motion/build-local/team-nust-robocup/CMakeFiles/CMakeTmp/CheckIncludeFile.c
/home/umaidzz/Documents/team-nust/team-nust-robocup-v2/build-V5/Release-Motion/build-local/team-nust-robocup/CMakeFiles/CMakeTmp/CheckIncludeFile.c:1:19: fatal error: c_asm.h: No such file or directory
compilation terminated.
make[2]: *** [CMakeFiles/cmTC_eb017.dir/CheckIncludeFile.c.o] Error 1
make[2]: Leaving directory `/home/umaidzz/Documents/team-nust/team-nust-robocup-v2/build-V5/Release-Motion/build-local/team-nust-robocup/CMakeFiles/CMakeTmp'
make[1]: *** [cmTC_eb017/fast] Error 2
make[1]: Leaving directory `/home/umaidzz/Documents/team-nust/team-nust-robocup-v2/build-V5/Release-Motion/build-local/team-nust-robocup/CMakeFiles/CMakeTmp'


Determining if the include file intrinsics.h exists failed with the following output:
Change Dir: /home/umaidzz/Documents/team-nust/team-nust-robocup-v2/build-V5/Release-Motion/build-local/team-nust-robocup/CMakeFiles/CMakeTmp

Run Build Command:"/usr/bin/make" "cmTC_6f5d4/fast"
make[1]: Entering directory `/home/umaidzz/Documents/team-nust/team-nust-robocup-v2/build-V5/Release-Motion/build-local/team-nust-robocup/CMakeFiles/CMakeTmp'
/usr/bin/make -f CMakeFiles/cmTC_6f5d4.dir/build.make CMakeFiles/cmTC_6f5d4.dir/build
make[2]: Entering directory `/home/umaidzz/Documents/team-nust/team-nust-robocup-v2/build-V5/Release-Motion/build-local/team-nust-robocup/CMakeFiles/CMakeTmp'
Building C object CMakeFiles/cmTC_6f5d4.dir/CheckIncludeFile.c.o
/home/umaidzz/Documents/team-nust/ctc-linux32-atom-2.1.4.13/cross/bin/i686-aldebaran-linux-gnu-gcc    -DI_AM_A_ROBOT --sysroot /home/umaidzz/Documents/team-nust/ctc-linux32-atom-2.1.4.13/cross/i686-aldebaran-linux-gnu/sysroot/ -pipe -fomit-frame-pointer -fno-align-jumps -fno-align-functions -fno-align-labels -fno-align-loops -m32 -mtune=generic    -o CMakeFiles/cmTC_6f5d4.dir/CheckIncludeFile.c.o   -c /home/umaidzz/Documents/team-nust/team-nust-robocup-v2/build-V5/Release-Motion/build-local/team-nust-robocup/CMakeFiles/CMakeTmp/CheckIncludeFile.c
/home/umaidzz/Documents/team-nust/team-nust-robocup-v2/build-V5/Release-Motion/build-local/team-nust-robocup/CMakeFiles/CMakeTmp/CheckIncludeFile.c:1:24: fatal error: intrinsics.h: No such file or directory
compilation terminated.
make[2]: *** [CMakeFiles/cmTC_6f5d4.dir/CheckIncludeFile.c.o] Error 1
make[2]: Leaving directory `/home/umaidzz/Documents/team-nust/team-nust-robocup-v2/build-V5/Release-Motion/build-local/team-nust-robocup/CMakeFiles/CMakeTmp'
make[1]: *** [cmTC_6f5d4/fast] Error 2
make[1]: Leaving directory `/home/umaidzz/Documents/team-nust/team-nust-robocup-v2/build-V5/Release-Motion/build-local/team-nust-robocup/CMakeFiles/CMakeTmp'


Determining if the include file mach/mach_time.h exists failed with the following output:
Change Dir: /home/umaidzz/Documents/team-nust/team-nust-robocup-v2/build-V5/Release-Motion/build-local/team-nust-robocup/CMakeFiles/CMakeTmp

Run Build Command:"/usr/bin/make" "cmTC_f27b5/fast"
make[1]: Entering directory `/home/umaidzz/Documents/team-nust/team-nust-robocup-v2/build-V5/Release-Motion/build-local/team-nust-robocup/CMakeFiles/CMakeTmp'
/usr/bin/make -f CMakeFiles/cmTC_f27b5.dir/build.make CMakeFiles/cmTC_f27b5.dir/build
make[2]: Entering directory `/home/umaidzz/Documents/team-nust/team-nust-robocup-v2/build-V5/Release-Motion/build-local/team-nust-robocup/CMakeFiles/CMakeTmp'
Building C object CMakeFiles/cmTC_f27b5.dir/CheckIncludeFile.c.o
/home/umaidzz/Documents/team-nust/ctc-linux32-atom-2.1.4.13/cross/bin/i686-aldebaran-linux-gnu-gcc    -DI_AM_A_ROBOT --sysroot /home/umaidzz/Documents/team-nust/ctc-linux32-atom-2.1.4.13/cross/i686-aldebaran-linux-gnu/sysroot/ -pipe -fomit-frame-pointer -fno-align-jumps -fno-align-functions -fno-align-labels -fno-align-loops -m32 -mtune=generic    -o CMakeFiles/cmTC_f27b5.dir/CheckIncludeFile.c.o   -c /home/umaidzz/Documents/team-nust/team-nust-robocup-v2/build-V5/Release-Motion/build-local/team-nust-robocup/CMakeFiles/CMakeTmp/CheckIncludeFile.c
/home/umaidzz/Documents/team-nust/team-nust-robocup-v2/build-V5/Release-Motion/build-local/team-nust-robocup/CMakeFiles/CMakeTmp/CheckIncludeFile.c:1:28: fatal error: mach/mach_time.h: No such file or directory
compilation terminated.
make[2]: *** [CMakeFiles/cmTC_f27b5.dir/CheckIncludeFile.c.o] Error 1
make[2]: Leaving directory `/home/umaidzz/Documents/team-nust/team-nust-robocup-v2/build-V5/Release-Motion/build-local/team-nust-robocup/CMakeFiles/CMakeTmp'
make[1]: *** [cmTC_f27b5/fast] Error 2
make[1]: Leaving directory `/home/umaidzz/Documents/team-nust/team-nust-robocup-v2/build-V5/Release-Motion/build-local/team-nust-robocup/CMakeFiles/CMakeTmp'


Determining if the include file uintptr.h exists failed with the following output:
Change Dir: /home/umaidzz/Documents/team-nust/team-nust-robocup-v2/build-V5/Release-Motion/build-local/team-nust-robocup/CMakeFiles/CMakeTmp

Run Build Command:"/usr/bin/make" "cmTC_908da/fast"
make[1]: Entering directory `/home/umaidzz/Documents/team-nust/team-nust-robocup-v2/build-V5/Release-Motion/build-local/team-nust-robocup/CMakeFiles/CMakeTmp'
/usr/bin/make -f CMakeFiles/cmTC_908da.dir/build.make CMakeFiles/cmTC_908da.dir/build
make[2]: Entering directory `/home/umaidzz/Documents/team-nust/team-nust-robocup-v2/build-V5/Release-Motion/build-local/team-nust-robocup/CMakeFiles/CMakeTmp'
Building C object CMakeFiles/cmTC_908da.dir/CheckIncludeFile.c.o
/home/umaidzz/Documents/team-nust/ctc-linux32-atom-2.1.4.13/cross/bin/i686-aldebaran-linux-gnu-gcc    -DI_AM_A_ROBOT --sysroot /home/umaidzz/Documents/team-nust/ctc-linux32-atom-2.1.4.13/cross/i686-aldebaran-linux-gnu/sysroot/ -pipe -fomit-frame-pointer -fno-align-jumps -fno-align-functions -fno-align-labels -fno-align-loops -m32 -mtune=generic    -o CMakeFiles/cmTC_908da.dir/CheckIncludeFile.c.o   -c /home/umaidzz/Documents/team-nust/team-nust-robocup-v2/build-V5/Release-Motion/build-local/team-nust-robocup/CMakeFiles/CMakeTmp/CheckIncludeFile.c
/home/umaidzz/Documents/team-nust/team-nust-robocup-v2/build-V5/Release-Motion/build-local/team-nust-robocup/CMakeFiles/CMakeTmp/CheckIncludeFile.c:1:21: fatal error: uintptr.h: No such file or directory
compilation terminated.
make[2]: *** [CMakeFiles/cmTC_908da.dir/CheckIncludeFile.c.o] Error 1
make[2]: Leaving directory `/home/umaidzz/Documents/team-nust/team-nust-robocup-v2/build-V5/Release-Motion/build-local/team-nust-robocup/CMakeFiles/CMakeTmp'
make[1]: *** [cmTC_908da/fast] Error 2
make[1]: Leaving directory `/home/umaidzz/Documents/team-nust/team-nust-robocup-v2/build-V5/Release-Motion/build-local/team-nust-robocup/CMakeFiles/CMakeTmp'


Determining if the clock_gettime exist failed with the following output:
Change Dir: /home/umaidzz/Documents/team-nust/team-nust-robocup-v2/build-V5/Release-Motion/build-local/team-nust-robocup/CMakeFiles/CMakeTmp

Run Build Command:"/usr/bin/make" "cmTC_ddd83/fast"
make[1]: Entering directory `/home/umaidzz/Documents/team-nust/team-nust-robocup-v2/build-V5/Release-Motion/build-local/team-nust-robocup/CMakeFiles/CMakeTmp'
/usr/bin/make -f CMakeFiles/cmTC_ddd83.dir/build.make CMakeFiles/cmTC_ddd83.dir/build
make[2]: Entering directory `/home/umaidzz/Documents/team-nust/team-nust-robocup-v2/build-V5/Release-Motion/build-local/team-nust-robocup/CMakeFiles/CMakeTmp'
Building C object CMakeFiles/cmTC_ddd83.dir/CheckSymbolExists.c.o
/home/umaidzz/Documents/team-nust/ctc-linux32-atom-2.1.4.13/cross/bin/i686-aldebaran-linux-gnu-gcc    -DI_AM_A_ROBOT --sysroot /home/umaidzz/Documents/team-nust/ctc-linux32-atom-2.1.4.13/cross/i686-aldebaran-linux-gnu/sysroot/ -pipe -fomit-frame-pointer -fno-align-jumps -fno-align-functions -fno-align-labels -fno-align-loops -m32 -mtune=generic    -o CMakeFiles/cmTC_ddd83.dir/CheckSymbolExists.c.o   -c /home/umaidzz/Documents/team-nust/team-nust-robocup-v2/build-V5/Release-Motion/build-local/team-nust-robocup/CMakeFiles/CMakeTmp/CheckSymbolExists.c
Linking C executable cmTC_ddd83
/usr/bin/cmake -E cmake_link_script CMakeFiles/cmTC_ddd83.dir/link.txt --verbose=1
/home/umaidzz/Documents/team-nust/ctc-linux32-atom-2.1.4.13/cross/bin/i686-aldebaran-linux-gnu-gcc     -DI_AM_A_ROBOT --sysroot /home/umaidzz/Documents/team-nust/ctc-linux32-atom-2.1.4.13/cross/i686-aldebaran-linux-gnu/sysroot/ -pipe -fomit-frame-pointer -fno-align-jumps -fno-align-functions -fno-align-labels -fno-align-loops -m32 -mtune=generic   -Wl,--as-needed,--sysroot,/home/umaidzz/Documents/team-nust/ctc-linux32-atom-2.1.4.13/cross/i686-aldebaran-linux-gnu/sysroot/  CMakeFiles/cmTC_ddd83.dir/CheckSymbolExists.c.o  -o cmTC_ddd83 -rdynamic 
CMakeFiles/cmTC_ddd83.dir/CheckSymbolExists.c.o: In function `main':
CheckSymbolExists.c:(.text+0x1): undefined reference to `clock_gettime'
collect2: ld returned 1 exit status
make[2]: *** [cmTC_ddd83] Error 1
make[2]: Leaving directory `/home/umaidzz/Documents/team-nust/team-nust-robocup-v2/build-V5/Release-Motion/build-local/team-nust-robocup/CMakeFiles/CMakeTmp'
make[1]: *** [cmTC_ddd83/fast] Error 2
make[1]: Leaving directory `/home/umaidzz/Documents/team-nust/team-nust-robocup-v2/build-V5/Release-Motion/build-local/team-nust-robocup/CMakeFiles/CMakeTmp'

File /home/umaidzz/Documents/team-nust/team-nust-robocup-v2/build-V5/Release-Motion/build-local/team-nust-robocup/CMakeFiles/CMakeTmp/CheckSymbolExists.c:
/* */
#include <time.h>

int main(int argc, char** argv)
{
  (void)argv;
#ifndef clock_gettime
  return ((int*)(&clock_gettime))[argc];
#else
  (void)argc;
  return 0;
#endif
}

Determining if the mach_absolute_time exist failed with the following output:
Change Dir: /home/umaidzz/Documents/team-nust/team-nust-robocup-v2/build-V5/Release-Motion/build-local/team-nust-robocup/CMakeFiles/CMakeTmp

Run Build Command:"/usr/bin/make" "cmTC_eb616/fast"
make[1]: Entering directory `/home/umaidzz/Documents/team-nust/team-nust-robocup-v2/build-V5/Release-Motion/build-local/team-nust-robocup/CMakeFiles/CMakeTmp'
/usr/bin/make -f CMakeFiles/cmTC_eb616.dir/build.make CMakeFiles/cmTC_eb616.dir/build
make[2]: Entering directory `/home/umaidzz/Documents/team-nust/team-nust-robocup-v2/build-V5/Release-Motion/build-local/team-nust-robocup/CMakeFiles/CMakeTmp'
Building C object CMakeFiles/cmTC_eb616.dir/CheckSymbolExists.c.o
/home/umaidzz/Documents/team-nust/ctc-linux32-atom-2.1.4.13/cross/bin/i686-aldebaran-linux-gnu-gcc    -DI_AM_A_ROBOT --sysroot /home/umaidzz/Documents/team-nust/ctc-linux32-atom-2.1.4.13/cross/i686-aldebaran-linux-gnu/sysroot/ -pipe -fomit-frame-pointer -fno-align-jumps -fno-align-functions -fno-align-labels -fno-align-loops -m32 -mtune=generic    -o CMakeFiles/cmTC_eb616.dir/CheckSymbolExists.c.o   -c /home/umaidzz/Documents/team-nust/team-nust-robocup-v2/build-V5/Release-Motion/build-local/team-nust-robocup/CMakeFiles/CMakeTmp/CheckSymbolExists.c
/home/umaidzz/Documents/team-nust/team-nust-robocup-v2/build-V5/Release-Motion/build-local/team-nust-robocup/CMakeFiles/CMakeTmp/CheckSymbolExists.c:2:28: fatal error: mach/mach_time.h: No such file or directory
compilation terminated.
make[2]: *** [CMakeFiles/cmTC_eb616.dir/CheckSymbolExists.c.o] Error 1
make[2]: Leaving directory `/home/umaidzz/Documents/team-nust/team-nust-robocup-v2/build-V5/Release-Motion/build-local/team-nust-robocup/CMakeFiles/CMakeTmp'
make[1]: *** [cmTC_eb616/fast] Error 2
make[1]: Leaving directory `/home/umaidzz/Documents/team-nust/team-nust-robocup-v2/build-V5/Release-Motion/build-local/team-nust-robocup/CMakeFiles/CMakeTmp'

File /home/umaidzz/Documents/team-nust/team-nust-robocup-v2/build-V5/Release-Motion/build-local/team-nust-robocup/CMakeFiles/CMakeTmp/CheckSymbolExists.c:
/* */
#include <mach/mach_time.h>

int main(int argc, char** argv)
{
  (void)argv;
#ifndef mach_absolute_time
  return ((int*)(&mach_absolute_time))[argc];
#else
  (void)argc;
  return 0;
#endif
}

Determining if the sysctl exist failed with the following output:
Change Dir: /home/umaidzz/Documents/team-nust/team-nust-robocup-v2/build-V5/Release-Motion/build-local/team-nust-robocup/CMakeFiles/CMakeTmp

Run Build Command:"/usr/bin/make" "cmTC_7d209/fast"
make[1]: Entering directory `/home/umaidzz/Documents/team-nust/team-nust-robocup-v2/build-V5/Release-Motion/build-local/team-nust-robocup/CMakeFiles/CMakeTmp'
/usr/bin/make -f CMakeFiles/cmTC_7d209.dir/build.make CMakeFiles/cmTC_7d209.dir/build
make[2]: Entering directory `/home/umaidzz/Documents/team-nust/team-nust-robocup-v2/build-V5/Release-Motion/build-local/team-nust-robocup/CMakeFiles/CMakeTmp'
Building C object CMakeFiles/cmTC_7d209.dir/CheckSymbolExists.c.o
/home/umaidzz/Documents/team-nust/ctc-linux32-atom-2.1.4.13/cross/bin/i686-aldebaran-linux-gnu-gcc    -DI_AM_A_ROBOT --sysroot /home/umaidzz/Documents/team-nust/ctc-linux32-atom-2.1.4.13/cross/i686-aldebaran-linux-gnu/sysroot/ -pipe -fomit-frame-pointer -fno-align-jumps -fno-align-functions -fno-align-labels -fno-align-loops -m32 -mtune=generic    -o CMakeFiles/cmTC_7d209.dir/CheckSymbolExists.c.o   -c /home/umaidzz/Documents/team-nust/team-nust-robocup-v2/build-V5/Release-Motion/build-local/team-nust-robocup/CMakeFiles/CMakeTmp/CheckSymbolExists.c
/home/umaidzz/Documents/team-nust/team-nust-robocup-v2/build-V5/Release-Motion/build-local/team-nust-robocup/CMakeFiles/CMakeTmp/CheckSymbolExists.c: In function 'main':
/home/umaidzz/Documents/team-nust/team-nust-robocup-v2/build-V5/Release-Motion/build-local/team-nust-robocup/CMakeFiles/CMakeTmp/CheckSymbolExists.c:8:19: error: 'sysctl' undeclared (first use in this function)
/home/umaidzz/Documents/team-nust/team-nust-robocup-v2/build-V5/Release-Motion/build-local/team-nust-robocup/CMakeFiles/CMakeTmp/CheckSymbolExists.c:8:19: note: each undeclared identifier is reported only once for each function it appears in
make[2]: *** [CMakeFiles/cmTC_7d209.dir/CheckSymbolExists.c.o] Error 1
make[2]: Leaving directory `/home/umaidzz/Documents/team-nust/team-nust-robocup-v2/build-V5/Release-Motion/build-local/team-nust-robocup/CMakeFiles/CMakeTmp'
make[1]: *** [cmTC_7d209/fast] Error 2
make[1]: Leaving directory `/home/umaidzz/Documents/team-nust/team-nust-robocup-v2/build-V5/Release-Motion/build-local/team-nust-robocup/CMakeFiles/CMakeTmp'

File /home/umaidzz/Documents/team-nust/team-nust-robocup-v2/build-V5/Release-Motion/build-local/team-nust-robocup/CMakeFiles/CMakeTmp/CheckSymbolExists.c:
/* */
#include <unistd.h>

int main(int argc, char** argv)
{
  (void)argv;
#ifndef sysctl
  return ((int*)(&sysctl))[argc];
#else
  (void)argc;
  return 0;
#endif
}

Determining if the pthread_create exist failed with the following output:
Change Dir: /home/umaidzz/Documents/team-nust/team-nust-robocup-v2/build-V5/Release-Motion/build-local/team-nust-robocup/CMakeFiles/CMakeTmp

Run Build Command:"/usr/bin/make" "cmTC_1a50d/fast"
make[1]: Entering directory `/home/umaidzz/Documents/team-nust/team-nust-robocup-v2/build-V5/Release-Motion/build-local/team-nust-robocup/CMakeFiles/CMakeTmp'
/usr/bin/make -f CMakeFiles/cmTC_1a50d.dir/build.make CMakeFiles/cmTC_1a50d.dir/build
make[2]: Entering directory `/home/umaidzz/Documents/team-nust/team-nust-robocup-v2/build-V5/Release-Motion/build-local/team-nust-robocup/CMakeFiles/CMakeTmp'
Building C object CMakeFiles/cmTC_1a50d.dir/CheckSymbolExists.c.o
/home/umaidzz/Documents/team-nust/ctc-linux32-atom-2.1.4.13/cross/bin/i686-aldebaran-linux-gnu-gcc    -DI_AM_A_ROBOT --sysroot /home/umaidzz/Documents/team-nust/ctc-linux32-atom-2.1.4.13/cross/i686-aldebaran-linux-gnu/sysroot/ -pipe -fomit-frame-pointer -fno-align-jumps -fno-align-functions -fno-align-labels -fno-align-loops -m32 -mtune=generic    -o CMakeFiles/cmTC_1a50d.dir/CheckSymbolExists.c.o   -c /home/umaidzz/Documents/team-nust/team-nust-robocup-v2/build-V5/Release-Motion/build-local/team-nust-robocup/CMakeFiles/CMakeTmp/CheckSymbolExists.c
Linking C executable cmTC_1a50d
/usr/bin/cmake -E cmake_link_script CMakeFiles/cmTC_1a50d.dir/link.txt --verbose=1
/home/umaidzz/Documents/team-nust/ctc-linux32-atom-2.1.4.13/cross/bin/i686-aldebaran-linux-gnu-gcc     -DI_AM_A_ROBOT --sysroot /home/umaidzz/Documents/team-nust/ctc-linux32-atom-2.1.4.13/cross/i686-aldebaran-linux-gnu/sysroot/ -pipe -fomit-frame-pointer -fno-align-jumps -fno-align-functions -fno-align-labels -fno-align-loops -m32 -mtune=generic   -Wl,--as-needed,--sysroot,/home/umaidzz/Documents/team-nust/ctc-linux32-atom-2.1.4.13/cross/i686-aldebaran-linux-gnu/sysroot/  CMakeFiles/cmTC_1a50d.dir/CheckSymbolExists.c.o  -o cmTC_1a50d -rdynamic -lm 
CMakeFiles/cmTC_1a50d.dir/CheckSymbolExists.c.o: In function `main':
CheckSymbolExists.c:(.text+0x1): undefined reference to `pthread_create'
collect2: ld returned 1 exit status
make[2]: *** [cmTC_1a50d] Error 1
make[2]: Leaving directory `/home/umaidzz/Documents/team-nust/team-nust-robocup-v2/build-V5/Release-Motion/build-local/team-nust-robocup/CMakeFiles/CMakeTmp'
make[1]: *** [cmTC_1a50d/fast] Error 2
make[1]: Leaving directory `/home/umaidzz/Documents/team-nust/team-nust-robocup-v2/build-V5/Release-Motion/build-local/team-nust-robocup/CMakeFiles/CMakeTmp'

File /home/umaidzz/Documents/team-nust/team-nust-robocup-v2/build-V5/Release-Motion/build-local/team-nust-robocup/CMakeFiles/CMakeTmp/CheckSymbolExists.c:
/* */
#include <pthread.h>

int main(int argc, char** argv)
{
  (void)argv;
#ifndef pthread_create
  return ((int*)(&pthread_create))[argc];
#else
  (void)argc;
  return 0;
#endif
}

Determining if the function pthread_create exists in the pthreads failed with the following output:
Change Dir: /home/umaidzz/Documents/team-nust/team-nust-robocup-v2/build-V5/Release-Motion/build-local/team-nust-robocup/CMakeFiles/CMakeTmp

Run Build Command:"/usr/bin/make" "cmTC_343b5/fast"
make[1]: Entering directory `/home/umaidzz/Documents/team-nust/team-nust-robocup-v2/build-V5/Release-Motion/build-local/team-nust-robocup/CMakeFiles/CMakeTmp'
/usr/bin/make -f CMakeFiles/cmTC_343b5.dir/build.make CMakeFiles/cmTC_343b5.dir/build
make[2]: Entering directory `/home/umaidzz/Documents/team-nust/team-nust-robocup-v2/build-V5/Release-Motion/build-local/team-nust-robocup/CMakeFiles/CMakeTmp'
Building C object CMakeFiles/cmTC_343b5.dir/CheckFunctionExists.c.o
/home/umaidzz/Documents/team-nust/ctc-linux32-atom-2.1.4.13/cross/bin/i686-aldebaran-linux-gnu-gcc    -DI_AM_A_ROBOT --sysroot /home/umaidzz/Documents/team-nust/ctc-linux32-atom-2.1.4.13/cross/i686-aldebaran-linux-gnu/sysroot/ -pipe -fomit-frame-pointer -fno-align-jumps -fno-align-functions -fno-align-labels -fno-align-loops -m32 -mtune=generic -DCHECK_FUNCTION_EXISTS=pthread_create   -o CMakeFiles/cmTC_343b5.dir/CheckFunctionExists.c.o   -c /usr/share/cmake-3.5/Modules/CheckFunctionExists.c
Linking C executable cmTC_343b5
/usr/bin/cmake -E cmake_link_script CMakeFiles/cmTC_343b5.dir/link.txt --verbose=1
/home/umaidzz/Documents/team-nust/ctc-linux32-atom-2.1.4.13/cross/bin/i686-aldebaran-linux-gnu-gcc     -DI_AM_A_ROBOT --sysroot /home/umaidzz/Documents/team-nust/ctc-linux32-atom-2.1.4.13/cross/i686-aldebaran-linux-gnu/sysroot/ -pipe -fomit-frame-pointer -fno-align-jumps -fno-align-functions -fno-align-labels -fno-align-loops -m32 -mtune=generic -DCHECK_FUNCTION_EXISTS=pthread_create  -Wl,--as-needed,--sysroot,/home/umaidzz/Documents/team-nust/ctc-linux32-atom-2.1.4.13/cross/i686-aldebaran-linux-gnu/sysroot/  CMakeFiles/cmTC_343b5.dir/CheckFunctionExists.c.o  -o cmTC_343b5 -rdynamic -lpthreads -lm 
/home/umaidzz/Documents/team-nust/ctc-linux32-atom-2.1.4.13/cross/bin/../lib/gcc/i686-aldebaran-linux-gnu/4.5.3/../../../../i686-aldebaran-linux-gnu/bin/ld: cannot find -lpthreads
collect2: ld returned 1 exit status
make[2]: *** [cmTC_343b5] Error 1
make[2]: Leaving directory `/home/umaidzz/Documents/team-nust/team-nust-robocup-v2/build-V5/Release-Motion/build-local/team-nust-robocup/CMakeFiles/CMakeTmp'
make[1]: *** [cmTC_343b5/fast] Error 2
make[1]: Leaving directory `/home/umaidzz/Documents/team-nust/team-nust-robocup-v2/build-V5/Release-Motion/build-local/team-nust-robocup/CMakeFiles/CMakeTmp'


Performing C SOURCE FILE Test HAVE_AVX2 failed with the following output:
Change Dir: /home/umaidzz/Documents/team-nust/team-nust-robocup-v2/build-V5/Release-Motion/build-local/team-nust-robocup/CMakeFiles/CMakeTmp

Run Build Command:"/usr/bin/make" "cmTC_4132c/fast"
make[1]: Entering directory `/home/umaidzz/Documents/team-nust/team-nust-robocup-v2/build-V5/Release-Motion/build-local/team-nust-robocup/CMakeFiles/CMakeTmp'
/usr/bin/make -f CMakeFiles/cmTC_4132c.dir/build.make CMakeFiles/cmTC_4132c.dir/build
make[2]: Entering directory `/home/umaidzz/Documents/team-nust/team-nust-robocup-v2/build-V5/Release-Motion/build-local/team-nust-robocup/CMakeFiles/CMakeTmp'
Building C object CMakeFiles/cmTC_4132c.dir/src.c.o
/home/umaidzz/Documents/team-nust/ctc-linux32-atom-2.1.4.13/cross/bin/i686-aldebaran-linux-gnu-gcc    -DI_AM_A_ROBOT --sysroot /home/umaidzz/Documents/team-nust/ctc-linux32-atom-2.1.4.13/cross/i686-aldebaran-linux-gnu/sysroot/ -pipe -fomit-frame-pointer -fno-align-jumps -fno-align-functions -fno-align-labels -fno-align-loops -m32 -mtune=generic -DHAVE_AVX2   -mavx2 -o CMakeFiles/cmTC_4132c.dir/src.c.o   -c /home/umaidzz/Documents/team-nust/team-nust-robocup-v2/build-V5/Release-Motion/build-local/team-nust-robocup/CMakeFiles/CMakeTmp/src.c
cc1: error: unrecognized command line option "-mavx2"
make[2]: *** [CMakeFiles/cmTC_4132c.dir/src.c.o] Error 1
make[2]: Leaving directory `/home/umaidzz/Documents/team-nust/team-nust-robocup-v2/build-V5/Release-Motion/build-local/team-nust-robocup/CMakeFiles/CMakeTmp'
make[1]: *** [cmTC_4132c/fast] Error 2
make[1]: Leaving directory `/home/umaidzz/Documents/team-nust/team-nust-robocup-v2/build-V5/Release-Motion/build-local/team-nust-robocup/CMakeFiles/CMakeTmp'

Source file was:
int main(void) { return 0; }
Performing C SOURCE FILE Test HAVE_AVX2 failed with the following output:
Change Dir: /home/umaidzz/Documents/team-nust/team-nust-robocup-v2/build-V5/Release-Motion/build-local/team-nust-robocup/CMakeFiles/CMakeTmp

Run Build Command:"/usr/bin/make" "cmTC_79ff1/fast"
make[1]: Entering directory `/home/umaidzz/Documents/team-nust/team-nust-robocup-v2/build-V5/Release-Motion/build-local/team-nust-robocup/CMakeFiles/CMakeTmp'
/usr/bin/make -f CMakeFiles/cmTC_79ff1.dir/build.make CMakeFiles/cmTC_79ff1.dir/build
make[2]: Entering directory `/home/umaidzz/Documents/team-nust/team-nust-robocup-v2/build-V5/Release-Motion/build-local/team-nust-robocup/CMakeFiles/CMakeTmp'
Building C object CMakeFiles/cmTC_79ff1.dir/src.c.o
/home/umaidzz/Documents/team-nust/ctc-linux32-atom-2.1.4.13/cross/bin/i686-aldebaran-linux-gnu-gcc    -DI_AM_A_ROBOT --sysroot /home/umaidzz/Documents/team-nust/ctc-linux32-atom-2.1.4.13/cross/i686-aldebaran-linux-gnu/sysroot/ -pipe -fomit-frame-pointer -fno-align-jumps -fno-align-functions -fno-align-labels -fno-align-loops -m32 -mtune=generic -DHAVE_AVX2   /arch:AVX2 -o CMakeFiles/cmTC_79ff1.dir/src.c.o   -c /home/umaidzz/Documents/team-nust/team-nust-robocup-v2/build-V5/Release-Motion/build-local/team-nust-robocup/CMakeFiles/CMakeTmp/src.c
i686-aldebaran-linux-gnu-gcc: /arch:AVX2: No such file or directory
make[2]: *** [CMakeFiles/cmTC_79ff1.dir/src.c.o] Error 1
make[2]: *** Deleting file `CMakeFiles/cmTC_79ff1.dir/src.c.o'
make[2]: Leaving directory `/home/umaidzz/Documents/team-nust/team-nust-robocup-v2/build-V5/Release-Motion/build-local/team-nust-robocup/CMakeFiles/CMakeTmp'
make[1]: *** [cmTC_79ff1/fast] Error 2
make[1]: Leaving directory `/home/umaidzz/Documents/team-nust/team-nust-robocup-v2/build-V5/Release-Motion/build-local/team-nust-robocup/CMakeFiles/CMakeTmp'

Source file was:
int main(void) { return 0; }
Performing C SOURCE FILE Test HAVE_THREAD_LOCAL_STORAGE failed with the following output:
Change Dir: /home/umaidzz/Documents/team-nust/team-nust-robocup-v2/build-V5/Release-Motion/build-local/team-nust-robocup/CMakeFiles/CMakeTmp

Run Build Command:"/usr/bin/make" "cmTC_acfe7/fast"
make[1]: Entering directory `/home/umaidzz/Documents/team-nust/team-nust-robocup-v2/build-V5/Release-Motion/build-local/team-nust-robocup/CMakeFiles/CMakeTmp'
/usr/bin/make -f CMakeFiles/cmTC_acfe7.dir/build.make CMakeFiles/cmTC_acfe7.dir/build
make[2]: Entering directory `/home/umaidzz/Documents/team-nust/team-nust-robocup-v2/build-V5/Release-Motion/build-local/team-nust-robocup/CMakeFiles/CMakeTmp'
Building C object CMakeFiles/cmTC_acfe7.dir/src.c.o
/home/umaidzz/Documents/team-nust/ctc-linux32-atom-2.1.4.13/cross/bin/i686-aldebaran-linux-gnu-gcc    -DI_AM_A_ROBOT --sysroot /home/umaidzz/Documents/team-nust/ctc-linux32-atom-2.1.4.13/cross/i686-aldebaran-linux-gnu/sysroot/ -pipe -fomit-frame-pointer -fno-align-jumps -fno-align-functions -fno-align-labels -fno-align-loops -m32 -mtune=generic -DHAVE_THREAD_LOCAL_STORAGE   -o CMakeFiles/cmTC_acfe7.dir/src.c.o   -c /home/umaidzz/Documents/team-nust/team-nust-robocup-v2/build-V5/Release-Motion/build-local/team-nust-robocup/CMakeFiles/CMakeTmp/src.c
/home/umaidzz/Documents/team-nust/team-nust-robocup-v2/build-V5/Release-Motion/build-local/team-nust-robocup/CMakeFiles/CMakeTmp/src.c: In function '__declspec':
/home/umaidzz/Documents/team-nust/team-nust-robocup-v2/build-V5/Release-Motion/build-local/team-nust-robocup/CMakeFiles/CMakeTmp/src.c:3:20: error: expected '=', ',', ';', 'asm' or '__attribute__' before '{' token
/home/umaidzz/Documents/team-nust/team-nust-robocup-v2/build-V5/Release-Motion/build-local/team-nust-robocup/CMakeFiles/CMakeTmp/src.c:2:28: error: declaration for parameter 'tls' but no such parameter
/home/umaidzz/Documents/team-nust/team-nust-robocup-v2/build-V5/Release-Motion/build-local/team-nust-robocup/CMakeFiles/CMakeTmp/src.c:5:5: error: expected '{' at end of input
make[2]: *** [CMakeFiles/cmTC_acfe7.dir/src.c.o] Error 1
make[2]: Leaving directory `/home/umaidzz/Documents/team-nust/team-nust-robocup-v2/build-V5/Release-Motion/build-local/team-nust-robocup/CMakeFiles/CMakeTmp'
make[1]: *** [cmTC_acfe7/fast] Error 2
make[1]: Leaving directory `/home/umaidzz/Documents/team-nust/team-nust-robocup-v2/build-V5/Release-Motion/build-local/team-nust-robocup/CMakeFiles/CMakeTmp'

Source file was:

    __declspec(thread) int tls;
    int main(void) {
        return 0;
    }
Performing C++ SOURCE FILE Test SUPPORTS_STDCXX11 failed with the following output:
Change Dir: /home/umaidzz/Documents/team-nust/team-nust-robocup-v2/build-V5/Release-Motion/build-local/team-nust-robocup/CMakeFiles/CMakeTmp

Run Build Command:"/usr/bin/make" "cmTC_d458f/fast"
make[1]: Entering directory `/home/umaidzz/Documents/team-nust/team-nust-robocup-v2/build-V5/Release-Motion/build-local/team-nust-robocup/CMakeFiles/CMakeTmp'
/usr/bin/make -f CMakeFiles/cmTC_d458f.dir/build.make CMakeFiles/cmTC_d458f.dir/build
make[2]: Entering directory `/home/umaidzz/Documents/team-nust/team-nust-robocup-v2/build-V5/Release-Motion/build-local/team-nust-robocup/CMakeFiles/CMakeTmp'
Building CXX object CMakeFiles/cmTC_d458f.dir/src.cxx.o
/home/umaidzz/Documents/team-nust/ctc-linux32-atom-2.1.4.13/cross/bin/i686-aldebaran-linux-gnu-g++     -DI_AM_A_ROBOT --sysroot /home/umaidzz/Documents/team-nust/ctc-linux32-atom-2.1.4.13/cross/i686-aldebaran-linux-gnu/sysroot/ -pipe -fomit-frame-pointer -fno-align-jumps -fno-align-functions -fno-align-labels -fno-align-loops -m32 -mtune=generic -DSUPPORTS_STDCXX11   -std=c++11 -o CMakeFiles/cmTC_d458f.dir/src.cxx.o -c /home/umaidzz/Documents/team-nust/team-nust-robocup-v2/build-V5/Release-Motion/build-local/team-nust-robocup/CMakeFiles/CMakeTmp/src.cxx
cc1plus: error: unrecognized command line option "-std=c++11"
make[2]: *** [CMakeFiles/cmTC_d458f.dir/src.cxx.o] Error 1
make[2]: Leaving directory `/home/umaidzz/Documents/team-nust/team-nust-robocup-v2/build-V5/Release-Motion/build-local/team-nust-robocup/CMakeFiles/CMakeTmp'
make[1]: *** [cmTC_d458f/fast] Error 2
make[1]: Leaving directory `/home/umaidzz/Documents/team-nust/team-nust-robocup-v2/build-V5/Release-Motion/build-local/team-nust-robocup/CMakeFiles/CMakeTmp'

Source file was:
int main() { return 0; }
Determining if the include file altivec.h exists failed with the following output:
Change Dir: /home/umaidzz/Documents/team-nust/team-nust-robocup-v2/build-V5/Release-Motion/build-local/team-nust-robocup/CMakeFiles/CMakeTmp

Run Build Command:"/usr/bin/make" "cmTC_b1450/fast"
make[1]: Entering directory `/home/umaidzz/Documents/team-nust/team-nust-robocup-v2/build-V5/Release-Motion/build-local/team-nust-robocup/CMakeFiles/CMakeTmp'
/usr/bin/make -f CMakeFiles/cmTC_b1450.dir/build.make CMakeFiles/cmTC_b1450.dir/build
make[2]: Entering directory `/home/umaidzz/Documents/team-nust/team-nust-robocup-v2/build-V5/Release-Motion/build-local/team-nust-robocup/CMakeFiles/CMakeTmp'
Building C object CMakeFiles/cmTC_b1450.dir/CheckIncludeFile.c.o
/home/umaidzz/Documents/team-nust/ctc-linux32-atom-2.1.4.13/cross/bin/i686-aldebaran-linux-gnu-gcc    -DI_AM_A_ROBOT --sysroot /home/umaidzz/Documents/team-nust/ctc-linux32-atom-2.1.4.13/cross/i686-aldebaran-linux-gnu/sysroot/ -pipe -fomit-frame-pointer -fno-align-jumps -fno-align-functions -fno-align-labels -fno-align-loops -m32 -mtune=generic    -o CMakeFiles/cmTC_b1450.dir/CheckIncludeFile.c.o   -c /home/umaidzz/Documents/team-nust/team-nust-robocup-v2/build-V5/Release-Motion/build-local/team-nust-robocup/CMakeFiles/CMakeTmp/CheckIncludeFile.c
/home/umaidzz/Documents/team-nust/team-nust-robocup-v2/build-V5/Release-Motion/build-local/team-nust-robocup/CMakeFiles/CMakeTmp/CheckIncludeFile.c:1:21: fatal error: altivec.h: No such file or directory
compilation terminated.
make[2]: *** [CMakeFiles/cmTC_b1450.dir/CheckIncludeFile.c.o] Error 1
make[2]: Leaving directory `/home/umaidzz/Documents/team-nust/team-nust-robocup-v2/build-V5/Release-Motion/build-local/team-nust-robocup/CMakeFiles/CMakeTmp'
make[1]: *** [cmTC_b1450/fast] Error 2
make[1]: Leaving directory `/home/umaidzz/Documents/team-nust/team-nust-robocup-v2/build-V5/Release-Motion/build-local/team-nust-robocup/CMakeFiles/CMakeTmp'


Determining if the include file c_asm.h exists failed with the following output:
Change Dir: /home/umaidzz/Documents/team-nust/team-nust-robocup-v2/build-V5/Release-Motion/build-local/team-nust-robocup/CMakeFiles/CMakeTmp

Run Build Command:"/usr/bin/make" "cmTC_314fd/fast"
make[1]: Entering directory `/home/umaidzz/Documents/team-nust/team-nust-robocup-v2/build-V5/Release-Motion/build-local/team-nust-robocup/CMakeFiles/CMakeTmp'
/usr/bin/make -f CMakeFiles/cmTC_314fd.dir/build.make CMakeFiles/cmTC_314fd.dir/build
make[2]: Entering directory `/home/umaidzz/Documents/team-nust/team-nust-robocup-v2/build-V5/Release-Motion/build-local/team-nust-robocup/CMakeFiles/CMakeTmp'
Building C object CMakeFiles/cmTC_314fd.dir/CheckIncludeFile.c.o
/home/umaidzz/Documents/team-nust/ctc-linux32-atom-2.1.4.13/cross/bin/i686-aldebaran-linux-gnu-gcc    -DI_AM_A_ROBOT --sysroot /home/umaidzz/Documents/team-nust/ctc-linux32-atom-2.1.4.13/cross/i686-aldebaran-linux-gnu/sysroot/ -pipe -fomit-frame-pointer -fno-align-jumps -fno-align-functions -fno-align-labels -fno-align-loops -m32 -mtune=generic    -o CMakeFiles/cmTC_314fd.dir/CheckIncludeFile.c.o   -c /home/umaidzz/Documents/team-nust/team-nust-robocup-v2/build-V5/Release-Motion/build-local/team-nust-robocup/CMakeFiles/CMakeTmp/CheckIncludeFile.c
/home/umaidzz/Documents/team-nust/team-nust-robocup-v2/build-V5/Release-Motion/build-local/team-nust-robocup/CMakeFiles/CMakeTmp/CheckIncludeFile.c:1:19: fatal error: c_asm.h: No such file or directory
compilation terminated.
make[2]: *** [CMakeFiles/cmTC_314fd.dir/CheckIncludeFile.c.o] Error 1
make[2]: Leaving directory `/home/umaidzz/Documents/team-nust/team-nust-robocup-v2/build-V5/Release-Motion/build-local/team-nust-robocup/CMakeFiles/CMakeTmp'
make[1]: *** [cmTC_314fd/fast] Error 2
make[1]: Leaving directory `/home/umaidzz/Documents/team-nust/team-nust-robocup-v2/build-V5/Release-Motion/build-local/team-nust-robocup/CMakeFiles/CMakeTmp'


Determining if the include file intrinsics.h exists failed with the following output:
Change Dir: /home/umaidzz/Documents/team-nust/team-nust-robocup-v2/build-V5/Release-Motion/build-local/team-nust-robocup/CMakeFiles/CMakeTmp

Run Build Command:"/usr/bin/make" "cmTC_d71ae/fast"
make[1]: Entering directory `/home/umaidzz/Documents/team-nust/team-nust-robocup-v2/build-V5/Release-Motion/build-local/team-nust-robocup/CMakeFiles/CMakeTmp'
/usr/bin/make -f CMakeFiles/cmTC_d71ae.dir/build.make CMakeFiles/cmTC_d71ae.dir/build
make[2]: Entering directory `/home/umaidzz/Documents/team-nust/team-nust-robocup-v2/build-V5/Release-Motion/build-local/team-nust-robocup/CMakeFiles/CMakeTmp'
Building C object CMakeFiles/cmTC_d71ae.dir/CheckIncludeFile.c.o
/home/umaidzz/Documents/team-nust/ctc-linux32-atom-2.1.4.13/cross/bin/i686-aldebaran-linux-gnu-gcc    -DI_AM_A_ROBOT --sysroot /home/umaidzz/Documents/team-nust/ctc-linux32-atom-2.1.4.13/cross/i686-aldebaran-linux-gnu/sysroot/ -pipe -fomit-frame-pointer -fno-align-jumps -fno-align-functions -fno-align-labels -fno-align-loops -m32 -mtune=generic    -o CMakeFiles/cmTC_d71ae.dir/CheckIncludeFile.c.o   -c /home/umaidzz/Documents/team-nust/team-nust-robocup-v2/build-V5/Release-Motion/build-local/team-nust-robocup/CMakeFiles/CMakeTmp/CheckIncludeFile.c
/home/umaidzz/Documents/team-nust/team-nust-robocup-v2/build-V5/Release-Motion/build-local/team-nust-robocup/CMakeFiles/CMakeTmp/CheckIncludeFile.c:1:24: fatal error: intrinsics.h: No such file or directory
compilation terminated.
make[2]: *** [CMakeFiles/cmTC_d71ae.dir/CheckIncludeFile.c.o] Error 1
make[2]: Leaving directory `/home/umaidzz/Documents/team-nust/team-nust-robocup-v2/build-V5/Release-Motion/build-local/team-nust-robocup/CMakeFiles/CMakeTmp'
make[1]: *** [cmTC_d71ae/fast] Error 2
make[1]: Leaving directory `/home/umaidzz/Documents/team-nust/team-nust-robocup-v2/build-V5/Release-Motion/build-local/team-nust-robocup/CMakeFiles/CMakeTmp'


Determining if the include file mach/mach_time.h exists failed with the following output:
Change Dir: /home/umaidzz/Documents/team-nust/team-nust-robocup-v2/build-V5/Release-Motion/build-local/team-nust-robocup/CMakeFiles/CMakeTmp

Run Build Command:"/usr/bin/make" "cmTC_db301/fast"
make[1]: Entering directory `/home/umaidzz/Documents/team-nust/team-nust-robocup-v2/build-V5/Release-Motion/build-local/team-nust-robocup/CMakeFiles/CMakeTmp'
/usr/bin/make -f CMakeFiles/cmTC_db301.dir/build.make CMakeFiles/cmTC_db301.dir/build
make[2]: Entering directory `/home/umaidzz/Documents/team-nust/team-nust-robocup-v2/build-V5/Release-Motion/build-local/team-nust-robocup/CMakeFiles/CMakeTmp'
Building C object CMakeFiles/cmTC_db301.dir/CheckIncludeFile.c.o
/home/umaidzz/Documents/team-nust/ctc-linux32-atom-2.1.4.13/cross/bin/i686-aldebaran-linux-gnu-gcc    -DI_AM_A_ROBOT --sysroot /home/umaidzz/Documents/team-nust/ctc-linux32-atom-2.1.4.13/cross/i686-aldebaran-linux-gnu/sysroot/ -pipe -fomit-frame-pointer -fno-align-jumps -fno-align-functions -fno-align-labels -fno-align-loops -m32 -mtune=generic    -o CMakeFiles/cmTC_db301.dir/CheckIncludeFile.c.o   -c /home/umaidzz/Documents/team-nust/team-nust-robocup-v2/build-V5/Release-Motion/build-local/team-nust-robocup/CMakeFiles/CMakeTmp/CheckIncludeFile.c
/home/umaidzz/Documents/team-nust/team-nust-robocup-v2/build-V5/Release-Motion/build-local/team-nust-robocup/CMakeFiles/CMakeTmp/CheckIncludeFile.c:1:28: fatal error: mach/mach_time.h: No such file or directory
compilation terminated.
make[2]: *** [CMakeFiles/cmTC_db301.dir/CheckIncludeFile.c.o] Error 1
make[2]: Leaving directory `/home/umaidzz/Documents/team-nust/team-nust-robocup-v2/build-V5/Release-Motion/build-local/team-nust-robocup/CMakeFiles/CMakeTmp'
make[1]: *** [cmTC_db301/fast] Error 2
make[1]: Leaving directory `/home/umaidzz/Documents/team-nust/team-nust-robocup-v2/build-V5/Release-Motion/build-local/team-nust-robocup/CMakeFiles/CMakeTmp'


Determining if the include file uintptr.h exists failed with the following output:
Change Dir: /home/umaidzz/Documents/team-nust/team-nust-robocup-v2/build-V5/Release-Motion/build-local/team-nust-robocup/CMakeFiles/CMakeTmp

Run Build Command:"/usr/bin/make" "cmTC_2e964/fast"
make[1]: Entering directory `/home/umaidzz/Documents/team-nust/team-nust-robocup-v2/build-V5/Release-Motion/build-local/team-nust-robocup/CMakeFiles/CMakeTmp'
/usr/bin/make -f CMakeFiles/cmTC_2e964.dir/build.make CMakeFiles/cmTC_2e964.dir/build
make[2]: Entering directory `/home/umaidzz/Documents/team-nust/team-nust-robocup-v2/build-V5/Release-Motion/build-local/team-nust-robocup/CMakeFiles/CMakeTmp'
Building C object CMakeFiles/cmTC_2e964.dir/CheckIncludeFile.c.o
/home/umaidzz/Documents/team-nust/ctc-linux32-atom-2.1.4.13/cross/bin/i686-aldebaran-linux-gnu-gcc    -DI_AM_A_ROBOT --sysroot /home/umaidzz/Documents/team-nust/ctc-linux32-atom-2.1.4.13/cross/i686-aldebaran-linux-gnu/sysroot/ -pipe -fomit-frame-pointer -fno-align-jumps -fno-align-functions -fno-align-labels -fno-align-loops -m32 -mtune=generic    -o CMakeFiles/cmTC_2e964.dir/CheckIncludeFile.c.o   -c /home/umaidzz/Documents/team-nust/team-nust-robocup-v2/build-V5/Release-Motion/build-local/team-nust-robocup/CMakeFiles/CMakeTmp/CheckIncludeFile.c
/home/umaidzz/Documents/team-nust/team-nust-robocup-v2/build-V5/Release-Motion/build-local/team-nust-robocup/CMakeFiles/CMakeTmp/CheckIncludeFile.c:1:21: fatal error: uintptr.h: No such file or directory
compilation terminated.
make[2]: *** [CMakeFiles/cmTC_2e964.dir/CheckIncludeFile.c.o] Error 1
make[2]: Leaving directory `/home/umaidzz/Documents/team-nust/team-nust-robocup-v2/build-V5/Release-Motion/build-local/team-nust-robocup/CMakeFiles/CMakeTmp'
make[1]: *** [cmTC_2e964/fast] Error 2
make[1]: Leaving directory `/home/umaidzz/Documents/team-nust/team-nust-robocup-v2/build-V5/Release-Motion/build-local/team-nust-robocup/CMakeFiles/CMakeTmp'


Determining if the clock_gettime exist failed with the following output:
Change Dir: /home/umaidzz/Documents/team-nust/team-nust-robocup-v2/build-V5/Release-Motion/build-local/team-nust-robocup/CMakeFiles/CMakeTmp

Run Build Command:"/usr/bin/make" "cmTC_3ba70/fast"
make[1]: Entering directory `/home/umaidzz/Documents/team-nust/team-nust-robocup-v2/build-V5/Release-Motion/build-local/team-nust-robocup/CMakeFiles/CMakeTmp'
/usr/bin/make -f CMakeFiles/cmTC_3ba70.dir/build.make CMakeFiles/cmTC_3ba70.dir/build
make[2]: Entering directory `/home/umaidzz/Documents/team-nust/team-nust-robocup-v2/build-V5/Release-Motion/build-local/team-nust-robocup/CMakeFiles/CMakeTmp'
Building C object CMakeFiles/cmTC_3ba70.dir/CheckSymbolExists.c.o
/home/umaidzz/Documents/team-nust/ctc-linux32-atom-2.1.4.13/cross/bin/i686-aldebaran-linux-gnu-gcc    -DI_AM_A_ROBOT --sysroot /home/umaidzz/Documents/team-nust/ctc-linux32-atom-2.1.4.13/cross/i686-aldebaran-linux-gnu/sysroot/ -pipe -fomit-frame-pointer -fno-align-jumps -fno-align-functions -fno-align-labels -fno-align-loops -m32 -mtune=generic    -o CMakeFiles/cmTC_3ba70.dir/CheckSymbolExists.c.o   -c /home/umaidzz/Documents/team-nust/team-nust-robocup-v2/build-V5/Release-Motion/build-local/team-nust-robocup/CMakeFiles/CMakeTmp/CheckSymbolExists.c
Linking C executable cmTC_3ba70
/usr/bin/cmake -E cmake_link_script CMakeFiles/cmTC_3ba70.dir/link.txt --verbose=1
/home/umaidzz/Documents/team-nust/ctc-linux32-atom-2.1.4.13/cross/bin/i686-aldebaran-linux-gnu-gcc     -DI_AM_A_ROBOT --sysroot /home/umaidzz/Documents/team-nust/ctc-linux32-atom-2.1.4.13/cross/i686-aldebaran-linux-gnu/sysroot/ -pipe -fomit-frame-pointer -fno-align-jumps -fno-align-functions -fno-align-labels -fno-align-loops -m32 -mtune=generic   -Wl,--as-needed,--sysroot,/home/umaidzz/Documents/team-nust/ctc-linux32-atom-2.1.4.13/cross/i686-aldebaran-linux-gnu/sysroot/  CMakeFiles/cmTC_3ba70.dir/CheckSymbolExists.c.o  -o cmTC_3ba70 -rdynamic 
CMakeFiles/cmTC_3ba70.dir/CheckSymbolExists.c.o: In function `main':
CheckSymbolExists.c:(.text+0x1): undefined reference to `clock_gettime'
collect2: ld returned 1 exit status
make[2]: *** [cmTC_3ba70] Error 1
make[2]: Leaving directory `/home/umaidzz/Documents/team-nust/team-nust-robocup-v2/build-V5/Release-Motion/build-local/team-nust-robocup/CMakeFiles/CMakeTmp'
make[1]: *** [cmTC_3ba70/fast] Error 2
make[1]: Leaving directory `/home/umaidzz/Documents/team-nust/team-nust-robocup-v2/build-V5/Release-Motion/build-local/team-nust-robocup/CMakeFiles/CMakeTmp'

File /home/umaidzz/Documents/team-nust/team-nust-robocup-v2/build-V5/Release-Motion/build-local/team-nust-robocup/CMakeFiles/CMakeTmp/CheckSymbolExists.c:
/* */
#include <time.h>

int main(int argc, char** argv)
{
  (void)argv;
#ifndef clock_gettime
  return ((int*)(&clock_gettime))[argc];
#else
  (void)argc;
  return 0;
#endif
}

Determining if the mach_absolute_time exist failed with the following output:
Change Dir: /home/umaidzz/Documents/team-nust/team-nust-robocup-v2/build-V5/Release-Motion/build-local/team-nust-robocup/CMakeFiles/CMakeTmp

Run Build Command:"/usr/bin/make" "cmTC_6be24/fast"
make[1]: Entering directory `/home/umaidzz/Documents/team-nust/team-nust-robocup-v2/build-V5/Release-Motion/build-local/team-nust-robocup/CMakeFiles/CMakeTmp'
/usr/bin/make -f CMakeFiles/cmTC_6be24.dir/build.make CMakeFiles/cmTC_6be24.dir/build
make[2]: Entering directory `/home/umaidzz/Documents/team-nust/team-nust-robocup-v2/build-V5/Release-Motion/build-local/team-nust-robocup/CMakeFiles/CMakeTmp'
Building C object CMakeFiles/cmTC_6be24.dir/CheckSymbolExists.c.o
/home/umaidzz/Documents/team-nust/ctc-linux32-atom-2.1.4.13/cross/bin/i686-aldebaran-linux-gnu-gcc    -DI_AM_A_ROBOT --sysroot /home/umaidzz/Documents/team-nust/ctc-linux32-atom-2.1.4.13/cross/i686-aldebaran-linux-gnu/sysroot/ -pipe -fomit-frame-pointer -fno-align-jumps -fno-align-functions -fno-align-labels -fno-align-loops -m32 -mtune=generic    -o CMakeFiles/cmTC_6be24.dir/CheckSymbolExists.c.o   -c /home/umaidzz/Documents/team-nust/team-nust-robocup-v2/build-V5/Release-Motion/build-local/team-nust-robocup/CMakeFiles/CMakeTmp/CheckSymbolExists.c
/home/umaidzz/Documents/team-nust/team-nust-robocup-v2/build-V5/Release-Motion/build-local/team-nust-robocup/CMakeFiles/CMakeTmp/CheckSymbolExists.c:2:28: fatal error: mach/mach_time.h: No such file or directory
compilation terminated.
make[2]: *** [CMakeFiles/cmTC_6be24.dir/CheckSymbolExists.c.o] Error 1
make[2]: Leaving directory `/home/umaidzz/Documents/team-nust/team-nust-robocup-v2/build-V5/Release-Motion/build-local/team-nust-robocup/CMakeFiles/CMakeTmp'
make[1]: *** [cmTC_6be24/fast] Error 2
make[1]: Leaving directory `/home/umaidzz/Documents/team-nust/team-nust-robocup-v2/build-V5/Release-Motion/build-local/team-nust-robocup/CMakeFiles/CMakeTmp'

File /home/umaidzz/Documents/team-nust/team-nust-robocup-v2/build-V5/Release-Motion/build-local/team-nust-robocup/CMakeFiles/CMakeTmp/CheckSymbolExists.c:
/* */
#include <mach/mach_time.h>

int main(int argc, char** argv)
{
  (void)argv;
#ifndef mach_absolute_time
  return ((int*)(&mach_absolute_time))[argc];
#else
  (void)argc;
  return 0;
#endif
}

Determining if the sysctl exist failed with the following output:
Change Dir: /home/umaidzz/Documents/team-nust/team-nust-robocup-v2/build-V5/Release-Motion/build-local/team-nust-robocup/CMakeFiles/CMakeTmp

Run Build Command:"/usr/bin/make" "cmTC_97419/fast"
make[1]: Entering directory `/home/umaidzz/Documents/team-nust/team-nust-robocup-v2/build-V5/Release-Motion/build-local/team-nust-robocup/CMakeFiles/CMakeTmp'
/usr/bin/make -f CMakeFiles/cmTC_97419.dir/build.make CMakeFiles/cmTC_97419.dir/build
make[2]: Entering directory `/home/umaidzz/Documents/team-nust/team-nust-robocup-v2/build-V5/Release-Motion/build-local/team-nust-robocup/CMakeFiles/CMakeTmp'
Building C object CMakeFiles/cmTC_97419.dir/CheckSymbolExists.c.o
/home/umaidzz/Documents/team-nust/ctc-linux32-atom-2.1.4.13/cross/bin/i686-aldebaran-linux-gnu-gcc    -DI_AM_A_ROBOT --sysroot /home/umaidzz/Documents/team-nust/ctc-linux32-atom-2.1.4.13/cross/i686-aldebaran-linux-gnu/sysroot/ -pipe -fomit-frame-pointer -fno-align-jumps -fno-align-functions -fno-align-labels -fno-align-loops -m32 -mtune=generic    -o CMakeFiles/cmTC_97419.dir/CheckSymbolExists.c.o   -c /home/umaidzz/Documents/team-nust/team-nust-robocup-v2/build-V5/Release-Motion/build-local/team-nust-robocup/CMakeFiles/CMakeTmp/CheckSymbolExists.c
/home/umaidzz/Documents/team-nust/team-nust-robocup-v2/build-V5/Release-Motion/build-local/team-nust-robocup/CMakeFiles/CMakeTmp/CheckSymbolExists.c: In function 'main':
/home/umaidzz/Documents/team-nust/team-nust-robocup-v2/build-V5/Release-Motion/build-local/team-nust-robocup/CMakeFiles/CMakeTmp/CheckSymbolExists.c:8:19: error: 'sysctl' undeclared (first use in this function)
/home/umaidzz/Documents/team-nust/team-nust-robocup-v2/build-V5/Release-Motion/build-local/team-nust-robocup/CMakeFiles/CMakeTmp/CheckSymbolExists.c:8:19: note: each undeclared identifier is reported only once for each function it appears in
make[2]: *** [CMakeFiles/cmTC_97419.dir/CheckSymbolExists.c.o] Error 1
make[2]: Leaving directory `/home/umaidzz/Documents/team-nust/team-nust-robocup-v2/build-V5/Release-Motion/build-local/team-nust-robocup/CMakeFiles/CMakeTmp'
make[1]: *** [cmTC_97419/fast] Error 2
make[1]: Leaving directory `/home/umaidzz/Documents/team-nust/team-nust-robocup-v2/build-V5/Release-Motion/build-local/team-nust-robocup/CMakeFiles/CMakeTmp'

File /home/umaidzz/Documents/team-nust/team-nust-robocup-v2/build-V5/Release-Motion/build-local/team-nust-robocup/CMakeFiles/CMakeTmp/CheckSymbolExists.c:
/* */
#include <unistd.h>

int main(int argc, char** argv)
{
  (void)argv;
#ifndef sysctl
  return ((int*)(&sysctl))[argc];
#else
  (void)argc;
  return 0;
#endif
}

Determining if the pthread_create exist failed with the following output:
Change Dir: /home/umaidzz/Documents/team-nust/team-nust-robocup-v2/build-V5/Release-Motion/build-local/team-nust-robocup/CMakeFiles/CMakeTmp

Run Build Command:"/usr/bin/make" "cmTC_b6f42/fast"
make[1]: Entering directory `/home/umaidzz/Documents/team-nust/team-nust-robocup-v2/build-V5/Release-Motion/build-local/team-nust-robocup/CMakeFiles/CMakeTmp'
/usr/bin/make -f CMakeFiles/cmTC_b6f42.dir/build.make CMakeFiles/cmTC_b6f42.dir/build
make[2]: Entering directory `/home/umaidzz/Documents/team-nust/team-nust-robocup-v2/build-V5/Release-Motion/build-local/team-nust-robocup/CMakeFiles/CMakeTmp'
Building C object CMakeFiles/cmTC_b6f42.dir/CheckSymbolExists.c.o
/home/umaidzz/Documents/team-nust/ctc-linux32-atom-2.1.4.13/cross/bin/i686-aldebaran-linux-gnu-gcc    -DI_AM_A_ROBOT --sysroot /home/umaidzz/Documents/team-nust/ctc-linux32-atom-2.1.4.13/cross/i686-aldebaran-linux-gnu/sysroot/ -pipe -fomit-frame-pointer -fno-align-jumps -fno-align-functions -fno-align-labels -fno-align-loops -m32 -mtune=generic    -o CMakeFiles/cmTC_b6f42.dir/CheckSymbolExists.c.o   -c /home/umaidzz/Documents/team-nust/team-nust-robocup-v2/build-V5/Release-Motion/build-local/team-nust-robocup/CMakeFiles/CMakeTmp/CheckSymbolExists.c
Linking C executable cmTC_b6f42
/usr/bin/cmake -E cmake_link_script CMakeFiles/cmTC_b6f42.dir/link.txt --verbose=1
/home/umaidzz/Documents/team-nust/ctc-linux32-atom-2.1.4.13/cross/bin/i686-aldebaran-linux-gnu-gcc     -DI_AM_A_ROBOT --sysroot /home/umaidzz/Documents/team-nust/ctc-linux32-atom-2.1.4.13/cross/i686-aldebaran-linux-gnu/sysroot/ -pipe -fomit-frame-pointer -fno-align-jumps -fno-align-functions -fno-align-labels -fno-align-loops -m32 -mtune=generic   -Wl,--as-needed,--sysroot,/home/umaidzz/Documents/team-nust/ctc-linux32-atom-2.1.4.13/cross/i686-aldebaran-linux-gnu/sysroot/  CMakeFiles/cmTC_b6f42.dir/CheckSymbolExists.c.o  -o cmTC_b6f42 -rdynamic -lm 
CMakeFiles/cmTC_b6f42.dir/CheckSymbolExists.c.o: In function `main':
CheckSymbolExists.c:(.text+0x1): undefined reference to `pthread_create'
collect2: ld returned 1 exit status
make[2]: *** [cmTC_b6f42] Error 1
make[2]: Leaving directory `/home/umaidzz/Documents/team-nust/team-nust-robocup-v2/build-V5/Release-Motion/build-local/team-nust-robocup/CMakeFiles/CMakeTmp'
make[1]: *** [cmTC_b6f42/fast] Error 2
make[1]: Leaving directory `/home/umaidzz/Documents/team-nust/team-nust-robocup-v2/build-V5/Release-Motion/build-local/team-nust-robocup/CMakeFiles/CMakeTmp'

File /home/umaidzz/Documents/team-nust/team-nust-robocup-v2/build-V5/Release-Motion/build-local/team-nust-robocup/CMakeFiles/CMakeTmp/CheckSymbolExists.c:
/* */
#include <pthread.h>

int main(int argc, char** argv)
{
  (void)argv;
#ifndef pthread_create
  return ((int*)(&pthread_create))[argc];
#else
  (void)argc;
  return 0;
#endif
}

Determining if the function pthread_create exists in the pthreads failed with the following output:
Change Dir: /home/umaidzz/Documents/team-nust/team-nust-robocup-v2/build-V5/Release-Motion/build-local/team-nust-robocup/CMakeFiles/CMakeTmp

Run Build Command:"/usr/bin/make" "cmTC_06865/fast"
make[1]: Entering directory `/home/umaidzz/Documents/team-nust/team-nust-robocup-v2/build-V5/Release-Motion/build-local/team-nust-robocup/CMakeFiles/CMakeTmp'
/usr/bin/make -f CMakeFiles/cmTC_06865.dir/build.make CMakeFiles/cmTC_06865.dir/build
make[2]: Entering directory `/home/umaidzz/Documents/team-nust/team-nust-robocup-v2/build-V5/Release-Motion/build-local/team-nust-robocup/CMakeFiles/CMakeTmp'
Building C object CMakeFiles/cmTC_06865.dir/CheckFunctionExists.c.o
/home/umaidzz/Documents/team-nust/ctc-linux32-atom-2.1.4.13/cross/bin/i686-aldebaran-linux-gnu-gcc    -DI_AM_A_ROBOT --sysroot /home/umaidzz/Documents/team-nust/ctc-linux32-atom-2.1.4.13/cross/i686-aldebaran-linux-gnu/sysroot/ -pipe -fomit-frame-pointer -fno-align-jumps -fno-align-functions -fno-align-labels -fno-align-loops -m32 -mtune=generic -DCHECK_FUNCTION_EXISTS=pthread_create   -o CMakeFiles/cmTC_06865.dir/CheckFunctionExists.c.o   -c /usr/share/cmake-3.5/Modules/CheckFunctionExists.c
Linking C executable cmTC_06865
/usr/bin/cmake -E cmake_link_script CMakeFiles/cmTC_06865.dir/link.txt --verbose=1
/home/umaidzz/Documents/team-nust/ctc-linux32-atom-2.1.4.13/cross/bin/i686-aldebaran-linux-gnu-gcc     -DI_AM_A_ROBOT --sysroot /home/umaidzz/Documents/team-nust/ctc-linux32-atom-2.1.4.13/cross/i686-aldebaran-linux-gnu/sysroot/ -pipe -fomit-frame-pointer -fno-align-jumps -fno-align-functions -fno-align-labels -fno-align-loops -m32 -mtune=generic -DCHECK_FUNCTION_EXISTS=pthread_create  -Wl,--as-needed,--sysroot,/home/umaidzz/Documents/team-nust/ctc-linux32-atom-2.1.4.13/cross/i686-aldebaran-linux-gnu/sysroot/  CMakeFiles/cmTC_06865.dir/CheckFunctionExists.c.o  -o cmTC_06865 -rdynamic -lpthreads -lm 
/home/umaidzz/Documents/team-nust/ctc-linux32-atom-2.1.4.13/cross/bin/../lib/gcc/i686-aldebaran-linux-gnu/4.5.3/../../../../i686-aldebaran-linux-gnu/bin/ld: cannot find -lpthreads
collect2: ld returned 1 exit status
make[2]: *** [cmTC_06865] Error 1
make[2]: Leaving directory `/home/umaidzz/Documents/team-nust/team-nust-robocup-v2/build-V5/Release-Motion/build-local/team-nust-robocup/CMakeFiles/CMakeTmp'
make[1]: *** [cmTC_06865/fast] Error 2
make[1]: Leaving directory `/home/umaidzz/Documents/team-nust/team-nust-robocup-v2/build-V5/Release-Motion/build-local/team-nust-robocup/CMakeFiles/CMakeTmp'


Performing C SOURCE FILE Test HAVE_AVX2 failed with the following output:
Change Dir: /home/umaidzz/Documents/team-nust/team-nust-robocup-v2/build-V5/Release-Motion/build-local/team-nust-robocup/CMakeFiles/CMakeTmp

Run Build Command:"/usr/bin/make" "cmTC_ae040/fast"
make[1]: Entering directory `/home/umaidzz/Documents/team-nust/team-nust-robocup-v2/build-V5/Release-Motion/build-local/team-nust-robocup/CMakeFiles/CMakeTmp'
/usr/bin/make -f CMakeFiles/cmTC_ae040.dir/build.make CMakeFiles/cmTC_ae040.dir/build
make[2]: Entering directory `/home/umaidzz/Documents/team-nust/team-nust-robocup-v2/build-V5/Release-Motion/build-local/team-nust-robocup/CMakeFiles/CMakeTmp'
Building C object CMakeFiles/cmTC_ae040.dir/src.c.o
/home/umaidzz/Documents/team-nust/ctc-linux32-atom-2.1.4.13/cross/bin/i686-aldebaran-linux-gnu-gcc    -DI_AM_A_ROBOT --sysroot /home/umaidzz/Documents/team-nust/ctc-linux32-atom-2.1.4.13/cross/i686-aldebaran-linux-gnu/sysroot/ -pipe -fomit-frame-pointer -fno-align-jumps -fno-align-functions -fno-align-labels -fno-align-loops -m32 -mtune=generic -DHAVE_AVX2   -mavx2 -o CMakeFiles/cmTC_ae040.dir/src.c.o   -c /home/umaidzz/Documents/team-nust/team-nust-robocup-v2/build-V5/Release-Motion/build-local/team-nust-robocup/CMakeFiles/CMakeTmp/src.c
cc1: error: unrecognized command line option "-mavx2"
make[2]: *** [CMakeFiles/cmTC_ae040.dir/src.c.o] Error 1
make[2]: Leaving directory `/home/umaidzz/Documents/team-nust/team-nust-robocup-v2/build-V5/Release-Motion/build-local/team-nust-robocup/CMakeFiles/CMakeTmp'
make[1]: *** [cmTC_ae040/fast] Error 2
make[1]: Leaving directory `/home/umaidzz/Documents/team-nust/team-nust-robocup-v2/build-V5/Release-Motion/build-local/team-nust-robocup/CMakeFiles/CMakeTmp'

Source file was:
int main(void) { return 0; }
Performing C SOURCE FILE Test HAVE_AVX2 failed with the following output:
Change Dir: /home/umaidzz/Documents/team-nust/team-nust-robocup-v2/build-V5/Release-Motion/build-local/team-nust-robocup/CMakeFiles/CMakeTmp

Run Build Command:"/usr/bin/make" "cmTC_cfe11/fast"
make[1]: Entering directory `/home/umaidzz/Documents/team-nust/team-nust-robocup-v2/build-V5/Release-Motion/build-local/team-nust-robocup/CMakeFiles/CMakeTmp'
/usr/bin/make -f CMakeFiles/cmTC_cfe11.dir/build.make CMakeFiles/cmTC_cfe11.dir/build
make[2]: Entering directory `/home/umaidzz/Documents/team-nust/team-nust-robocup-v2/build-V5/Release-Motion/build-local/team-nust-robocup/CMakeFiles/CMakeTmp'
Building C object CMakeFiles/cmTC_cfe11.dir/src.c.o
/home/umaidzz/Documents/team-nust/ctc-linux32-atom-2.1.4.13/cross/bin/i686-aldebaran-linux-gnu-gcc    -DI_AM_A_ROBOT --sysroot /home/umaidzz/Documents/team-nust/ctc-linux32-atom-2.1.4.13/cross/i686-aldebaran-linux-gnu/sysroot/ -pipe -fomit-frame-pointer -fno-align-jumps -fno-align-functions -fno-align-labels -fno-align-loops -m32 -mtune=generic -DHAVE_AVX2   /arch:AVX2 -o CMakeFiles/cmTC_cfe11.dir/src.c.o   -c /home/umaidzz/Documents/team-nust/team-nust-robocup-v2/build-V5/Release-Motion/build-local/team-nust-robocup/CMakeFiles/CMakeTmp/src.c
i686-aldebaran-linux-gnu-gcc: /arch:AVX2: No such file or directory
make[2]: *** [CMakeFiles/cmTC_cfe11.dir/src.c.o] Error 1
make[2]: *** Deleting file `CMakeFiles/cmTC_cfe11.dir/src.c.o'
make[2]: Leaving directory `/home/umaidzz/Documents/team-nust/team-nust-robocup-v2/build-V5/Release-Motion/build-local/team-nust-robocup/CMakeFiles/CMakeTmp'
make[1]: *** [cmTC_cfe11/fast] Error 2
make[1]: Leaving directory `/home/umaidzz/Documents/team-nust/team-nust-robocup-v2/build-V5/Release-Motion/build-local/team-nust-robocup/CMakeFiles/CMakeTmp'

Source file was:
int main(void) { return 0; }
Performing C SOURCE FILE Test HAVE_THREAD_LOCAL_STORAGE failed with the following output:
Change Dir: /home/umaidzz/Documents/team-nust/team-nust-robocup-v2/build-V5/Release-Motion/build-local/team-nust-robocup/CMakeFiles/CMakeTmp

Run Build Command:"/usr/bin/make" "cmTC_55fe7/fast"
make[1]: Entering directory `/home/umaidzz/Documents/team-nust/team-nust-robocup-v2/build-V5/Release-Motion/build-local/team-nust-robocup/CMakeFiles/CMakeTmp'
/usr/bin/make -f CMakeFiles/cmTC_55fe7.dir/build.make CMakeFiles/cmTC_55fe7.dir/build
make[2]: Entering directory `/home/umaidzz/Documents/team-nust/team-nust-robocup-v2/build-V5/Release-Motion/build-local/team-nust-robocup/CMakeFiles/CMakeTmp'
Building C object CMakeFiles/cmTC_55fe7.dir/src.c.o
/home/umaidzz/Documents/team-nust/ctc-linux32-atom-2.1.4.13/cross/bin/i686-aldebaran-linux-gnu-gcc    -DI_AM_A_ROBOT --sysroot /home/umaidzz/Documents/team-nust/ctc-linux32-atom-2.1.4.13/cross/i686-aldebaran-linux-gnu/sysroot/ -pipe -fomit-frame-pointer -fno-align-jumps -fno-align-functions -fno-align-labels -fno-align-loops -m32 -mtune=generic -DHAVE_THREAD_LOCAL_STORAGE   -o CMakeFiles/cmTC_55fe7.dir/src.c.o   -c /home/umaidzz/Documents/team-nust/team-nust-robocup-v2/build-V5/Release-Motion/build-local/team-nust-robocup/CMakeFiles/CMakeTmp/src.c
/home/umaidzz/Documents/team-nust/team-nust-robocup-v2/build-V5/Release-Motion/build-local/team-nust-robocup/CMakeFiles/CMakeTmp/src.c: In function '__declspec':
/home/umaidzz/Documents/team-nust/team-nust-robocup-v2/build-V5/Release-Motion/build-local/team-nust-robocup/CMakeFiles/CMakeTmp/src.c:3:20: error: expected '=', ',', ';', 'asm' or '__attribute__' before '{' token
/home/umaidzz/Documents/team-nust/team-nust-robocup-v2/build-V5/Release-Motion/build-local/team-nust-robocup/CMakeFiles/CMakeTmp/src.c:2:28: error: declaration for parameter 'tls' but no such parameter
/home/umaidzz/Documents/team-nust/team-nust-robocup-v2/build-V5/Release-Motion/build-local/team-nust-robocup/CMakeFiles/CMakeTmp/src.c:5:5: error: expected '{' at end of input
make[2]: *** [CMakeFiles/cmTC_55fe7.dir/src.c.o] Error 1
make[2]: Leaving directory `/home/umaidzz/Documents/team-nust/team-nust-robocup-v2/build-V5/Release-Motion/build-local/team-nust-robocup/CMakeFiles/CMakeTmp'
make[1]: *** [cmTC_55fe7/fast] Error 2
make[1]: Leaving directory `/home/umaidzz/Documents/team-nust/team-nust-robocup-v2/build-V5/Release-Motion/build-local/team-nust-robocup/CMakeFiles/CMakeTmp'

Source file was:

    __declspec(thread) int tls;
    int main(void) {
        return 0;
    }
Performing C++ SOURCE FILE Test SUPPORTS_STDCXX11 failed with the following output:
Change Dir: /home/umaidzz/Documents/team-nust/team-nust-robocup-v2/build-V5/Release-Motion/build-local/team-nust-robocup/CMakeFiles/CMakeTmp

Run Build Command:"/usr/bin/make" "cmTC_86511/fast"
make[1]: Entering directory `/home/umaidzz/Documents/team-nust/team-nust-robocup-v2/build-V5/Release-Motion/build-local/team-nust-robocup/CMakeFiles/CMakeTmp'
/usr/bin/make -f CMakeFiles/cmTC_86511.dir/build.make CMakeFiles/cmTC_86511.dir/build
make[2]: Entering directory `/home/umaidzz/Documents/team-nust/team-nust-robocup-v2/build-V5/Release-Motion/build-local/team-nust-robocup/CMakeFiles/CMakeTmp'
Building CXX object CMakeFiles/cmTC_86511.dir/src.cxx.o
/home/umaidzz/Documents/team-nust/ctc-linux32-atom-2.1.4.13/cross/bin/i686-aldebaran-linux-gnu-g++     -DI_AM_A_ROBOT --sysroot /home/umaidzz/Documents/team-nust/ctc-linux32-atom-2.1.4.13/cross/i686-aldebaran-linux-gnu/sysroot/ -pipe -fomit-frame-pointer -fno-align-jumps -fno-align-functions -fno-align-labels -fno-align-loops -m32 -mtune=generic -DSUPPORTS_STDCXX11   -std=c++11 -o CMakeFiles/cmTC_86511.dir/src.cxx.o -c /home/umaidzz/Documents/team-nust/team-nust-robocup-v2/build-V5/Release-Motion/build-local/team-nust-robocup/CMakeFiles/CMakeTmp/src.cxx
cc1plus: error: unrecognized command line option "-std=c++11"
make[2]: *** [CMakeFiles/cmTC_86511.dir/src.cxx.o] Error 1
make[2]: Leaving directory `/home/umaidzz/Documents/team-nust/team-nust-robocup-v2/build-V5/Release-Motion/build-local/team-nust-robocup/CMakeFiles/CMakeTmp'
make[1]: *** [cmTC_86511/fast] Error 2
make[1]: Leaving directory `/home/umaidzz/Documents/team-nust/team-nust-robocup-v2/build-V5/Release-Motion/build-local/team-nust-robocup/CMakeFiles/CMakeTmp'

Source file was:
int main() { return 0; }
Determining if the include file altivec.h exists failed with the following output:
Change Dir: /home/umaidzz/Documents/team-nust/team-nust-robocup-v2/build-V5/Release-Motion/build-local/team-nust-robocup/CMakeFiles/CMakeTmp

Run Build Command:"/usr/bin/make" "cmTC_c7b5c/fast"
make[1]: Entering directory `/home/umaidzz/Documents/team-nust/team-nust-robocup-v2/build-V5/Release-Motion/build-local/team-nust-robocup/CMakeFiles/CMakeTmp'
/usr/bin/make -f CMakeFiles/cmTC_c7b5c.dir/build.make CMakeFiles/cmTC_c7b5c.dir/build
make[2]: Entering directory `/home/umaidzz/Documents/team-nust/team-nust-robocup-v2/build-V5/Release-Motion/build-local/team-nust-robocup/CMakeFiles/CMakeTmp'
Building C object CMakeFiles/cmTC_c7b5c.dir/CheckIncludeFile.c.o
/home/umaidzz/Documents/team-nust/ctc-linux32-atom-2.1.4.13/cross/bin/i686-aldebaran-linux-gnu-gcc    -DI_AM_A_ROBOT --sysroot /home/umaidzz/Documents/team-nust/ctc-linux32-atom-2.1.4.13/cross/i686-aldebaran-linux-gnu/sysroot/ -pipe -fomit-frame-pointer -fno-align-jumps -fno-align-functions -fno-align-labels -fno-align-loops -m32 -mtune=generic    -o CMakeFiles/cmTC_c7b5c.dir/CheckIncludeFile.c.o   -c /home/umaidzz/Documents/team-nust/team-nust-robocup-v2/build-V5/Release-Motion/build-local/team-nust-robocup/CMakeFiles/CMakeTmp/CheckIncludeFile.c
/home/umaidzz/Documents/team-nust/team-nust-robocup-v2/build-V5/Release-Motion/build-local/team-nust-robocup/CMakeFiles/CMakeTmp/CheckIncludeFile.c:1:21: fatal error: altivec.h: No such file or directory
compilation terminated.
make[2]: *** [CMakeFiles/cmTC_c7b5c.dir/CheckIncludeFile.c.o] Error 1
make[2]: Leaving directory `/home/umaidzz/Documents/team-nust/team-nust-robocup-v2/build-V5/Release-Motion/build-local/team-nust-robocup/CMakeFiles/CMakeTmp'
make[1]: *** [cmTC_c7b5c/fast] Error 2
make[1]: Leaving directory `/home/umaidzz/Documents/team-nust/team-nust-robocup-v2/build-V5/Release-Motion/build-local/team-nust-robocup/CMakeFiles/CMakeTmp'


Determining if the include file c_asm.h exists failed with the following output:
Change Dir: /home/umaidzz/Documents/team-nust/team-nust-robocup-v2/build-V5/Release-Motion/build-local/team-nust-robocup/CMakeFiles/CMakeTmp

Run Build Command:"/usr/bin/make" "cmTC_849f7/fast"
make[1]: Entering directory `/home/umaidzz/Documents/team-nust/team-nust-robocup-v2/build-V5/Release-Motion/build-local/team-nust-robocup/CMakeFiles/CMakeTmp'
/usr/bin/make -f CMakeFiles/cmTC_849f7.dir/build.make CMakeFiles/cmTC_849f7.dir/build
make[2]: Entering directory `/home/umaidzz/Documents/team-nust/team-nust-robocup-v2/build-V5/Release-Motion/build-local/team-nust-robocup/CMakeFiles/CMakeTmp'
Building C object CMakeFiles/cmTC_849f7.dir/CheckIncludeFile.c.o
/home/umaidzz/Documents/team-nust/ctc-linux32-atom-2.1.4.13/cross/bin/i686-aldebaran-linux-gnu-gcc    -DI_AM_A_ROBOT --sysroot /home/umaidzz/Documents/team-nust/ctc-linux32-atom-2.1.4.13/cross/i686-aldebaran-linux-gnu/sysroot/ -pipe -fomit-frame-pointer -fno-align-jumps -fno-align-functions -fno-align-labels -fno-align-loops -m32 -mtune=generic    -o CMakeFiles/cmTC_849f7.dir/CheckIncludeFile.c.o   -c /home/umaidzz/Documents/team-nust/team-nust-robocup-v2/build-V5/Release-Motion/build-local/team-nust-robocup/CMakeFiles/CMakeTmp/CheckIncludeFile.c
/home/umaidzz/Documents/team-nust/team-nust-robocup-v2/build-V5/Release-Motion/build-local/team-nust-robocup/CMakeFiles/CMakeTmp/CheckIncludeFile.c:1:19: fatal error: c_asm.h: No such file or directory
compilation terminated.
make[2]: *** [CMakeFiles/cmTC_849f7.dir/CheckIncludeFile.c.o] Error 1
make[2]: Leaving directory `/home/umaidzz/Documents/team-nust/team-nust-robocup-v2/build-V5/Release-Motion/build-local/team-nust-robocup/CMakeFiles/CMakeTmp'
make[1]: *** [cmTC_849f7/fast] Error 2
make[1]: Leaving directory `/home/umaidzz/Documents/team-nust/team-nust-robocup-v2/build-V5/Release-Motion/build-local/team-nust-robocup/CMakeFiles/CMakeTmp'


Determining if the include file intrinsics.h exists failed with the following output:
Change Dir: /home/umaidzz/Documents/team-nust/team-nust-robocup-v2/build-V5/Release-Motion/build-local/team-nust-robocup/CMakeFiles/CMakeTmp

Run Build Command:"/usr/bin/make" "cmTC_2d1f0/fast"
make[1]: Entering directory `/home/umaidzz/Documents/team-nust/team-nust-robocup-v2/build-V5/Release-Motion/build-local/team-nust-robocup/CMakeFiles/CMakeTmp'
/usr/bin/make -f CMakeFiles/cmTC_2d1f0.dir/build.make CMakeFiles/cmTC_2d1f0.dir/build
make[2]: Entering directory `/home/umaidzz/Documents/team-nust/team-nust-robocup-v2/build-V5/Release-Motion/build-local/team-nust-robocup/CMakeFiles/CMakeTmp'
Building C object CMakeFiles/cmTC_2d1f0.dir/CheckIncludeFile.c.o
/home/umaidzz/Documents/team-nust/ctc-linux32-atom-2.1.4.13/cross/bin/i686-aldebaran-linux-gnu-gcc    -DI_AM_A_ROBOT --sysroot /home/umaidzz/Documents/team-nust/ctc-linux32-atom-2.1.4.13/cross/i686-aldebaran-linux-gnu/sysroot/ -pipe -fomit-frame-pointer -fno-align-jumps -fno-align-functions -fno-align-labels -fno-align-loops -m32 -mtune=generic    -o CMakeFiles/cmTC_2d1f0.dir/CheckIncludeFile.c.o   -c /home/umaidzz/Documents/team-nust/team-nust-robocup-v2/build-V5/Release-Motion/build-local/team-nust-robocup/CMakeFiles/CMakeTmp/CheckIncludeFile.c
/home/umaidzz/Documents/team-nust/team-nust-robocup-v2/build-V5/Release-Motion/build-local/team-nust-robocup/CMakeFiles/CMakeTmp/CheckIncludeFile.c:1:24: fatal error: intrinsics.h: No such file or directory
compilation terminated.
make[2]: *** [CMakeFiles/cmTC_2d1f0.dir/CheckIncludeFile.c.o] Error 1
make[2]: Leaving directory `/home/umaidzz/Documents/team-nust/team-nust-robocup-v2/build-V5/Release-Motion/build-local/team-nust-robocup/CMakeFiles/CMakeTmp'
make[1]: *** [cmTC_2d1f0/fast] Error 2
make[1]: Leaving directory `/home/umaidzz/Documents/team-nust/team-nust-robocup-v2/build-V5/Release-Motion/build-local/team-nust-robocup/CMakeFiles/CMakeTmp'


Determining if the include file mach/mach_time.h exists failed with the following output:
Change Dir: /home/umaidzz/Documents/team-nust/team-nust-robocup-v2/build-V5/Release-Motion/build-local/team-nust-robocup/CMakeFiles/CMakeTmp

Run Build Command:"/usr/bin/make" "cmTC_b353c/fast"
make[1]: Entering directory `/home/umaidzz/Documents/team-nust/team-nust-robocup-v2/build-V5/Release-Motion/build-local/team-nust-robocup/CMakeFiles/CMakeTmp'
/usr/bin/make -f CMakeFiles/cmTC_b353c.dir/build.make CMakeFiles/cmTC_b353c.dir/build
make[2]: Entering directory `/home/umaidzz/Documents/team-nust/team-nust-robocup-v2/build-V5/Release-Motion/build-local/team-nust-robocup/CMakeFiles/CMakeTmp'
Building C object CMakeFiles/cmTC_b353c.dir/CheckIncludeFile.c.o
/home/umaidzz/Documents/team-nust/ctc-linux32-atom-2.1.4.13/cross/bin/i686-aldebaran-linux-gnu-gcc    -DI_AM_A_ROBOT --sysroot /home/umaidzz/Documents/team-nust/ctc-linux32-atom-2.1.4.13/cross/i686-aldebaran-linux-gnu/sysroot/ -pipe -fomit-frame-pointer -fno-align-jumps -fno-align-functions -fno-align-labels -fno-align-loops -m32 -mtune=generic    -o CMakeFiles/cmTC_b353c.dir/CheckIncludeFile.c.o   -c /home/umaidzz/Documents/team-nust/team-nust-robocup-v2/build-V5/Release-Motion/build-local/team-nust-robocup/CMakeFiles/CMakeTmp/CheckIncludeFile.c
/home/umaidzz/Documents/team-nust/team-nust-robocup-v2/build-V5/Release-Motion/build-local/team-nust-robocup/CMakeFiles/CMakeTmp/CheckIncludeFile.c:1:28: fatal error: mach/mach_time.h: No such file or directory
compilation terminated.
make[2]: *** [CMakeFiles/cmTC_b353c.dir/CheckIncludeFile.c.o] Error 1
make[2]: Leaving directory `/home/umaidzz/Documents/team-nust/team-nust-robocup-v2/build-V5/Release-Motion/build-local/team-nust-robocup/CMakeFiles/CMakeTmp'
make[1]: *** [cmTC_b353c/fast] Error 2
make[1]: Leaving directory `/home/umaidzz/Documents/team-nust/team-nust-robocup-v2/build-V5/Release-Motion/build-local/team-nust-robocup/CMakeFiles/CMakeTmp'


Determining if the include file uintptr.h exists failed with the following output:
Change Dir: /home/umaidzz/Documents/team-nust/team-nust-robocup-v2/build-V5/Release-Motion/build-local/team-nust-robocup/CMakeFiles/CMakeTmp

Run Build Command:"/usr/bin/make" "cmTC_f4d18/fast"
make[1]: Entering directory `/home/umaidzz/Documents/team-nust/team-nust-robocup-v2/build-V5/Release-Motion/build-local/team-nust-robocup/CMakeFiles/CMakeTmp'
/usr/bin/make -f CMakeFiles/cmTC_f4d18.dir/build.make CMakeFiles/cmTC_f4d18.dir/build
make[2]: Entering directory `/home/umaidzz/Documents/team-nust/team-nust-robocup-v2/build-V5/Release-Motion/build-local/team-nust-robocup/CMakeFiles/CMakeTmp'
Building C object CMakeFiles/cmTC_f4d18.dir/CheckIncludeFile.c.o
/home/umaidzz/Documents/team-nust/ctc-linux32-atom-2.1.4.13/cross/bin/i686-aldebaran-linux-gnu-gcc    -DI_AM_A_ROBOT --sysroot /home/umaidzz/Documents/team-nust/ctc-linux32-atom-2.1.4.13/cross/i686-aldebaran-linux-gnu/sysroot/ -pipe -fomit-frame-pointer -fno-align-jumps -fno-align-functions -fno-align-labels -fno-align-loops -m32 -mtune=generic    -o CMakeFiles/cmTC_f4d18.dir/CheckIncludeFile.c.o   -c /home/umaidzz/Documents/team-nust/team-nust-robocup-v2/build-V5/Release-Motion/build-local/team-nust-robocup/CMakeFiles/CMakeTmp/CheckIncludeFile.c
/home/umaidzz/Documents/team-nust/team-nust-robocup-v2/build-V5/Release-Motion/build-local/team-nust-robocup/CMakeFiles/CMakeTmp/CheckIncludeFile.c:1:21: fatal error: uintptr.h: No such file or directory
compilation terminated.
make[2]: *** [CMakeFiles/cmTC_f4d18.dir/CheckIncludeFile.c.o] Error 1
make[2]: Leaving directory `/home/umaidzz/Documents/team-nust/team-nust-robocup-v2/build-V5/Release-Motion/build-local/team-nust-robocup/CMakeFiles/CMakeTmp'
make[1]: *** [cmTC_f4d18/fast] Error 2
make[1]: Leaving directory `/home/umaidzz/Documents/team-nust/team-nust-robocup-v2/build-V5/Release-Motion/build-local/team-nust-robocup/CMakeFiles/CMakeTmp'


Determining if the clock_gettime exist failed with the following output:
Change Dir: /home/umaidzz/Documents/team-nust/team-nust-robocup-v2/build-V5/Release-Motion/build-local/team-nust-robocup/CMakeFiles/CMakeTmp

Run Build Command:"/usr/bin/make" "cmTC_f5b40/fast"
make[1]: Entering directory `/home/umaidzz/Documents/team-nust/team-nust-robocup-v2/build-V5/Release-Motion/build-local/team-nust-robocup/CMakeFiles/CMakeTmp'
/usr/bin/make -f CMakeFiles/cmTC_f5b40.dir/build.make CMakeFiles/cmTC_f5b40.dir/build
make[2]: Entering directory `/home/umaidzz/Documents/team-nust/team-nust-robocup-v2/build-V5/Release-Motion/build-local/team-nust-robocup/CMakeFiles/CMakeTmp'
Building C object CMakeFiles/cmTC_f5b40.dir/CheckSymbolExists.c.o
/home/umaidzz/Documents/team-nust/ctc-linux32-atom-2.1.4.13/cross/bin/i686-aldebaran-linux-gnu-gcc    -DI_AM_A_ROBOT --sysroot /home/umaidzz/Documents/team-nust/ctc-linux32-atom-2.1.4.13/cross/i686-aldebaran-linux-gnu/sysroot/ -pipe -fomit-frame-pointer -fno-align-jumps -fno-align-functions -fno-align-labels -fno-align-loops -m32 -mtune=generic    -o CMakeFiles/cmTC_f5b40.dir/CheckSymbolExists.c.o   -c /home/umaidzz/Documents/team-nust/team-nust-robocup-v2/build-V5/Release-Motion/build-local/team-nust-robocup/CMakeFiles/CMakeTmp/CheckSymbolExists.c
Linking C executable cmTC_f5b40
/usr/bin/cmake -E cmake_link_script CMakeFiles/cmTC_f5b40.dir/link.txt --verbose=1
/home/umaidzz/Documents/team-nust/ctc-linux32-atom-2.1.4.13/cross/bin/i686-aldebaran-linux-gnu-gcc     -DI_AM_A_ROBOT --sysroot /home/umaidzz/Documents/team-nust/ctc-linux32-atom-2.1.4.13/cross/i686-aldebaran-linux-gnu/sysroot/ -pipe -fomit-frame-pointer -fno-align-jumps -fno-align-functions -fno-align-labels -fno-align-loops -m32 -mtune=generic   -Wl,--as-needed,--sysroot,/home/umaidzz/Documents/team-nust/ctc-linux32-atom-2.1.4.13/cross/i686-aldebaran-linux-gnu/sysroot/  CMakeFiles/cmTC_f5b40.dir/CheckSymbolExists.c.o  -o cmTC_f5b40 -rdynamic 
CMakeFiles/cmTC_f5b40.dir/CheckSymbolExists.c.o: In function `main':
CheckSymbolExists.c:(.text+0x1): undefined reference to `clock_gettime'
collect2: ld returned 1 exit status
make[2]: *** [cmTC_f5b40] Error 1
make[2]: Leaving directory `/home/umaidzz/Documents/team-nust/team-nust-robocup-v2/build-V5/Release-Motion/build-local/team-nust-robocup/CMakeFiles/CMakeTmp'
make[1]: *** [cmTC_f5b40/fast] Error 2
make[1]: Leaving directory `/home/umaidzz/Documents/team-nust/team-nust-robocup-v2/build-V5/Release-Motion/build-local/team-nust-robocup/CMakeFiles/CMakeTmp'

File /home/umaidzz/Documents/team-nust/team-nust-robocup-v2/build-V5/Release-Motion/build-local/team-nust-robocup/CMakeFiles/CMakeTmp/CheckSymbolExists.c:
/* */
#include <time.h>

int main(int argc, char** argv)
{
  (void)argv;
#ifndef clock_gettime
  return ((int*)(&clock_gettime))[argc];
#else
  (void)argc;
  return 0;
#endif
}

Determining if the mach_absolute_time exist failed with the following output:
Change Dir: /home/umaidzz/Documents/team-nust/team-nust-robocup-v2/build-V5/Release-Motion/build-local/team-nust-robocup/CMakeFiles/CMakeTmp

Run Build Command:"/usr/bin/make" "cmTC_3a597/fast"
make[1]: Entering directory `/home/umaidzz/Documents/team-nust/team-nust-robocup-v2/build-V5/Release-Motion/build-local/team-nust-robocup/CMakeFiles/CMakeTmp'
/usr/bin/make -f CMakeFiles/cmTC_3a597.dir/build.make CMakeFiles/cmTC_3a597.dir/build
make[2]: Entering directory `/home/umaidzz/Documents/team-nust/team-nust-robocup-v2/build-V5/Release-Motion/build-local/team-nust-robocup/CMakeFiles/CMakeTmp'
Building C object CMakeFiles/cmTC_3a597.dir/CheckSymbolExists.c.o
/home/umaidzz/Documents/team-nust/ctc-linux32-atom-2.1.4.13/cross/bin/i686-aldebaran-linux-gnu-gcc    -DI_AM_A_ROBOT --sysroot /home/umaidzz/Documents/team-nust/ctc-linux32-atom-2.1.4.13/cross/i686-aldebaran-linux-gnu/sysroot/ -pipe -fomit-frame-pointer -fno-align-jumps -fno-align-functions -fno-align-labels -fno-align-loops -m32 -mtune=generic    -o CMakeFiles/cmTC_3a597.dir/CheckSymbolExists.c.o   -c /home/umaidzz/Documents/team-nust/team-nust-robocup-v2/build-V5/Release-Motion/build-local/team-nust-robocup/CMakeFiles/CMakeTmp/CheckSymbolExists.c
/home/umaidzz/Documents/team-nust/team-nust-robocup-v2/build-V5/Release-Motion/build-local/team-nust-robocup/CMakeFiles/CMakeTmp/CheckSymbolExists.c:2:28: fatal error: mach/mach_time.h: No such file or directory
compilation terminated.
make[2]: *** [CMakeFiles/cmTC_3a597.dir/CheckSymbolExists.c.o] Error 1
make[2]: Leaving directory `/home/umaidzz/Documents/team-nust/team-nust-robocup-v2/build-V5/Release-Motion/build-local/team-nust-robocup/CMakeFiles/CMakeTmp'
make[1]: *** [cmTC_3a597/fast] Error 2
make[1]: Leaving directory `/home/umaidzz/Documents/team-nust/team-nust-robocup-v2/build-V5/Release-Motion/build-local/team-nust-robocup/CMakeFiles/CMakeTmp'

File /home/umaidzz/Documents/team-nust/team-nust-robocup-v2/build-V5/Release-Motion/build-local/team-nust-robocup/CMakeFiles/CMakeTmp/CheckSymbolExists.c:
/* */
#include <mach/mach_time.h>

int main(int argc, char** argv)
{
  (void)argv;
#ifndef mach_absolute_time
  return ((int*)(&mach_absolute_time))[argc];
#else
  (void)argc;
  return 0;
#endif
}

Determining if the sysctl exist failed with the following output:
Change Dir: /home/umaidzz/Documents/team-nust/team-nust-robocup-v2/build-V5/Release-Motion/build-local/team-nust-robocup/CMakeFiles/CMakeTmp

Run Build Command:"/usr/bin/make" "cmTC_871a4/fast"
make[1]: Entering directory `/home/umaidzz/Documents/team-nust/team-nust-robocup-v2/build-V5/Release-Motion/build-local/team-nust-robocup/CMakeFiles/CMakeTmp'
/usr/bin/make -f CMakeFiles/cmTC_871a4.dir/build.make CMakeFiles/cmTC_871a4.dir/build
make[2]: Entering directory `/home/umaidzz/Documents/team-nust/team-nust-robocup-v2/build-V5/Release-Motion/build-local/team-nust-robocup/CMakeFiles/CMakeTmp'
Building C object CMakeFiles/cmTC_871a4.dir/CheckSymbolExists.c.o
/home/umaidzz/Documents/team-nust/ctc-linux32-atom-2.1.4.13/cross/bin/i686-aldebaran-linux-gnu-gcc    -DI_AM_A_ROBOT --sysroot /home/umaidzz/Documents/team-nust/ctc-linux32-atom-2.1.4.13/cross/i686-aldebaran-linux-gnu/sysroot/ -pipe -fomit-frame-pointer -fno-align-jumps -fno-align-functions -fno-align-labels -fno-align-loops -m32 -mtune=generic    -o CMakeFiles/cmTC_871a4.dir/CheckSymbolExists.c.o   -c /home/umaidzz/Documents/team-nust/team-nust-robocup-v2/build-V5/Release-Motion/build-local/team-nust-robocup/CMakeFiles/CMakeTmp/CheckSymbolExists.c
/home/umaidzz/Documents/team-nust/team-nust-robocup-v2/build-V5/Release-Motion/build-local/team-nust-robocup/CMakeFiles/CMakeTmp/CheckSymbolExists.c: In function 'main':
/home/umaidzz/Documents/team-nust/team-nust-robocup-v2/build-V5/Release-Motion/build-local/team-nust-robocup/CMakeFiles/CMakeTmp/CheckSymbolExists.c:8:19: error: 'sysctl' undeclared (first use in this function)
/home/umaidzz/Documents/team-nust/team-nust-robocup-v2/build-V5/Release-Motion/build-local/team-nust-robocup/CMakeFiles/CMakeTmp/CheckSymbolExists.c:8:19: note: each undeclared identifier is reported only once for each function it appears in
make[2]: *** [CMakeFiles/cmTC_871a4.dir/CheckSymbolExists.c.o] Error 1
make[2]: Leaving directory `/home/umaidzz/Documents/team-nust/team-nust-robocup-v2/build-V5/Release-Motion/build-local/team-nust-robocup/CMakeFiles/CMakeTmp'
make[1]: *** [cmTC_871a4/fast] Error 2
make[1]: Leaving directory `/home/umaidzz/Documents/team-nust/team-nust-robocup-v2/build-V5/Release-Motion/build-local/team-nust-robocup/CMakeFiles/CMakeTmp'

File /home/umaidzz/Documents/team-nust/team-nust-robocup-v2/build-V5/Release-Motion/build-local/team-nust-robocup/CMakeFiles/CMakeTmp/CheckSymbolExists.c:
/* */
#include <unistd.h>

int main(int argc, char** argv)
{
  (void)argv;
#ifndef sysctl
  return ((int*)(&sysctl))[argc];
#else
  (void)argc;
  return 0;
#endif
}

Determining if the pthread_create exist failed with the following output:
Change Dir: /home/umaidzz/Documents/team-nust/team-nust-robocup-v2/build-V5/Release-Motion/build-local/team-nust-robocup/CMakeFiles/CMakeTmp

Run Build Command:"/usr/bin/make" "cmTC_999a9/fast"
make[1]: Entering directory `/home/umaidzz/Documents/team-nust/team-nust-robocup-v2/build-V5/Release-Motion/build-local/team-nust-robocup/CMakeFiles/CMakeTmp'
/usr/bin/make -f CMakeFiles/cmTC_999a9.dir/build.make CMakeFiles/cmTC_999a9.dir/build
make[2]: Entering directory `/home/umaidzz/Documents/team-nust/team-nust-robocup-v2/build-V5/Release-Motion/build-local/team-nust-robocup/CMakeFiles/CMakeTmp'
Building C object CMakeFiles/cmTC_999a9.dir/CheckSymbolExists.c.o
/home/umaidzz/Documents/team-nust/ctc-linux32-atom-2.1.4.13/cross/bin/i686-aldebaran-linux-gnu-gcc    -DI_AM_A_ROBOT --sysroot /home/umaidzz/Documents/team-nust/ctc-linux32-atom-2.1.4.13/cross/i686-aldebaran-linux-gnu/sysroot/ -pipe -fomit-frame-pointer -fno-align-jumps -fno-align-functions -fno-align-labels -fno-align-loops -m32 -mtune=generic    -o CMakeFiles/cmTC_999a9.dir/CheckSymbolExists.c.o   -c /home/umaidzz/Documents/team-nust/team-nust-robocup-v2/build-V5/Release-Motion/build-local/team-nust-robocup/CMakeFiles/CMakeTmp/CheckSymbolExists.c
Linking C executable cmTC_999a9
/usr/bin/cmake -E cmake_link_script CMakeFiles/cmTC_999a9.dir/link.txt --verbose=1
/home/umaidzz/Documents/team-nust/ctc-linux32-atom-2.1.4.13/cross/bin/i686-aldebaran-linux-gnu-gcc     -DI_AM_A_ROBOT --sysroot /home/umaidzz/Documents/team-nust/ctc-linux32-atom-2.1.4.13/cross/i686-aldebaran-linux-gnu/sysroot/ -pipe -fomit-frame-pointer -fno-align-jumps -fno-align-functions -fno-align-labels -fno-align-loops -m32 -mtune=generic   -Wl,--as-needed,--sysroot,/home/umaidzz/Documents/team-nust/ctc-linux32-atom-2.1.4.13/cross/i686-aldebaran-linux-gnu/sysroot/  CMakeFiles/cmTC_999a9.dir/CheckSymbolExists.c.o  -o cmTC_999a9 -rdynamic -lm 
CMakeFiles/cmTC_999a9.dir/CheckSymbolExists.c.o: In function `main':
CheckSymbolExists.c:(.text+0x1): undefined reference to `pthread_create'
collect2: ld returned 1 exit status
make[2]: *** [cmTC_999a9] Error 1
make[2]: Leaving directory `/home/umaidzz/Documents/team-nust/team-nust-robocup-v2/build-V5/Release-Motion/build-local/team-nust-robocup/CMakeFiles/CMakeTmp'
make[1]: *** [cmTC_999a9/fast] Error 2
make[1]: Leaving directory `/home/umaidzz/Documents/team-nust/team-nust-robocup-v2/build-V5/Release-Motion/build-local/team-nust-robocup/CMakeFiles/CMakeTmp'

File /home/umaidzz/Documents/team-nust/team-nust-robocup-v2/build-V5/Release-Motion/build-local/team-nust-robocup/CMakeFiles/CMakeTmp/CheckSymbolExists.c:
/* */
#include <pthread.h>

int main(int argc, char** argv)
{
  (void)argv;
#ifndef pthread_create
  return ((int*)(&pthread_create))[argc];
#else
  (void)argc;
  return 0;
#endif
}

Determining if the function pthread_create exists in the pthreads failed with the following output:
Change Dir: /home/umaidzz/Documents/team-nust/team-nust-robocup-v2/build-V5/Release-Motion/build-local/team-nust-robocup/CMakeFiles/CMakeTmp

Run Build Command:"/usr/bin/make" "cmTC_52e9a/fast"
make[1]: Entering directory `/home/umaidzz/Documents/team-nust/team-nust-robocup-v2/build-V5/Release-Motion/build-local/team-nust-robocup/CMakeFiles/CMakeTmp'
/usr/bin/make -f CMakeFiles/cmTC_52e9a.dir/build.make CMakeFiles/cmTC_52e9a.dir/build
make[2]: Entering directory `/home/umaidzz/Documents/team-nust/team-nust-robocup-v2/build-V5/Release-Motion/build-local/team-nust-robocup/CMakeFiles/CMakeTmp'
Building C object CMakeFiles/cmTC_52e9a.dir/CheckFunctionExists.c.o
/home/umaidzz/Documents/team-nust/ctc-linux32-atom-2.1.4.13/cross/bin/i686-aldebaran-linux-gnu-gcc    -DI_AM_A_ROBOT --sysroot /home/umaidzz/Documents/team-nust/ctc-linux32-atom-2.1.4.13/cross/i686-aldebaran-linux-gnu/sysroot/ -pipe -fomit-frame-pointer -fno-align-jumps -fno-align-functions -fno-align-labels -fno-align-loops -m32 -mtune=generic -DCHECK_FUNCTION_EXISTS=pthread_create   -o CMakeFiles/cmTC_52e9a.dir/CheckFunctionExists.c.o   -c /usr/share/cmake-3.5/Modules/CheckFunctionExists.c
Linking C executable cmTC_52e9a
/usr/bin/cmake -E cmake_link_script CMakeFiles/cmTC_52e9a.dir/link.txt --verbose=1
/home/umaidzz/Documents/team-nust/ctc-linux32-atom-2.1.4.13/cross/bin/i686-aldebaran-linux-gnu-gcc     -DI_AM_A_ROBOT --sysroot /home/umaidzz/Documents/team-nust/ctc-linux32-atom-2.1.4.13/cross/i686-aldebaran-linux-gnu/sysroot/ -pipe -fomit-frame-pointer -fno-align-jumps -fno-align-functions -fno-align-labels -fno-align-loops -m32 -mtune=generic -DCHECK_FUNCTION_EXISTS=pthread_create  -Wl,--as-needed,--sysroot,/home/umaidzz/Documents/team-nust/ctc-linux32-atom-2.1.4.13/cross/i686-aldebaran-linux-gnu/sysroot/  CMakeFiles/cmTC_52e9a.dir/CheckFunctionExists.c.o  -o cmTC_52e9a -rdynamic -lpthreads -lm 
/home/umaidzz/Documents/team-nust/ctc-linux32-atom-2.1.4.13/cross/bin/../lib/gcc/i686-aldebaran-linux-gnu/4.5.3/../../../../i686-aldebaran-linux-gnu/bin/ld: cannot find -lpthreads
collect2: ld returned 1 exit status
make[2]: *** [cmTC_52e9a] Error 1
make[2]: Leaving directory `/home/umaidzz/Documents/team-nust/team-nust-robocup-v2/build-V5/Release-Motion/build-local/team-nust-robocup/CMakeFiles/CMakeTmp'
make[1]: *** [cmTC_52e9a/fast] Error 2
make[1]: Leaving directory `/home/umaidzz/Documents/team-nust/team-nust-robocup-v2/build-V5/Release-Motion/build-local/team-nust-robocup/CMakeFiles/CMakeTmp'


Performing C SOURCE FILE Test HAVE_AVX2 failed with the following output:
Change Dir: /home/umaidzz/Documents/team-nust/team-nust-robocup-v2/build-V5/Release-Motion/build-local/team-nust-robocup/CMakeFiles/CMakeTmp

Run Build Command:"/usr/bin/make" "cmTC_97f65/fast"
make[1]: Entering directory `/home/umaidzz/Documents/team-nust/team-nust-robocup-v2/build-V5/Release-Motion/build-local/team-nust-robocup/CMakeFiles/CMakeTmp'
/usr/bin/make -f CMakeFiles/cmTC_97f65.dir/build.make CMakeFiles/cmTC_97f65.dir/build
make[2]: Entering directory `/home/umaidzz/Documents/team-nust/team-nust-robocup-v2/build-V5/Release-Motion/build-local/team-nust-robocup/CMakeFiles/CMakeTmp'
Building C object CMakeFiles/cmTC_97f65.dir/src.c.o
/home/umaidzz/Documents/team-nust/ctc-linux32-atom-2.1.4.13/cross/bin/i686-aldebaran-linux-gnu-gcc    -DI_AM_A_ROBOT --sysroot /home/umaidzz/Documents/team-nust/ctc-linux32-atom-2.1.4.13/cross/i686-aldebaran-linux-gnu/sysroot/ -pipe -fomit-frame-pointer -fno-align-jumps -fno-align-functions -fno-align-labels -fno-align-loops -m32 -mtune=generic -DHAVE_AVX2   -mavx2 -o CMakeFiles/cmTC_97f65.dir/src.c.o   -c /home/umaidzz/Documents/team-nust/team-nust-robocup-v2/build-V5/Release-Motion/build-local/team-nust-robocup/CMakeFiles/CMakeTmp/src.c
cc1: error: unrecognized command line option "-mavx2"
make[2]: *** [CMakeFiles/cmTC_97f65.dir/src.c.o] Error 1
make[2]: Leaving directory `/home/umaidzz/Documents/team-nust/team-nust-robocup-v2/build-V5/Release-Motion/build-local/team-nust-robocup/CMakeFiles/CMakeTmp'
make[1]: *** [cmTC_97f65/fast] Error 2
make[1]: Leaving directory `/home/umaidzz/Documents/team-nust/team-nust-robocup-v2/build-V5/Release-Motion/build-local/team-nust-robocup/CMakeFiles/CMakeTmp'

Source file was:
int main(void) { return 0; }
Performing C SOURCE FILE Test HAVE_AVX2 failed with the following output:
Change Dir: /home/umaidzz/Documents/team-nust/team-nust-robocup-v2/build-V5/Release-Motion/build-local/team-nust-robocup/CMakeFiles/CMakeTmp

Run Build Command:"/usr/bin/make" "cmTC_1fc29/fast"
make[1]: Entering directory `/home/umaidzz/Documents/team-nust/team-nust-robocup-v2/build-V5/Release-Motion/build-local/team-nust-robocup/CMakeFiles/CMakeTmp'
/usr/bin/make -f CMakeFiles/cmTC_1fc29.dir/build.make CMakeFiles/cmTC_1fc29.dir/build
make[2]: Entering directory `/home/umaidzz/Documents/team-nust/team-nust-robocup-v2/build-V5/Release-Motion/build-local/team-nust-robocup/CMakeFiles/CMakeTmp'
Building C object CMakeFiles/cmTC_1fc29.dir/src.c.o
/home/umaidzz/Documents/team-nust/ctc-linux32-atom-2.1.4.13/cross/bin/i686-aldebaran-linux-gnu-gcc    -DI_AM_A_ROBOT --sysroot /home/umaidzz/Documents/team-nust/ctc-linux32-atom-2.1.4.13/cross/i686-aldebaran-linux-gnu/sysroot/ -pipe -fomit-frame-pointer -fno-align-jumps -fno-align-functions -fno-align-labels -fno-align-loops -m32 -mtune=generic -DHAVE_AVX2   /arch:AVX2 -o CMakeFiles/cmTC_1fc29.dir/src.c.o   -c /home/umaidzz/Documents/team-nust/team-nust-robocup-v2/build-V5/Release-Motion/build-local/team-nust-robocup/CMakeFiles/CMakeTmp/src.c
i686-aldebaran-linux-gnu-gcc: /arch:AVX2: No such file or directory
make[2]: *** [CMakeFiles/cmTC_1fc29.dir/src.c.o] Error 1
make[2]: *** Deleting file `CMakeFiles/cmTC_1fc29.dir/src.c.o'
make[2]: Leaving directory `/home/umaidzz/Documents/team-nust/team-nust-robocup-v2/build-V5/Release-Motion/build-local/team-nust-robocup/CMakeFiles/CMakeTmp'
make[1]: *** [cmTC_1fc29/fast] Error 2
make[1]: Leaving directory `/home/umaidzz/Documents/team-nust/team-nust-robocup-v2/build-V5/Release-Motion/build-local/team-nust-robocup/CMakeFiles/CMakeTmp'

Source file was:
int main(void) { return 0; }
Performing C SOURCE FILE Test HAVE_THREAD_LOCAL_STORAGE failed with the following output:
Change Dir: /home/umaidzz/Documents/team-nust/team-nust-robocup-v2/build-V5/Release-Motion/build-local/team-nust-robocup/CMakeFiles/CMakeTmp

Run Build Command:"/usr/bin/make" "cmTC_87c84/fast"
make[1]: Entering directory `/home/umaidzz/Documents/team-nust/team-nust-robocup-v2/build-V5/Release-Motion/build-local/team-nust-robocup/CMakeFiles/CMakeTmp'
/usr/bin/make -f CMakeFiles/cmTC_87c84.dir/build.make CMakeFiles/cmTC_87c84.dir/build
make[2]: Entering directory `/home/umaidzz/Documents/team-nust/team-nust-robocup-v2/build-V5/Release-Motion/build-local/team-nust-robocup/CMakeFiles/CMakeTmp'
Building C object CMakeFiles/cmTC_87c84.dir/src.c.o
/home/umaidzz/Documents/team-nust/ctc-linux32-atom-2.1.4.13/cross/bin/i686-aldebaran-linux-gnu-gcc    -DI_AM_A_ROBOT --sysroot /home/umaidzz/Documents/team-nust/ctc-linux32-atom-2.1.4.13/cross/i686-aldebaran-linux-gnu/sysroot/ -pipe -fomit-frame-pointer -fno-align-jumps -fno-align-functions -fno-align-labels -fno-align-loops -m32 -mtune=generic -DHAVE_THREAD_LOCAL_STORAGE   -o CMakeFiles/cmTC_87c84.dir/src.c.o   -c /home/umaidzz/Documents/team-nust/team-nust-robocup-v2/build-V5/Release-Motion/build-local/team-nust-robocup/CMakeFiles/CMakeTmp/src.c
/home/umaidzz/Documents/team-nust/team-nust-robocup-v2/build-V5/Release-Motion/build-local/team-nust-robocup/CMakeFiles/CMakeTmp/src.c: In function '__declspec':
/home/umaidzz/Documents/team-nust/team-nust-robocup-v2/build-V5/Release-Motion/build-local/team-nust-robocup/CMakeFiles/CMakeTmp/src.c:3:20: error: expected '=', ',', ';', 'asm' or '__attribute__' before '{' token
/home/umaidzz/Documents/team-nust/team-nust-robocup-v2/build-V5/Release-Motion/build-local/team-nust-robocup/CMakeFiles/CMakeTmp/src.c:2:28: error: declaration for parameter 'tls' but no such parameter
/home/umaidzz/Documents/team-nust/team-nust-robocup-v2/build-V5/Release-Motion/build-local/team-nust-robocup/CMakeFiles/CMakeTmp/src.c:5:5: error: expected '{' at end of input
make[2]: *** [CMakeFiles/cmTC_87c84.dir/src.c.o] Error 1
make[2]: Leaving directory `/home/umaidzz/Documents/team-nust/team-nust-robocup-v2/build-V5/Release-Motion/build-local/team-nust-robocup/CMakeFiles/CMakeTmp'
make[1]: *** [cmTC_87c84/fast] Error 2
make[1]: Leaving directory `/home/umaidzz/Documents/team-nust/team-nust-robocup-v2/build-V5/Release-Motion/build-local/team-nust-robocup/CMakeFiles/CMakeTmp'

Source file was:

    __declspec(thread) int tls;
    int main(void) {
        return 0;
    }
Performing C++ SOURCE FILE Test SUPPORTS_STDCXX11 failed with the following output:
Change Dir: /home/umaidzz/Documents/team-nust/team-nust-robocup-v2/build-V5/Release-Motion/build-local/team-nust-robocup/CMakeFiles/CMakeTmp

Run Build Command:"/usr/bin/make" "cmTC_41d5e/fast"
make[1]: Entering directory `/home/umaidzz/Documents/team-nust/team-nust-robocup-v2/build-V5/Release-Motion/build-local/team-nust-robocup/CMakeFiles/CMakeTmp'
/usr/bin/make -f CMakeFiles/cmTC_41d5e.dir/build.make CMakeFiles/cmTC_41d5e.dir/build
make[2]: Entering directory `/home/umaidzz/Documents/team-nust/team-nust-robocup-v2/build-V5/Release-Motion/build-local/team-nust-robocup/CMakeFiles/CMakeTmp'
Building CXX object CMakeFiles/cmTC_41d5e.dir/src.cxx.o
/home/umaidzz/Documents/team-nust/ctc-linux32-atom-2.1.4.13/cross/bin/i686-aldebaran-linux-gnu-g++     -DI_AM_A_ROBOT --sysroot /home/umaidzz/Documents/team-nust/ctc-linux32-atom-2.1.4.13/cross/i686-aldebaran-linux-gnu/sysroot/ -pipe -fomit-frame-pointer -fno-align-jumps -fno-align-functions -fno-align-labels -fno-align-loops -m32 -mtune=generic -DSUPPORTS_STDCXX11   -std=c++11 -o CMakeFiles/cmTC_41d5e.dir/src.cxx.o -c /home/umaidzz/Documents/team-nust/team-nust-robocup-v2/build-V5/Release-Motion/build-local/team-nust-robocup/CMakeFiles/CMakeTmp/src.cxx
cc1plus: error: unrecognized command line option "-std=c++11"
make[2]: *** [CMakeFiles/cmTC_41d5e.dir/src.cxx.o] Error 1
make[2]: Leaving directory `/home/umaidzz/Documents/team-nust/team-nust-robocup-v2/build-V5/Release-Motion/build-local/team-nust-robocup/CMakeFiles/CMakeTmp'
make[1]: *** [cmTC_41d5e/fast] Error 2
make[1]: Leaving directory `/home/umaidzz/Documents/team-nust/team-nust-robocup-v2/build-V5/Release-Motion/build-local/team-nust-robocup/CMakeFiles/CMakeTmp'

Source file was:
int main() { return 0; }
