Determining if the include file altivec.h exists failed with the following output:
Change Dir: /home/umaidzz/Documents/team-nust/team-nust-robocup-v2/build-V5/Release-Motion/build-remote/team-nust-robocup/CMakeFiles/CMakeTmp

Run Build Command:"/usr/bin/make" "cmTC_76c6f/fast"
make[1]: Entering directory `/home/umaidzz/Documents/team-nust/team-nust-robocup-v2/build-V5/Release-Motion/build-remote/team-nust-robocup/CMakeFiles/CMakeTmp'
/usr/bin/make -f CMakeFiles/cmTC_76c6f.dir/build.make CMakeFiles/cmTC_76c6f.dir/build
make[2]: Entering directory `/home/umaidzz/Documents/team-nust/team-nust-robocup-v2/build-V5/Release-Motion/build-remote/team-nust-robocup/CMakeFiles/CMakeTmp'
Building C object CMakeFiles/cmTC_76c6f.dir/CheckIncludeFile.c.o
/usr/bin/cc    -fPIE   -o CMakeFiles/cmTC_76c6f.dir/CheckIncludeFile.c.o   -c /home/umaidzz/Documents/team-nust/team-nust-robocup-v2/build-V5/Release-Motion/build-remote/team-nust-robocup/CMakeFiles/CMakeTmp/CheckIncludeFile.c
/home/umaidzz/Documents/team-nust/team-nust-robocup-v2/build-V5/Release-Motion/build-remote/team-nust-robocup/CMakeFiles/CMakeTmp/CheckIncludeFile.c:1:21: fatal error: altivec.h: No such file or directory
 #include <altivec.h>
                     ^
compilation terminated.
make[2]: *** [CMakeFiles/cmTC_76c6f.dir/CheckIncludeFile.c.o] Error 1
make[2]: Leaving directory `/home/umaidzz/Documents/team-nust/team-nust-robocup-v2/build-V5/Release-Motion/build-remote/team-nust-robocup/CMakeFiles/CMakeTmp'
make[1]: *** [cmTC_76c6f/fast] Error 2
make[1]: Leaving directory `/home/umaidzz/Documents/team-nust/team-nust-robocup-v2/build-V5/Release-Motion/build-remote/team-nust-robocup/CMakeFiles/CMakeTmp'


Determining if the include file c_asm.h exists failed with the following output:
Change Dir: /home/umaidzz/Documents/team-nust/team-nust-robocup-v2/build-V5/Release-Motion/build-remote/team-nust-robocup/CMakeFiles/CMakeTmp

Run Build Command:"/usr/bin/make" "cmTC_b26bd/fast"
make[1]: Entering directory `/home/umaidzz/Documents/team-nust/team-nust-robocup-v2/build-V5/Release-Motion/build-remote/team-nust-robocup/CMakeFiles/CMakeTmp'
/usr/bin/make -f CMakeFiles/cmTC_b26bd.dir/build.make CMakeFiles/cmTC_b26bd.dir/build
make[2]: Entering directory `/home/umaidzz/Documents/team-nust/team-nust-robocup-v2/build-V5/Release-Motion/build-remote/team-nust-robocup/CMakeFiles/CMakeTmp'
Building C object CMakeFiles/cmTC_b26bd.dir/CheckIncludeFile.c.o
/usr/bin/cc    -fPIE   -o CMakeFiles/cmTC_b26bd.dir/CheckIncludeFile.c.o   -c /home/umaidzz/Documents/team-nust/team-nust-robocup-v2/build-V5/Release-Motion/build-remote/team-nust-robocup/CMakeFiles/CMakeTmp/CheckIncludeFile.c
/home/umaidzz/Documents/team-nust/team-nust-robocup-v2/build-V5/Release-Motion/build-remote/team-nust-robocup/CMakeFiles/CMakeTmp/CheckIncludeFile.c:1:19: fatal error: c_asm.h: No such file or directory
 #include <c_asm.h>
                   ^
compilation terminated.
make[2]: *** [CMakeFiles/cmTC_b26bd.dir/CheckIncludeFile.c.o] Error 1
make[2]: Leaving directory `/home/umaidzz/Documents/team-nust/team-nust-robocup-v2/build-V5/Release-Motion/build-remote/team-nust-robocup/CMakeFiles/CMakeTmp'
make[1]: *** [cmTC_b26bd/fast] Error 2
make[1]: Leaving directory `/home/umaidzz/Documents/team-nust/team-nust-robocup-v2/build-V5/Release-Motion/build-remote/team-nust-robocup/CMakeFiles/CMakeTmp'


Determining if the include file intrinsics.h exists failed with the following output:
Change Dir: /home/umaidzz/Documents/team-nust/team-nust-robocup-v2/build-V5/Release-Motion/build-remote/team-nust-robocup/CMakeFiles/CMakeTmp

Run Build Command:"/usr/bin/make" "cmTC_5b21a/fast"
make[1]: Entering directory `/home/umaidzz/Documents/team-nust/team-nust-robocup-v2/build-V5/Release-Motion/build-remote/team-nust-robocup/CMakeFiles/CMakeTmp'
/usr/bin/make -f CMakeFiles/cmTC_5b21a.dir/build.make CMakeFiles/cmTC_5b21a.dir/build
make[2]: Entering directory `/home/umaidzz/Documents/team-nust/team-nust-robocup-v2/build-V5/Release-Motion/build-remote/team-nust-robocup/CMakeFiles/CMakeTmp'
Building C object CMakeFiles/cmTC_5b21a.dir/CheckIncludeFile.c.o
/usr/bin/cc    -fPIE   -o CMakeFiles/cmTC_5b21a.dir/CheckIncludeFile.c.o   -c /home/umaidzz/Documents/team-nust/team-nust-robocup-v2/build-V5/Release-Motion/build-remote/team-nust-robocup/CMakeFiles/CMakeTmp/CheckIncludeFile.c
/home/umaidzz/Documents/team-nust/team-nust-robocup-v2/build-V5/Release-Motion/build-remote/team-nust-robocup/CMakeFiles/CMakeTmp/CheckIncludeFile.c:1:24: fatal error: intrinsics.h: No such file or directory
 #include <intrinsics.h>
                        ^
compilation terminated.
make[2]: *** [CMakeFiles/cmTC_5b21a.dir/CheckIncludeFile.c.o] Error 1
make[2]: Leaving directory `/home/umaidzz/Documents/team-nust/team-nust-robocup-v2/build-V5/Release-Motion/build-remote/team-nust-robocup/CMakeFiles/CMakeTmp'
make[1]: *** [cmTC_5b21a/fast] Error 2
make[1]: Leaving directory `/home/umaidzz/Documents/team-nust/team-nust-robocup-v2/build-V5/Release-Motion/build-remote/team-nust-robocup/CMakeFiles/CMakeTmp'


Determining if the include file mach/mach_time.h exists failed with the following output:
Change Dir: /home/umaidzz/Documents/team-nust/team-nust-robocup-v2/build-V5/Release-Motion/build-remote/team-nust-robocup/CMakeFiles/CMakeTmp

Run Build Command:"/usr/bin/make" "cmTC_3124e/fast"
make[1]: Entering directory `/home/umaidzz/Documents/team-nust/team-nust-robocup-v2/build-V5/Release-Motion/build-remote/team-nust-robocup/CMakeFiles/CMakeTmp'
/usr/bin/make -f CMakeFiles/cmTC_3124e.dir/build.make CMakeFiles/cmTC_3124e.dir/build
make[2]: Entering directory `/home/umaidzz/Documents/team-nust/team-nust-robocup-v2/build-V5/Release-Motion/build-remote/team-nust-robocup/CMakeFiles/CMakeTmp'
Building C object CMakeFiles/cmTC_3124e.dir/CheckIncludeFile.c.o
/usr/bin/cc    -fPIE   -o CMakeFiles/cmTC_3124e.dir/CheckIncludeFile.c.o   -c /home/umaidzz/Documents/team-nust/team-nust-robocup-v2/build-V5/Release-Motion/build-remote/team-nust-robocup/CMakeFiles/CMakeTmp/CheckIncludeFile.c
/home/umaidzz/Documents/team-nust/team-nust-robocup-v2/build-V5/Release-Motion/build-remote/team-nust-robocup/CMakeFiles/CMakeTmp/CheckIncludeFile.c:1:28: fatal error: mach/mach_time.h: No such file or directory
 #include <mach/mach_time.h>
                            ^
compilation terminated.
make[2]: *** [CMakeFiles/cmTC_3124e.dir/CheckIncludeFile.c.o] Error 1
make[2]: Leaving directory `/home/umaidzz/Documents/team-nust/team-nust-robocup-v2/build-V5/Release-Motion/build-remote/team-nust-robocup/CMakeFiles/CMakeTmp'
make[1]: *** [cmTC_3124e/fast] Error 2
make[1]: Leaving directory `/home/umaidzz/Documents/team-nust/team-nust-robocup-v2/build-V5/Release-Motion/build-remote/team-nust-robocup/CMakeFiles/CMakeTmp'


Determining if the include file uintptr.h exists failed with the following output:
Change Dir: /home/umaidzz/Documents/team-nust/team-nust-robocup-v2/build-V5/Release-Motion/build-remote/team-nust-robocup/CMakeFiles/CMakeTmp

Run Build Command:"/usr/bin/make" "cmTC_cb5d6/fast"
make[1]: Entering directory `/home/umaidzz/Documents/team-nust/team-nust-robocup-v2/build-V5/Release-Motion/build-remote/team-nust-robocup/CMakeFiles/CMakeTmp'
/usr/bin/make -f CMakeFiles/cmTC_cb5d6.dir/build.make CMakeFiles/cmTC_cb5d6.dir/build
make[2]: Entering directory `/home/umaidzz/Documents/team-nust/team-nust-robocup-v2/build-V5/Release-Motion/build-remote/team-nust-robocup/CMakeFiles/CMakeTmp'
Building C object CMakeFiles/cmTC_cb5d6.dir/CheckIncludeFile.c.o
/usr/bin/cc    -fPIE   -o CMakeFiles/cmTC_cb5d6.dir/CheckIncludeFile.c.o   -c /home/umaidzz/Documents/team-nust/team-nust-robocup-v2/build-V5/Release-Motion/build-remote/team-nust-robocup/CMakeFiles/CMakeTmp/CheckIncludeFile.c
/home/umaidzz/Documents/team-nust/team-nust-robocup-v2/build-V5/Release-Motion/build-remote/team-nust-robocup/CMakeFiles/CMakeTmp/CheckIncludeFile.c:1:21: fatal error: uintptr.h: No such file or directory
 #include <uintptr.h>
                     ^
compilation terminated.
make[2]: *** [CMakeFiles/cmTC_cb5d6.dir/CheckIncludeFile.c.o] Error 1
make[2]: Leaving directory `/home/umaidzz/Documents/team-nust/team-nust-robocup-v2/build-V5/Release-Motion/build-remote/team-nust-robocup/CMakeFiles/CMakeTmp'
make[1]: *** [cmTC_cb5d6/fast] Error 2
make[1]: Leaving directory `/home/umaidzz/Documents/team-nust/team-nust-robocup-v2/build-V5/Release-Motion/build-remote/team-nust-robocup/CMakeFiles/CMakeTmp'


Determining if the mach_absolute_time exist failed with the following output:
Change Dir: /home/umaidzz/Documents/team-nust/team-nust-robocup-v2/build-V5/Release-Motion/build-remote/team-nust-robocup/CMakeFiles/CMakeTmp

Run Build Command:"/usr/bin/make" "cmTC_c57b9/fast"
make[1]: Entering directory `/home/umaidzz/Documents/team-nust/team-nust-robocup-v2/build-V5/Release-Motion/build-remote/team-nust-robocup/CMakeFiles/CMakeTmp'
/usr/bin/make -f CMakeFiles/cmTC_c57b9.dir/build.make CMakeFiles/cmTC_c57b9.dir/build
make[2]: Entering directory `/home/umaidzz/Documents/team-nust/team-nust-robocup-v2/build-V5/Release-Motion/build-remote/team-nust-robocup/CMakeFiles/CMakeTmp'
Building C object CMakeFiles/cmTC_c57b9.dir/CheckSymbolExists.c.o
/usr/bin/cc    -fPIE   -o CMakeFiles/cmTC_c57b9.dir/CheckSymbolExists.c.o   -c /home/umaidzz/Documents/team-nust/team-nust-robocup-v2/build-V5/Release-Motion/build-remote/team-nust-robocup/CMakeFiles/CMakeTmp/CheckSymbolExists.c
/home/umaidzz/Documents/team-nust/team-nust-robocup-v2/build-V5/Release-Motion/build-remote/team-nust-robocup/CMakeFiles/CMakeTmp/CheckSymbolExists.c:2:28: fatal error: mach/mach_time.h: No such file or directory
 #include <mach/mach_time.h>
                            ^
compilation terminated.
make[2]: *** [CMakeFiles/cmTC_c57b9.dir/CheckSymbolExists.c.o] Error 1
make[2]: Leaving directory `/home/umaidzz/Documents/team-nust/team-nust-robocup-v2/build-V5/Release-Motion/build-remote/team-nust-robocup/CMakeFiles/CMakeTmp'
make[1]: *** [cmTC_c57b9/fast] Error 2
make[1]: Leaving directory `/home/umaidzz/Documents/team-nust/team-nust-robocup-v2/build-V5/Release-Motion/build-remote/team-nust-robocup/CMakeFiles/CMakeTmp'

File /home/umaidzz/Documents/team-nust/team-nust-robocup-v2/build-V5/Release-Motion/build-remote/team-nust-robocup/CMakeFiles/CMakeTmp/CheckSymbolExists.c:
/* */
#include <mach/mach_time.h>

int main(int argc, char** argv)
{
  (void)argv;
#ifndef mach_absolute_time
  return ((int*)(&mach_absolute_time))[argc];
#else
  (void)argc;
  return 0;
#endif
}

Determining if the sysctl exist failed with the following output:
Change Dir: /home/umaidzz/Documents/team-nust/team-nust-robocup-v2/build-V5/Release-Motion/build-remote/team-nust-robocup/CMakeFiles/CMakeTmp

Run Build Command:"/usr/bin/make" "cmTC_6c6b3/fast"
make[1]: Entering directory `/home/umaidzz/Documents/team-nust/team-nust-robocup-v2/build-V5/Release-Motion/build-remote/team-nust-robocup/CMakeFiles/CMakeTmp'
/usr/bin/make -f CMakeFiles/cmTC_6c6b3.dir/build.make CMakeFiles/cmTC_6c6b3.dir/build
make[2]: Entering directory `/home/umaidzz/Documents/team-nust/team-nust-robocup-v2/build-V5/Release-Motion/build-remote/team-nust-robocup/CMakeFiles/CMakeTmp'
Building C object CMakeFiles/cmTC_6c6b3.dir/CheckSymbolExists.c.o
/usr/bin/cc    -fPIE   -o CMakeFiles/cmTC_6c6b3.dir/CheckSymbolExists.c.o   -c /home/umaidzz/Documents/team-nust/team-nust-robocup-v2/build-V5/Release-Motion/build-remote/team-nust-robocup/CMakeFiles/CMakeTmp/CheckSymbolExists.c
/home/umaidzz/Documents/team-nust/team-nust-robocup-v2/build-V5/Release-Motion/build-remote/team-nust-robocup/CMakeFiles/CMakeTmp/CheckSymbolExists.c: In function ‘main’:
/home/umaidzz/Documents/team-nust/team-nust-robocup-v2/build-V5/Release-Motion/build-remote/team-nust-robocup/CMakeFiles/CMakeTmp/CheckSymbolExists.c:8:19: error: ‘sysctl’ undeclared (first use in this function)
   return ((int*)(&sysctl))[argc];
                   ^
/home/umaidzz/Documents/team-nust/team-nust-robocup-v2/build-V5/Release-Motion/build-remote/team-nust-robocup/CMakeFiles/CMakeTmp/CheckSymbolExists.c:8:19: note: each undeclared identifier is reported only once for each function it appears in
make[2]: *** [CMakeFiles/cmTC_6c6b3.dir/CheckSymbolExists.c.o] Error 1
make[2]: Leaving directory `/home/umaidzz/Documents/team-nust/team-nust-robocup-v2/build-V5/Release-Motion/build-remote/team-nust-robocup/CMakeFiles/CMakeTmp'
make[1]: *** [cmTC_6c6b3/fast] Error 2
make[1]: Leaving directory `/home/umaidzz/Documents/team-nust/team-nust-robocup-v2/build-V5/Release-Motion/build-remote/team-nust-robocup/CMakeFiles/CMakeTmp'

File /home/umaidzz/Documents/team-nust/team-nust-robocup-v2/build-V5/Release-Motion/build-remote/team-nust-robocup/CMakeFiles/CMakeTmp/CheckSymbolExists.c:
/* */
#include <unistd.h>

int main(int argc, char** argv)
{
  (void)argv;
#ifndef sysctl
  return ((int*)(&sysctl))[argc];
#else
  (void)argc;
  return 0;
#endif
}

Determining if the pthread_create exist failed with the following output:
Change Dir: /home/umaidzz/Documents/team-nust/team-nust-robocup-v2/build-V5/Release-Motion/build-remote/team-nust-robocup/CMakeFiles/CMakeTmp

Run Build Command:"/usr/bin/make" "cmTC_5f8c6/fast"
make[1]: Entering directory `/home/umaidzz/Documents/team-nust/team-nust-robocup-v2/build-V5/Release-Motion/build-remote/team-nust-robocup/CMakeFiles/CMakeTmp'
/usr/bin/make -f CMakeFiles/cmTC_5f8c6.dir/build.make CMakeFiles/cmTC_5f8c6.dir/build
make[2]: Entering directory `/home/umaidzz/Documents/team-nust/team-nust-robocup-v2/build-V5/Release-Motion/build-remote/team-nust-robocup/CMakeFiles/CMakeTmp'
Building C object CMakeFiles/cmTC_5f8c6.dir/CheckSymbolExists.c.o
/usr/bin/cc    -fPIE   -o CMakeFiles/cmTC_5f8c6.dir/CheckSymbolExists.c.o   -c /home/umaidzz/Documents/team-nust/team-nust-robocup-v2/build-V5/Release-Motion/build-remote/team-nust-robocup/CMakeFiles/CMakeTmp/CheckSymbolExists.c
Linking C executable cmTC_5f8c6
/usr/bin/cmake -E cmake_link_script CMakeFiles/cmTC_5f8c6.dir/link.txt --verbose=1
/usr/bin/cc       CMakeFiles/cmTC_5f8c6.dir/CheckSymbolExists.c.o  -o cmTC_5f8c6 -rdynamic -lm 
CMakeFiles/cmTC_5f8c6.dir/CheckSymbolExists.c.o: In function `main':
CheckSymbolExists.c:(.text+0x1b): undefined reference to `pthread_create'
collect2: error: ld returned 1 exit status
make[2]: *** [cmTC_5f8c6] Error 1
make[2]: Leaving directory `/home/umaidzz/Documents/team-nust/team-nust-robocup-v2/build-V5/Release-Motion/build-remote/team-nust-robocup/CMakeFiles/CMakeTmp'
make[1]: *** [cmTC_5f8c6/fast] Error 2
make[1]: Leaving directory `/home/umaidzz/Documents/team-nust/team-nust-robocup-v2/build-V5/Release-Motion/build-remote/team-nust-robocup/CMakeFiles/CMakeTmp'

File /home/umaidzz/Documents/team-nust/team-nust-robocup-v2/build-V5/Release-Motion/build-remote/team-nust-robocup/CMakeFiles/CMakeTmp/CheckSymbolExists.c:
/* */
#include <pthread.h>

int main(int argc, char** argv)
{
  (void)argv;
#ifndef pthread_create
  return ((int*)(&pthread_create))[argc];
#else
  (void)argc;
  return 0;
#endif
}

Determining if the function pthread_create exists in the pthreads failed with the following output:
Change Dir: /home/umaidzz/Documents/team-nust/team-nust-robocup-v2/build-V5/Release-Motion/build-remote/team-nust-robocup/CMakeFiles/CMakeTmp

Run Build Command:"/usr/bin/make" "cmTC_25945/fast"
make[1]: Entering directory `/home/umaidzz/Documents/team-nust/team-nust-robocup-v2/build-V5/Release-Motion/build-remote/team-nust-robocup/CMakeFiles/CMakeTmp'
/usr/bin/make -f CMakeFiles/cmTC_25945.dir/build.make CMakeFiles/cmTC_25945.dir/build
make[2]: Entering directory `/home/umaidzz/Documents/team-nust/team-nust-robocup-v2/build-V5/Release-Motion/build-remote/team-nust-robocup/CMakeFiles/CMakeTmp'
Building C object CMakeFiles/cmTC_25945.dir/CheckFunctionExists.c.o
/usr/bin/cc    -DCHECK_FUNCTION_EXISTS=pthread_create -fPIE   -o CMakeFiles/cmTC_25945.dir/CheckFunctionExists.c.o   -c /usr/share/cmake-3.5/Modules/CheckFunctionExists.c
Linking C executable cmTC_25945
/usr/bin/cmake -E cmake_link_script CMakeFiles/cmTC_25945.dir/link.txt --verbose=1
/usr/bin/cc   -DCHECK_FUNCTION_EXISTS=pthread_create    CMakeFiles/cmTC_25945.dir/CheckFunctionExists.c.o  -o cmTC_25945 -rdynamic -lpthreads -lm 
/usr/bin/ld: cannot find -lpthreads
collect2: error: ld returned 1 exit status
make[2]: *** [cmTC_25945] Error 1
make[2]: Leaving directory `/home/umaidzz/Documents/team-nust/team-nust-robocup-v2/build-V5/Release-Motion/build-remote/team-nust-robocup/CMakeFiles/CMakeTmp'
make[1]: *** [cmTC_25945/fast] Error 2
make[1]: Leaving directory `/home/umaidzz/Documents/team-nust/team-nust-robocup-v2/build-V5/Release-Motion/build-remote/team-nust-robocup/CMakeFiles/CMakeTmp'


Performing C SOURCE FILE Test HAVE_THREAD_LOCAL_STORAGE failed with the following output:
Change Dir: /home/umaidzz/Documents/team-nust/team-nust-robocup-v2/build-V5/Release-Motion/build-remote/team-nust-robocup/CMakeFiles/CMakeTmp

Run Build Command:"/usr/bin/make" "cmTC_c7f8f/fast"
make[1]: Entering directory `/home/umaidzz/Documents/team-nust/team-nust-robocup-v2/build-V5/Release-Motion/build-remote/team-nust-robocup/CMakeFiles/CMakeTmp'
/usr/bin/make -f CMakeFiles/cmTC_c7f8f.dir/build.make CMakeFiles/cmTC_c7f8f.dir/build
make[2]: Entering directory `/home/umaidzz/Documents/team-nust/team-nust-robocup-v2/build-V5/Release-Motion/build-remote/team-nust-robocup/CMakeFiles/CMakeTmp'
Building C object CMakeFiles/cmTC_c7f8f.dir/src.c.o
/usr/bin/cc    -DHAVE_THREAD_LOCAL_STORAGE -fPIE   -o CMakeFiles/cmTC_c7f8f.dir/src.c.o   -c /home/umaidzz/Documents/team-nust/team-nust-robocup-v2/build-V5/Release-Motion/build-remote/team-nust-robocup/CMakeFiles/CMakeTmp/src.c
/home/umaidzz/Documents/team-nust/team-nust-robocup-v2/build-V5/Release-Motion/build-remote/team-nust-robocup/CMakeFiles/CMakeTmp/src.c: In function ‘__declspec’:
/home/umaidzz/Documents/team-nust/team-nust-robocup-v2/build-V5/Release-Motion/build-remote/team-nust-robocup/CMakeFiles/CMakeTmp/src.c:3:20: error: expected ‘=’, ‘,’, ‘;’, ‘asm’ or ‘__attribute__’ before ‘{’ token
     int main(void) {
                    ^
/home/umaidzz/Documents/team-nust/team-nust-robocup-v2/build-V5/Release-Motion/build-remote/team-nust-robocup/CMakeFiles/CMakeTmp/src.c:2:28: error: declaration for parameter ‘tls’ but no such parameter
     __declspec(thread) int tls;
                            ^
/home/umaidzz/Documents/team-nust/team-nust-robocup-v2/build-V5/Release-Motion/build-remote/team-nust-robocup/CMakeFiles/CMakeTmp/src.c:5:5: error: expected ‘{’ at end of input
     }
     ^
make[2]: *** [CMakeFiles/cmTC_c7f8f.dir/src.c.o] Error 1
make[2]: Leaving directory `/home/umaidzz/Documents/team-nust/team-nust-robocup-v2/build-V5/Release-Motion/build-remote/team-nust-robocup/CMakeFiles/CMakeTmp'
make[1]: *** [cmTC_c7f8f/fast] Error 2
make[1]: Leaving directory `/home/umaidzz/Documents/team-nust/team-nust-robocup-v2/build-V5/Release-Motion/build-remote/team-nust-robocup/CMakeFiles/CMakeTmp'

Source file was:

    __declspec(thread) int tls;
    int main(void) {
        return 0;
    }
Determining if the include file altivec.h exists failed with the following output:
Change Dir: /home/umaidzz/Documents/team-nust/team-nust-robocup-v2/build-V5/Release-Motion/build-remote/team-nust-robocup/CMakeFiles/CMakeTmp

Run Build Command:"/usr/bin/make" "cmTC_c08fb/fast"
make[1]: Entering directory `/home/umaidzz/Documents/team-nust/team-nust-robocup-v2/build-V5/Release-Motion/build-remote/team-nust-robocup/CMakeFiles/CMakeTmp'
/usr/bin/make -f CMakeFiles/cmTC_c08fb.dir/build.make CMakeFiles/cmTC_c08fb.dir/build
make[2]: Entering directory `/home/umaidzz/Documents/team-nust/team-nust-robocup-v2/build-V5/Release-Motion/build-remote/team-nust-robocup/CMakeFiles/CMakeTmp'
Building C object CMakeFiles/cmTC_c08fb.dir/CheckIncludeFile.c.o
/usr/bin/cc    -fPIE   -o CMakeFiles/cmTC_c08fb.dir/CheckIncludeFile.c.o   -c /home/umaidzz/Documents/team-nust/team-nust-robocup-v2/build-V5/Release-Motion/build-remote/team-nust-robocup/CMakeFiles/CMakeTmp/CheckIncludeFile.c
/home/umaidzz/Documents/team-nust/team-nust-robocup-v2/build-V5/Release-Motion/build-remote/team-nust-robocup/CMakeFiles/CMakeTmp/CheckIncludeFile.c:1:21: fatal error: altivec.h: No such file or directory
 #include <altivec.h>
                     ^
compilation terminated.
make[2]: *** [CMakeFiles/cmTC_c08fb.dir/CheckIncludeFile.c.o] Error 1
make[2]: Leaving directory `/home/umaidzz/Documents/team-nust/team-nust-robocup-v2/build-V5/Release-Motion/build-remote/team-nust-robocup/CMakeFiles/CMakeTmp'
make[1]: *** [cmTC_c08fb/fast] Error 2
make[1]: Leaving directory `/home/umaidzz/Documents/team-nust/team-nust-robocup-v2/build-V5/Release-Motion/build-remote/team-nust-robocup/CMakeFiles/CMakeTmp'


Determining if the include file c_asm.h exists failed with the following output:
Change Dir: /home/umaidzz/Documents/team-nust/team-nust-robocup-v2/build-V5/Release-Motion/build-remote/team-nust-robocup/CMakeFiles/CMakeTmp

Run Build Command:"/usr/bin/make" "cmTC_cacf8/fast"
make[1]: Entering directory `/home/umaidzz/Documents/team-nust/team-nust-robocup-v2/build-V5/Release-Motion/build-remote/team-nust-robocup/CMakeFiles/CMakeTmp'
/usr/bin/make -f CMakeFiles/cmTC_cacf8.dir/build.make CMakeFiles/cmTC_cacf8.dir/build
make[2]: Entering directory `/home/umaidzz/Documents/team-nust/team-nust-robocup-v2/build-V5/Release-Motion/build-remote/team-nust-robocup/CMakeFiles/CMakeTmp'
Building C object CMakeFiles/cmTC_cacf8.dir/CheckIncludeFile.c.o
/usr/bin/cc    -fPIE   -o CMakeFiles/cmTC_cacf8.dir/CheckIncludeFile.c.o   -c /home/umaidzz/Documents/team-nust/team-nust-robocup-v2/build-V5/Release-Motion/build-remote/team-nust-robocup/CMakeFiles/CMakeTmp/CheckIncludeFile.c
/home/umaidzz/Documents/team-nust/team-nust-robocup-v2/build-V5/Release-Motion/build-remote/team-nust-robocup/CMakeFiles/CMakeTmp/CheckIncludeFile.c:1:19: fatal error: c_asm.h: No such file or directory
 #include <c_asm.h>
                   ^
compilation terminated.
make[2]: *** [CMakeFiles/cmTC_cacf8.dir/CheckIncludeFile.c.o] Error 1
make[2]: Leaving directory `/home/umaidzz/Documents/team-nust/team-nust-robocup-v2/build-V5/Release-Motion/build-remote/team-nust-robocup/CMakeFiles/CMakeTmp'
make[1]: *** [cmTC_cacf8/fast] Error 2
make[1]: Leaving directory `/home/umaidzz/Documents/team-nust/team-nust-robocup-v2/build-V5/Release-Motion/build-remote/team-nust-robocup/CMakeFiles/CMakeTmp'


Determining if the include file intrinsics.h exists failed with the following output:
Change Dir: /home/umaidzz/Documents/team-nust/team-nust-robocup-v2/build-V5/Release-Motion/build-remote/team-nust-robocup/CMakeFiles/CMakeTmp

Run Build Command:"/usr/bin/make" "cmTC_7b229/fast"
make[1]: Entering directory `/home/umaidzz/Documents/team-nust/team-nust-robocup-v2/build-V5/Release-Motion/build-remote/team-nust-robocup/CMakeFiles/CMakeTmp'
/usr/bin/make -f CMakeFiles/cmTC_7b229.dir/build.make CMakeFiles/cmTC_7b229.dir/build
make[2]: Entering directory `/home/umaidzz/Documents/team-nust/team-nust-robocup-v2/build-V5/Release-Motion/build-remote/team-nust-robocup/CMakeFiles/CMakeTmp'
Building C object CMakeFiles/cmTC_7b229.dir/CheckIncludeFile.c.o
/usr/bin/cc    -fPIE   -o CMakeFiles/cmTC_7b229.dir/CheckIncludeFile.c.o   -c /home/umaidzz/Documents/team-nust/team-nust-robocup-v2/build-V5/Release-Motion/build-remote/team-nust-robocup/CMakeFiles/CMakeTmp/CheckIncludeFile.c
/home/umaidzz/Documents/team-nust/team-nust-robocup-v2/build-V5/Release-Motion/build-remote/team-nust-robocup/CMakeFiles/CMakeTmp/CheckIncludeFile.c:1:24: fatal error: intrinsics.h: No such file or directory
 #include <intrinsics.h>
                        ^
compilation terminated.
make[2]: *** [CMakeFiles/cmTC_7b229.dir/CheckIncludeFile.c.o] Error 1
make[2]: Leaving directory `/home/umaidzz/Documents/team-nust/team-nust-robocup-v2/build-V5/Release-Motion/build-remote/team-nust-robocup/CMakeFiles/CMakeTmp'
make[1]: *** [cmTC_7b229/fast] Error 2
make[1]: Leaving directory `/home/umaidzz/Documents/team-nust/team-nust-robocup-v2/build-V5/Release-Motion/build-remote/team-nust-robocup/CMakeFiles/CMakeTmp'


Determining if the include file mach/mach_time.h exists failed with the following output:
Change Dir: /home/umaidzz/Documents/team-nust/team-nust-robocup-v2/build-V5/Release-Motion/build-remote/team-nust-robocup/CMakeFiles/CMakeTmp

Run Build Command:"/usr/bin/make" "cmTC_3ba2d/fast"
make[1]: Entering directory `/home/umaidzz/Documents/team-nust/team-nust-robocup-v2/build-V5/Release-Motion/build-remote/team-nust-robocup/CMakeFiles/CMakeTmp'
/usr/bin/make -f CMakeFiles/cmTC_3ba2d.dir/build.make CMakeFiles/cmTC_3ba2d.dir/build
make[2]: Entering directory `/home/umaidzz/Documents/team-nust/team-nust-robocup-v2/build-V5/Release-Motion/build-remote/team-nust-robocup/CMakeFiles/CMakeTmp'
Building C object CMakeFiles/cmTC_3ba2d.dir/CheckIncludeFile.c.o
/usr/bin/cc    -fPIE   -o CMakeFiles/cmTC_3ba2d.dir/CheckIncludeFile.c.o   -c /home/umaidzz/Documents/team-nust/team-nust-robocup-v2/build-V5/Release-Motion/build-remote/team-nust-robocup/CMakeFiles/CMakeTmp/CheckIncludeFile.c
/home/umaidzz/Documents/team-nust/team-nust-robocup-v2/build-V5/Release-Motion/build-remote/team-nust-robocup/CMakeFiles/CMakeTmp/CheckIncludeFile.c:1:28: fatal error: mach/mach_time.h: No such file or directory
 #include <mach/mach_time.h>
                            ^
compilation terminated.
make[2]: *** [CMakeFiles/cmTC_3ba2d.dir/CheckIncludeFile.c.o] Error 1
make[2]: Leaving directory `/home/umaidzz/Documents/team-nust/team-nust-robocup-v2/build-V5/Release-Motion/build-remote/team-nust-robocup/CMakeFiles/CMakeTmp'
make[1]: *** [cmTC_3ba2d/fast] Error 2
make[1]: Leaving directory `/home/umaidzz/Documents/team-nust/team-nust-robocup-v2/build-V5/Release-Motion/build-remote/team-nust-robocup/CMakeFiles/CMakeTmp'


Determining if the include file uintptr.h exists failed with the following output:
Change Dir: /home/umaidzz/Documents/team-nust/team-nust-robocup-v2/build-V5/Release-Motion/build-remote/team-nust-robocup/CMakeFiles/CMakeTmp

Run Build Command:"/usr/bin/make" "cmTC_e0d97/fast"
make[1]: Entering directory `/home/umaidzz/Documents/team-nust/team-nust-robocup-v2/build-V5/Release-Motion/build-remote/team-nust-robocup/CMakeFiles/CMakeTmp'
/usr/bin/make -f CMakeFiles/cmTC_e0d97.dir/build.make CMakeFiles/cmTC_e0d97.dir/build
make[2]: Entering directory `/home/umaidzz/Documents/team-nust/team-nust-robocup-v2/build-V5/Release-Motion/build-remote/team-nust-robocup/CMakeFiles/CMakeTmp'
Building C object CMakeFiles/cmTC_e0d97.dir/CheckIncludeFile.c.o
/usr/bin/cc    -fPIE   -o CMakeFiles/cmTC_e0d97.dir/CheckIncludeFile.c.o   -c /home/umaidzz/Documents/team-nust/team-nust-robocup-v2/build-V5/Release-Motion/build-remote/team-nust-robocup/CMakeFiles/CMakeTmp/CheckIncludeFile.c
/home/umaidzz/Documents/team-nust/team-nust-robocup-v2/build-V5/Release-Motion/build-remote/team-nust-robocup/CMakeFiles/CMakeTmp/CheckIncludeFile.c:1:21: fatal error: uintptr.h: No such file or directory
 #include <uintptr.h>
                     ^
compilation terminated.
make[2]: *** [CMakeFiles/cmTC_e0d97.dir/CheckIncludeFile.c.o] Error 1
make[2]: Leaving directory `/home/umaidzz/Documents/team-nust/team-nust-robocup-v2/build-V5/Release-Motion/build-remote/team-nust-robocup/CMakeFiles/CMakeTmp'
make[1]: *** [cmTC_e0d97/fast] Error 2
make[1]: Leaving directory `/home/umaidzz/Documents/team-nust/team-nust-robocup-v2/build-V5/Release-Motion/build-remote/team-nust-robocup/CMakeFiles/CMakeTmp'


Determining if the mach_absolute_time exist failed with the following output:
Change Dir: /home/umaidzz/Documents/team-nust/team-nust-robocup-v2/build-V5/Release-Motion/build-remote/team-nust-robocup/CMakeFiles/CMakeTmp

Run Build Command:"/usr/bin/make" "cmTC_fa3c6/fast"
make[1]: Entering directory `/home/umaidzz/Documents/team-nust/team-nust-robocup-v2/build-V5/Release-Motion/build-remote/team-nust-robocup/CMakeFiles/CMakeTmp'
/usr/bin/make -f CMakeFiles/cmTC_fa3c6.dir/build.make CMakeFiles/cmTC_fa3c6.dir/build
make[2]: Entering directory `/home/umaidzz/Documents/team-nust/team-nust-robocup-v2/build-V5/Release-Motion/build-remote/team-nust-robocup/CMakeFiles/CMakeTmp'
Building C object CMakeFiles/cmTC_fa3c6.dir/CheckSymbolExists.c.o
/usr/bin/cc    -fPIE   -o CMakeFiles/cmTC_fa3c6.dir/CheckSymbolExists.c.o   -c /home/umaidzz/Documents/team-nust/team-nust-robocup-v2/build-V5/Release-Motion/build-remote/team-nust-robocup/CMakeFiles/CMakeTmp/CheckSymbolExists.c
/home/umaidzz/Documents/team-nust/team-nust-robocup-v2/build-V5/Release-Motion/build-remote/team-nust-robocup/CMakeFiles/CMakeTmp/CheckSymbolExists.c:2:28: fatal error: mach/mach_time.h: No such file or directory
 #include <mach/mach_time.h>
                            ^
compilation terminated.
make[2]: *** [CMakeFiles/cmTC_fa3c6.dir/CheckSymbolExists.c.o] Error 1
make[2]: Leaving directory `/home/umaidzz/Documents/team-nust/team-nust-robocup-v2/build-V5/Release-Motion/build-remote/team-nust-robocup/CMakeFiles/CMakeTmp'
make[1]: *** [cmTC_fa3c6/fast] Error 2
make[1]: Leaving directory `/home/umaidzz/Documents/team-nust/team-nust-robocup-v2/build-V5/Release-Motion/build-remote/team-nust-robocup/CMakeFiles/CMakeTmp'

File /home/umaidzz/Documents/team-nust/team-nust-robocup-v2/build-V5/Release-Motion/build-remote/team-nust-robocup/CMakeFiles/CMakeTmp/CheckSymbolExists.c:
/* */
#include <mach/mach_time.h>

int main(int argc, char** argv)
{
  (void)argv;
#ifndef mach_absolute_time
  return ((int*)(&mach_absolute_time))[argc];
#else
  (void)argc;
  return 0;
#endif
}

Determining if the sysctl exist failed with the following output:
Change Dir: /home/umaidzz/Documents/team-nust/team-nust-robocup-v2/build-V5/Release-Motion/build-remote/team-nust-robocup/CMakeFiles/CMakeTmp

Run Build Command:"/usr/bin/make" "cmTC_5b740/fast"
make[1]: Entering directory `/home/umaidzz/Documents/team-nust/team-nust-robocup-v2/build-V5/Release-Motion/build-remote/team-nust-robocup/CMakeFiles/CMakeTmp'
/usr/bin/make -f CMakeFiles/cmTC_5b740.dir/build.make CMakeFiles/cmTC_5b740.dir/build
make[2]: Entering directory `/home/umaidzz/Documents/team-nust/team-nust-robocup-v2/build-V5/Release-Motion/build-remote/team-nust-robocup/CMakeFiles/CMakeTmp'
Building C object CMakeFiles/cmTC_5b740.dir/CheckSymbolExists.c.o
/usr/bin/cc    -fPIE   -o CMakeFiles/cmTC_5b740.dir/CheckSymbolExists.c.o   -c /home/umaidzz/Documents/team-nust/team-nust-robocup-v2/build-V5/Release-Motion/build-remote/team-nust-robocup/CMakeFiles/CMakeTmp/CheckSymbolExists.c
/home/umaidzz/Documents/team-nust/team-nust-robocup-v2/build-V5/Release-Motion/build-remote/team-nust-robocup/CMakeFiles/CMakeTmp/CheckSymbolExists.c: In function ‘main’:
/home/umaidzz/Documents/team-nust/team-nust-robocup-v2/build-V5/Release-Motion/build-remote/team-nust-robocup/CMakeFiles/CMakeTmp/CheckSymbolExists.c:8:19: error: ‘sysctl’ undeclared (first use in this function)
   return ((int*)(&sysctl))[argc];
                   ^
/home/umaidzz/Documents/team-nust/team-nust-robocup-v2/build-V5/Release-Motion/build-remote/team-nust-robocup/CMakeFiles/CMakeTmp/CheckSymbolExists.c:8:19: note: each undeclared identifier is reported only once for each function it appears in
make[2]: *** [CMakeFiles/cmTC_5b740.dir/CheckSymbolExists.c.o] Error 1
make[2]: Leaving directory `/home/umaidzz/Documents/team-nust/team-nust-robocup-v2/build-V5/Release-Motion/build-remote/team-nust-robocup/CMakeFiles/CMakeTmp'
make[1]: *** [cmTC_5b740/fast] Error 2
make[1]: Leaving directory `/home/umaidzz/Documents/team-nust/team-nust-robocup-v2/build-V5/Release-Motion/build-remote/team-nust-robocup/CMakeFiles/CMakeTmp'

File /home/umaidzz/Documents/team-nust/team-nust-robocup-v2/build-V5/Release-Motion/build-remote/team-nust-robocup/CMakeFiles/CMakeTmp/CheckSymbolExists.c:
/* */
#include <unistd.h>

int main(int argc, char** argv)
{
  (void)argv;
#ifndef sysctl
  return ((int*)(&sysctl))[argc];
#else
  (void)argc;
  return 0;
#endif
}

Determining if the pthread_create exist failed with the following output:
Change Dir: /home/umaidzz/Documents/team-nust/team-nust-robocup-v2/build-V5/Release-Motion/build-remote/team-nust-robocup/CMakeFiles/CMakeTmp

Run Build Command:"/usr/bin/make" "cmTC_d472e/fast"
make[1]: Entering directory `/home/umaidzz/Documents/team-nust/team-nust-robocup-v2/build-V5/Release-Motion/build-remote/team-nust-robocup/CMakeFiles/CMakeTmp'
/usr/bin/make -f CMakeFiles/cmTC_d472e.dir/build.make CMakeFiles/cmTC_d472e.dir/build
make[2]: Entering directory `/home/umaidzz/Documents/team-nust/team-nust-robocup-v2/build-V5/Release-Motion/build-remote/team-nust-robocup/CMakeFiles/CMakeTmp'
Building C object CMakeFiles/cmTC_d472e.dir/CheckSymbolExists.c.o
/usr/bin/cc    -fPIE   -o CMakeFiles/cmTC_d472e.dir/CheckSymbolExists.c.o   -c /home/umaidzz/Documents/team-nust/team-nust-robocup-v2/build-V5/Release-Motion/build-remote/team-nust-robocup/CMakeFiles/CMakeTmp/CheckSymbolExists.c
Linking C executable cmTC_d472e
/usr/bin/cmake -E cmake_link_script CMakeFiles/cmTC_d472e.dir/link.txt --verbose=1
/usr/bin/cc       CMakeFiles/cmTC_d472e.dir/CheckSymbolExists.c.o  -o cmTC_d472e -rdynamic -lm 
CMakeFiles/cmTC_d472e.dir/CheckSymbolExists.c.o: In function `main':
CheckSymbolExists.c:(.text+0x1b): undefined reference to `pthread_create'
collect2: error: ld returned 1 exit status
make[2]: *** [cmTC_d472e] Error 1
make[2]: Leaving directory `/home/umaidzz/Documents/team-nust/team-nust-robocup-v2/build-V5/Release-Motion/build-remote/team-nust-robocup/CMakeFiles/CMakeTmp'
make[1]: *** [cmTC_d472e/fast] Error 2
make[1]: Leaving directory `/home/umaidzz/Documents/team-nust/team-nust-robocup-v2/build-V5/Release-Motion/build-remote/team-nust-robocup/CMakeFiles/CMakeTmp'

File /home/umaidzz/Documents/team-nust/team-nust-robocup-v2/build-V5/Release-Motion/build-remote/team-nust-robocup/CMakeFiles/CMakeTmp/CheckSymbolExists.c:
/* */
#include <pthread.h>

int main(int argc, char** argv)
{
  (void)argv;
#ifndef pthread_create
  return ((int*)(&pthread_create))[argc];
#else
  (void)argc;
  return 0;
#endif
}

Determining if the function pthread_create exists in the pthreads failed with the following output:
Change Dir: /home/umaidzz/Documents/team-nust/team-nust-robocup-v2/build-V5/Release-Motion/build-remote/team-nust-robocup/CMakeFiles/CMakeTmp

Run Build Command:"/usr/bin/make" "cmTC_6f241/fast"
make[1]: Entering directory `/home/umaidzz/Documents/team-nust/team-nust-robocup-v2/build-V5/Release-Motion/build-remote/team-nust-robocup/CMakeFiles/CMakeTmp'
/usr/bin/make -f CMakeFiles/cmTC_6f241.dir/build.make CMakeFiles/cmTC_6f241.dir/build
make[2]: Entering directory `/home/umaidzz/Documents/team-nust/team-nust-robocup-v2/build-V5/Release-Motion/build-remote/team-nust-robocup/CMakeFiles/CMakeTmp'
Building C object CMakeFiles/cmTC_6f241.dir/CheckFunctionExists.c.o
/usr/bin/cc    -DCHECK_FUNCTION_EXISTS=pthread_create -fPIE   -o CMakeFiles/cmTC_6f241.dir/CheckFunctionExists.c.o   -c /usr/share/cmake-3.5/Modules/CheckFunctionExists.c
Linking C executable cmTC_6f241
/usr/bin/cmake -E cmake_link_script CMakeFiles/cmTC_6f241.dir/link.txt --verbose=1
/usr/bin/cc   -DCHECK_FUNCTION_EXISTS=pthread_create    CMakeFiles/cmTC_6f241.dir/CheckFunctionExists.c.o  -o cmTC_6f241 -rdynamic -lpthreads -lm 
/usr/bin/ld: cannot find -lpthreads
collect2: error: ld returned 1 exit status
make[2]: *** [cmTC_6f241] Error 1
make[2]: Leaving directory `/home/umaidzz/Documents/team-nust/team-nust-robocup-v2/build-V5/Release-Motion/build-remote/team-nust-robocup/CMakeFiles/CMakeTmp'
make[1]: *** [cmTC_6f241/fast] Error 2
make[1]: Leaving directory `/home/umaidzz/Documents/team-nust/team-nust-robocup-v2/build-V5/Release-Motion/build-remote/team-nust-robocup/CMakeFiles/CMakeTmp'


Performing C SOURCE FILE Test HAVE_THREAD_LOCAL_STORAGE failed with the following output:
Change Dir: /home/umaidzz/Documents/team-nust/team-nust-robocup-v2/build-V5/Release-Motion/build-remote/team-nust-robocup/CMakeFiles/CMakeTmp

Run Build Command:"/usr/bin/make" "cmTC_af22a/fast"
make[1]: Entering directory `/home/umaidzz/Documents/team-nust/team-nust-robocup-v2/build-V5/Release-Motion/build-remote/team-nust-robocup/CMakeFiles/CMakeTmp'
/usr/bin/make -f CMakeFiles/cmTC_af22a.dir/build.make CMakeFiles/cmTC_af22a.dir/build
make[2]: Entering directory `/home/umaidzz/Documents/team-nust/team-nust-robocup-v2/build-V5/Release-Motion/build-remote/team-nust-robocup/CMakeFiles/CMakeTmp'
Building C object CMakeFiles/cmTC_af22a.dir/src.c.o
/usr/bin/cc    -DHAVE_THREAD_LOCAL_STORAGE -fPIE   -o CMakeFiles/cmTC_af22a.dir/src.c.o   -c /home/umaidzz/Documents/team-nust/team-nust-robocup-v2/build-V5/Release-Motion/build-remote/team-nust-robocup/CMakeFiles/CMakeTmp/src.c
/home/umaidzz/Documents/team-nust/team-nust-robocup-v2/build-V5/Release-Motion/build-remote/team-nust-robocup/CMakeFiles/CMakeTmp/src.c: In function ‘__declspec’:
/home/umaidzz/Documents/team-nust/team-nust-robocup-v2/build-V5/Release-Motion/build-remote/team-nust-robocup/CMakeFiles/CMakeTmp/src.c:3:20: error: expected ‘=’, ‘,’, ‘;’, ‘asm’ or ‘__attribute__’ before ‘{’ token
     int main(void) {
                    ^
/home/umaidzz/Documents/team-nust/team-nust-robocup-v2/build-V5/Release-Motion/build-remote/team-nust-robocup/CMakeFiles/CMakeTmp/src.c:2:28: error: declaration for parameter ‘tls’ but no such parameter
     __declspec(thread) int tls;
                            ^
/home/umaidzz/Documents/team-nust/team-nust-robocup-v2/build-V5/Release-Motion/build-remote/team-nust-robocup/CMakeFiles/CMakeTmp/src.c:5:5: error: expected ‘{’ at end of input
     }
     ^
make[2]: *** [CMakeFiles/cmTC_af22a.dir/src.c.o] Error 1
make[2]: Leaving directory `/home/umaidzz/Documents/team-nust/team-nust-robocup-v2/build-V5/Release-Motion/build-remote/team-nust-robocup/CMakeFiles/CMakeTmp'
make[1]: *** [cmTC_af22a/fast] Error 2
make[1]: Leaving directory `/home/umaidzz/Documents/team-nust/team-nust-robocup-v2/build-V5/Release-Motion/build-remote/team-nust-robocup/CMakeFiles/CMakeTmp'

Source file was:

    __declspec(thread) int tls;
    int main(void) {
        return 0;
    }
Determining if the include file altivec.h exists failed with the following output:
Change Dir: /home/umaidzz/Documents/team-nust/team-nust-robocup-v2/build-V5/Release-Motion/build-remote/team-nust-robocup/CMakeFiles/CMakeTmp

Run Build Command:"/usr/bin/make" "cmTC_98a1f/fast"
make[1]: Entering directory `/home/umaidzz/Documents/team-nust/team-nust-robocup-v2/build-V5/Release-Motion/build-remote/team-nust-robocup/CMakeFiles/CMakeTmp'
/usr/bin/make -f CMakeFiles/cmTC_98a1f.dir/build.make CMakeFiles/cmTC_98a1f.dir/build
make[2]: Entering directory `/home/umaidzz/Documents/team-nust/team-nust-robocup-v2/build-V5/Release-Motion/build-remote/team-nust-robocup/CMakeFiles/CMakeTmp'
Building C object CMakeFiles/cmTC_98a1f.dir/CheckIncludeFile.c.o
/usr/bin/cc    -fPIE   -o CMakeFiles/cmTC_98a1f.dir/CheckIncludeFile.c.o   -c /home/umaidzz/Documents/team-nust/team-nust-robocup-v2/build-V5/Release-Motion/build-remote/team-nust-robocup/CMakeFiles/CMakeTmp/CheckIncludeFile.c
/home/umaidzz/Documents/team-nust/team-nust-robocup-v2/build-V5/Release-Motion/build-remote/team-nust-robocup/CMakeFiles/CMakeTmp/CheckIncludeFile.c:1:21: fatal error: altivec.h: No such file or directory
 #include <altivec.h>
                     ^
compilation terminated.
make[2]: *** [CMakeFiles/cmTC_98a1f.dir/CheckIncludeFile.c.o] Error 1
make[2]: Leaving directory `/home/umaidzz/Documents/team-nust/team-nust-robocup-v2/build-V5/Release-Motion/build-remote/team-nust-robocup/CMakeFiles/CMakeTmp'
make[1]: *** [cmTC_98a1f/fast] Error 2
make[1]: Leaving directory `/home/umaidzz/Documents/team-nust/team-nust-robocup-v2/build-V5/Release-Motion/build-remote/team-nust-robocup/CMakeFiles/CMakeTmp'


Determining if the include file c_asm.h exists failed with the following output:
Change Dir: /home/umaidzz/Documents/team-nust/team-nust-robocup-v2/build-V5/Release-Motion/build-remote/team-nust-robocup/CMakeFiles/CMakeTmp

Run Build Command:"/usr/bin/make" "cmTC_1eee8/fast"
make[1]: Entering directory `/home/umaidzz/Documents/team-nust/team-nust-robocup-v2/build-V5/Release-Motion/build-remote/team-nust-robocup/CMakeFiles/CMakeTmp'
/usr/bin/make -f CMakeFiles/cmTC_1eee8.dir/build.make CMakeFiles/cmTC_1eee8.dir/build
make[2]: Entering directory `/home/umaidzz/Documents/team-nust/team-nust-robocup-v2/build-V5/Release-Motion/build-remote/team-nust-robocup/CMakeFiles/CMakeTmp'
Building C object CMakeFiles/cmTC_1eee8.dir/CheckIncludeFile.c.o
/usr/bin/cc    -fPIE   -o CMakeFiles/cmTC_1eee8.dir/CheckIncludeFile.c.o   -c /home/umaidzz/Documents/team-nust/team-nust-robocup-v2/build-V5/Release-Motion/build-remote/team-nust-robocup/CMakeFiles/CMakeTmp/CheckIncludeFile.c
/home/umaidzz/Documents/team-nust/team-nust-robocup-v2/build-V5/Release-Motion/build-remote/team-nust-robocup/CMakeFiles/CMakeTmp/CheckIncludeFile.c:1:19: fatal error: c_asm.h: No such file or directory
 #include <c_asm.h>
                   ^
compilation terminated.
make[2]: *** [CMakeFiles/cmTC_1eee8.dir/CheckIncludeFile.c.o] Error 1
make[2]: Leaving directory `/home/umaidzz/Documents/team-nust/team-nust-robocup-v2/build-V5/Release-Motion/build-remote/team-nust-robocup/CMakeFiles/CMakeTmp'
make[1]: *** [cmTC_1eee8/fast] Error 2
make[1]: Leaving directory `/home/umaidzz/Documents/team-nust/team-nust-robocup-v2/build-V5/Release-Motion/build-remote/team-nust-robocup/CMakeFiles/CMakeTmp'


Determining if the include file intrinsics.h exists failed with the following output:
Change Dir: /home/umaidzz/Documents/team-nust/team-nust-robocup-v2/build-V5/Release-Motion/build-remote/team-nust-robocup/CMakeFiles/CMakeTmp

Run Build Command:"/usr/bin/make" "cmTC_5e516/fast"
make[1]: Entering directory `/home/umaidzz/Documents/team-nust/team-nust-robocup-v2/build-V5/Release-Motion/build-remote/team-nust-robocup/CMakeFiles/CMakeTmp'
/usr/bin/make -f CMakeFiles/cmTC_5e516.dir/build.make CMakeFiles/cmTC_5e516.dir/build
make[2]: Entering directory `/home/umaidzz/Documents/team-nust/team-nust-robocup-v2/build-V5/Release-Motion/build-remote/team-nust-robocup/CMakeFiles/CMakeTmp'
Building C object CMakeFiles/cmTC_5e516.dir/CheckIncludeFile.c.o
/usr/bin/cc    -fPIE   -o CMakeFiles/cmTC_5e516.dir/CheckIncludeFile.c.o   -c /home/umaidzz/Documents/team-nust/team-nust-robocup-v2/build-V5/Release-Motion/build-remote/team-nust-robocup/CMakeFiles/CMakeTmp/CheckIncludeFile.c
/home/umaidzz/Documents/team-nust/team-nust-robocup-v2/build-V5/Release-Motion/build-remote/team-nust-robocup/CMakeFiles/CMakeTmp/CheckIncludeFile.c:1:24: fatal error: intrinsics.h: No such file or directory
 #include <intrinsics.h>
                        ^
compilation terminated.
make[2]: *** [CMakeFiles/cmTC_5e516.dir/CheckIncludeFile.c.o] Error 1
make[2]: Leaving directory `/home/umaidzz/Documents/team-nust/team-nust-robocup-v2/build-V5/Release-Motion/build-remote/team-nust-robocup/CMakeFiles/CMakeTmp'
make[1]: *** [cmTC_5e516/fast] Error 2
make[1]: Leaving directory `/home/umaidzz/Documents/team-nust/team-nust-robocup-v2/build-V5/Release-Motion/build-remote/team-nust-robocup/CMakeFiles/CMakeTmp'


Determining if the include file mach/mach_time.h exists failed with the following output:
Change Dir: /home/umaidzz/Documents/team-nust/team-nust-robocup-v2/build-V5/Release-Motion/build-remote/team-nust-robocup/CMakeFiles/CMakeTmp

Run Build Command:"/usr/bin/make" "cmTC_6b9ea/fast"
make[1]: Entering directory `/home/umaidzz/Documents/team-nust/team-nust-robocup-v2/build-V5/Release-Motion/build-remote/team-nust-robocup/CMakeFiles/CMakeTmp'
/usr/bin/make -f CMakeFiles/cmTC_6b9ea.dir/build.make CMakeFiles/cmTC_6b9ea.dir/build
make[2]: Entering directory `/home/umaidzz/Documents/team-nust/team-nust-robocup-v2/build-V5/Release-Motion/build-remote/team-nust-robocup/CMakeFiles/CMakeTmp'
Building C object CMakeFiles/cmTC_6b9ea.dir/CheckIncludeFile.c.o
/usr/bin/cc    -fPIE   -o CMakeFiles/cmTC_6b9ea.dir/CheckIncludeFile.c.o   -c /home/umaidzz/Documents/team-nust/team-nust-robocup-v2/build-V5/Release-Motion/build-remote/team-nust-robocup/CMakeFiles/CMakeTmp/CheckIncludeFile.c
/home/umaidzz/Documents/team-nust/team-nust-robocup-v2/build-V5/Release-Motion/build-remote/team-nust-robocup/CMakeFiles/CMakeTmp/CheckIncludeFile.c:1:28: fatal error: mach/mach_time.h: No such file or directory
 #include <mach/mach_time.h>
                            ^
compilation terminated.
make[2]: *** [CMakeFiles/cmTC_6b9ea.dir/CheckIncludeFile.c.o] Error 1
make[2]: Leaving directory `/home/umaidzz/Documents/team-nust/team-nust-robocup-v2/build-V5/Release-Motion/build-remote/team-nust-robocup/CMakeFiles/CMakeTmp'
make[1]: *** [cmTC_6b9ea/fast] Error 2
make[1]: Leaving directory `/home/umaidzz/Documents/team-nust/team-nust-robocup-v2/build-V5/Release-Motion/build-remote/team-nust-robocup/CMakeFiles/CMakeTmp'


Determining if the include file uintptr.h exists failed with the following output:
Change Dir: /home/umaidzz/Documents/team-nust/team-nust-robocup-v2/build-V5/Release-Motion/build-remote/team-nust-robocup/CMakeFiles/CMakeTmp

Run Build Command:"/usr/bin/make" "cmTC_fc403/fast"
make[1]: Entering directory `/home/umaidzz/Documents/team-nust/team-nust-robocup-v2/build-V5/Release-Motion/build-remote/team-nust-robocup/CMakeFiles/CMakeTmp'
/usr/bin/make -f CMakeFiles/cmTC_fc403.dir/build.make CMakeFiles/cmTC_fc403.dir/build
make[2]: Entering directory `/home/umaidzz/Documents/team-nust/team-nust-robocup-v2/build-V5/Release-Motion/build-remote/team-nust-robocup/CMakeFiles/CMakeTmp'
Building C object CMakeFiles/cmTC_fc403.dir/CheckIncludeFile.c.o
/usr/bin/cc    -fPIE   -o CMakeFiles/cmTC_fc403.dir/CheckIncludeFile.c.o   -c /home/umaidzz/Documents/team-nust/team-nust-robocup-v2/build-V5/Release-Motion/build-remote/team-nust-robocup/CMakeFiles/CMakeTmp/CheckIncludeFile.c
/home/umaidzz/Documents/team-nust/team-nust-robocup-v2/build-V5/Release-Motion/build-remote/team-nust-robocup/CMakeFiles/CMakeTmp/CheckIncludeFile.c:1:21: fatal error: uintptr.h: No such file or directory
 #include <uintptr.h>
                     ^
compilation terminated.
make[2]: *** [CMakeFiles/cmTC_fc403.dir/CheckIncludeFile.c.o] Error 1
make[2]: Leaving directory `/home/umaidzz/Documents/team-nust/team-nust-robocup-v2/build-V5/Release-Motion/build-remote/team-nust-robocup/CMakeFiles/CMakeTmp'
make[1]: *** [cmTC_fc403/fast] Error 2
make[1]: Leaving directory `/home/umaidzz/Documents/team-nust/team-nust-robocup-v2/build-V5/Release-Motion/build-remote/team-nust-robocup/CMakeFiles/CMakeTmp'


Determining if the mach_absolute_time exist failed with the following output:
Change Dir: /home/umaidzz/Documents/team-nust/team-nust-robocup-v2/build-V5/Release-Motion/build-remote/team-nust-robocup/CMakeFiles/CMakeTmp

Run Build Command:"/usr/bin/make" "cmTC_45fc4/fast"
make[1]: Entering directory `/home/umaidzz/Documents/team-nust/team-nust-robocup-v2/build-V5/Release-Motion/build-remote/team-nust-robocup/CMakeFiles/CMakeTmp'
/usr/bin/make -f CMakeFiles/cmTC_45fc4.dir/build.make CMakeFiles/cmTC_45fc4.dir/build
make[2]: Entering directory `/home/umaidzz/Documents/team-nust/team-nust-robocup-v2/build-V5/Release-Motion/build-remote/team-nust-robocup/CMakeFiles/CMakeTmp'
Building C object CMakeFiles/cmTC_45fc4.dir/CheckSymbolExists.c.o
/usr/bin/cc    -fPIE   -o CMakeFiles/cmTC_45fc4.dir/CheckSymbolExists.c.o   -c /home/umaidzz/Documents/team-nust/team-nust-robocup-v2/build-V5/Release-Motion/build-remote/team-nust-robocup/CMakeFiles/CMakeTmp/CheckSymbolExists.c
/home/umaidzz/Documents/team-nust/team-nust-robocup-v2/build-V5/Release-Motion/build-remote/team-nust-robocup/CMakeFiles/CMakeTmp/CheckSymbolExists.c:2:28: fatal error: mach/mach_time.h: No such file or directory
 #include <mach/mach_time.h>
                            ^
compilation terminated.
make[2]: *** [CMakeFiles/cmTC_45fc4.dir/CheckSymbolExists.c.o] Error 1
make[2]: Leaving directory `/home/umaidzz/Documents/team-nust/team-nust-robocup-v2/build-V5/Release-Motion/build-remote/team-nust-robocup/CMakeFiles/CMakeTmp'
make[1]: *** [cmTC_45fc4/fast] Error 2
make[1]: Leaving directory `/home/umaidzz/Documents/team-nust/team-nust-robocup-v2/build-V5/Release-Motion/build-remote/team-nust-robocup/CMakeFiles/CMakeTmp'

File /home/umaidzz/Documents/team-nust/team-nust-robocup-v2/build-V5/Release-Motion/build-remote/team-nust-robocup/CMakeFiles/CMakeTmp/CheckSymbolExists.c:
/* */
#include <mach/mach_time.h>

int main(int argc, char** argv)
{
  (void)argv;
#ifndef mach_absolute_time
  return ((int*)(&mach_absolute_time))[argc];
#else
  (void)argc;
  return 0;
#endif
}

Determining if the sysctl exist failed with the following output:
Change Dir: /home/umaidzz/Documents/team-nust/team-nust-robocup-v2/build-V5/Release-Motion/build-remote/team-nust-robocup/CMakeFiles/CMakeTmp

Run Build Command:"/usr/bin/make" "cmTC_fc471/fast"
make[1]: Entering directory `/home/umaidzz/Documents/team-nust/team-nust-robocup-v2/build-V5/Release-Motion/build-remote/team-nust-robocup/CMakeFiles/CMakeTmp'
/usr/bin/make -f CMakeFiles/cmTC_fc471.dir/build.make CMakeFiles/cmTC_fc471.dir/build
make[2]: Entering directory `/home/umaidzz/Documents/team-nust/team-nust-robocup-v2/build-V5/Release-Motion/build-remote/team-nust-robocup/CMakeFiles/CMakeTmp'
Building C object CMakeFiles/cmTC_fc471.dir/CheckSymbolExists.c.o
/usr/bin/cc    -fPIE   -o CMakeFiles/cmTC_fc471.dir/CheckSymbolExists.c.o   -c /home/umaidzz/Documents/team-nust/team-nust-robocup-v2/build-V5/Release-Motion/build-remote/team-nust-robocup/CMakeFiles/CMakeTmp/CheckSymbolExists.c
/home/umaidzz/Documents/team-nust/team-nust-robocup-v2/build-V5/Release-Motion/build-remote/team-nust-robocup/CMakeFiles/CMakeTmp/CheckSymbolExists.c: In function ‘main’:
/home/umaidzz/Documents/team-nust/team-nust-robocup-v2/build-V5/Release-Motion/build-remote/team-nust-robocup/CMakeFiles/CMakeTmp/CheckSymbolExists.c:8:19: error: ‘sysctl’ undeclared (first use in this function)
   return ((int*)(&sysctl))[argc];
                   ^
/home/umaidzz/Documents/team-nust/team-nust-robocup-v2/build-V5/Release-Motion/build-remote/team-nust-robocup/CMakeFiles/CMakeTmp/CheckSymbolExists.c:8:19: note: each undeclared identifier is reported only once for each function it appears in
make[2]: *** [CMakeFiles/cmTC_fc471.dir/CheckSymbolExists.c.o] Error 1
make[2]: Leaving directory `/home/umaidzz/Documents/team-nust/team-nust-robocup-v2/build-V5/Release-Motion/build-remote/team-nust-robocup/CMakeFiles/CMakeTmp'
make[1]: *** [cmTC_fc471/fast] Error 2
make[1]: Leaving directory `/home/umaidzz/Documents/team-nust/team-nust-robocup-v2/build-V5/Release-Motion/build-remote/team-nust-robocup/CMakeFiles/CMakeTmp'

File /home/umaidzz/Documents/team-nust/team-nust-robocup-v2/build-V5/Release-Motion/build-remote/team-nust-robocup/CMakeFiles/CMakeTmp/CheckSymbolExists.c:
/* */
#include <unistd.h>

int main(int argc, char** argv)
{
  (void)argv;
#ifndef sysctl
  return ((int*)(&sysctl))[argc];
#else
  (void)argc;
  return 0;
#endif
}

Determining if the pthread_create exist failed with the following output:
Change Dir: /home/umaidzz/Documents/team-nust/team-nust-robocup-v2/build-V5/Release-Motion/build-remote/team-nust-robocup/CMakeFiles/CMakeTmp

Run Build Command:"/usr/bin/make" "cmTC_2e84c/fast"
make[1]: Entering directory `/home/umaidzz/Documents/team-nust/team-nust-robocup-v2/build-V5/Release-Motion/build-remote/team-nust-robocup/CMakeFiles/CMakeTmp'
/usr/bin/make -f CMakeFiles/cmTC_2e84c.dir/build.make CMakeFiles/cmTC_2e84c.dir/build
make[2]: Entering directory `/home/umaidzz/Documents/team-nust/team-nust-robocup-v2/build-V5/Release-Motion/build-remote/team-nust-robocup/CMakeFiles/CMakeTmp'
Building C object CMakeFiles/cmTC_2e84c.dir/CheckSymbolExists.c.o
/usr/bin/cc    -fPIE   -o CMakeFiles/cmTC_2e84c.dir/CheckSymbolExists.c.o   -c /home/umaidzz/Documents/team-nust/team-nust-robocup-v2/build-V5/Release-Motion/build-remote/team-nust-robocup/CMakeFiles/CMakeTmp/CheckSymbolExists.c
Linking C executable cmTC_2e84c
/usr/bin/cmake -E cmake_link_script CMakeFiles/cmTC_2e84c.dir/link.txt --verbose=1
/usr/bin/cc       CMakeFiles/cmTC_2e84c.dir/CheckSymbolExists.c.o  -o cmTC_2e84c -rdynamic -lm 
CMakeFiles/cmTC_2e84c.dir/CheckSymbolExists.c.o: In function `main':
CheckSymbolExists.c:(.text+0x1b): undefined reference to `pthread_create'
collect2: error: ld returned 1 exit status
make[2]: *** [cmTC_2e84c] Error 1
make[2]: Leaving directory `/home/umaidzz/Documents/team-nust/team-nust-robocup-v2/build-V5/Release-Motion/build-remote/team-nust-robocup/CMakeFiles/CMakeTmp'
make[1]: *** [cmTC_2e84c/fast] Error 2
make[1]: Leaving directory `/home/umaidzz/Documents/team-nust/team-nust-robocup-v2/build-V5/Release-Motion/build-remote/team-nust-robocup/CMakeFiles/CMakeTmp'

File /home/umaidzz/Documents/team-nust/team-nust-robocup-v2/build-V5/Release-Motion/build-remote/team-nust-robocup/CMakeFiles/CMakeTmp/CheckSymbolExists.c:
/* */
#include <pthread.h>

int main(int argc, char** argv)
{
  (void)argv;
#ifndef pthread_create
  return ((int*)(&pthread_create))[argc];
#else
  (void)argc;
  return 0;
#endif
}

Determining if the function pthread_create exists in the pthreads failed with the following output:
Change Dir: /home/umaidzz/Documents/team-nust/team-nust-robocup-v2/build-V5/Release-Motion/build-remote/team-nust-robocup/CMakeFiles/CMakeTmp

Run Build Command:"/usr/bin/make" "cmTC_f9faa/fast"
make[1]: Entering directory `/home/umaidzz/Documents/team-nust/team-nust-robocup-v2/build-V5/Release-Motion/build-remote/team-nust-robocup/CMakeFiles/CMakeTmp'
/usr/bin/make -f CMakeFiles/cmTC_f9faa.dir/build.make CMakeFiles/cmTC_f9faa.dir/build
make[2]: Entering directory `/home/umaidzz/Documents/team-nust/team-nust-robocup-v2/build-V5/Release-Motion/build-remote/team-nust-robocup/CMakeFiles/CMakeTmp'
Building C object CMakeFiles/cmTC_f9faa.dir/CheckFunctionExists.c.o
/usr/bin/cc    -DCHECK_FUNCTION_EXISTS=pthread_create -fPIE   -o CMakeFiles/cmTC_f9faa.dir/CheckFunctionExists.c.o   -c /usr/share/cmake-3.5/Modules/CheckFunctionExists.c
Linking C executable cmTC_f9faa
/usr/bin/cmake -E cmake_link_script CMakeFiles/cmTC_f9faa.dir/link.txt --verbose=1
/usr/bin/cc   -DCHECK_FUNCTION_EXISTS=pthread_create    CMakeFiles/cmTC_f9faa.dir/CheckFunctionExists.c.o  -o cmTC_f9faa -rdynamic -lpthreads -lm 
/usr/bin/ld: cannot find -lpthreads
collect2: error: ld returned 1 exit status
make[2]: *** [cmTC_f9faa] Error 1
make[2]: Leaving directory `/home/umaidzz/Documents/team-nust/team-nust-robocup-v2/build-V5/Release-Motion/build-remote/team-nust-robocup/CMakeFiles/CMakeTmp'
make[1]: *** [cmTC_f9faa/fast] Error 2
make[1]: Leaving directory `/home/umaidzz/Documents/team-nust/team-nust-robocup-v2/build-V5/Release-Motion/build-remote/team-nust-robocup/CMakeFiles/CMakeTmp'


Performing C SOURCE FILE Test HAVE_THREAD_LOCAL_STORAGE failed with the following output:
Change Dir: /home/umaidzz/Documents/team-nust/team-nust-robocup-v2/build-V5/Release-Motion/build-remote/team-nust-robocup/CMakeFiles/CMakeTmp

Run Build Command:"/usr/bin/make" "cmTC_3ea1f/fast"
make[1]: Entering directory `/home/umaidzz/Documents/team-nust/team-nust-robocup-v2/build-V5/Release-Motion/build-remote/team-nust-robocup/CMakeFiles/CMakeTmp'
/usr/bin/make -f CMakeFiles/cmTC_3ea1f.dir/build.make CMakeFiles/cmTC_3ea1f.dir/build
make[2]: Entering directory `/home/umaidzz/Documents/team-nust/team-nust-robocup-v2/build-V5/Release-Motion/build-remote/team-nust-robocup/CMakeFiles/CMakeTmp'
Building C object CMakeFiles/cmTC_3ea1f.dir/src.c.o
/usr/bin/cc    -DHAVE_THREAD_LOCAL_STORAGE -fPIE   -o CMakeFiles/cmTC_3ea1f.dir/src.c.o   -c /home/umaidzz/Documents/team-nust/team-nust-robocup-v2/build-V5/Release-Motion/build-remote/team-nust-robocup/CMakeFiles/CMakeTmp/src.c
/home/umaidzz/Documents/team-nust/team-nust-robocup-v2/build-V5/Release-Motion/build-remote/team-nust-robocup/CMakeFiles/CMakeTmp/src.c: In function ‘__declspec’:
/home/umaidzz/Documents/team-nust/team-nust-robocup-v2/build-V5/Release-Motion/build-remote/team-nust-robocup/CMakeFiles/CMakeTmp/src.c:3:20: error: expected ‘=’, ‘,’, ‘;’, ‘asm’ or ‘__attribute__’ before ‘{’ token
     int main(void) {
                    ^
/home/umaidzz/Documents/team-nust/team-nust-robocup-v2/build-V5/Release-Motion/build-remote/team-nust-robocup/CMakeFiles/CMakeTmp/src.c:2:28: error: declaration for parameter ‘tls’ but no such parameter
     __declspec(thread) int tls;
                            ^
/home/umaidzz/Documents/team-nust/team-nust-robocup-v2/build-V5/Release-Motion/build-remote/team-nust-robocup/CMakeFiles/CMakeTmp/src.c:5:5: error: expected ‘{’ at end of input
     }
     ^
make[2]: *** [CMakeFiles/cmTC_3ea1f.dir/src.c.o] Error 1
make[2]: Leaving directory `/home/umaidzz/Documents/team-nust/team-nust-robocup-v2/build-V5/Release-Motion/build-remote/team-nust-robocup/CMakeFiles/CMakeTmp'
make[1]: *** [cmTC_3ea1f/fast] Error 2
make[1]: Leaving directory `/home/umaidzz/Documents/team-nust/team-nust-robocup-v2/build-V5/Release-Motion/build-remote/team-nust-robocup/CMakeFiles/CMakeTmp'

Source file was:

    __declspec(thread) int tls;
    int main(void) {
        return 0;
    }
Determining if the include file altivec.h exists failed with the following output:
Change Dir: /home/umaidzz/Documents/team-nust/team-nust-robocup-v2/build-V5/Release-Motion/build-remote/team-nust-robocup/CMakeFiles/CMakeTmp

Run Build Command:"/usr/bin/make" "cmTC_99bdc/fast"
make[1]: Entering directory `/home/umaidzz/Documents/team-nust/team-nust-robocup-v2/build-V5/Release-Motion/build-remote/team-nust-robocup/CMakeFiles/CMakeTmp'
/usr/bin/make -f CMakeFiles/cmTC_99bdc.dir/build.make CMakeFiles/cmTC_99bdc.dir/build
make[2]: Entering directory `/home/umaidzz/Documents/team-nust/team-nust-robocup-v2/build-V5/Release-Motion/build-remote/team-nust-robocup/CMakeFiles/CMakeTmp'
Building C object CMakeFiles/cmTC_99bdc.dir/CheckIncludeFile.c.o
/usr/bin/cc    -fPIE   -o CMakeFiles/cmTC_99bdc.dir/CheckIncludeFile.c.o   -c /home/umaidzz/Documents/team-nust/team-nust-robocup-v2/build-V5/Release-Motion/build-remote/team-nust-robocup/CMakeFiles/CMakeTmp/CheckIncludeFile.c
/home/umaidzz/Documents/team-nust/team-nust-robocup-v2/build-V5/Release-Motion/build-remote/team-nust-robocup/CMakeFiles/CMakeTmp/CheckIncludeFile.c:1:21: fatal error: altivec.h: No such file or directory
 #include <altivec.h>
                     ^
compilation terminated.
make[2]: *** [CMakeFiles/cmTC_99bdc.dir/CheckIncludeFile.c.o] Error 1
make[2]: Leaving directory `/home/umaidzz/Documents/team-nust/team-nust-robocup-v2/build-V5/Release-Motion/build-remote/team-nust-robocup/CMakeFiles/CMakeTmp'
make[1]: *** [cmTC_99bdc/fast] Error 2
make[1]: Leaving directory `/home/umaidzz/Documents/team-nust/team-nust-robocup-v2/build-V5/Release-Motion/build-remote/team-nust-robocup/CMakeFiles/CMakeTmp'


Determining if the include file c_asm.h exists failed with the following output:
Change Dir: /home/umaidzz/Documents/team-nust/team-nust-robocup-v2/build-V5/Release-Motion/build-remote/team-nust-robocup/CMakeFiles/CMakeTmp

Run Build Command:"/usr/bin/make" "cmTC_fa6ab/fast"
make[1]: Entering directory `/home/umaidzz/Documents/team-nust/team-nust-robocup-v2/build-V5/Release-Motion/build-remote/team-nust-robocup/CMakeFiles/CMakeTmp'
/usr/bin/make -f CMakeFiles/cmTC_fa6ab.dir/build.make CMakeFiles/cmTC_fa6ab.dir/build
make[2]: Entering directory `/home/umaidzz/Documents/team-nust/team-nust-robocup-v2/build-V5/Release-Motion/build-remote/team-nust-robocup/CMakeFiles/CMakeTmp'
Building C object CMakeFiles/cmTC_fa6ab.dir/CheckIncludeFile.c.o
/usr/bin/cc    -fPIE   -o CMakeFiles/cmTC_fa6ab.dir/CheckIncludeFile.c.o   -c /home/umaidzz/Documents/team-nust/team-nust-robocup-v2/build-V5/Release-Motion/build-remote/team-nust-robocup/CMakeFiles/CMakeTmp/CheckIncludeFile.c
/home/umaidzz/Documents/team-nust/team-nust-robocup-v2/build-V5/Release-Motion/build-remote/team-nust-robocup/CMakeFiles/CMakeTmp/CheckIncludeFile.c:1:19: fatal error: c_asm.h: No such file or directory
 #include <c_asm.h>
                   ^
compilation terminated.
make[2]: *** [CMakeFiles/cmTC_fa6ab.dir/CheckIncludeFile.c.o] Error 1
make[2]: Leaving directory `/home/umaidzz/Documents/team-nust/team-nust-robocup-v2/build-V5/Release-Motion/build-remote/team-nust-robocup/CMakeFiles/CMakeTmp'
make[1]: *** [cmTC_fa6ab/fast] Error 2
make[1]: Leaving directory `/home/umaidzz/Documents/team-nust/team-nust-robocup-v2/build-V5/Release-Motion/build-remote/team-nust-robocup/CMakeFiles/CMakeTmp'


Determining if the include file intrinsics.h exists failed with the following output:
Change Dir: /home/umaidzz/Documents/team-nust/team-nust-robocup-v2/build-V5/Release-Motion/build-remote/team-nust-robocup/CMakeFiles/CMakeTmp

Run Build Command:"/usr/bin/make" "cmTC_21e8f/fast"
make[1]: Entering directory `/home/umaidzz/Documents/team-nust/team-nust-robocup-v2/build-V5/Release-Motion/build-remote/team-nust-robocup/CMakeFiles/CMakeTmp'
/usr/bin/make -f CMakeFiles/cmTC_21e8f.dir/build.make CMakeFiles/cmTC_21e8f.dir/build
make[2]: Entering directory `/home/umaidzz/Documents/team-nust/team-nust-robocup-v2/build-V5/Release-Motion/build-remote/team-nust-robocup/CMakeFiles/CMakeTmp'
Building C object CMakeFiles/cmTC_21e8f.dir/CheckIncludeFile.c.o
/usr/bin/cc    -fPIE   -o CMakeFiles/cmTC_21e8f.dir/CheckIncludeFile.c.o   -c /home/umaidzz/Documents/team-nust/team-nust-robocup-v2/build-V5/Release-Motion/build-remote/team-nust-robocup/CMakeFiles/CMakeTmp/CheckIncludeFile.c
/home/umaidzz/Documents/team-nust/team-nust-robocup-v2/build-V5/Release-Motion/build-remote/team-nust-robocup/CMakeFiles/CMakeTmp/CheckIncludeFile.c:1:24: fatal error: intrinsics.h: No such file or directory
 #include <intrinsics.h>
                        ^
compilation terminated.
make[2]: *** [CMakeFiles/cmTC_21e8f.dir/CheckIncludeFile.c.o] Error 1
make[2]: Leaving directory `/home/umaidzz/Documents/team-nust/team-nust-robocup-v2/build-V5/Release-Motion/build-remote/team-nust-robocup/CMakeFiles/CMakeTmp'
make[1]: *** [cmTC_21e8f/fast] Error 2
make[1]: Leaving directory `/home/umaidzz/Documents/team-nust/team-nust-robocup-v2/build-V5/Release-Motion/build-remote/team-nust-robocup/CMakeFiles/CMakeTmp'


Determining if the include file mach/mach_time.h exists failed with the following output:
Change Dir: /home/umaidzz/Documents/team-nust/team-nust-robocup-v2/build-V5/Release-Motion/build-remote/team-nust-robocup/CMakeFiles/CMakeTmp

Run Build Command:"/usr/bin/make" "cmTC_d8666/fast"
make[1]: Entering directory `/home/umaidzz/Documents/team-nust/team-nust-robocup-v2/build-V5/Release-Motion/build-remote/team-nust-robocup/CMakeFiles/CMakeTmp'
/usr/bin/make -f CMakeFiles/cmTC_d8666.dir/build.make CMakeFiles/cmTC_d8666.dir/build
make[2]: Entering directory `/home/umaidzz/Documents/team-nust/team-nust-robocup-v2/build-V5/Release-Motion/build-remote/team-nust-robocup/CMakeFiles/CMakeTmp'
Building C object CMakeFiles/cmTC_d8666.dir/CheckIncludeFile.c.o
/usr/bin/cc    -fPIE   -o CMakeFiles/cmTC_d8666.dir/CheckIncludeFile.c.o   -c /home/umaidzz/Documents/team-nust/team-nust-robocup-v2/build-V5/Release-Motion/build-remote/team-nust-robocup/CMakeFiles/CMakeTmp/CheckIncludeFile.c
/home/umaidzz/Documents/team-nust/team-nust-robocup-v2/build-V5/Release-Motion/build-remote/team-nust-robocup/CMakeFiles/CMakeTmp/CheckIncludeFile.c:1:28: fatal error: mach/mach_time.h: No such file or directory
 #include <mach/mach_time.h>
                            ^
compilation terminated.
make[2]: *** [CMakeFiles/cmTC_d8666.dir/CheckIncludeFile.c.o] Error 1
make[2]: Leaving directory `/home/umaidzz/Documents/team-nust/team-nust-robocup-v2/build-V5/Release-Motion/build-remote/team-nust-robocup/CMakeFiles/CMakeTmp'
make[1]: *** [cmTC_d8666/fast] Error 2
make[1]: Leaving directory `/home/umaidzz/Documents/team-nust/team-nust-robocup-v2/build-V5/Release-Motion/build-remote/team-nust-robocup/CMakeFiles/CMakeTmp'


Determining if the include file uintptr.h exists failed with the following output:
Change Dir: /home/umaidzz/Documents/team-nust/team-nust-robocup-v2/build-V5/Release-Motion/build-remote/team-nust-robocup/CMakeFiles/CMakeTmp

Run Build Command:"/usr/bin/make" "cmTC_673f5/fast"
make[1]: Entering directory `/home/umaidzz/Documents/team-nust/team-nust-robocup-v2/build-V5/Release-Motion/build-remote/team-nust-robocup/CMakeFiles/CMakeTmp'
/usr/bin/make -f CMakeFiles/cmTC_673f5.dir/build.make CMakeFiles/cmTC_673f5.dir/build
make[2]: Entering directory `/home/umaidzz/Documents/team-nust/team-nust-robocup-v2/build-V5/Release-Motion/build-remote/team-nust-robocup/CMakeFiles/CMakeTmp'
Building C object CMakeFiles/cmTC_673f5.dir/CheckIncludeFile.c.o
/usr/bin/cc    -fPIE   -o CMakeFiles/cmTC_673f5.dir/CheckIncludeFile.c.o   -c /home/umaidzz/Documents/team-nust/team-nust-robocup-v2/build-V5/Release-Motion/build-remote/team-nust-robocup/CMakeFiles/CMakeTmp/CheckIncludeFile.c
/home/umaidzz/Documents/team-nust/team-nust-robocup-v2/build-V5/Release-Motion/build-remote/team-nust-robocup/CMakeFiles/CMakeTmp/CheckIncludeFile.c:1:21: fatal error: uintptr.h: No such file or directory
 #include <uintptr.h>
                     ^
compilation terminated.
make[2]: *** [CMakeFiles/cmTC_673f5.dir/CheckIncludeFile.c.o] Error 1
make[2]: Leaving directory `/home/umaidzz/Documents/team-nust/team-nust-robocup-v2/build-V5/Release-Motion/build-remote/team-nust-robocup/CMakeFiles/CMakeTmp'
make[1]: *** [cmTC_673f5/fast] Error 2
make[1]: Leaving directory `/home/umaidzz/Documents/team-nust/team-nust-robocup-v2/build-V5/Release-Motion/build-remote/team-nust-robocup/CMakeFiles/CMakeTmp'


Determining if the mach_absolute_time exist failed with the following output:
Change Dir: /home/umaidzz/Documents/team-nust/team-nust-robocup-v2/build-V5/Release-Motion/build-remote/team-nust-robocup/CMakeFiles/CMakeTmp

Run Build Command:"/usr/bin/make" "cmTC_af98d/fast"
make[1]: Entering directory `/home/umaidzz/Documents/team-nust/team-nust-robocup-v2/build-V5/Release-Motion/build-remote/team-nust-robocup/CMakeFiles/CMakeTmp'
/usr/bin/make -f CMakeFiles/cmTC_af98d.dir/build.make CMakeFiles/cmTC_af98d.dir/build
make[2]: Entering directory `/home/umaidzz/Documents/team-nust/team-nust-robocup-v2/build-V5/Release-Motion/build-remote/team-nust-robocup/CMakeFiles/CMakeTmp'
Building C object CMakeFiles/cmTC_af98d.dir/CheckSymbolExists.c.o
/usr/bin/cc    -fPIE   -o CMakeFiles/cmTC_af98d.dir/CheckSymbolExists.c.o   -c /home/umaidzz/Documents/team-nust/team-nust-robocup-v2/build-V5/Release-Motion/build-remote/team-nust-robocup/CMakeFiles/CMakeTmp/CheckSymbolExists.c
/home/umaidzz/Documents/team-nust/team-nust-robocup-v2/build-V5/Release-Motion/build-remote/team-nust-robocup/CMakeFiles/CMakeTmp/CheckSymbolExists.c:2:28: fatal error: mach/mach_time.h: No such file or directory
 #include <mach/mach_time.h>
                            ^
compilation terminated.
make[2]: *** [CMakeFiles/cmTC_af98d.dir/CheckSymbolExists.c.o] Error 1
make[2]: Leaving directory `/home/umaidzz/Documents/team-nust/team-nust-robocup-v2/build-V5/Release-Motion/build-remote/team-nust-robocup/CMakeFiles/CMakeTmp'
make[1]: *** [cmTC_af98d/fast] Error 2
make[1]: Leaving directory `/home/umaidzz/Documents/team-nust/team-nust-robocup-v2/build-V5/Release-Motion/build-remote/team-nust-robocup/CMakeFiles/CMakeTmp'

File /home/umaidzz/Documents/team-nust/team-nust-robocup-v2/build-V5/Release-Motion/build-remote/team-nust-robocup/CMakeFiles/CMakeTmp/CheckSymbolExists.c:
/* */
#include <mach/mach_time.h>

int main(int argc, char** argv)
{
  (void)argv;
#ifndef mach_absolute_time
  return ((int*)(&mach_absolute_time))[argc];
#else
  (void)argc;
  return 0;
#endif
}

Determining if the sysctl exist failed with the following output:
Change Dir: /home/umaidzz/Documents/team-nust/team-nust-robocup-v2/build-V5/Release-Motion/build-remote/team-nust-robocup/CMakeFiles/CMakeTmp

Run Build Command:"/usr/bin/make" "cmTC_76381/fast"
make[1]: Entering directory `/home/umaidzz/Documents/team-nust/team-nust-robocup-v2/build-V5/Release-Motion/build-remote/team-nust-robocup/CMakeFiles/CMakeTmp'
/usr/bin/make -f CMakeFiles/cmTC_76381.dir/build.make CMakeFiles/cmTC_76381.dir/build
make[2]: Entering directory `/home/umaidzz/Documents/team-nust/team-nust-robocup-v2/build-V5/Release-Motion/build-remote/team-nust-robocup/CMakeFiles/CMakeTmp'
Building C object CMakeFiles/cmTC_76381.dir/CheckSymbolExists.c.o
/usr/bin/cc    -fPIE   -o CMakeFiles/cmTC_76381.dir/CheckSymbolExists.c.o   -c /home/umaidzz/Documents/team-nust/team-nust-robocup-v2/build-V5/Release-Motion/build-remote/team-nust-robocup/CMakeFiles/CMakeTmp/CheckSymbolExists.c
/home/umaidzz/Documents/team-nust/team-nust-robocup-v2/build-V5/Release-Motion/build-remote/team-nust-robocup/CMakeFiles/CMakeTmp/CheckSymbolExists.c: In function ‘main’:
/home/umaidzz/Documents/team-nust/team-nust-robocup-v2/build-V5/Release-Motion/build-remote/team-nust-robocup/CMakeFiles/CMakeTmp/CheckSymbolExists.c:8:19: error: ‘sysctl’ undeclared (first use in this function)
   return ((int*)(&sysctl))[argc];
                   ^
/home/umaidzz/Documents/team-nust/team-nust-robocup-v2/build-V5/Release-Motion/build-remote/team-nust-robocup/CMakeFiles/CMakeTmp/CheckSymbolExists.c:8:19: note: each undeclared identifier is reported only once for each function it appears in
make[2]: *** [CMakeFiles/cmTC_76381.dir/CheckSymbolExists.c.o] Error 1
make[2]: Leaving directory `/home/umaidzz/Documents/team-nust/team-nust-robocup-v2/build-V5/Release-Motion/build-remote/team-nust-robocup/CMakeFiles/CMakeTmp'
make[1]: *** [cmTC_76381/fast] Error 2
make[1]: Leaving directory `/home/umaidzz/Documents/team-nust/team-nust-robocup-v2/build-V5/Release-Motion/build-remote/team-nust-robocup/CMakeFiles/CMakeTmp'

File /home/umaidzz/Documents/team-nust/team-nust-robocup-v2/build-V5/Release-Motion/build-remote/team-nust-robocup/CMakeFiles/CMakeTmp/CheckSymbolExists.c:
/* */
#include <unistd.h>

int main(int argc, char** argv)
{
  (void)argv;
#ifndef sysctl
  return ((int*)(&sysctl))[argc];
#else
  (void)argc;
  return 0;
#endif
}

Determining if the pthread_create exist failed with the following output:
Change Dir: /home/umaidzz/Documents/team-nust/team-nust-robocup-v2/build-V5/Release-Motion/build-remote/team-nust-robocup/CMakeFiles/CMakeTmp

Run Build Command:"/usr/bin/make" "cmTC_a3ba6/fast"
make[1]: Entering directory `/home/umaidzz/Documents/team-nust/team-nust-robocup-v2/build-V5/Release-Motion/build-remote/team-nust-robocup/CMakeFiles/CMakeTmp'
/usr/bin/make -f CMakeFiles/cmTC_a3ba6.dir/build.make CMakeFiles/cmTC_a3ba6.dir/build
make[2]: Entering directory `/home/umaidzz/Documents/team-nust/team-nust-robocup-v2/build-V5/Release-Motion/build-remote/team-nust-robocup/CMakeFiles/CMakeTmp'
Building C object CMakeFiles/cmTC_a3ba6.dir/CheckSymbolExists.c.o
/usr/bin/cc    -fPIE   -o CMakeFiles/cmTC_a3ba6.dir/CheckSymbolExists.c.o   -c /home/umaidzz/Documents/team-nust/team-nust-robocup-v2/build-V5/Release-Motion/build-remote/team-nust-robocup/CMakeFiles/CMakeTmp/CheckSymbolExists.c
Linking C executable cmTC_a3ba6
/usr/bin/cmake -E cmake_link_script CMakeFiles/cmTC_a3ba6.dir/link.txt --verbose=1
/usr/bin/cc       CMakeFiles/cmTC_a3ba6.dir/CheckSymbolExists.c.o  -o cmTC_a3ba6 -rdynamic -lm 
CMakeFiles/cmTC_a3ba6.dir/CheckSymbolExists.c.o: In function `main':
CheckSymbolExists.c:(.text+0x1b): undefined reference to `pthread_create'
collect2: error: ld returned 1 exit status
make[2]: *** [cmTC_a3ba6] Error 1
make[2]: Leaving directory `/home/umaidzz/Documents/team-nust/team-nust-robocup-v2/build-V5/Release-Motion/build-remote/team-nust-robocup/CMakeFiles/CMakeTmp'
make[1]: *** [cmTC_a3ba6/fast] Error 2
make[1]: Leaving directory `/home/umaidzz/Documents/team-nust/team-nust-robocup-v2/build-V5/Release-Motion/build-remote/team-nust-robocup/CMakeFiles/CMakeTmp'

File /home/umaidzz/Documents/team-nust/team-nust-robocup-v2/build-V5/Release-Motion/build-remote/team-nust-robocup/CMakeFiles/CMakeTmp/CheckSymbolExists.c:
/* */
#include <pthread.h>

int main(int argc, char** argv)
{
  (void)argv;
#ifndef pthread_create
  return ((int*)(&pthread_create))[argc];
#else
  (void)argc;
  return 0;
#endif
}

Determining if the function pthread_create exists in the pthreads failed with the following output:
Change Dir: /home/umaidzz/Documents/team-nust/team-nust-robocup-v2/build-V5/Release-Motion/build-remote/team-nust-robocup/CMakeFiles/CMakeTmp

Run Build Command:"/usr/bin/make" "cmTC_898dd/fast"
make[1]: Entering directory `/home/umaidzz/Documents/team-nust/team-nust-robocup-v2/build-V5/Release-Motion/build-remote/team-nust-robocup/CMakeFiles/CMakeTmp'
/usr/bin/make -f CMakeFiles/cmTC_898dd.dir/build.make CMakeFiles/cmTC_898dd.dir/build
make[2]: Entering directory `/home/umaidzz/Documents/team-nust/team-nust-robocup-v2/build-V5/Release-Motion/build-remote/team-nust-robocup/CMakeFiles/CMakeTmp'
Building C object CMakeFiles/cmTC_898dd.dir/CheckFunctionExists.c.o
/usr/bin/cc    -DCHECK_FUNCTION_EXISTS=pthread_create -fPIE   -o CMakeFiles/cmTC_898dd.dir/CheckFunctionExists.c.o   -c /usr/share/cmake-3.5/Modules/CheckFunctionExists.c
Linking C executable cmTC_898dd
/usr/bin/cmake -E cmake_link_script CMakeFiles/cmTC_898dd.dir/link.txt --verbose=1
/usr/bin/cc   -DCHECK_FUNCTION_EXISTS=pthread_create    CMakeFiles/cmTC_898dd.dir/CheckFunctionExists.c.o  -o cmTC_898dd -rdynamic -lpthreads -lm 
/usr/bin/ld: cannot find -lpthreads
collect2: error: ld returned 1 exit status
make[2]: *** [cmTC_898dd] Error 1
make[2]: Leaving directory `/home/umaidzz/Documents/team-nust/team-nust-robocup-v2/build-V5/Release-Motion/build-remote/team-nust-robocup/CMakeFiles/CMakeTmp'
make[1]: *** [cmTC_898dd/fast] Error 2
make[1]: Leaving directory `/home/umaidzz/Documents/team-nust/team-nust-robocup-v2/build-V5/Release-Motion/build-remote/team-nust-robocup/CMakeFiles/CMakeTmp'


Performing C SOURCE FILE Test HAVE_THREAD_LOCAL_STORAGE failed with the following output:
Change Dir: /home/umaidzz/Documents/team-nust/team-nust-robocup-v2/build-V5/Release-Motion/build-remote/team-nust-robocup/CMakeFiles/CMakeTmp

Run Build Command:"/usr/bin/make" "cmTC_e967d/fast"
make[1]: Entering directory `/home/umaidzz/Documents/team-nust/team-nust-robocup-v2/build-V5/Release-Motion/build-remote/team-nust-robocup/CMakeFiles/CMakeTmp'
/usr/bin/make -f CMakeFiles/cmTC_e967d.dir/build.make CMakeFiles/cmTC_e967d.dir/build
make[2]: Entering directory `/home/umaidzz/Documents/team-nust/team-nust-robocup-v2/build-V5/Release-Motion/build-remote/team-nust-robocup/CMakeFiles/CMakeTmp'
Building C object CMakeFiles/cmTC_e967d.dir/src.c.o
/usr/bin/cc    -DHAVE_THREAD_LOCAL_STORAGE -fPIE   -o CMakeFiles/cmTC_e967d.dir/src.c.o   -c /home/umaidzz/Documents/team-nust/team-nust-robocup-v2/build-V5/Release-Motion/build-remote/team-nust-robocup/CMakeFiles/CMakeTmp/src.c
/home/umaidzz/Documents/team-nust/team-nust-robocup-v2/build-V5/Release-Motion/build-remote/team-nust-robocup/CMakeFiles/CMakeTmp/src.c: In function ‘__declspec’:
/home/umaidzz/Documents/team-nust/team-nust-robocup-v2/build-V5/Release-Motion/build-remote/team-nust-robocup/CMakeFiles/CMakeTmp/src.c:3:20: error: expected ‘=’, ‘,’, ‘;’, ‘asm’ or ‘__attribute__’ before ‘{’ token
     int main(void) {
                    ^
/home/umaidzz/Documents/team-nust/team-nust-robocup-v2/build-V5/Release-Motion/build-remote/team-nust-robocup/CMakeFiles/CMakeTmp/src.c:2:28: error: declaration for parameter ‘tls’ but no such parameter
     __declspec(thread) int tls;
                            ^
/home/umaidzz/Documents/team-nust/team-nust-robocup-v2/build-V5/Release-Motion/build-remote/team-nust-robocup/CMakeFiles/CMakeTmp/src.c:5:5: error: expected ‘{’ at end of input
     }
     ^
make[2]: *** [CMakeFiles/cmTC_e967d.dir/src.c.o] Error 1
make[2]: Leaving directory `/home/umaidzz/Documents/team-nust/team-nust-robocup-v2/build-V5/Release-Motion/build-remote/team-nust-robocup/CMakeFiles/CMakeTmp'
make[1]: *** [cmTC_e967d/fast] Error 2
make[1]: Leaving directory `/home/umaidzz/Documents/team-nust/team-nust-robocup-v2/build-V5/Release-Motion/build-remote/team-nust-robocup/CMakeFiles/CMakeTmp'

Source file was:

    __declspec(thread) int tls;
    int main(void) {
        return 0;
    }
Determining if the include file altivec.h exists failed with the following output:
Change Dir: /home/umaidzz/Documents/team-nust/team-nust-robocup-v2/build-V5/Release-Motion/build-remote/team-nust-robocup/CMakeFiles/CMakeTmp

Run Build Command:"/usr/bin/make" "cmTC_f9cd5/fast"
make[1]: Entering directory `/home/umaidzz/Documents/team-nust/team-nust-robocup-v2/build-V5/Release-Motion/build-remote/team-nust-robocup/CMakeFiles/CMakeTmp'
/usr/bin/make -f CMakeFiles/cmTC_f9cd5.dir/build.make CMakeFiles/cmTC_f9cd5.dir/build
make[2]: Entering directory `/home/umaidzz/Documents/team-nust/team-nust-robocup-v2/build-V5/Release-Motion/build-remote/team-nust-robocup/CMakeFiles/CMakeTmp'
Building C object CMakeFiles/cmTC_f9cd5.dir/CheckIncludeFile.c.o
/usr/bin/cc    -fPIE   -o CMakeFiles/cmTC_f9cd5.dir/CheckIncludeFile.c.o   -c /home/umaidzz/Documents/team-nust/team-nust-robocup-v2/build-V5/Release-Motion/build-remote/team-nust-robocup/CMakeFiles/CMakeTmp/CheckIncludeFile.c
/home/umaidzz/Documents/team-nust/team-nust-robocup-v2/build-V5/Release-Motion/build-remote/team-nust-robocup/CMakeFiles/CMakeTmp/CheckIncludeFile.c:1:21: fatal error: altivec.h: No such file or directory
 #include <altivec.h>
                     ^
compilation terminated.
make[2]: *** [CMakeFiles/cmTC_f9cd5.dir/CheckIncludeFile.c.o] Error 1
make[2]: Leaving directory `/home/umaidzz/Documents/team-nust/team-nust-robocup-v2/build-V5/Release-Motion/build-remote/team-nust-robocup/CMakeFiles/CMakeTmp'
make[1]: *** [cmTC_f9cd5/fast] Error 2
make[1]: Leaving directory `/home/umaidzz/Documents/team-nust/team-nust-robocup-v2/build-V5/Release-Motion/build-remote/team-nust-robocup/CMakeFiles/CMakeTmp'


Determining if the include file c_asm.h exists failed with the following output:
Change Dir: /home/umaidzz/Documents/team-nust/team-nust-robocup-v2/build-V5/Release-Motion/build-remote/team-nust-robocup/CMakeFiles/CMakeTmp

Run Build Command:"/usr/bin/make" "cmTC_66376/fast"
make[1]: Entering directory `/home/umaidzz/Documents/team-nust/team-nust-robocup-v2/build-V5/Release-Motion/build-remote/team-nust-robocup/CMakeFiles/CMakeTmp'
/usr/bin/make -f CMakeFiles/cmTC_66376.dir/build.make CMakeFiles/cmTC_66376.dir/build
make[2]: Entering directory `/home/umaidzz/Documents/team-nust/team-nust-robocup-v2/build-V5/Release-Motion/build-remote/team-nust-robocup/CMakeFiles/CMakeTmp'
Building C object CMakeFiles/cmTC_66376.dir/CheckIncludeFile.c.o
/usr/bin/cc    -fPIE   -o CMakeFiles/cmTC_66376.dir/CheckIncludeFile.c.o   -c /home/umaidzz/Documents/team-nust/team-nust-robocup-v2/build-V5/Release-Motion/build-remote/team-nust-robocup/CMakeFiles/CMakeTmp/CheckIncludeFile.c
/home/umaidzz/Documents/team-nust/team-nust-robocup-v2/build-V5/Release-Motion/build-remote/team-nust-robocup/CMakeFiles/CMakeTmp/CheckIncludeFile.c:1:19: fatal error: c_asm.h: No such file or directory
 #include <c_asm.h>
                   ^
compilation terminated.
make[2]: *** [CMakeFiles/cmTC_66376.dir/CheckIncludeFile.c.o] Error 1
make[2]: Leaving directory `/home/umaidzz/Documents/team-nust/team-nust-robocup-v2/build-V5/Release-Motion/build-remote/team-nust-robocup/CMakeFiles/CMakeTmp'
make[1]: *** [cmTC_66376/fast] Error 2
make[1]: Leaving directory `/home/umaidzz/Documents/team-nust/team-nust-robocup-v2/build-V5/Release-Motion/build-remote/team-nust-robocup/CMakeFiles/CMakeTmp'


Determining if the include file intrinsics.h exists failed with the following output:
Change Dir: /home/umaidzz/Documents/team-nust/team-nust-robocup-v2/build-V5/Release-Motion/build-remote/team-nust-robocup/CMakeFiles/CMakeTmp

Run Build Command:"/usr/bin/make" "cmTC_768ce/fast"
make[1]: Entering directory `/home/umaidzz/Documents/team-nust/team-nust-robocup-v2/build-V5/Release-Motion/build-remote/team-nust-robocup/CMakeFiles/CMakeTmp'
/usr/bin/make -f CMakeFiles/cmTC_768ce.dir/build.make CMakeFiles/cmTC_768ce.dir/build
make[2]: Entering directory `/home/umaidzz/Documents/team-nust/team-nust-robocup-v2/build-V5/Release-Motion/build-remote/team-nust-robocup/CMakeFiles/CMakeTmp'
Building C object CMakeFiles/cmTC_768ce.dir/CheckIncludeFile.c.o
/usr/bin/cc    -fPIE   -o CMakeFiles/cmTC_768ce.dir/CheckIncludeFile.c.o   -c /home/umaidzz/Documents/team-nust/team-nust-robocup-v2/build-V5/Release-Motion/build-remote/team-nust-robocup/CMakeFiles/CMakeTmp/CheckIncludeFile.c
/home/umaidzz/Documents/team-nust/team-nust-robocup-v2/build-V5/Release-Motion/build-remote/team-nust-robocup/CMakeFiles/CMakeTmp/CheckIncludeFile.c:1:24: fatal error: intrinsics.h: No such file or directory
 #include <intrinsics.h>
                        ^
compilation terminated.
make[2]: *** [CMakeFiles/cmTC_768ce.dir/CheckIncludeFile.c.o] Error 1
make[2]: Leaving directory `/home/umaidzz/Documents/team-nust/team-nust-robocup-v2/build-V5/Release-Motion/build-remote/team-nust-robocup/CMakeFiles/CMakeTmp'
make[1]: *** [cmTC_768ce/fast] Error 2
make[1]: Leaving directory `/home/umaidzz/Documents/team-nust/team-nust-robocup-v2/build-V5/Release-Motion/build-remote/team-nust-robocup/CMakeFiles/CMakeTmp'


Determining if the include file mach/mach_time.h exists failed with the following output:
Change Dir: /home/umaidzz/Documents/team-nust/team-nust-robocup-v2/build-V5/Release-Motion/build-remote/team-nust-robocup/CMakeFiles/CMakeTmp

Run Build Command:"/usr/bin/make" "cmTC_d84e8/fast"
make[1]: Entering directory `/home/umaidzz/Documents/team-nust/team-nust-robocup-v2/build-V5/Release-Motion/build-remote/team-nust-robocup/CMakeFiles/CMakeTmp'
/usr/bin/make -f CMakeFiles/cmTC_d84e8.dir/build.make CMakeFiles/cmTC_d84e8.dir/build
make[2]: Entering directory `/home/umaidzz/Documents/team-nust/team-nust-robocup-v2/build-V5/Release-Motion/build-remote/team-nust-robocup/CMakeFiles/CMakeTmp'
Building C object CMakeFiles/cmTC_d84e8.dir/CheckIncludeFile.c.o
/usr/bin/cc    -fPIE   -o CMakeFiles/cmTC_d84e8.dir/CheckIncludeFile.c.o   -c /home/umaidzz/Documents/team-nust/team-nust-robocup-v2/build-V5/Release-Motion/build-remote/team-nust-robocup/CMakeFiles/CMakeTmp/CheckIncludeFile.c
/home/umaidzz/Documents/team-nust/team-nust-robocup-v2/build-V5/Release-Motion/build-remote/team-nust-robocup/CMakeFiles/CMakeTmp/CheckIncludeFile.c:1:28: fatal error: mach/mach_time.h: No such file or directory
 #include <mach/mach_time.h>
                            ^
compilation terminated.
make[2]: *** [CMakeFiles/cmTC_d84e8.dir/CheckIncludeFile.c.o] Error 1
make[2]: Leaving directory `/home/umaidzz/Documents/team-nust/team-nust-robocup-v2/build-V5/Release-Motion/build-remote/team-nust-robocup/CMakeFiles/CMakeTmp'
make[1]: *** [cmTC_d84e8/fast] Error 2
make[1]: Leaving directory `/home/umaidzz/Documents/team-nust/team-nust-robocup-v2/build-V5/Release-Motion/build-remote/team-nust-robocup/CMakeFiles/CMakeTmp'


Determining if the include file uintptr.h exists failed with the following output:
Change Dir: /home/umaidzz/Documents/team-nust/team-nust-robocup-v2/build-V5/Release-Motion/build-remote/team-nust-robocup/CMakeFiles/CMakeTmp

Run Build Command:"/usr/bin/make" "cmTC_ec72d/fast"
make[1]: Entering directory `/home/umaidzz/Documents/team-nust/team-nust-robocup-v2/build-V5/Release-Motion/build-remote/team-nust-robocup/CMakeFiles/CMakeTmp'
/usr/bin/make -f CMakeFiles/cmTC_ec72d.dir/build.make CMakeFiles/cmTC_ec72d.dir/build
make[2]: Entering directory `/home/umaidzz/Documents/team-nust/team-nust-robocup-v2/build-V5/Release-Motion/build-remote/team-nust-robocup/CMakeFiles/CMakeTmp'
Building C object CMakeFiles/cmTC_ec72d.dir/CheckIncludeFile.c.o
/usr/bin/cc    -fPIE   -o CMakeFiles/cmTC_ec72d.dir/CheckIncludeFile.c.o   -c /home/umaidzz/Documents/team-nust/team-nust-robocup-v2/build-V5/Release-Motion/build-remote/team-nust-robocup/CMakeFiles/CMakeTmp/CheckIncludeFile.c
/home/umaidzz/Documents/team-nust/team-nust-robocup-v2/build-V5/Release-Motion/build-remote/team-nust-robocup/CMakeFiles/CMakeTmp/CheckIncludeFile.c:1:21: fatal error: uintptr.h: No such file or directory
 #include <uintptr.h>
                     ^
compilation terminated.
make[2]: *** [CMakeFiles/cmTC_ec72d.dir/CheckIncludeFile.c.o] Error 1
make[2]: Leaving directory `/home/umaidzz/Documents/team-nust/team-nust-robocup-v2/build-V5/Release-Motion/build-remote/team-nust-robocup/CMakeFiles/CMakeTmp'
make[1]: *** [cmTC_ec72d/fast] Error 2
make[1]: Leaving directory `/home/umaidzz/Documents/team-nust/team-nust-robocup-v2/build-V5/Release-Motion/build-remote/team-nust-robocup/CMakeFiles/CMakeTmp'


Determining if the mach_absolute_time exist failed with the following output:
Change Dir: /home/umaidzz/Documents/team-nust/team-nust-robocup-v2/build-V5/Release-Motion/build-remote/team-nust-robocup/CMakeFiles/CMakeTmp

Run Build Command:"/usr/bin/make" "cmTC_160df/fast"
make[1]: Entering directory `/home/umaidzz/Documents/team-nust/team-nust-robocup-v2/build-V5/Release-Motion/build-remote/team-nust-robocup/CMakeFiles/CMakeTmp'
/usr/bin/make -f CMakeFiles/cmTC_160df.dir/build.make CMakeFiles/cmTC_160df.dir/build
make[2]: Entering directory `/home/umaidzz/Documents/team-nust/team-nust-robocup-v2/build-V5/Release-Motion/build-remote/team-nust-robocup/CMakeFiles/CMakeTmp'
Building C object CMakeFiles/cmTC_160df.dir/CheckSymbolExists.c.o
/usr/bin/cc    -fPIE   -o CMakeFiles/cmTC_160df.dir/CheckSymbolExists.c.o   -c /home/umaidzz/Documents/team-nust/team-nust-robocup-v2/build-V5/Release-Motion/build-remote/team-nust-robocup/CMakeFiles/CMakeTmp/CheckSymbolExists.c
/home/umaidzz/Documents/team-nust/team-nust-robocup-v2/build-V5/Release-Motion/build-remote/team-nust-robocup/CMakeFiles/CMakeTmp/CheckSymbolExists.c:2:28: fatal error: mach/mach_time.h: No such file or directory
 #include <mach/mach_time.h>
                            ^
compilation terminated.
make[2]: *** [CMakeFiles/cmTC_160df.dir/CheckSymbolExists.c.o] Error 1
make[2]: Leaving directory `/home/umaidzz/Documents/team-nust/team-nust-robocup-v2/build-V5/Release-Motion/build-remote/team-nust-robocup/CMakeFiles/CMakeTmp'
make[1]: *** [cmTC_160df/fast] Error 2
make[1]: Leaving directory `/home/umaidzz/Documents/team-nust/team-nust-robocup-v2/build-V5/Release-Motion/build-remote/team-nust-robocup/CMakeFiles/CMakeTmp'

File /home/umaidzz/Documents/team-nust/team-nust-robocup-v2/build-V5/Release-Motion/build-remote/team-nust-robocup/CMakeFiles/CMakeTmp/CheckSymbolExists.c:
/* */
#include <mach/mach_time.h>

int main(int argc, char** argv)
{
  (void)argv;
#ifndef mach_absolute_time
  return ((int*)(&mach_absolute_time))[argc];
#else
  (void)argc;
  return 0;
#endif
}

Determining if the sysctl exist failed with the following output:
Change Dir: /home/umaidzz/Documents/team-nust/team-nust-robocup-v2/build-V5/Release-Motion/build-remote/team-nust-robocup/CMakeFiles/CMakeTmp

Run Build Command:"/usr/bin/make" "cmTC_3a2b8/fast"
make[1]: Entering directory `/home/umaidzz/Documents/team-nust/team-nust-robocup-v2/build-V5/Release-Motion/build-remote/team-nust-robocup/CMakeFiles/CMakeTmp'
/usr/bin/make -f CMakeFiles/cmTC_3a2b8.dir/build.make CMakeFiles/cmTC_3a2b8.dir/build
make[2]: Entering directory `/home/umaidzz/Documents/team-nust/team-nust-robocup-v2/build-V5/Release-Motion/build-remote/team-nust-robocup/CMakeFiles/CMakeTmp'
Building C object CMakeFiles/cmTC_3a2b8.dir/CheckSymbolExists.c.o
/usr/bin/cc    -fPIE   -o CMakeFiles/cmTC_3a2b8.dir/CheckSymbolExists.c.o   -c /home/umaidzz/Documents/team-nust/team-nust-robocup-v2/build-V5/Release-Motion/build-remote/team-nust-robocup/CMakeFiles/CMakeTmp/CheckSymbolExists.c
/home/umaidzz/Documents/team-nust/team-nust-robocup-v2/build-V5/Release-Motion/build-remote/team-nust-robocup/CMakeFiles/CMakeTmp/CheckSymbolExists.c: In function ‘main’:
/home/umaidzz/Documents/team-nust/team-nust-robocup-v2/build-V5/Release-Motion/build-remote/team-nust-robocup/CMakeFiles/CMakeTmp/CheckSymbolExists.c:8:19: error: ‘sysctl’ undeclared (first use in this function)
   return ((int*)(&sysctl))[argc];
                   ^
/home/umaidzz/Documents/team-nust/team-nust-robocup-v2/build-V5/Release-Motion/build-remote/team-nust-robocup/CMakeFiles/CMakeTmp/CheckSymbolExists.c:8:19: note: each undeclared identifier is reported only once for each function it appears in
make[2]: *** [CMakeFiles/cmTC_3a2b8.dir/CheckSymbolExists.c.o] Error 1
make[2]: Leaving directory `/home/umaidzz/Documents/team-nust/team-nust-robocup-v2/build-V5/Release-Motion/build-remote/team-nust-robocup/CMakeFiles/CMakeTmp'
make[1]: *** [cmTC_3a2b8/fast] Error 2
make[1]: Leaving directory `/home/umaidzz/Documents/team-nust/team-nust-robocup-v2/build-V5/Release-Motion/build-remote/team-nust-robocup/CMakeFiles/CMakeTmp'

File /home/umaidzz/Documents/team-nust/team-nust-robocup-v2/build-V5/Release-Motion/build-remote/team-nust-robocup/CMakeFiles/CMakeTmp/CheckSymbolExists.c:
/* */
#include <unistd.h>

int main(int argc, char** argv)
{
  (void)argv;
#ifndef sysctl
  return ((int*)(&sysctl))[argc];
#else
  (void)argc;
  return 0;
#endif
}

Determining if the pthread_create exist failed with the following output:
Change Dir: /home/umaidzz/Documents/team-nust/team-nust-robocup-v2/build-V5/Release-Motion/build-remote/team-nust-robocup/CMakeFiles/CMakeTmp

Run Build Command:"/usr/bin/make" "cmTC_adba1/fast"
make[1]: Entering directory `/home/umaidzz/Documents/team-nust/team-nust-robocup-v2/build-V5/Release-Motion/build-remote/team-nust-robocup/CMakeFiles/CMakeTmp'
/usr/bin/make -f CMakeFiles/cmTC_adba1.dir/build.make CMakeFiles/cmTC_adba1.dir/build
make[2]: Entering directory `/home/umaidzz/Documents/team-nust/team-nust-robocup-v2/build-V5/Release-Motion/build-remote/team-nust-robocup/CMakeFiles/CMakeTmp'
Building C object CMakeFiles/cmTC_adba1.dir/CheckSymbolExists.c.o
/usr/bin/cc    -fPIE   -o CMakeFiles/cmTC_adba1.dir/CheckSymbolExists.c.o   -c /home/umaidzz/Documents/team-nust/team-nust-robocup-v2/build-V5/Release-Motion/build-remote/team-nust-robocup/CMakeFiles/CMakeTmp/CheckSymbolExists.c
Linking C executable cmTC_adba1
/usr/bin/cmake -E cmake_link_script CMakeFiles/cmTC_adba1.dir/link.txt --verbose=1
/usr/bin/cc       CMakeFiles/cmTC_adba1.dir/CheckSymbolExists.c.o  -o cmTC_adba1 -rdynamic -lm 
CMakeFiles/cmTC_adba1.dir/CheckSymbolExists.c.o: In function `main':
CheckSymbolExists.c:(.text+0x1b): undefined reference to `pthread_create'
collect2: error: ld returned 1 exit status
make[2]: *** [cmTC_adba1] Error 1
make[2]: Leaving directory `/home/umaidzz/Documents/team-nust/team-nust-robocup-v2/build-V5/Release-Motion/build-remote/team-nust-robocup/CMakeFiles/CMakeTmp'
make[1]: *** [cmTC_adba1/fast] Error 2
make[1]: Leaving directory `/home/umaidzz/Documents/team-nust/team-nust-robocup-v2/build-V5/Release-Motion/build-remote/team-nust-robocup/CMakeFiles/CMakeTmp'

File /home/umaidzz/Documents/team-nust/team-nust-robocup-v2/build-V5/Release-Motion/build-remote/team-nust-robocup/CMakeFiles/CMakeTmp/CheckSymbolExists.c:
/* */
#include <pthread.h>

int main(int argc, char** argv)
{
  (void)argv;
#ifndef pthread_create
  return ((int*)(&pthread_create))[argc];
#else
  (void)argc;
  return 0;
#endif
}

Determining if the function pthread_create exists in the pthreads failed with the following output:
Change Dir: /home/umaidzz/Documents/team-nust/team-nust-robocup-v2/build-V5/Release-Motion/build-remote/team-nust-robocup/CMakeFiles/CMakeTmp

Run Build Command:"/usr/bin/make" "cmTC_68a64/fast"
make[1]: Entering directory `/home/umaidzz/Documents/team-nust/team-nust-robocup-v2/build-V5/Release-Motion/build-remote/team-nust-robocup/CMakeFiles/CMakeTmp'
/usr/bin/make -f CMakeFiles/cmTC_68a64.dir/build.make CMakeFiles/cmTC_68a64.dir/build
make[2]: Entering directory `/home/umaidzz/Documents/team-nust/team-nust-robocup-v2/build-V5/Release-Motion/build-remote/team-nust-robocup/CMakeFiles/CMakeTmp'
Building C object CMakeFiles/cmTC_68a64.dir/CheckFunctionExists.c.o
/usr/bin/cc    -DCHECK_FUNCTION_EXISTS=pthread_create -fPIE   -o CMakeFiles/cmTC_68a64.dir/CheckFunctionExists.c.o   -c /usr/share/cmake-3.5/Modules/CheckFunctionExists.c
Linking C executable cmTC_68a64
/usr/bin/cmake -E cmake_link_script CMakeFiles/cmTC_68a64.dir/link.txt --verbose=1
/usr/bin/cc   -DCHECK_FUNCTION_EXISTS=pthread_create    CMakeFiles/cmTC_68a64.dir/CheckFunctionExists.c.o  -o cmTC_68a64 -rdynamic -lpthreads -lm 
/usr/bin/ld: cannot find -lpthreads
collect2: error: ld returned 1 exit status
make[2]: *** [cmTC_68a64] Error 1
make[2]: Leaving directory `/home/umaidzz/Documents/team-nust/team-nust-robocup-v2/build-V5/Release-Motion/build-remote/team-nust-robocup/CMakeFiles/CMakeTmp'
make[1]: *** [cmTC_68a64/fast] Error 2
make[1]: Leaving directory `/home/umaidzz/Documents/team-nust/team-nust-robocup-v2/build-V5/Release-Motion/build-remote/team-nust-robocup/CMakeFiles/CMakeTmp'


Performing C SOURCE FILE Test HAVE_THREAD_LOCAL_STORAGE failed with the following output:
Change Dir: /home/umaidzz/Documents/team-nust/team-nust-robocup-v2/build-V5/Release-Motion/build-remote/team-nust-robocup/CMakeFiles/CMakeTmp

Run Build Command:"/usr/bin/make" "cmTC_7fec9/fast"
make[1]: Entering directory `/home/umaidzz/Documents/team-nust/team-nust-robocup-v2/build-V5/Release-Motion/build-remote/team-nust-robocup/CMakeFiles/CMakeTmp'
/usr/bin/make -f CMakeFiles/cmTC_7fec9.dir/build.make CMakeFiles/cmTC_7fec9.dir/build
make[2]: Entering directory `/home/umaidzz/Documents/team-nust/team-nust-robocup-v2/build-V5/Release-Motion/build-remote/team-nust-robocup/CMakeFiles/CMakeTmp'
Building C object CMakeFiles/cmTC_7fec9.dir/src.c.o
/usr/bin/cc    -DHAVE_THREAD_LOCAL_STORAGE -fPIE   -o CMakeFiles/cmTC_7fec9.dir/src.c.o   -c /home/umaidzz/Documents/team-nust/team-nust-robocup-v2/build-V5/Release-Motion/build-remote/team-nust-robocup/CMakeFiles/CMakeTmp/src.c
/home/umaidzz/Documents/team-nust/team-nust-robocup-v2/build-V5/Release-Motion/build-remote/team-nust-robocup/CMakeFiles/CMakeTmp/src.c: In function ‘__declspec’:
/home/umaidzz/Documents/team-nust/team-nust-robocup-v2/build-V5/Release-Motion/build-remote/team-nust-robocup/CMakeFiles/CMakeTmp/src.c:3:20: error: expected ‘=’, ‘,’, ‘;’, ‘asm’ or ‘__attribute__’ before ‘{’ token
     int main(void) {
                    ^
/home/umaidzz/Documents/team-nust/team-nust-robocup-v2/build-V5/Release-Motion/build-remote/team-nust-robocup/CMakeFiles/CMakeTmp/src.c:2:28: error: declaration for parameter ‘tls’ but no such parameter
     __declspec(thread) int tls;
                            ^
/home/umaidzz/Documents/team-nust/team-nust-robocup-v2/build-V5/Release-Motion/build-remote/team-nust-robocup/CMakeFiles/CMakeTmp/src.c:5:5: error: expected ‘{’ at end of input
     }
     ^
make[2]: *** [CMakeFiles/cmTC_7fec9.dir/src.c.o] Error 1
make[2]: Leaving directory `/home/umaidzz/Documents/team-nust/team-nust-robocup-v2/build-V5/Release-Motion/build-remote/team-nust-robocup/CMakeFiles/CMakeTmp'
make[1]: *** [cmTC_7fec9/fast] Error 2
make[1]: Leaving directory `/home/umaidzz/Documents/team-nust/team-nust-robocup-v2/build-V5/Release-Motion/build-remote/team-nust-robocup/CMakeFiles/CMakeTmp'

Source file was:

    __declspec(thread) int tls;
    int main(void) {
        return 0;
    }
Determining if the include file altivec.h exists failed with the following output:
Change Dir: /home/umaidzz/Documents/team-nust/team-nust-robocup-v2/build-V5/Release-Motion/build-remote/team-nust-robocup/CMakeFiles/CMakeTmp

Run Build Command:"/usr/bin/make" "cmTC_e98a3/fast"
make[1]: Entering directory `/home/umaidzz/Documents/team-nust/team-nust-robocup-v2/build-V5/Release-Motion/build-remote/team-nust-robocup/CMakeFiles/CMakeTmp'
/usr/bin/make -f CMakeFiles/cmTC_e98a3.dir/build.make CMakeFiles/cmTC_e98a3.dir/build
make[2]: Entering directory `/home/umaidzz/Documents/team-nust/team-nust-robocup-v2/build-V5/Release-Motion/build-remote/team-nust-robocup/CMakeFiles/CMakeTmp'
Building C object CMakeFiles/cmTC_e98a3.dir/CheckIncludeFile.c.o
/usr/bin/cc    -fPIE   -o CMakeFiles/cmTC_e98a3.dir/CheckIncludeFile.c.o   -c /home/umaidzz/Documents/team-nust/team-nust-robocup-v2/build-V5/Release-Motion/build-remote/team-nust-robocup/CMakeFiles/CMakeTmp/CheckIncludeFile.c
/home/umaidzz/Documents/team-nust/team-nust-robocup-v2/build-V5/Release-Motion/build-remote/team-nust-robocup/CMakeFiles/CMakeTmp/CheckIncludeFile.c:1:21: fatal error: altivec.h: No such file or directory
 #include <altivec.h>
                     ^
compilation terminated.
make[2]: *** [CMakeFiles/cmTC_e98a3.dir/CheckIncludeFile.c.o] Error 1
make[2]: Leaving directory `/home/umaidzz/Documents/team-nust/team-nust-robocup-v2/build-V5/Release-Motion/build-remote/team-nust-robocup/CMakeFiles/CMakeTmp'
make[1]: *** [cmTC_e98a3/fast] Error 2
make[1]: Leaving directory `/home/umaidzz/Documents/team-nust/team-nust-robocup-v2/build-V5/Release-Motion/build-remote/team-nust-robocup/CMakeFiles/CMakeTmp'


Determining if the include file c_asm.h exists failed with the following output:
Change Dir: /home/umaidzz/Documents/team-nust/team-nust-robocup-v2/build-V5/Release-Motion/build-remote/team-nust-robocup/CMakeFiles/CMakeTmp

Run Build Command:"/usr/bin/make" "cmTC_d4e65/fast"
make[1]: Entering directory `/home/umaidzz/Documents/team-nust/team-nust-robocup-v2/build-V5/Release-Motion/build-remote/team-nust-robocup/CMakeFiles/CMakeTmp'
/usr/bin/make -f CMakeFiles/cmTC_d4e65.dir/build.make CMakeFiles/cmTC_d4e65.dir/build
make[2]: Entering directory `/home/umaidzz/Documents/team-nust/team-nust-robocup-v2/build-V5/Release-Motion/build-remote/team-nust-robocup/CMakeFiles/CMakeTmp'
Building C object CMakeFiles/cmTC_d4e65.dir/CheckIncludeFile.c.o
/usr/bin/cc    -fPIE   -o CMakeFiles/cmTC_d4e65.dir/CheckIncludeFile.c.o   -c /home/umaidzz/Documents/team-nust/team-nust-robocup-v2/build-V5/Release-Motion/build-remote/team-nust-robocup/CMakeFiles/CMakeTmp/CheckIncludeFile.c
/home/umaidzz/Documents/team-nust/team-nust-robocup-v2/build-V5/Release-Motion/build-remote/team-nust-robocup/CMakeFiles/CMakeTmp/CheckIncludeFile.c:1:19: fatal error: c_asm.h: No such file or directory
 #include <c_asm.h>
                   ^
compilation terminated.
make[2]: *** [CMakeFiles/cmTC_d4e65.dir/CheckIncludeFile.c.o] Error 1
make[2]: Leaving directory `/home/umaidzz/Documents/team-nust/team-nust-robocup-v2/build-V5/Release-Motion/build-remote/team-nust-robocup/CMakeFiles/CMakeTmp'
make[1]: *** [cmTC_d4e65/fast] Error 2
make[1]: Leaving directory `/home/umaidzz/Documents/team-nust/team-nust-robocup-v2/build-V5/Release-Motion/build-remote/team-nust-robocup/CMakeFiles/CMakeTmp'


Determining if the include file intrinsics.h exists failed with the following output:
Change Dir: /home/umaidzz/Documents/team-nust/team-nust-robocup-v2/build-V5/Release-Motion/build-remote/team-nust-robocup/CMakeFiles/CMakeTmp

Run Build Command:"/usr/bin/make" "cmTC_0aab4/fast"
make[1]: Entering directory `/home/umaidzz/Documents/team-nust/team-nust-robocup-v2/build-V5/Release-Motion/build-remote/team-nust-robocup/CMakeFiles/CMakeTmp'
/usr/bin/make -f CMakeFiles/cmTC_0aab4.dir/build.make CMakeFiles/cmTC_0aab4.dir/build
make[2]: Entering directory `/home/umaidzz/Documents/team-nust/team-nust-robocup-v2/build-V5/Release-Motion/build-remote/team-nust-robocup/CMakeFiles/CMakeTmp'
Building C object CMakeFiles/cmTC_0aab4.dir/CheckIncludeFile.c.o
/usr/bin/cc    -fPIE   -o CMakeFiles/cmTC_0aab4.dir/CheckIncludeFile.c.o   -c /home/umaidzz/Documents/team-nust/team-nust-robocup-v2/build-V5/Release-Motion/build-remote/team-nust-robocup/CMakeFiles/CMakeTmp/CheckIncludeFile.c
/home/umaidzz/Documents/team-nust/team-nust-robocup-v2/build-V5/Release-Motion/build-remote/team-nust-robocup/CMakeFiles/CMakeTmp/CheckIncludeFile.c:1:24: fatal error: intrinsics.h: No such file or directory
 #include <intrinsics.h>
                        ^
compilation terminated.
make[2]: *** [CMakeFiles/cmTC_0aab4.dir/CheckIncludeFile.c.o] Error 1
make[2]: Leaving directory `/home/umaidzz/Documents/team-nust/team-nust-robocup-v2/build-V5/Release-Motion/build-remote/team-nust-robocup/CMakeFiles/CMakeTmp'
make[1]: *** [cmTC_0aab4/fast] Error 2
make[1]: Leaving directory `/home/umaidzz/Documents/team-nust/team-nust-robocup-v2/build-V5/Release-Motion/build-remote/team-nust-robocup/CMakeFiles/CMakeTmp'


Determining if the include file mach/mach_time.h exists failed with the following output:
Change Dir: /home/umaidzz/Documents/team-nust/team-nust-robocup-v2/build-V5/Release-Motion/build-remote/team-nust-robocup/CMakeFiles/CMakeTmp

Run Build Command:"/usr/bin/make" "cmTC_ccc97/fast"
make[1]: Entering directory `/home/umaidzz/Documents/team-nust/team-nust-robocup-v2/build-V5/Release-Motion/build-remote/team-nust-robocup/CMakeFiles/CMakeTmp'
/usr/bin/make -f CMakeFiles/cmTC_ccc97.dir/build.make CMakeFiles/cmTC_ccc97.dir/build
make[2]: Entering directory `/home/umaidzz/Documents/team-nust/team-nust-robocup-v2/build-V5/Release-Motion/build-remote/team-nust-robocup/CMakeFiles/CMakeTmp'
Building C object CMakeFiles/cmTC_ccc97.dir/CheckIncludeFile.c.o
/usr/bin/cc    -fPIE   -o CMakeFiles/cmTC_ccc97.dir/CheckIncludeFile.c.o   -c /home/umaidzz/Documents/team-nust/team-nust-robocup-v2/build-V5/Release-Motion/build-remote/team-nust-robocup/CMakeFiles/CMakeTmp/CheckIncludeFile.c
/home/umaidzz/Documents/team-nust/team-nust-robocup-v2/build-V5/Release-Motion/build-remote/team-nust-robocup/CMakeFiles/CMakeTmp/CheckIncludeFile.c:1:28: fatal error: mach/mach_time.h: No such file or directory
 #include <mach/mach_time.h>
                            ^
compilation terminated.
make[2]: *** [CMakeFiles/cmTC_ccc97.dir/CheckIncludeFile.c.o] Error 1
make[2]: Leaving directory `/home/umaidzz/Documents/team-nust/team-nust-robocup-v2/build-V5/Release-Motion/build-remote/team-nust-robocup/CMakeFiles/CMakeTmp'
make[1]: *** [cmTC_ccc97/fast] Error 2
make[1]: Leaving directory `/home/umaidzz/Documents/team-nust/team-nust-robocup-v2/build-V5/Release-Motion/build-remote/team-nust-robocup/CMakeFiles/CMakeTmp'


Determining if the include file uintptr.h exists failed with the following output:
Change Dir: /home/umaidzz/Documents/team-nust/team-nust-robocup-v2/build-V5/Release-Motion/build-remote/team-nust-robocup/CMakeFiles/CMakeTmp

Run Build Command:"/usr/bin/make" "cmTC_a435c/fast"
make[1]: Entering directory `/home/umaidzz/Documents/team-nust/team-nust-robocup-v2/build-V5/Release-Motion/build-remote/team-nust-robocup/CMakeFiles/CMakeTmp'
/usr/bin/make -f CMakeFiles/cmTC_a435c.dir/build.make CMakeFiles/cmTC_a435c.dir/build
make[2]: Entering directory `/home/umaidzz/Documents/team-nust/team-nust-robocup-v2/build-V5/Release-Motion/build-remote/team-nust-robocup/CMakeFiles/CMakeTmp'
Building C object CMakeFiles/cmTC_a435c.dir/CheckIncludeFile.c.o
/usr/bin/cc    -fPIE   -o CMakeFiles/cmTC_a435c.dir/CheckIncludeFile.c.o   -c /home/umaidzz/Documents/team-nust/team-nust-robocup-v2/build-V5/Release-Motion/build-remote/team-nust-robocup/CMakeFiles/CMakeTmp/CheckIncludeFile.c
/home/umaidzz/Documents/team-nust/team-nust-robocup-v2/build-V5/Release-Motion/build-remote/team-nust-robocup/CMakeFiles/CMakeTmp/CheckIncludeFile.c:1:21: fatal error: uintptr.h: No such file or directory
 #include <uintptr.h>
                     ^
compilation terminated.
make[2]: *** [CMakeFiles/cmTC_a435c.dir/CheckIncludeFile.c.o] Error 1
make[2]: Leaving directory `/home/umaidzz/Documents/team-nust/team-nust-robocup-v2/build-V5/Release-Motion/build-remote/team-nust-robocup/CMakeFiles/CMakeTmp'
make[1]: *** [cmTC_a435c/fast] Error 2
make[1]: Leaving directory `/home/umaidzz/Documents/team-nust/team-nust-robocup-v2/build-V5/Release-Motion/build-remote/team-nust-robocup/CMakeFiles/CMakeTmp'


Determining if the mach_absolute_time exist failed with the following output:
Change Dir: /home/umaidzz/Documents/team-nust/team-nust-robocup-v2/build-V5/Release-Motion/build-remote/team-nust-robocup/CMakeFiles/CMakeTmp

Run Build Command:"/usr/bin/make" "cmTC_8215b/fast"
make[1]: Entering directory `/home/umaidzz/Documents/team-nust/team-nust-robocup-v2/build-V5/Release-Motion/build-remote/team-nust-robocup/CMakeFiles/CMakeTmp'
/usr/bin/make -f CMakeFiles/cmTC_8215b.dir/build.make CMakeFiles/cmTC_8215b.dir/build
make[2]: Entering directory `/home/umaidzz/Documents/team-nust/team-nust-robocup-v2/build-V5/Release-Motion/build-remote/team-nust-robocup/CMakeFiles/CMakeTmp'
Building C object CMakeFiles/cmTC_8215b.dir/CheckSymbolExists.c.o
/usr/bin/cc    -fPIE   -o CMakeFiles/cmTC_8215b.dir/CheckSymbolExists.c.o   -c /home/umaidzz/Documents/team-nust/team-nust-robocup-v2/build-V5/Release-Motion/build-remote/team-nust-robocup/CMakeFiles/CMakeTmp/CheckSymbolExists.c
/home/umaidzz/Documents/team-nust/team-nust-robocup-v2/build-V5/Release-Motion/build-remote/team-nust-robocup/CMakeFiles/CMakeTmp/CheckSymbolExists.c:2:28: fatal error: mach/mach_time.h: No such file or directory
 #include <mach/mach_time.h>
                            ^
compilation terminated.
make[2]: *** [CMakeFiles/cmTC_8215b.dir/CheckSymbolExists.c.o] Error 1
make[2]: Leaving directory `/home/umaidzz/Documents/team-nust/team-nust-robocup-v2/build-V5/Release-Motion/build-remote/team-nust-robocup/CMakeFiles/CMakeTmp'
make[1]: *** [cmTC_8215b/fast] Error 2
make[1]: Leaving directory `/home/umaidzz/Documents/team-nust/team-nust-robocup-v2/build-V5/Release-Motion/build-remote/team-nust-robocup/CMakeFiles/CMakeTmp'

File /home/umaidzz/Documents/team-nust/team-nust-robocup-v2/build-V5/Release-Motion/build-remote/team-nust-robocup/CMakeFiles/CMakeTmp/CheckSymbolExists.c:
/* */
#include <mach/mach_time.h>

int main(int argc, char** argv)
{
  (void)argv;
#ifndef mach_absolute_time
  return ((int*)(&mach_absolute_time))[argc];
#else
  (void)argc;
  return 0;
#endif
}

Determining if the sysctl exist failed with the following output:
Change Dir: /home/umaidzz/Documents/team-nust/team-nust-robocup-v2/build-V5/Release-Motion/build-remote/team-nust-robocup/CMakeFiles/CMakeTmp

Run Build Command:"/usr/bin/make" "cmTC_180ab/fast"
make[1]: Entering directory `/home/umaidzz/Documents/team-nust/team-nust-robocup-v2/build-V5/Release-Motion/build-remote/team-nust-robocup/CMakeFiles/CMakeTmp'
/usr/bin/make -f CMakeFiles/cmTC_180ab.dir/build.make CMakeFiles/cmTC_180ab.dir/build
make[2]: Entering directory `/home/umaidzz/Documents/team-nust/team-nust-robocup-v2/build-V5/Release-Motion/build-remote/team-nust-robocup/CMakeFiles/CMakeTmp'
Building C object CMakeFiles/cmTC_180ab.dir/CheckSymbolExists.c.o
/usr/bin/cc    -fPIE   -o CMakeFiles/cmTC_180ab.dir/CheckSymbolExists.c.o   -c /home/umaidzz/Documents/team-nust/team-nust-robocup-v2/build-V5/Release-Motion/build-remote/team-nust-robocup/CMakeFiles/CMakeTmp/CheckSymbolExists.c
/home/umaidzz/Documents/team-nust/team-nust-robocup-v2/build-V5/Release-Motion/build-remote/team-nust-robocup/CMakeFiles/CMakeTmp/CheckSymbolExists.c: In function ‘main’:
/home/umaidzz/Documents/team-nust/team-nust-robocup-v2/build-V5/Release-Motion/build-remote/team-nust-robocup/CMakeFiles/CMakeTmp/CheckSymbolExists.c:8:19: error: ‘sysctl’ undeclared (first use in this function)
   return ((int*)(&sysctl))[argc];
                   ^
/home/umaidzz/Documents/team-nust/team-nust-robocup-v2/build-V5/Release-Motion/build-remote/team-nust-robocup/CMakeFiles/CMakeTmp/CheckSymbolExists.c:8:19: note: each undeclared identifier is reported only once for each function it appears in
make[2]: *** [CMakeFiles/cmTC_180ab.dir/CheckSymbolExists.c.o] Error 1
make[2]: Leaving directory `/home/umaidzz/Documents/team-nust/team-nust-robocup-v2/build-V5/Release-Motion/build-remote/team-nust-robocup/CMakeFiles/CMakeTmp'
make[1]: *** [cmTC_180ab/fast] Error 2
make[1]: Leaving directory `/home/umaidzz/Documents/team-nust/team-nust-robocup-v2/build-V5/Release-Motion/build-remote/team-nust-robocup/CMakeFiles/CMakeTmp'

File /home/umaidzz/Documents/team-nust/team-nust-robocup-v2/build-V5/Release-Motion/build-remote/team-nust-robocup/CMakeFiles/CMakeTmp/CheckSymbolExists.c:
/* */
#include <unistd.h>

int main(int argc, char** argv)
{
  (void)argv;
#ifndef sysctl
  return ((int*)(&sysctl))[argc];
#else
  (void)argc;
  return 0;
#endif
}

Determining if the pthread_create exist failed with the following output:
Change Dir: /home/umaidzz/Documents/team-nust/team-nust-robocup-v2/build-V5/Release-Motion/build-remote/team-nust-robocup/CMakeFiles/CMakeTmp

Run Build Command:"/usr/bin/make" "cmTC_b4084/fast"
make[1]: Entering directory `/home/umaidzz/Documents/team-nust/team-nust-robocup-v2/build-V5/Release-Motion/build-remote/team-nust-robocup/CMakeFiles/CMakeTmp'
/usr/bin/make -f CMakeFiles/cmTC_b4084.dir/build.make CMakeFiles/cmTC_b4084.dir/build
make[2]: Entering directory `/home/umaidzz/Documents/team-nust/team-nust-robocup-v2/build-V5/Release-Motion/build-remote/team-nust-robocup/CMakeFiles/CMakeTmp'
Building C object CMakeFiles/cmTC_b4084.dir/CheckSymbolExists.c.o
/usr/bin/cc    -fPIE   -o CMakeFiles/cmTC_b4084.dir/CheckSymbolExists.c.o   -c /home/umaidzz/Documents/team-nust/team-nust-robocup-v2/build-V5/Release-Motion/build-remote/team-nust-robocup/CMakeFiles/CMakeTmp/CheckSymbolExists.c
Linking C executable cmTC_b4084
/usr/bin/cmake -E cmake_link_script CMakeFiles/cmTC_b4084.dir/link.txt --verbose=1
/usr/bin/cc       CMakeFiles/cmTC_b4084.dir/CheckSymbolExists.c.o  -o cmTC_b4084 -rdynamic -lm 
CMakeFiles/cmTC_b4084.dir/CheckSymbolExists.c.o: In function `main':
CheckSymbolExists.c:(.text+0x1b): undefined reference to `pthread_create'
collect2: error: ld returned 1 exit status
make[2]: *** [cmTC_b4084] Error 1
make[2]: Leaving directory `/home/umaidzz/Documents/team-nust/team-nust-robocup-v2/build-V5/Release-Motion/build-remote/team-nust-robocup/CMakeFiles/CMakeTmp'
make[1]: *** [cmTC_b4084/fast] Error 2
make[1]: Leaving directory `/home/umaidzz/Documents/team-nust/team-nust-robocup-v2/build-V5/Release-Motion/build-remote/team-nust-robocup/CMakeFiles/CMakeTmp'

File /home/umaidzz/Documents/team-nust/team-nust-robocup-v2/build-V5/Release-Motion/build-remote/team-nust-robocup/CMakeFiles/CMakeTmp/CheckSymbolExists.c:
/* */
#include <pthread.h>

int main(int argc, char** argv)
{
  (void)argv;
#ifndef pthread_create
  return ((int*)(&pthread_create))[argc];
#else
  (void)argc;
  return 0;
#endif
}

Determining if the function pthread_create exists in the pthreads failed with the following output:
Change Dir: /home/umaidzz/Documents/team-nust/team-nust-robocup-v2/build-V5/Release-Motion/build-remote/team-nust-robocup/CMakeFiles/CMakeTmp

Run Build Command:"/usr/bin/make" "cmTC_e849d/fast"
make[1]: Entering directory `/home/umaidzz/Documents/team-nust/team-nust-robocup-v2/build-V5/Release-Motion/build-remote/team-nust-robocup/CMakeFiles/CMakeTmp'
/usr/bin/make -f CMakeFiles/cmTC_e849d.dir/build.make CMakeFiles/cmTC_e849d.dir/build
make[2]: Entering directory `/home/umaidzz/Documents/team-nust/team-nust-robocup-v2/build-V5/Release-Motion/build-remote/team-nust-robocup/CMakeFiles/CMakeTmp'
Building C object CMakeFiles/cmTC_e849d.dir/CheckFunctionExists.c.o
/usr/bin/cc    -DCHECK_FUNCTION_EXISTS=pthread_create -fPIE   -o CMakeFiles/cmTC_e849d.dir/CheckFunctionExists.c.o   -c /usr/share/cmake-3.5/Modules/CheckFunctionExists.c
Linking C executable cmTC_e849d
/usr/bin/cmake -E cmake_link_script CMakeFiles/cmTC_e849d.dir/link.txt --verbose=1
/usr/bin/cc   -DCHECK_FUNCTION_EXISTS=pthread_create    CMakeFiles/cmTC_e849d.dir/CheckFunctionExists.c.o  -o cmTC_e849d -rdynamic -lpthreads -lm 
/usr/bin/ld: cannot find -lpthreads
collect2: error: ld returned 1 exit status
make[2]: *** [cmTC_e849d] Error 1
make[2]: Leaving directory `/home/umaidzz/Documents/team-nust/team-nust-robocup-v2/build-V5/Release-Motion/build-remote/team-nust-robocup/CMakeFiles/CMakeTmp'
make[1]: *** [cmTC_e849d/fast] Error 2
make[1]: Leaving directory `/home/umaidzz/Documents/team-nust/team-nust-robocup-v2/build-V5/Release-Motion/build-remote/team-nust-robocup/CMakeFiles/CMakeTmp'


Performing C SOURCE FILE Test HAVE_THREAD_LOCAL_STORAGE failed with the following output:
Change Dir: /home/umaidzz/Documents/team-nust/team-nust-robocup-v2/build-V5/Release-Motion/build-remote/team-nust-robocup/CMakeFiles/CMakeTmp

Run Build Command:"/usr/bin/make" "cmTC_6a59c/fast"
make[1]: Entering directory `/home/umaidzz/Documents/team-nust/team-nust-robocup-v2/build-V5/Release-Motion/build-remote/team-nust-robocup/CMakeFiles/CMakeTmp'
/usr/bin/make -f CMakeFiles/cmTC_6a59c.dir/build.make CMakeFiles/cmTC_6a59c.dir/build
make[2]: Entering directory `/home/umaidzz/Documents/team-nust/team-nust-robocup-v2/build-V5/Release-Motion/build-remote/team-nust-robocup/CMakeFiles/CMakeTmp'
Building C object CMakeFiles/cmTC_6a59c.dir/src.c.o
/usr/bin/cc    -DHAVE_THREAD_LOCAL_STORAGE -fPIE   -o CMakeFiles/cmTC_6a59c.dir/src.c.o   -c /home/umaidzz/Documents/team-nust/team-nust-robocup-v2/build-V5/Release-Motion/build-remote/team-nust-robocup/CMakeFiles/CMakeTmp/src.c
/home/umaidzz/Documents/team-nust/team-nust-robocup-v2/build-V5/Release-Motion/build-remote/team-nust-robocup/CMakeFiles/CMakeTmp/src.c: In function ‘__declspec’:
/home/umaidzz/Documents/team-nust/team-nust-robocup-v2/build-V5/Release-Motion/build-remote/team-nust-robocup/CMakeFiles/CMakeTmp/src.c:3:20: error: expected ‘=’, ‘,’, ‘;’, ‘asm’ or ‘__attribute__’ before ‘{’ token
     int main(void) {
                    ^
/home/umaidzz/Documents/team-nust/team-nust-robocup-v2/build-V5/Release-Motion/build-remote/team-nust-robocup/CMakeFiles/CMakeTmp/src.c:2:28: error: declaration for parameter ‘tls’ but no such parameter
     __declspec(thread) int tls;
                            ^
/home/umaidzz/Documents/team-nust/team-nust-robocup-v2/build-V5/Release-Motion/build-remote/team-nust-robocup/CMakeFiles/CMakeTmp/src.c:5:5: error: expected ‘{’ at end of input
     }
     ^
make[2]: *** [CMakeFiles/cmTC_6a59c.dir/src.c.o] Error 1
make[2]: Leaving directory `/home/umaidzz/Documents/team-nust/team-nust-robocup-v2/build-V5/Release-Motion/build-remote/team-nust-robocup/CMakeFiles/CMakeTmp'
make[1]: *** [cmTC_6a59c/fast] Error 2
make[1]: Leaving directory `/home/umaidzz/Documents/team-nust/team-nust-robocup-v2/build-V5/Release-Motion/build-remote/team-nust-robocup/CMakeFiles/CMakeTmp'

Source file was:

    __declspec(thread) int tls;
    int main(void) {
        return 0;
    }
Determining if the include file altivec.h exists failed with the following output:
Change Dir: /home/umaidzz/Documents/team-nust/team-nust-robocup-v2/build-V5/Release-Motion/build-remote/team-nust-robocup/CMakeFiles/CMakeTmp

Run Build Command:"/usr/bin/make" "cmTC_e1728/fast"
make[1]: Entering directory `/home/umaidzz/Documents/team-nust/team-nust-robocup-v2/build-V5/Release-Motion/build-remote/team-nust-robocup/CMakeFiles/CMakeTmp'
/usr/bin/make -f CMakeFiles/cmTC_e1728.dir/build.make CMakeFiles/cmTC_e1728.dir/build
make[2]: Entering directory `/home/umaidzz/Documents/team-nust/team-nust-robocup-v2/build-V5/Release-Motion/build-remote/team-nust-robocup/CMakeFiles/CMakeTmp'
Building C object CMakeFiles/cmTC_e1728.dir/CheckIncludeFile.c.o
/usr/bin/cc    -fPIE   -o CMakeFiles/cmTC_e1728.dir/CheckIncludeFile.c.o   -c /home/umaidzz/Documents/team-nust/team-nust-robocup-v2/build-V5/Release-Motion/build-remote/team-nust-robocup/CMakeFiles/CMakeTmp/CheckIncludeFile.c
/home/umaidzz/Documents/team-nust/team-nust-robocup-v2/build-V5/Release-Motion/build-remote/team-nust-robocup/CMakeFiles/CMakeTmp/CheckIncludeFile.c:1:21: fatal error: altivec.h: No such file or directory
 #include <altivec.h>
                     ^
compilation terminated.
make[2]: *** [CMakeFiles/cmTC_e1728.dir/CheckIncludeFile.c.o] Error 1
make[2]: Leaving directory `/home/umaidzz/Documents/team-nust/team-nust-robocup-v2/build-V5/Release-Motion/build-remote/team-nust-robocup/CMakeFiles/CMakeTmp'
make[1]: *** [cmTC_e1728/fast] Error 2
make[1]: Leaving directory `/home/umaidzz/Documents/team-nust/team-nust-robocup-v2/build-V5/Release-Motion/build-remote/team-nust-robocup/CMakeFiles/CMakeTmp'


Determining if the include file c_asm.h exists failed with the following output:
Change Dir: /home/umaidzz/Documents/team-nust/team-nust-robocup-v2/build-V5/Release-Motion/build-remote/team-nust-robocup/CMakeFiles/CMakeTmp

Run Build Command:"/usr/bin/make" "cmTC_b2e9f/fast"
make[1]: Entering directory `/home/umaidzz/Documents/team-nust/team-nust-robocup-v2/build-V5/Release-Motion/build-remote/team-nust-robocup/CMakeFiles/CMakeTmp'
/usr/bin/make -f CMakeFiles/cmTC_b2e9f.dir/build.make CMakeFiles/cmTC_b2e9f.dir/build
make[2]: Entering directory `/home/umaidzz/Documents/team-nust/team-nust-robocup-v2/build-V5/Release-Motion/build-remote/team-nust-robocup/CMakeFiles/CMakeTmp'
Building C object CMakeFiles/cmTC_b2e9f.dir/CheckIncludeFile.c.o
/usr/bin/cc    -fPIE   -o CMakeFiles/cmTC_b2e9f.dir/CheckIncludeFile.c.o   -c /home/umaidzz/Documents/team-nust/team-nust-robocup-v2/build-V5/Release-Motion/build-remote/team-nust-robocup/CMakeFiles/CMakeTmp/CheckIncludeFile.c
/home/umaidzz/Documents/team-nust/team-nust-robocup-v2/build-V5/Release-Motion/build-remote/team-nust-robocup/CMakeFiles/CMakeTmp/CheckIncludeFile.c:1:19: fatal error: c_asm.h: No such file or directory
 #include <c_asm.h>
                   ^
compilation terminated.
make[2]: *** [CMakeFiles/cmTC_b2e9f.dir/CheckIncludeFile.c.o] Error 1
make[2]: Leaving directory `/home/umaidzz/Documents/team-nust/team-nust-robocup-v2/build-V5/Release-Motion/build-remote/team-nust-robocup/CMakeFiles/CMakeTmp'
make[1]: *** [cmTC_b2e9f/fast] Error 2
make[1]: Leaving directory `/home/umaidzz/Documents/team-nust/team-nust-robocup-v2/build-V5/Release-Motion/build-remote/team-nust-robocup/CMakeFiles/CMakeTmp'


Determining if the include file intrinsics.h exists failed with the following output:
Change Dir: /home/umaidzz/Documents/team-nust/team-nust-robocup-v2/build-V5/Release-Motion/build-remote/team-nust-robocup/CMakeFiles/CMakeTmp

Run Build Command:"/usr/bin/make" "cmTC_46a1c/fast"
make[1]: Entering directory `/home/umaidzz/Documents/team-nust/team-nust-robocup-v2/build-V5/Release-Motion/build-remote/team-nust-robocup/CMakeFiles/CMakeTmp'
/usr/bin/make -f CMakeFiles/cmTC_46a1c.dir/build.make CMakeFiles/cmTC_46a1c.dir/build
make[2]: Entering directory `/home/umaidzz/Documents/team-nust/team-nust-robocup-v2/build-V5/Release-Motion/build-remote/team-nust-robocup/CMakeFiles/CMakeTmp'
Building C object CMakeFiles/cmTC_46a1c.dir/CheckIncludeFile.c.o
/usr/bin/cc    -fPIE   -o CMakeFiles/cmTC_46a1c.dir/CheckIncludeFile.c.o   -c /home/umaidzz/Documents/team-nust/team-nust-robocup-v2/build-V5/Release-Motion/build-remote/team-nust-robocup/CMakeFiles/CMakeTmp/CheckIncludeFile.c
/home/umaidzz/Documents/team-nust/team-nust-robocup-v2/build-V5/Release-Motion/build-remote/team-nust-robocup/CMakeFiles/CMakeTmp/CheckIncludeFile.c:1:24: fatal error: intrinsics.h: No such file or directory
 #include <intrinsics.h>
                        ^
compilation terminated.
make[2]: *** [CMakeFiles/cmTC_46a1c.dir/CheckIncludeFile.c.o] Error 1
make[2]: Leaving directory `/home/umaidzz/Documents/team-nust/team-nust-robocup-v2/build-V5/Release-Motion/build-remote/team-nust-robocup/CMakeFiles/CMakeTmp'
make[1]: *** [cmTC_46a1c/fast] Error 2
make[1]: Leaving directory `/home/umaidzz/Documents/team-nust/team-nust-robocup-v2/build-V5/Release-Motion/build-remote/team-nust-robocup/CMakeFiles/CMakeTmp'


Determining if the include file mach/mach_time.h exists failed with the following output:
Change Dir: /home/umaidzz/Documents/team-nust/team-nust-robocup-v2/build-V5/Release-Motion/build-remote/team-nust-robocup/CMakeFiles/CMakeTmp

Run Build Command:"/usr/bin/make" "cmTC_585c8/fast"
make[1]: Entering directory `/home/umaidzz/Documents/team-nust/team-nust-robocup-v2/build-V5/Release-Motion/build-remote/team-nust-robocup/CMakeFiles/CMakeTmp'
/usr/bin/make -f CMakeFiles/cmTC_585c8.dir/build.make CMakeFiles/cmTC_585c8.dir/build
make[2]: Entering directory `/home/umaidzz/Documents/team-nust/team-nust-robocup-v2/build-V5/Release-Motion/build-remote/team-nust-robocup/CMakeFiles/CMakeTmp'
Building C object CMakeFiles/cmTC_585c8.dir/CheckIncludeFile.c.o
/usr/bin/cc    -fPIE   -o CMakeFiles/cmTC_585c8.dir/CheckIncludeFile.c.o   -c /home/umaidzz/Documents/team-nust/team-nust-robocup-v2/build-V5/Release-Motion/build-remote/team-nust-robocup/CMakeFiles/CMakeTmp/CheckIncludeFile.c
/home/umaidzz/Documents/team-nust/team-nust-robocup-v2/build-V5/Release-Motion/build-remote/team-nust-robocup/CMakeFiles/CMakeTmp/CheckIncludeFile.c:1:28: fatal error: mach/mach_time.h: No such file or directory
 #include <mach/mach_time.h>
                            ^
compilation terminated.
make[2]: *** [CMakeFiles/cmTC_585c8.dir/CheckIncludeFile.c.o] Error 1
make[2]: Leaving directory `/home/umaidzz/Documents/team-nust/team-nust-robocup-v2/build-V5/Release-Motion/build-remote/team-nust-robocup/CMakeFiles/CMakeTmp'
make[1]: *** [cmTC_585c8/fast] Error 2
make[1]: Leaving directory `/home/umaidzz/Documents/team-nust/team-nust-robocup-v2/build-V5/Release-Motion/build-remote/team-nust-robocup/CMakeFiles/CMakeTmp'


Determining if the include file uintptr.h exists failed with the following output:
Change Dir: /home/umaidzz/Documents/team-nust/team-nust-robocup-v2/build-V5/Release-Motion/build-remote/team-nust-robocup/CMakeFiles/CMakeTmp

Run Build Command:"/usr/bin/make" "cmTC_bf004/fast"
make[1]: Entering directory `/home/umaidzz/Documents/team-nust/team-nust-robocup-v2/build-V5/Release-Motion/build-remote/team-nust-robocup/CMakeFiles/CMakeTmp'
/usr/bin/make -f CMakeFiles/cmTC_bf004.dir/build.make CMakeFiles/cmTC_bf004.dir/build
make[2]: Entering directory `/home/umaidzz/Documents/team-nust/team-nust-robocup-v2/build-V5/Release-Motion/build-remote/team-nust-robocup/CMakeFiles/CMakeTmp'
Building C object CMakeFiles/cmTC_bf004.dir/CheckIncludeFile.c.o
/usr/bin/cc    -fPIE   -o CMakeFiles/cmTC_bf004.dir/CheckIncludeFile.c.o   -c /home/umaidzz/Documents/team-nust/team-nust-robocup-v2/build-V5/Release-Motion/build-remote/team-nust-robocup/CMakeFiles/CMakeTmp/CheckIncludeFile.c
/home/umaidzz/Documents/team-nust/team-nust-robocup-v2/build-V5/Release-Motion/build-remote/team-nust-robocup/CMakeFiles/CMakeTmp/CheckIncludeFile.c:1:21: fatal error: uintptr.h: No such file or directory
 #include <uintptr.h>
                     ^
compilation terminated.
make[2]: *** [CMakeFiles/cmTC_bf004.dir/CheckIncludeFile.c.o] Error 1
make[2]: Leaving directory `/home/umaidzz/Documents/team-nust/team-nust-robocup-v2/build-V5/Release-Motion/build-remote/team-nust-robocup/CMakeFiles/CMakeTmp'
make[1]: *** [cmTC_bf004/fast] Error 2
make[1]: Leaving directory `/home/umaidzz/Documents/team-nust/team-nust-robocup-v2/build-V5/Release-Motion/build-remote/team-nust-robocup/CMakeFiles/CMakeTmp'


Determining if the mach_absolute_time exist failed with the following output:
Change Dir: /home/umaidzz/Documents/team-nust/team-nust-robocup-v2/build-V5/Release-Motion/build-remote/team-nust-robocup/CMakeFiles/CMakeTmp

Run Build Command:"/usr/bin/make" "cmTC_98a21/fast"
make[1]: Entering directory `/home/umaidzz/Documents/team-nust/team-nust-robocup-v2/build-V5/Release-Motion/build-remote/team-nust-robocup/CMakeFiles/CMakeTmp'
/usr/bin/make -f CMakeFiles/cmTC_98a21.dir/build.make CMakeFiles/cmTC_98a21.dir/build
make[2]: Entering directory `/home/umaidzz/Documents/team-nust/team-nust-robocup-v2/build-V5/Release-Motion/build-remote/team-nust-robocup/CMakeFiles/CMakeTmp'
Building C object CMakeFiles/cmTC_98a21.dir/CheckSymbolExists.c.o
/usr/bin/cc    -fPIE   -o CMakeFiles/cmTC_98a21.dir/CheckSymbolExists.c.o   -c /home/umaidzz/Documents/team-nust/team-nust-robocup-v2/build-V5/Release-Motion/build-remote/team-nust-robocup/CMakeFiles/CMakeTmp/CheckSymbolExists.c
/home/umaidzz/Documents/team-nust/team-nust-robocup-v2/build-V5/Release-Motion/build-remote/team-nust-robocup/CMakeFiles/CMakeTmp/CheckSymbolExists.c:2:28: fatal error: mach/mach_time.h: No such file or directory
 #include <mach/mach_time.h>
                            ^
compilation terminated.
make[2]: *** [CMakeFiles/cmTC_98a21.dir/CheckSymbolExists.c.o] Error 1
make[2]: Leaving directory `/home/umaidzz/Documents/team-nust/team-nust-robocup-v2/build-V5/Release-Motion/build-remote/team-nust-robocup/CMakeFiles/CMakeTmp'
make[1]: *** [cmTC_98a21/fast] Error 2
make[1]: Leaving directory `/home/umaidzz/Documents/team-nust/team-nust-robocup-v2/build-V5/Release-Motion/build-remote/team-nust-robocup/CMakeFiles/CMakeTmp'

File /home/umaidzz/Documents/team-nust/team-nust-robocup-v2/build-V5/Release-Motion/build-remote/team-nust-robocup/CMakeFiles/CMakeTmp/CheckSymbolExists.c:
/* */
#include <mach/mach_time.h>

int main(int argc, char** argv)
{
  (void)argv;
#ifndef mach_absolute_time
  return ((int*)(&mach_absolute_time))[argc];
#else
  (void)argc;
  return 0;
#endif
}

Determining if the sysctl exist failed with the following output:
Change Dir: /home/umaidzz/Documents/team-nust/team-nust-robocup-v2/build-V5/Release-Motion/build-remote/team-nust-robocup/CMakeFiles/CMakeTmp

Run Build Command:"/usr/bin/make" "cmTC_40f00/fast"
make[1]: Entering directory `/home/umaidzz/Documents/team-nust/team-nust-robocup-v2/build-V5/Release-Motion/build-remote/team-nust-robocup/CMakeFiles/CMakeTmp'
/usr/bin/make -f CMakeFiles/cmTC_40f00.dir/build.make CMakeFiles/cmTC_40f00.dir/build
make[2]: Entering directory `/home/umaidzz/Documents/team-nust/team-nust-robocup-v2/build-V5/Release-Motion/build-remote/team-nust-robocup/CMakeFiles/CMakeTmp'
Building C object CMakeFiles/cmTC_40f00.dir/CheckSymbolExists.c.o
/usr/bin/cc    -fPIE   -o CMakeFiles/cmTC_40f00.dir/CheckSymbolExists.c.o   -c /home/umaidzz/Documents/team-nust/team-nust-robocup-v2/build-V5/Release-Motion/build-remote/team-nust-robocup/CMakeFiles/CMakeTmp/CheckSymbolExists.c
/home/umaidzz/Documents/team-nust/team-nust-robocup-v2/build-V5/Release-Motion/build-remote/team-nust-robocup/CMakeFiles/CMakeTmp/CheckSymbolExists.c: In function ‘main’:
/home/umaidzz/Documents/team-nust/team-nust-robocup-v2/build-V5/Release-Motion/build-remote/team-nust-robocup/CMakeFiles/CMakeTmp/CheckSymbolExists.c:8:19: error: ‘sysctl’ undeclared (first use in this function)
   return ((int*)(&sysctl))[argc];
                   ^
/home/umaidzz/Documents/team-nust/team-nust-robocup-v2/build-V5/Release-Motion/build-remote/team-nust-robocup/CMakeFiles/CMakeTmp/CheckSymbolExists.c:8:19: note: each undeclared identifier is reported only once for each function it appears in
make[2]: *** [CMakeFiles/cmTC_40f00.dir/CheckSymbolExists.c.o] Error 1
make[2]: Leaving directory `/home/umaidzz/Documents/team-nust/team-nust-robocup-v2/build-V5/Release-Motion/build-remote/team-nust-robocup/CMakeFiles/CMakeTmp'
make[1]: *** [cmTC_40f00/fast] Error 2
make[1]: Leaving directory `/home/umaidzz/Documents/team-nust/team-nust-robocup-v2/build-V5/Release-Motion/build-remote/team-nust-robocup/CMakeFiles/CMakeTmp'

File /home/umaidzz/Documents/team-nust/team-nust-robocup-v2/build-V5/Release-Motion/build-remote/team-nust-robocup/CMakeFiles/CMakeTmp/CheckSymbolExists.c:
/* */
#include <unistd.h>

int main(int argc, char** argv)
{
  (void)argv;
#ifndef sysctl
  return ((int*)(&sysctl))[argc];
#else
  (void)argc;
  return 0;
#endif
}

Determining if the pthread_create exist failed with the following output:
Change Dir: /home/umaidzz/Documents/team-nust/team-nust-robocup-v2/build-V5/Release-Motion/build-remote/team-nust-robocup/CMakeFiles/CMakeTmp

Run Build Command:"/usr/bin/make" "cmTC_f6a24/fast"
make[1]: Entering directory `/home/umaidzz/Documents/team-nust/team-nust-robocup-v2/build-V5/Release-Motion/build-remote/team-nust-robocup/CMakeFiles/CMakeTmp'
/usr/bin/make -f CMakeFiles/cmTC_f6a24.dir/build.make CMakeFiles/cmTC_f6a24.dir/build
make[2]: Entering directory `/home/umaidzz/Documents/team-nust/team-nust-robocup-v2/build-V5/Release-Motion/build-remote/team-nust-robocup/CMakeFiles/CMakeTmp'
Building C object CMakeFiles/cmTC_f6a24.dir/CheckSymbolExists.c.o
/usr/bin/cc    -fPIE   -o CMakeFiles/cmTC_f6a24.dir/CheckSymbolExists.c.o   -c /home/umaidzz/Documents/team-nust/team-nust-robocup-v2/build-V5/Release-Motion/build-remote/team-nust-robocup/CMakeFiles/CMakeTmp/CheckSymbolExists.c
Linking C executable cmTC_f6a24
/usr/bin/cmake -E cmake_link_script CMakeFiles/cmTC_f6a24.dir/link.txt --verbose=1
/usr/bin/cc       CMakeFiles/cmTC_f6a24.dir/CheckSymbolExists.c.o  -o cmTC_f6a24 -rdynamic -lm 
CMakeFiles/cmTC_f6a24.dir/CheckSymbolExists.c.o: In function `main':
CheckSymbolExists.c:(.text+0x1b): undefined reference to `pthread_create'
collect2: error: ld returned 1 exit status
make[2]: *** [cmTC_f6a24] Error 1
make[2]: Leaving directory `/home/umaidzz/Documents/team-nust/team-nust-robocup-v2/build-V5/Release-Motion/build-remote/team-nust-robocup/CMakeFiles/CMakeTmp'
make[1]: *** [cmTC_f6a24/fast] Error 2
make[1]: Leaving directory `/home/umaidzz/Documents/team-nust/team-nust-robocup-v2/build-V5/Release-Motion/build-remote/team-nust-robocup/CMakeFiles/CMakeTmp'

File /home/umaidzz/Documents/team-nust/team-nust-robocup-v2/build-V5/Release-Motion/build-remote/team-nust-robocup/CMakeFiles/CMakeTmp/CheckSymbolExists.c:
/* */
#include <pthread.h>

int main(int argc, char** argv)
{
  (void)argv;
#ifndef pthread_create
  return ((int*)(&pthread_create))[argc];
#else
  (void)argc;
  return 0;
#endif
}

Determining if the function pthread_create exists in the pthreads failed with the following output:
Change Dir: /home/umaidzz/Documents/team-nust/team-nust-robocup-v2/build-V5/Release-Motion/build-remote/team-nust-robocup/CMakeFiles/CMakeTmp

Run Build Command:"/usr/bin/make" "cmTC_23d08/fast"
make[1]: Entering directory `/home/umaidzz/Documents/team-nust/team-nust-robocup-v2/build-V5/Release-Motion/build-remote/team-nust-robocup/CMakeFiles/CMakeTmp'
/usr/bin/make -f CMakeFiles/cmTC_23d08.dir/build.make CMakeFiles/cmTC_23d08.dir/build
make[2]: Entering directory `/home/umaidzz/Documents/team-nust/team-nust-robocup-v2/build-V5/Release-Motion/build-remote/team-nust-robocup/CMakeFiles/CMakeTmp'
Building C object CMakeFiles/cmTC_23d08.dir/CheckFunctionExists.c.o
/usr/bin/cc    -DCHECK_FUNCTION_EXISTS=pthread_create -fPIE   -o CMakeFiles/cmTC_23d08.dir/CheckFunctionExists.c.o   -c /usr/share/cmake-3.5/Modules/CheckFunctionExists.c
Linking C executable cmTC_23d08
/usr/bin/cmake -E cmake_link_script CMakeFiles/cmTC_23d08.dir/link.txt --verbose=1
/usr/bin/cc   -DCHECK_FUNCTION_EXISTS=pthread_create    CMakeFiles/cmTC_23d08.dir/CheckFunctionExists.c.o  -o cmTC_23d08 -rdynamic -lpthreads -lm 
/usr/bin/ld: cannot find -lpthreads
collect2: error: ld returned 1 exit status
make[2]: *** [cmTC_23d08] Error 1
make[2]: Leaving directory `/home/umaidzz/Documents/team-nust/team-nust-robocup-v2/build-V5/Release-Motion/build-remote/team-nust-robocup/CMakeFiles/CMakeTmp'
make[1]: *** [cmTC_23d08/fast] Error 2
make[1]: Leaving directory `/home/umaidzz/Documents/team-nust/team-nust-robocup-v2/build-V5/Release-Motion/build-remote/team-nust-robocup/CMakeFiles/CMakeTmp'


Performing C SOURCE FILE Test HAVE_THREAD_LOCAL_STORAGE failed with the following output:
Change Dir: /home/umaidzz/Documents/team-nust/team-nust-robocup-v2/build-V5/Release-Motion/build-remote/team-nust-robocup/CMakeFiles/CMakeTmp

Run Build Command:"/usr/bin/make" "cmTC_284ab/fast"
make[1]: Entering directory `/home/umaidzz/Documents/team-nust/team-nust-robocup-v2/build-V5/Release-Motion/build-remote/team-nust-robocup/CMakeFiles/CMakeTmp'
/usr/bin/make -f CMakeFiles/cmTC_284ab.dir/build.make CMakeFiles/cmTC_284ab.dir/build
make[2]: Entering directory `/home/umaidzz/Documents/team-nust/team-nust-robocup-v2/build-V5/Release-Motion/build-remote/team-nust-robocup/CMakeFiles/CMakeTmp'
Building C object CMakeFiles/cmTC_284ab.dir/src.c.o
/usr/bin/cc    -DHAVE_THREAD_LOCAL_STORAGE -fPIE   -o CMakeFiles/cmTC_284ab.dir/src.c.o   -c /home/umaidzz/Documents/team-nust/team-nust-robocup-v2/build-V5/Release-Motion/build-remote/team-nust-robocup/CMakeFiles/CMakeTmp/src.c
/home/umaidzz/Documents/team-nust/team-nust-robocup-v2/build-V5/Release-Motion/build-remote/team-nust-robocup/CMakeFiles/CMakeTmp/src.c: In function ‘__declspec’:
/home/umaidzz/Documents/team-nust/team-nust-robocup-v2/build-V5/Release-Motion/build-remote/team-nust-robocup/CMakeFiles/CMakeTmp/src.c:3:20: error: expected ‘=’, ‘,’, ‘;’, ‘asm’ or ‘__attribute__’ before ‘{’ token
     int main(void) {
                    ^
/home/umaidzz/Documents/team-nust/team-nust-robocup-v2/build-V5/Release-Motion/build-remote/team-nust-robocup/CMakeFiles/CMakeTmp/src.c:2:28: error: declaration for parameter ‘tls’ but no such parameter
     __declspec(thread) int tls;
                            ^
/home/umaidzz/Documents/team-nust/team-nust-robocup-v2/build-V5/Release-Motion/build-remote/team-nust-robocup/CMakeFiles/CMakeTmp/src.c:5:5: error: expected ‘{’ at end of input
     }
     ^
make[2]: *** [CMakeFiles/cmTC_284ab.dir/src.c.o] Error 1
make[2]: Leaving directory `/home/umaidzz/Documents/team-nust/team-nust-robocup-v2/build-V5/Release-Motion/build-remote/team-nust-robocup/CMakeFiles/CMakeTmp'
make[1]: *** [cmTC_284ab/fast] Error 2
make[1]: Leaving directory `/home/umaidzz/Documents/team-nust/team-nust-robocup-v2/build-V5/Release-Motion/build-remote/team-nust-robocup/CMakeFiles/CMakeTmp'

Source file was:

    __declspec(thread) int tls;
    int main(void) {
        return 0;
    }
Determining if the include file altivec.h exists failed with the following output:
Change Dir: /home/umaidzz/Documents/team-nust/team-nust-robocup-v2/build-V5/Release-Motion/build-remote/team-nust-robocup/CMakeFiles/CMakeTmp

Run Build Command:"/usr/bin/make" "cmTC_3a6bd/fast"
make[1]: Entering directory `/home/umaidzz/Documents/team-nust/team-nust-robocup-v2/build-V5/Release-Motion/build-remote/team-nust-robocup/CMakeFiles/CMakeTmp'
/usr/bin/make -f CMakeFiles/cmTC_3a6bd.dir/build.make CMakeFiles/cmTC_3a6bd.dir/build
make[2]: Entering directory `/home/umaidzz/Documents/team-nust/team-nust-robocup-v2/build-V5/Release-Motion/build-remote/team-nust-robocup/CMakeFiles/CMakeTmp'
Building C object CMakeFiles/cmTC_3a6bd.dir/CheckIncludeFile.c.o
/usr/bin/cc    -fPIE   -o CMakeFiles/cmTC_3a6bd.dir/CheckIncludeFile.c.o   -c /home/umaidzz/Documents/team-nust/team-nust-robocup-v2/build-V5/Release-Motion/build-remote/team-nust-robocup/CMakeFiles/CMakeTmp/CheckIncludeFile.c
/home/umaidzz/Documents/team-nust/team-nust-robocup-v2/build-V5/Release-Motion/build-remote/team-nust-robocup/CMakeFiles/CMakeTmp/CheckIncludeFile.c:1:21: fatal error: altivec.h: No such file or directory
 #include <altivec.h>
                     ^
compilation terminated.
make[2]: *** [CMakeFiles/cmTC_3a6bd.dir/CheckIncludeFile.c.o] Error 1
make[2]: Leaving directory `/home/umaidzz/Documents/team-nust/team-nust-robocup-v2/build-V5/Release-Motion/build-remote/team-nust-robocup/CMakeFiles/CMakeTmp'
make[1]: *** [cmTC_3a6bd/fast] Error 2
make[1]: Leaving directory `/home/umaidzz/Documents/team-nust/team-nust-robocup-v2/build-V5/Release-Motion/build-remote/team-nust-robocup/CMakeFiles/CMakeTmp'


Determining if the include file c_asm.h exists failed with the following output:
Change Dir: /home/umaidzz/Documents/team-nust/team-nust-robocup-v2/build-V5/Release-Motion/build-remote/team-nust-robocup/CMakeFiles/CMakeTmp

Run Build Command:"/usr/bin/make" "cmTC_eaafb/fast"
make[1]: Entering directory `/home/umaidzz/Documents/team-nust/team-nust-robocup-v2/build-V5/Release-Motion/build-remote/team-nust-robocup/CMakeFiles/CMakeTmp'
/usr/bin/make -f CMakeFiles/cmTC_eaafb.dir/build.make CMakeFiles/cmTC_eaafb.dir/build
make[2]: Entering directory `/home/umaidzz/Documents/team-nust/team-nust-robocup-v2/build-V5/Release-Motion/build-remote/team-nust-robocup/CMakeFiles/CMakeTmp'
Building C object CMakeFiles/cmTC_eaafb.dir/CheckIncludeFile.c.o
/usr/bin/cc    -fPIE   -o CMakeFiles/cmTC_eaafb.dir/CheckIncludeFile.c.o   -c /home/umaidzz/Documents/team-nust/team-nust-robocup-v2/build-V5/Release-Motion/build-remote/team-nust-robocup/CMakeFiles/CMakeTmp/CheckIncludeFile.c
/home/umaidzz/Documents/team-nust/team-nust-robocup-v2/build-V5/Release-Motion/build-remote/team-nust-robocup/CMakeFiles/CMakeTmp/CheckIncludeFile.c:1:19: fatal error: c_asm.h: No such file or directory
 #include <c_asm.h>
                   ^
compilation terminated.
make[2]: *** [CMakeFiles/cmTC_eaafb.dir/CheckIncludeFile.c.o] Error 1
make[2]: Leaving directory `/home/umaidzz/Documents/team-nust/team-nust-robocup-v2/build-V5/Release-Motion/build-remote/team-nust-robocup/CMakeFiles/CMakeTmp'
make[1]: *** [cmTC_eaafb/fast] Error 2
make[1]: Leaving directory `/home/umaidzz/Documents/team-nust/team-nust-robocup-v2/build-V5/Release-Motion/build-remote/team-nust-robocup/CMakeFiles/CMakeTmp'


Determining if the include file intrinsics.h exists failed with the following output:
Change Dir: /home/umaidzz/Documents/team-nust/team-nust-robocup-v2/build-V5/Release-Motion/build-remote/team-nust-robocup/CMakeFiles/CMakeTmp

Run Build Command:"/usr/bin/make" "cmTC_ed7b6/fast"
make[1]: Entering directory `/home/umaidzz/Documents/team-nust/team-nust-robocup-v2/build-V5/Release-Motion/build-remote/team-nust-robocup/CMakeFiles/CMakeTmp'
/usr/bin/make -f CMakeFiles/cmTC_ed7b6.dir/build.make CMakeFiles/cmTC_ed7b6.dir/build
make[2]: Entering directory `/home/umaidzz/Documents/team-nust/team-nust-robocup-v2/build-V5/Release-Motion/build-remote/team-nust-robocup/CMakeFiles/CMakeTmp'
Building C object CMakeFiles/cmTC_ed7b6.dir/CheckIncludeFile.c.o
/usr/bin/cc    -fPIE   -o CMakeFiles/cmTC_ed7b6.dir/CheckIncludeFile.c.o   -c /home/umaidzz/Documents/team-nust/team-nust-robocup-v2/build-V5/Release-Motion/build-remote/team-nust-robocup/CMakeFiles/CMakeTmp/CheckIncludeFile.c
/home/umaidzz/Documents/team-nust/team-nust-robocup-v2/build-V5/Release-Motion/build-remote/team-nust-robocup/CMakeFiles/CMakeTmp/CheckIncludeFile.c:1:24: fatal error: intrinsics.h: No such file or directory
 #include <intrinsics.h>
                        ^
compilation terminated.
make[2]: *** [CMakeFiles/cmTC_ed7b6.dir/CheckIncludeFile.c.o] Error 1
make[2]: Leaving directory `/home/umaidzz/Documents/team-nust/team-nust-robocup-v2/build-V5/Release-Motion/build-remote/team-nust-robocup/CMakeFiles/CMakeTmp'
make[1]: *** [cmTC_ed7b6/fast] Error 2
make[1]: Leaving directory `/home/umaidzz/Documents/team-nust/team-nust-robocup-v2/build-V5/Release-Motion/build-remote/team-nust-robocup/CMakeFiles/CMakeTmp'


Determining if the include file mach/mach_time.h exists failed with the following output:
Change Dir: /home/umaidzz/Documents/team-nust/team-nust-robocup-v2/build-V5/Release-Motion/build-remote/team-nust-robocup/CMakeFiles/CMakeTmp

Run Build Command:"/usr/bin/make" "cmTC_3d1e2/fast"
make[1]: Entering directory `/home/umaidzz/Documents/team-nust/team-nust-robocup-v2/build-V5/Release-Motion/build-remote/team-nust-robocup/CMakeFiles/CMakeTmp'
/usr/bin/make -f CMakeFiles/cmTC_3d1e2.dir/build.make CMakeFiles/cmTC_3d1e2.dir/build
make[2]: Entering directory `/home/umaidzz/Documents/team-nust/team-nust-robocup-v2/build-V5/Release-Motion/build-remote/team-nust-robocup/CMakeFiles/CMakeTmp'
Building C object CMakeFiles/cmTC_3d1e2.dir/CheckIncludeFile.c.o
/usr/bin/cc    -fPIE   -o CMakeFiles/cmTC_3d1e2.dir/CheckIncludeFile.c.o   -c /home/umaidzz/Documents/team-nust/team-nust-robocup-v2/build-V5/Release-Motion/build-remote/team-nust-robocup/CMakeFiles/CMakeTmp/CheckIncludeFile.c
/home/umaidzz/Documents/team-nust/team-nust-robocup-v2/build-V5/Release-Motion/build-remote/team-nust-robocup/CMakeFiles/CMakeTmp/CheckIncludeFile.c:1:28: fatal error: mach/mach_time.h: No such file or directory
 #include <mach/mach_time.h>
                            ^
compilation terminated.
make[2]: *** [CMakeFiles/cmTC_3d1e2.dir/CheckIncludeFile.c.o] Error 1
make[2]: Leaving directory `/home/umaidzz/Documents/team-nust/team-nust-robocup-v2/build-V5/Release-Motion/build-remote/team-nust-robocup/CMakeFiles/CMakeTmp'
make[1]: *** [cmTC_3d1e2/fast] Error 2
make[1]: Leaving directory `/home/umaidzz/Documents/team-nust/team-nust-robocup-v2/build-V5/Release-Motion/build-remote/team-nust-robocup/CMakeFiles/CMakeTmp'


Determining if the include file uintptr.h exists failed with the following output:
Change Dir: /home/umaidzz/Documents/team-nust/team-nust-robocup-v2/build-V5/Release-Motion/build-remote/team-nust-robocup/CMakeFiles/CMakeTmp

Run Build Command:"/usr/bin/make" "cmTC_cf665/fast"
make[1]: Entering directory `/home/umaidzz/Documents/team-nust/team-nust-robocup-v2/build-V5/Release-Motion/build-remote/team-nust-robocup/CMakeFiles/CMakeTmp'
/usr/bin/make -f CMakeFiles/cmTC_cf665.dir/build.make CMakeFiles/cmTC_cf665.dir/build
make[2]: Entering directory `/home/umaidzz/Documents/team-nust/team-nust-robocup-v2/build-V5/Release-Motion/build-remote/team-nust-robocup/CMakeFiles/CMakeTmp'
Building C object CMakeFiles/cmTC_cf665.dir/CheckIncludeFile.c.o
/usr/bin/cc    -fPIE   -o CMakeFiles/cmTC_cf665.dir/CheckIncludeFile.c.o   -c /home/umaidzz/Documents/team-nust/team-nust-robocup-v2/build-V5/Release-Motion/build-remote/team-nust-robocup/CMakeFiles/CMakeTmp/CheckIncludeFile.c
/home/umaidzz/Documents/team-nust/team-nust-robocup-v2/build-V5/Release-Motion/build-remote/team-nust-robocup/CMakeFiles/CMakeTmp/CheckIncludeFile.c:1:21: fatal error: uintptr.h: No such file or directory
 #include <uintptr.h>
                     ^
compilation terminated.
make[2]: *** [CMakeFiles/cmTC_cf665.dir/CheckIncludeFile.c.o] Error 1
make[2]: Leaving directory `/home/umaidzz/Documents/team-nust/team-nust-robocup-v2/build-V5/Release-Motion/build-remote/team-nust-robocup/CMakeFiles/CMakeTmp'
make[1]: *** [cmTC_cf665/fast] Error 2
make[1]: Leaving directory `/home/umaidzz/Documents/team-nust/team-nust-robocup-v2/build-V5/Release-Motion/build-remote/team-nust-robocup/CMakeFiles/CMakeTmp'


Determining if the mach_absolute_time exist failed with the following output:
Change Dir: /home/umaidzz/Documents/team-nust/team-nust-robocup-v2/build-V5/Release-Motion/build-remote/team-nust-robocup/CMakeFiles/CMakeTmp

Run Build Command:"/usr/bin/make" "cmTC_bd222/fast"
make[1]: Entering directory `/home/umaidzz/Documents/team-nust/team-nust-robocup-v2/build-V5/Release-Motion/build-remote/team-nust-robocup/CMakeFiles/CMakeTmp'
/usr/bin/make -f CMakeFiles/cmTC_bd222.dir/build.make CMakeFiles/cmTC_bd222.dir/build
make[2]: Entering directory `/home/umaidzz/Documents/team-nust/team-nust-robocup-v2/build-V5/Release-Motion/build-remote/team-nust-robocup/CMakeFiles/CMakeTmp'
Building C object CMakeFiles/cmTC_bd222.dir/CheckSymbolExists.c.o
/usr/bin/cc    -fPIE   -o CMakeFiles/cmTC_bd222.dir/CheckSymbolExists.c.o   -c /home/umaidzz/Documents/team-nust/team-nust-robocup-v2/build-V5/Release-Motion/build-remote/team-nust-robocup/CMakeFiles/CMakeTmp/CheckSymbolExists.c
/home/umaidzz/Documents/team-nust/team-nust-robocup-v2/build-V5/Release-Motion/build-remote/team-nust-robocup/CMakeFiles/CMakeTmp/CheckSymbolExists.c:2:28: fatal error: mach/mach_time.h: No such file or directory
 #include <mach/mach_time.h>
                            ^
compilation terminated.
make[2]: *** [CMakeFiles/cmTC_bd222.dir/CheckSymbolExists.c.o] Error 1
make[2]: Leaving directory `/home/umaidzz/Documents/team-nust/team-nust-robocup-v2/build-V5/Release-Motion/build-remote/team-nust-robocup/CMakeFiles/CMakeTmp'
make[1]: *** [cmTC_bd222/fast] Error 2
make[1]: Leaving directory `/home/umaidzz/Documents/team-nust/team-nust-robocup-v2/build-V5/Release-Motion/build-remote/team-nust-robocup/CMakeFiles/CMakeTmp'

File /home/umaidzz/Documents/team-nust/team-nust-robocup-v2/build-V5/Release-Motion/build-remote/team-nust-robocup/CMakeFiles/CMakeTmp/CheckSymbolExists.c:
/* */
#include <mach/mach_time.h>

int main(int argc, char** argv)
{
  (void)argv;
#ifndef mach_absolute_time
  return ((int*)(&mach_absolute_time))[argc];
#else
  (void)argc;
  return 0;
#endif
}

Determining if the sysctl exist failed with the following output:
Change Dir: /home/umaidzz/Documents/team-nust/team-nust-robocup-v2/build-V5/Release-Motion/build-remote/team-nust-robocup/CMakeFiles/CMakeTmp

Run Build Command:"/usr/bin/make" "cmTC_42548/fast"
make[1]: Entering directory `/home/umaidzz/Documents/team-nust/team-nust-robocup-v2/build-V5/Release-Motion/build-remote/team-nust-robocup/CMakeFiles/CMakeTmp'
/usr/bin/make -f CMakeFiles/cmTC_42548.dir/build.make CMakeFiles/cmTC_42548.dir/build
make[2]: Entering directory `/home/umaidzz/Documents/team-nust/team-nust-robocup-v2/build-V5/Release-Motion/build-remote/team-nust-robocup/CMakeFiles/CMakeTmp'
Building C object CMakeFiles/cmTC_42548.dir/CheckSymbolExists.c.o
/usr/bin/cc    -fPIE   -o CMakeFiles/cmTC_42548.dir/CheckSymbolExists.c.o   -c /home/umaidzz/Documents/team-nust/team-nust-robocup-v2/build-V5/Release-Motion/build-remote/team-nust-robocup/CMakeFiles/CMakeTmp/CheckSymbolExists.c
/home/umaidzz/Documents/team-nust/team-nust-robocup-v2/build-V5/Release-Motion/build-remote/team-nust-robocup/CMakeFiles/CMakeTmp/CheckSymbolExists.c: In function ‘main’:
/home/umaidzz/Documents/team-nust/team-nust-robocup-v2/build-V5/Release-Motion/build-remote/team-nust-robocup/CMakeFiles/CMakeTmp/CheckSymbolExists.c:8:19: error: ‘sysctl’ undeclared (first use in this function)
   return ((int*)(&sysctl))[argc];
                   ^
/home/umaidzz/Documents/team-nust/team-nust-robocup-v2/build-V5/Release-Motion/build-remote/team-nust-robocup/CMakeFiles/CMakeTmp/CheckSymbolExists.c:8:19: note: each undeclared identifier is reported only once for each function it appears in
make[2]: *** [CMakeFiles/cmTC_42548.dir/CheckSymbolExists.c.o] Error 1
make[2]: Leaving directory `/home/umaidzz/Documents/team-nust/team-nust-robocup-v2/build-V5/Release-Motion/build-remote/team-nust-robocup/CMakeFiles/CMakeTmp'
make[1]: *** [cmTC_42548/fast] Error 2
make[1]: Leaving directory `/home/umaidzz/Documents/team-nust/team-nust-robocup-v2/build-V5/Release-Motion/build-remote/team-nust-robocup/CMakeFiles/CMakeTmp'

File /home/umaidzz/Documents/team-nust/team-nust-robocup-v2/build-V5/Release-Motion/build-remote/team-nust-robocup/CMakeFiles/CMakeTmp/CheckSymbolExists.c:
/* */
#include <unistd.h>

int main(int argc, char** argv)
{
  (void)argv;
#ifndef sysctl
  return ((int*)(&sysctl))[argc];
#else
  (void)argc;
  return 0;
#endif
}

Determining if the pthread_create exist failed with the following output:
Change Dir: /home/umaidzz/Documents/team-nust/team-nust-robocup-v2/build-V5/Release-Motion/build-remote/team-nust-robocup/CMakeFiles/CMakeTmp

Run Build Command:"/usr/bin/make" "cmTC_217c3/fast"
make[1]: Entering directory `/home/umaidzz/Documents/team-nust/team-nust-robocup-v2/build-V5/Release-Motion/build-remote/team-nust-robocup/CMakeFiles/CMakeTmp'
/usr/bin/make -f CMakeFiles/cmTC_217c3.dir/build.make CMakeFiles/cmTC_217c3.dir/build
make[2]: Entering directory `/home/umaidzz/Documents/team-nust/team-nust-robocup-v2/build-V5/Release-Motion/build-remote/team-nust-robocup/CMakeFiles/CMakeTmp'
Building C object CMakeFiles/cmTC_217c3.dir/CheckSymbolExists.c.o
/usr/bin/cc    -fPIE   -o CMakeFiles/cmTC_217c3.dir/CheckSymbolExists.c.o   -c /home/umaidzz/Documents/team-nust/team-nust-robocup-v2/build-V5/Release-Motion/build-remote/team-nust-robocup/CMakeFiles/CMakeTmp/CheckSymbolExists.c
Linking C executable cmTC_217c3
/usr/bin/cmake -E cmake_link_script CMakeFiles/cmTC_217c3.dir/link.txt --verbose=1
/usr/bin/cc       CMakeFiles/cmTC_217c3.dir/CheckSymbolExists.c.o  -o cmTC_217c3 -rdynamic -lm 
CMakeFiles/cmTC_217c3.dir/CheckSymbolExists.c.o: In function `main':
CheckSymbolExists.c:(.text+0x1b): undefined reference to `pthread_create'
collect2: error: ld returned 1 exit status
make[2]: *** [cmTC_217c3] Error 1
make[2]: Leaving directory `/home/umaidzz/Documents/team-nust/team-nust-robocup-v2/build-V5/Release-Motion/build-remote/team-nust-robocup/CMakeFiles/CMakeTmp'
make[1]: *** [cmTC_217c3/fast] Error 2
make[1]: Leaving directory `/home/umaidzz/Documents/team-nust/team-nust-robocup-v2/build-V5/Release-Motion/build-remote/team-nust-robocup/CMakeFiles/CMakeTmp'

File /home/umaidzz/Documents/team-nust/team-nust-robocup-v2/build-V5/Release-Motion/build-remote/team-nust-robocup/CMakeFiles/CMakeTmp/CheckSymbolExists.c:
/* */
#include <pthread.h>

int main(int argc, char** argv)
{
  (void)argv;
#ifndef pthread_create
  return ((int*)(&pthread_create))[argc];
#else
  (void)argc;
  return 0;
#endif
}

Determining if the function pthread_create exists in the pthreads failed with the following output:
Change Dir: /home/umaidzz/Documents/team-nust/team-nust-robocup-v2/build-V5/Release-Motion/build-remote/team-nust-robocup/CMakeFiles/CMakeTmp

Run Build Command:"/usr/bin/make" "cmTC_5b8a8/fast"
make[1]: Entering directory `/home/umaidzz/Documents/team-nust/team-nust-robocup-v2/build-V5/Release-Motion/build-remote/team-nust-robocup/CMakeFiles/CMakeTmp'
/usr/bin/make -f CMakeFiles/cmTC_5b8a8.dir/build.make CMakeFiles/cmTC_5b8a8.dir/build
make[2]: Entering directory `/home/umaidzz/Documents/team-nust/team-nust-robocup-v2/build-V5/Release-Motion/build-remote/team-nust-robocup/CMakeFiles/CMakeTmp'
Building C object CMakeFiles/cmTC_5b8a8.dir/CheckFunctionExists.c.o
/usr/bin/cc    -DCHECK_FUNCTION_EXISTS=pthread_create -fPIE   -o CMakeFiles/cmTC_5b8a8.dir/CheckFunctionExists.c.o   -c /usr/share/cmake-3.5/Modules/CheckFunctionExists.c
Linking C executable cmTC_5b8a8
/usr/bin/cmake -E cmake_link_script CMakeFiles/cmTC_5b8a8.dir/link.txt --verbose=1
/usr/bin/cc   -DCHECK_FUNCTION_EXISTS=pthread_create    CMakeFiles/cmTC_5b8a8.dir/CheckFunctionExists.c.o  -o cmTC_5b8a8 -rdynamic -lpthreads -lm 
/usr/bin/ld: cannot find -lpthreads
collect2: error: ld returned 1 exit status
make[2]: *** [cmTC_5b8a8] Error 1
make[2]: Leaving directory `/home/umaidzz/Documents/team-nust/team-nust-robocup-v2/build-V5/Release-Motion/build-remote/team-nust-robocup/CMakeFiles/CMakeTmp'
make[1]: *** [cmTC_5b8a8/fast] Error 2
make[1]: Leaving directory `/home/umaidzz/Documents/team-nust/team-nust-robocup-v2/build-V5/Release-Motion/build-remote/team-nust-robocup/CMakeFiles/CMakeTmp'


Performing C SOURCE FILE Test HAVE_THREAD_LOCAL_STORAGE failed with the following output:
Change Dir: /home/umaidzz/Documents/team-nust/team-nust-robocup-v2/build-V5/Release-Motion/build-remote/team-nust-robocup/CMakeFiles/CMakeTmp

Run Build Command:"/usr/bin/make" "cmTC_0edea/fast"
make[1]: Entering directory `/home/umaidzz/Documents/team-nust/team-nust-robocup-v2/build-V5/Release-Motion/build-remote/team-nust-robocup/CMakeFiles/CMakeTmp'
/usr/bin/make -f CMakeFiles/cmTC_0edea.dir/build.make CMakeFiles/cmTC_0edea.dir/build
make[2]: Entering directory `/home/umaidzz/Documents/team-nust/team-nust-robocup-v2/build-V5/Release-Motion/build-remote/team-nust-robocup/CMakeFiles/CMakeTmp'
Building C object CMakeFiles/cmTC_0edea.dir/src.c.o
/usr/bin/cc    -DHAVE_THREAD_LOCAL_STORAGE -fPIE   -o CMakeFiles/cmTC_0edea.dir/src.c.o   -c /home/umaidzz/Documents/team-nust/team-nust-robocup-v2/build-V5/Release-Motion/build-remote/team-nust-robocup/CMakeFiles/CMakeTmp/src.c
/home/umaidzz/Documents/team-nust/team-nust-robocup-v2/build-V5/Release-Motion/build-remote/team-nust-robocup/CMakeFiles/CMakeTmp/src.c: In function ‘__declspec’:
/home/umaidzz/Documents/team-nust/team-nust-robocup-v2/build-V5/Release-Motion/build-remote/team-nust-robocup/CMakeFiles/CMakeTmp/src.c:3:20: error: expected ‘=’, ‘,’, ‘;’, ‘asm’ or ‘__attribute__’ before ‘{’ token
     int main(void) {
                    ^
/home/umaidzz/Documents/team-nust/team-nust-robocup-v2/build-V5/Release-Motion/build-remote/team-nust-robocup/CMakeFiles/CMakeTmp/src.c:2:28: error: declaration for parameter ‘tls’ but no such parameter
     __declspec(thread) int tls;
                            ^
/home/umaidzz/Documents/team-nust/team-nust-robocup-v2/build-V5/Release-Motion/build-remote/team-nust-robocup/CMakeFiles/CMakeTmp/src.c:5:5: error: expected ‘{’ at end of input
     }
     ^
make[2]: *** [CMakeFiles/cmTC_0edea.dir/src.c.o] Error 1
make[2]: Leaving directory `/home/umaidzz/Documents/team-nust/team-nust-robocup-v2/build-V5/Release-Motion/build-remote/team-nust-robocup/CMakeFiles/CMakeTmp'
make[1]: *** [cmTC_0edea/fast] Error 2
make[1]: Leaving directory `/home/umaidzz/Documents/team-nust/team-nust-robocup-v2/build-V5/Release-Motion/build-remote/team-nust-robocup/CMakeFiles/CMakeTmp'

Source file was:

    __declspec(thread) int tls;
    int main(void) {
        return 0;
    }
Determining if the include file altivec.h exists failed with the following output:
Change Dir: /home/umaidzz/Documents/team-nust/team-nust-robocup-v2/build-V5/Release-Motion/build-remote/team-nust-robocup/CMakeFiles/CMakeTmp

Run Build Command:"/usr/bin/make" "cmTC_17e13/fast"
make[1]: Entering directory `/home/umaidzz/Documents/team-nust/team-nust-robocup-v2/build-V5/Release-Motion/build-remote/team-nust-robocup/CMakeFiles/CMakeTmp'
/usr/bin/make -f CMakeFiles/cmTC_17e13.dir/build.make CMakeFiles/cmTC_17e13.dir/build
make[2]: Entering directory `/home/umaidzz/Documents/team-nust/team-nust-robocup-v2/build-V5/Release-Motion/build-remote/team-nust-robocup/CMakeFiles/CMakeTmp'
Building C object CMakeFiles/cmTC_17e13.dir/CheckIncludeFile.c.o
/usr/bin/cc    -fPIE   -o CMakeFiles/cmTC_17e13.dir/CheckIncludeFile.c.o   -c /home/umaidzz/Documents/team-nust/team-nust-robocup-v2/build-V5/Release-Motion/build-remote/team-nust-robocup/CMakeFiles/CMakeTmp/CheckIncludeFile.c
/home/umaidzz/Documents/team-nust/team-nust-robocup-v2/build-V5/Release-Motion/build-remote/team-nust-robocup/CMakeFiles/CMakeTmp/CheckIncludeFile.c:1:21: fatal error: altivec.h: No such file or directory
 #include <altivec.h>
                     ^
compilation terminated.
make[2]: *** [CMakeFiles/cmTC_17e13.dir/CheckIncludeFile.c.o] Error 1
make[2]: Leaving directory `/home/umaidzz/Documents/team-nust/team-nust-robocup-v2/build-V5/Release-Motion/build-remote/team-nust-robocup/CMakeFiles/CMakeTmp'
make[1]: *** [cmTC_17e13/fast] Error 2
make[1]: Leaving directory `/home/umaidzz/Documents/team-nust/team-nust-robocup-v2/build-V5/Release-Motion/build-remote/team-nust-robocup/CMakeFiles/CMakeTmp'


Determining if the include file c_asm.h exists failed with the following output:
Change Dir: /home/umaidzz/Documents/team-nust/team-nust-robocup-v2/build-V5/Release-Motion/build-remote/team-nust-robocup/CMakeFiles/CMakeTmp

Run Build Command:"/usr/bin/make" "cmTC_68b5d/fast"
make[1]: Entering directory `/home/umaidzz/Documents/team-nust/team-nust-robocup-v2/build-V5/Release-Motion/build-remote/team-nust-robocup/CMakeFiles/CMakeTmp'
/usr/bin/make -f CMakeFiles/cmTC_68b5d.dir/build.make CMakeFiles/cmTC_68b5d.dir/build
make[2]: Entering directory `/home/umaidzz/Documents/team-nust/team-nust-robocup-v2/build-V5/Release-Motion/build-remote/team-nust-robocup/CMakeFiles/CMakeTmp'
Building C object CMakeFiles/cmTC_68b5d.dir/CheckIncludeFile.c.o
/usr/bin/cc    -fPIE   -o CMakeFiles/cmTC_68b5d.dir/CheckIncludeFile.c.o   -c /home/umaidzz/Documents/team-nust/team-nust-robocup-v2/build-V5/Release-Motion/build-remote/team-nust-robocup/CMakeFiles/CMakeTmp/CheckIncludeFile.c
/home/umaidzz/Documents/team-nust/team-nust-robocup-v2/build-V5/Release-Motion/build-remote/team-nust-robocup/CMakeFiles/CMakeTmp/CheckIncludeFile.c:1:19: fatal error: c_asm.h: No such file or directory
 #include <c_asm.h>
                   ^
compilation terminated.
make[2]: *** [CMakeFiles/cmTC_68b5d.dir/CheckIncludeFile.c.o] Error 1
make[2]: Leaving directory `/home/umaidzz/Documents/team-nust/team-nust-robocup-v2/build-V5/Release-Motion/build-remote/team-nust-robocup/CMakeFiles/CMakeTmp'
make[1]: *** [cmTC_68b5d/fast] Error 2
make[1]: Leaving directory `/home/umaidzz/Documents/team-nust/team-nust-robocup-v2/build-V5/Release-Motion/build-remote/team-nust-robocup/CMakeFiles/CMakeTmp'


Determining if the include file intrinsics.h exists failed with the following output:
Change Dir: /home/umaidzz/Documents/team-nust/team-nust-robocup-v2/build-V5/Release-Motion/build-remote/team-nust-robocup/CMakeFiles/CMakeTmp

Run Build Command:"/usr/bin/make" "cmTC_9065f/fast"
make[1]: Entering directory `/home/umaidzz/Documents/team-nust/team-nust-robocup-v2/build-V5/Release-Motion/build-remote/team-nust-robocup/CMakeFiles/CMakeTmp'
/usr/bin/make -f CMakeFiles/cmTC_9065f.dir/build.make CMakeFiles/cmTC_9065f.dir/build
make[2]: Entering directory `/home/umaidzz/Documents/team-nust/team-nust-robocup-v2/build-V5/Release-Motion/build-remote/team-nust-robocup/CMakeFiles/CMakeTmp'
Building C object CMakeFiles/cmTC_9065f.dir/CheckIncludeFile.c.o
/usr/bin/cc    -fPIE   -o CMakeFiles/cmTC_9065f.dir/CheckIncludeFile.c.o   -c /home/umaidzz/Documents/team-nust/team-nust-robocup-v2/build-V5/Release-Motion/build-remote/team-nust-robocup/CMakeFiles/CMakeTmp/CheckIncludeFile.c
/home/umaidzz/Documents/team-nust/team-nust-robocup-v2/build-V5/Release-Motion/build-remote/team-nust-robocup/CMakeFiles/CMakeTmp/CheckIncludeFile.c:1:24: fatal error: intrinsics.h: No such file or directory
 #include <intrinsics.h>
                        ^
compilation terminated.
make[2]: *** [CMakeFiles/cmTC_9065f.dir/CheckIncludeFile.c.o] Error 1
make[2]: Leaving directory `/home/umaidzz/Documents/team-nust/team-nust-robocup-v2/build-V5/Release-Motion/build-remote/team-nust-robocup/CMakeFiles/CMakeTmp'
make[1]: *** [cmTC_9065f/fast] Error 2
make[1]: Leaving directory `/home/umaidzz/Documents/team-nust/team-nust-robocup-v2/build-V5/Release-Motion/build-remote/team-nust-robocup/CMakeFiles/CMakeTmp'


Determining if the include file mach/mach_time.h exists failed with the following output:
Change Dir: /home/umaidzz/Documents/team-nust/team-nust-robocup-v2/build-V5/Release-Motion/build-remote/team-nust-robocup/CMakeFiles/CMakeTmp

Run Build Command:"/usr/bin/make" "cmTC_505d0/fast"
make[1]: Entering directory `/home/umaidzz/Documents/team-nust/team-nust-robocup-v2/build-V5/Release-Motion/build-remote/team-nust-robocup/CMakeFiles/CMakeTmp'
/usr/bin/make -f CMakeFiles/cmTC_505d0.dir/build.make CMakeFiles/cmTC_505d0.dir/build
make[2]: Entering directory `/home/umaidzz/Documents/team-nust/team-nust-robocup-v2/build-V5/Release-Motion/build-remote/team-nust-robocup/CMakeFiles/CMakeTmp'
Building C object CMakeFiles/cmTC_505d0.dir/CheckIncludeFile.c.o
/usr/bin/cc    -fPIE   -o CMakeFiles/cmTC_505d0.dir/CheckIncludeFile.c.o   -c /home/umaidzz/Documents/team-nust/team-nust-robocup-v2/build-V5/Release-Motion/build-remote/team-nust-robocup/CMakeFiles/CMakeTmp/CheckIncludeFile.c
/home/umaidzz/Documents/team-nust/team-nust-robocup-v2/build-V5/Release-Motion/build-remote/team-nust-robocup/CMakeFiles/CMakeTmp/CheckIncludeFile.c:1:28: fatal error: mach/mach_time.h: No such file or directory
 #include <mach/mach_time.h>
                            ^
compilation terminated.
make[2]: *** [CMakeFiles/cmTC_505d0.dir/CheckIncludeFile.c.o] Error 1
make[2]: Leaving directory `/home/umaidzz/Documents/team-nust/team-nust-robocup-v2/build-V5/Release-Motion/build-remote/team-nust-robocup/CMakeFiles/CMakeTmp'
make[1]: *** [cmTC_505d0/fast] Error 2
make[1]: Leaving directory `/home/umaidzz/Documents/team-nust/team-nust-robocup-v2/build-V5/Release-Motion/build-remote/team-nust-robocup/CMakeFiles/CMakeTmp'


Determining if the include file uintptr.h exists failed with the following output:
Change Dir: /home/umaidzz/Documents/team-nust/team-nust-robocup-v2/build-V5/Release-Motion/build-remote/team-nust-robocup/CMakeFiles/CMakeTmp

Run Build Command:"/usr/bin/make" "cmTC_71e08/fast"
make[1]: Entering directory `/home/umaidzz/Documents/team-nust/team-nust-robocup-v2/build-V5/Release-Motion/build-remote/team-nust-robocup/CMakeFiles/CMakeTmp'
/usr/bin/make -f CMakeFiles/cmTC_71e08.dir/build.make CMakeFiles/cmTC_71e08.dir/build
make[2]: Entering directory `/home/umaidzz/Documents/team-nust/team-nust-robocup-v2/build-V5/Release-Motion/build-remote/team-nust-robocup/CMakeFiles/CMakeTmp'
Building C object CMakeFiles/cmTC_71e08.dir/CheckIncludeFile.c.o
/usr/bin/cc    -fPIE   -o CMakeFiles/cmTC_71e08.dir/CheckIncludeFile.c.o   -c /home/umaidzz/Documents/team-nust/team-nust-robocup-v2/build-V5/Release-Motion/build-remote/team-nust-robocup/CMakeFiles/CMakeTmp/CheckIncludeFile.c
/home/umaidzz/Documents/team-nust/team-nust-robocup-v2/build-V5/Release-Motion/build-remote/team-nust-robocup/CMakeFiles/CMakeTmp/CheckIncludeFile.c:1:21: fatal error: uintptr.h: No such file or directory
 #include <uintptr.h>
                     ^
compilation terminated.
make[2]: *** [CMakeFiles/cmTC_71e08.dir/CheckIncludeFile.c.o] Error 1
make[2]: Leaving directory `/home/umaidzz/Documents/team-nust/team-nust-robocup-v2/build-V5/Release-Motion/build-remote/team-nust-robocup/CMakeFiles/CMakeTmp'
make[1]: *** [cmTC_71e08/fast] Error 2
make[1]: Leaving directory `/home/umaidzz/Documents/team-nust/team-nust-robocup-v2/build-V5/Release-Motion/build-remote/team-nust-robocup/CMakeFiles/CMakeTmp'


Determining if the mach_absolute_time exist failed with the following output:
Change Dir: /home/umaidzz/Documents/team-nust/team-nust-robocup-v2/build-V5/Release-Motion/build-remote/team-nust-robocup/CMakeFiles/CMakeTmp

Run Build Command:"/usr/bin/make" "cmTC_02796/fast"
make[1]: Entering directory `/home/umaidzz/Documents/team-nust/team-nust-robocup-v2/build-V5/Release-Motion/build-remote/team-nust-robocup/CMakeFiles/CMakeTmp'
/usr/bin/make -f CMakeFiles/cmTC_02796.dir/build.make CMakeFiles/cmTC_02796.dir/build
make[2]: Entering directory `/home/umaidzz/Documents/team-nust/team-nust-robocup-v2/build-V5/Release-Motion/build-remote/team-nust-robocup/CMakeFiles/CMakeTmp'
Building C object CMakeFiles/cmTC_02796.dir/CheckSymbolExists.c.o
/usr/bin/cc    -fPIE   -o CMakeFiles/cmTC_02796.dir/CheckSymbolExists.c.o   -c /home/umaidzz/Documents/team-nust/team-nust-robocup-v2/build-V5/Release-Motion/build-remote/team-nust-robocup/CMakeFiles/CMakeTmp/CheckSymbolExists.c
/home/umaidzz/Documents/team-nust/team-nust-robocup-v2/build-V5/Release-Motion/build-remote/team-nust-robocup/CMakeFiles/CMakeTmp/CheckSymbolExists.c:2:28: fatal error: mach/mach_time.h: No such file or directory
 #include <mach/mach_time.h>
                            ^
compilation terminated.
make[2]: *** [CMakeFiles/cmTC_02796.dir/CheckSymbolExists.c.o] Error 1
make[2]: Leaving directory `/home/umaidzz/Documents/team-nust/team-nust-robocup-v2/build-V5/Release-Motion/build-remote/team-nust-robocup/CMakeFiles/CMakeTmp'
make[1]: *** [cmTC_02796/fast] Error 2
make[1]: Leaving directory `/home/umaidzz/Documents/team-nust/team-nust-robocup-v2/build-V5/Release-Motion/build-remote/team-nust-robocup/CMakeFiles/CMakeTmp'

File /home/umaidzz/Documents/team-nust/team-nust-robocup-v2/build-V5/Release-Motion/build-remote/team-nust-robocup/CMakeFiles/CMakeTmp/CheckSymbolExists.c:
/* */
#include <mach/mach_time.h>

int main(int argc, char** argv)
{
  (void)argv;
#ifndef mach_absolute_time
  return ((int*)(&mach_absolute_time))[argc];
#else
  (void)argc;
  return 0;
#endif
}

Determining if the sysctl exist failed with the following output:
Change Dir: /home/umaidzz/Documents/team-nust/team-nust-robocup-v2/build-V5/Release-Motion/build-remote/team-nust-robocup/CMakeFiles/CMakeTmp

Run Build Command:"/usr/bin/make" "cmTC_2d956/fast"
make[1]: Entering directory `/home/umaidzz/Documents/team-nust/team-nust-robocup-v2/build-V5/Release-Motion/build-remote/team-nust-robocup/CMakeFiles/CMakeTmp'
/usr/bin/make -f CMakeFiles/cmTC_2d956.dir/build.make CMakeFiles/cmTC_2d956.dir/build
make[2]: Entering directory `/home/umaidzz/Documents/team-nust/team-nust-robocup-v2/build-V5/Release-Motion/build-remote/team-nust-robocup/CMakeFiles/CMakeTmp'
Building C object CMakeFiles/cmTC_2d956.dir/CheckSymbolExists.c.o
/usr/bin/cc    -fPIE   -o CMakeFiles/cmTC_2d956.dir/CheckSymbolExists.c.o   -c /home/umaidzz/Documents/team-nust/team-nust-robocup-v2/build-V5/Release-Motion/build-remote/team-nust-robocup/CMakeFiles/CMakeTmp/CheckSymbolExists.c
/home/umaidzz/Documents/team-nust/team-nust-robocup-v2/build-V5/Release-Motion/build-remote/team-nust-robocup/CMakeFiles/CMakeTmp/CheckSymbolExists.c: In function ‘main’:
/home/umaidzz/Documents/team-nust/team-nust-robocup-v2/build-V5/Release-Motion/build-remote/team-nust-robocup/CMakeFiles/CMakeTmp/CheckSymbolExists.c:8:19: error: ‘sysctl’ undeclared (first use in this function)
   return ((int*)(&sysctl))[argc];
                   ^
/home/umaidzz/Documents/team-nust/team-nust-robocup-v2/build-V5/Release-Motion/build-remote/team-nust-robocup/CMakeFiles/CMakeTmp/CheckSymbolExists.c:8:19: note: each undeclared identifier is reported only once for each function it appears in
make[2]: *** [CMakeFiles/cmTC_2d956.dir/CheckSymbolExists.c.o] Error 1
make[2]: Leaving directory `/home/umaidzz/Documents/team-nust/team-nust-robocup-v2/build-V5/Release-Motion/build-remote/team-nust-robocup/CMakeFiles/CMakeTmp'
make[1]: *** [cmTC_2d956/fast] Error 2
make[1]: Leaving directory `/home/umaidzz/Documents/team-nust/team-nust-robocup-v2/build-V5/Release-Motion/build-remote/team-nust-robocup/CMakeFiles/CMakeTmp'

File /home/umaidzz/Documents/team-nust/team-nust-robocup-v2/build-V5/Release-Motion/build-remote/team-nust-robocup/CMakeFiles/CMakeTmp/CheckSymbolExists.c:
/* */
#include <unistd.h>

int main(int argc, char** argv)
{
  (void)argv;
#ifndef sysctl
  return ((int*)(&sysctl))[argc];
#else
  (void)argc;
  return 0;
#endif
}

Determining if the pthread_create exist failed with the following output:
Change Dir: /home/umaidzz/Documents/team-nust/team-nust-robocup-v2/build-V5/Release-Motion/build-remote/team-nust-robocup/CMakeFiles/CMakeTmp

Run Build Command:"/usr/bin/make" "cmTC_78aa0/fast"
make[1]: Entering directory `/home/umaidzz/Documents/team-nust/team-nust-robocup-v2/build-V5/Release-Motion/build-remote/team-nust-robocup/CMakeFiles/CMakeTmp'
/usr/bin/make -f CMakeFiles/cmTC_78aa0.dir/build.make CMakeFiles/cmTC_78aa0.dir/build
make[2]: Entering directory `/home/umaidzz/Documents/team-nust/team-nust-robocup-v2/build-V5/Release-Motion/build-remote/team-nust-robocup/CMakeFiles/CMakeTmp'
Building C object CMakeFiles/cmTC_78aa0.dir/CheckSymbolExists.c.o
/usr/bin/cc    -fPIE   -o CMakeFiles/cmTC_78aa0.dir/CheckSymbolExists.c.o   -c /home/umaidzz/Documents/team-nust/team-nust-robocup-v2/build-V5/Release-Motion/build-remote/team-nust-robocup/CMakeFiles/CMakeTmp/CheckSymbolExists.c
Linking C executable cmTC_78aa0
/usr/bin/cmake -E cmake_link_script CMakeFiles/cmTC_78aa0.dir/link.txt --verbose=1
/usr/bin/cc       CMakeFiles/cmTC_78aa0.dir/CheckSymbolExists.c.o  -o cmTC_78aa0 -rdynamic -lm 
CMakeFiles/cmTC_78aa0.dir/CheckSymbolExists.c.o: In function `main':
CheckSymbolExists.c:(.text+0x1b): undefined reference to `pthread_create'
collect2: error: ld returned 1 exit status
make[2]: *** [cmTC_78aa0] Error 1
make[2]: Leaving directory `/home/umaidzz/Documents/team-nust/team-nust-robocup-v2/build-V5/Release-Motion/build-remote/team-nust-robocup/CMakeFiles/CMakeTmp'
make[1]: *** [cmTC_78aa0/fast] Error 2
make[1]: Leaving directory `/home/umaidzz/Documents/team-nust/team-nust-robocup-v2/build-V5/Release-Motion/build-remote/team-nust-robocup/CMakeFiles/CMakeTmp'

File /home/umaidzz/Documents/team-nust/team-nust-robocup-v2/build-V5/Release-Motion/build-remote/team-nust-robocup/CMakeFiles/CMakeTmp/CheckSymbolExists.c:
/* */
#include <pthread.h>

int main(int argc, char** argv)
{
  (void)argv;
#ifndef pthread_create
  return ((int*)(&pthread_create))[argc];
#else
  (void)argc;
  return 0;
#endif
}

Determining if the function pthread_create exists in the pthreads failed with the following output:
Change Dir: /home/umaidzz/Documents/team-nust/team-nust-robocup-v2/build-V5/Release-Motion/build-remote/team-nust-robocup/CMakeFiles/CMakeTmp

Run Build Command:"/usr/bin/make" "cmTC_52e58/fast"
make[1]: Entering directory `/home/umaidzz/Documents/team-nust/team-nust-robocup-v2/build-V5/Release-Motion/build-remote/team-nust-robocup/CMakeFiles/CMakeTmp'
/usr/bin/make -f CMakeFiles/cmTC_52e58.dir/build.make CMakeFiles/cmTC_52e58.dir/build
make[2]: Entering directory `/home/umaidzz/Documents/team-nust/team-nust-robocup-v2/build-V5/Release-Motion/build-remote/team-nust-robocup/CMakeFiles/CMakeTmp'
Building C object CMakeFiles/cmTC_52e58.dir/CheckFunctionExists.c.o
/usr/bin/cc    -DCHECK_FUNCTION_EXISTS=pthread_create -fPIE   -o CMakeFiles/cmTC_52e58.dir/CheckFunctionExists.c.o   -c /usr/share/cmake-3.5/Modules/CheckFunctionExists.c
Linking C executable cmTC_52e58
/usr/bin/cmake -E cmake_link_script CMakeFiles/cmTC_52e58.dir/link.txt --verbose=1
/usr/bin/cc   -DCHECK_FUNCTION_EXISTS=pthread_create    CMakeFiles/cmTC_52e58.dir/CheckFunctionExists.c.o  -o cmTC_52e58 -rdynamic -lpthreads -lm 
/usr/bin/ld: cannot find -lpthreads
collect2: error: ld returned 1 exit status
make[2]: *** [cmTC_52e58] Error 1
make[2]: Leaving directory `/home/umaidzz/Documents/team-nust/team-nust-robocup-v2/build-V5/Release-Motion/build-remote/team-nust-robocup/CMakeFiles/CMakeTmp'
make[1]: *** [cmTC_52e58/fast] Error 2
make[1]: Leaving directory `/home/umaidzz/Documents/team-nust/team-nust-robocup-v2/build-V5/Release-Motion/build-remote/team-nust-robocup/CMakeFiles/CMakeTmp'


Performing C SOURCE FILE Test HAVE_THREAD_LOCAL_STORAGE failed with the following output:
Change Dir: /home/umaidzz/Documents/team-nust/team-nust-robocup-v2/build-V5/Release-Motion/build-remote/team-nust-robocup/CMakeFiles/CMakeTmp

Run Build Command:"/usr/bin/make" "cmTC_385cf/fast"
make[1]: Entering directory `/home/umaidzz/Documents/team-nust/team-nust-robocup-v2/build-V5/Release-Motion/build-remote/team-nust-robocup/CMakeFiles/CMakeTmp'
/usr/bin/make -f CMakeFiles/cmTC_385cf.dir/build.make CMakeFiles/cmTC_385cf.dir/build
make[2]: Entering directory `/home/umaidzz/Documents/team-nust/team-nust-robocup-v2/build-V5/Release-Motion/build-remote/team-nust-robocup/CMakeFiles/CMakeTmp'
Building C object CMakeFiles/cmTC_385cf.dir/src.c.o
/usr/bin/cc    -DHAVE_THREAD_LOCAL_STORAGE -fPIE   -o CMakeFiles/cmTC_385cf.dir/src.c.o   -c /home/umaidzz/Documents/team-nust/team-nust-robocup-v2/build-V5/Release-Motion/build-remote/team-nust-robocup/CMakeFiles/CMakeTmp/src.c
/home/umaidzz/Documents/team-nust/team-nust-robocup-v2/build-V5/Release-Motion/build-remote/team-nust-robocup/CMakeFiles/CMakeTmp/src.c: In function ‘__declspec’:
/home/umaidzz/Documents/team-nust/team-nust-robocup-v2/build-V5/Release-Motion/build-remote/team-nust-robocup/CMakeFiles/CMakeTmp/src.c:3:20: error: expected ‘=’, ‘,’, ‘;’, ‘asm’ or ‘__attribute__’ before ‘{’ token
     int main(void) {
                    ^
/home/umaidzz/Documents/team-nust/team-nust-robocup-v2/build-V5/Release-Motion/build-remote/team-nust-robocup/CMakeFiles/CMakeTmp/src.c:2:28: error: declaration for parameter ‘tls’ but no such parameter
     __declspec(thread) int tls;
                            ^
/home/umaidzz/Documents/team-nust/team-nust-robocup-v2/build-V5/Release-Motion/build-remote/team-nust-robocup/CMakeFiles/CMakeTmp/src.c:5:5: error: expected ‘{’ at end of input
     }
     ^
make[2]: *** [CMakeFiles/cmTC_385cf.dir/src.c.o] Error 1
make[2]: Leaving directory `/home/umaidzz/Documents/team-nust/team-nust-robocup-v2/build-V5/Release-Motion/build-remote/team-nust-robocup/CMakeFiles/CMakeTmp'
make[1]: *** [cmTC_385cf/fast] Error 2
make[1]: Leaving directory `/home/umaidzz/Documents/team-nust/team-nust-robocup-v2/build-V5/Release-Motion/build-remote/team-nust-robocup/CMakeFiles/CMakeTmp'

Source file was:

    __declspec(thread) int tls;
    int main(void) {
        return 0;
    }
Determining if the include file altivec.h exists failed with the following output:
Change Dir: /home/umaidzz/Documents/team-nust/team-nust-robocup-v2/build-V5/Release-Motion/build-remote/team-nust-robocup/CMakeFiles/CMakeTmp

Run Build Command:"/usr/bin/make" "cmTC_b5238/fast"
make[1]: Entering directory `/home/umaidzz/Documents/team-nust/team-nust-robocup-v2/build-V5/Release-Motion/build-remote/team-nust-robocup/CMakeFiles/CMakeTmp'
/usr/bin/make -f CMakeFiles/cmTC_b5238.dir/build.make CMakeFiles/cmTC_b5238.dir/build
make[2]: Entering directory `/home/umaidzz/Documents/team-nust/team-nust-robocup-v2/build-V5/Release-Motion/build-remote/team-nust-robocup/CMakeFiles/CMakeTmp'
Building C object CMakeFiles/cmTC_b5238.dir/CheckIncludeFile.c.o
/usr/bin/cc    -fPIE   -o CMakeFiles/cmTC_b5238.dir/CheckIncludeFile.c.o   -c /home/umaidzz/Documents/team-nust/team-nust-robocup-v2/build-V5/Release-Motion/build-remote/team-nust-robocup/CMakeFiles/CMakeTmp/CheckIncludeFile.c
/home/umaidzz/Documents/team-nust/team-nust-robocup-v2/build-V5/Release-Motion/build-remote/team-nust-robocup/CMakeFiles/CMakeTmp/CheckIncludeFile.c:1:21: fatal error: altivec.h: No such file or directory
 #include <altivec.h>
                     ^
compilation terminated.
make[2]: *** [CMakeFiles/cmTC_b5238.dir/CheckIncludeFile.c.o] Error 1
make[2]: Leaving directory `/home/umaidzz/Documents/team-nust/team-nust-robocup-v2/build-V5/Release-Motion/build-remote/team-nust-robocup/CMakeFiles/CMakeTmp'
make[1]: *** [cmTC_b5238/fast] Error 2
make[1]: Leaving directory `/home/umaidzz/Documents/team-nust/team-nust-robocup-v2/build-V5/Release-Motion/build-remote/team-nust-robocup/CMakeFiles/CMakeTmp'


Determining if the include file c_asm.h exists failed with the following output:
Change Dir: /home/umaidzz/Documents/team-nust/team-nust-robocup-v2/build-V5/Release-Motion/build-remote/team-nust-robocup/CMakeFiles/CMakeTmp

Run Build Command:"/usr/bin/make" "cmTC_32114/fast"
make[1]: Entering directory `/home/umaidzz/Documents/team-nust/team-nust-robocup-v2/build-V5/Release-Motion/build-remote/team-nust-robocup/CMakeFiles/CMakeTmp'
/usr/bin/make -f CMakeFiles/cmTC_32114.dir/build.make CMakeFiles/cmTC_32114.dir/build
make[2]: Entering directory `/home/umaidzz/Documents/team-nust/team-nust-robocup-v2/build-V5/Release-Motion/build-remote/team-nust-robocup/CMakeFiles/CMakeTmp'
Building C object CMakeFiles/cmTC_32114.dir/CheckIncludeFile.c.o
/usr/bin/cc    -fPIE   -o CMakeFiles/cmTC_32114.dir/CheckIncludeFile.c.o   -c /home/umaidzz/Documents/team-nust/team-nust-robocup-v2/build-V5/Release-Motion/build-remote/team-nust-robocup/CMakeFiles/CMakeTmp/CheckIncludeFile.c
/home/umaidzz/Documents/team-nust/team-nust-robocup-v2/build-V5/Release-Motion/build-remote/team-nust-robocup/CMakeFiles/CMakeTmp/CheckIncludeFile.c:1:19: fatal error: c_asm.h: No such file or directory
 #include <c_asm.h>
                   ^
compilation terminated.
make[2]: *** [CMakeFiles/cmTC_32114.dir/CheckIncludeFile.c.o] Error 1
make[2]: Leaving directory `/home/umaidzz/Documents/team-nust/team-nust-robocup-v2/build-V5/Release-Motion/build-remote/team-nust-robocup/CMakeFiles/CMakeTmp'
make[1]: *** [cmTC_32114/fast] Error 2
make[1]: Leaving directory `/home/umaidzz/Documents/team-nust/team-nust-robocup-v2/build-V5/Release-Motion/build-remote/team-nust-robocup/CMakeFiles/CMakeTmp'


Determining if the include file intrinsics.h exists failed with the following output:
Change Dir: /home/umaidzz/Documents/team-nust/team-nust-robocup-v2/build-V5/Release-Motion/build-remote/team-nust-robocup/CMakeFiles/CMakeTmp

Run Build Command:"/usr/bin/make" "cmTC_25c83/fast"
make[1]: Entering directory `/home/umaidzz/Documents/team-nust/team-nust-robocup-v2/build-V5/Release-Motion/build-remote/team-nust-robocup/CMakeFiles/CMakeTmp'
/usr/bin/make -f CMakeFiles/cmTC_25c83.dir/build.make CMakeFiles/cmTC_25c83.dir/build
make[2]: Entering directory `/home/umaidzz/Documents/team-nust/team-nust-robocup-v2/build-V5/Release-Motion/build-remote/team-nust-robocup/CMakeFiles/CMakeTmp'
Building C object CMakeFiles/cmTC_25c83.dir/CheckIncludeFile.c.o
/usr/bin/cc    -fPIE   -o CMakeFiles/cmTC_25c83.dir/CheckIncludeFile.c.o   -c /home/umaidzz/Documents/team-nust/team-nust-robocup-v2/build-V5/Release-Motion/build-remote/team-nust-robocup/CMakeFiles/CMakeTmp/CheckIncludeFile.c
/home/umaidzz/Documents/team-nust/team-nust-robocup-v2/build-V5/Release-Motion/build-remote/team-nust-robocup/CMakeFiles/CMakeTmp/CheckIncludeFile.c:1:24: fatal error: intrinsics.h: No such file or directory
 #include <intrinsics.h>
                        ^
compilation terminated.
make[2]: *** [CMakeFiles/cmTC_25c83.dir/CheckIncludeFile.c.o] Error 1
make[2]: Leaving directory `/home/umaidzz/Documents/team-nust/team-nust-robocup-v2/build-V5/Release-Motion/build-remote/team-nust-robocup/CMakeFiles/CMakeTmp'
make[1]: *** [cmTC_25c83/fast] Error 2
make[1]: Leaving directory `/home/umaidzz/Documents/team-nust/team-nust-robocup-v2/build-V5/Release-Motion/build-remote/team-nust-robocup/CMakeFiles/CMakeTmp'


Determining if the include file mach/mach_time.h exists failed with the following output:
Change Dir: /home/umaidzz/Documents/team-nust/team-nust-robocup-v2/build-V5/Release-Motion/build-remote/team-nust-robocup/CMakeFiles/CMakeTmp

Run Build Command:"/usr/bin/make" "cmTC_b5661/fast"
make[1]: Entering directory `/home/umaidzz/Documents/team-nust/team-nust-robocup-v2/build-V5/Release-Motion/build-remote/team-nust-robocup/CMakeFiles/CMakeTmp'
/usr/bin/make -f CMakeFiles/cmTC_b5661.dir/build.make CMakeFiles/cmTC_b5661.dir/build
make[2]: Entering directory `/home/umaidzz/Documents/team-nust/team-nust-robocup-v2/build-V5/Release-Motion/build-remote/team-nust-robocup/CMakeFiles/CMakeTmp'
Building C object CMakeFiles/cmTC_b5661.dir/CheckIncludeFile.c.o
/usr/bin/cc    -fPIE   -o CMakeFiles/cmTC_b5661.dir/CheckIncludeFile.c.o   -c /home/umaidzz/Documents/team-nust/team-nust-robocup-v2/build-V5/Release-Motion/build-remote/team-nust-robocup/CMakeFiles/CMakeTmp/CheckIncludeFile.c
/home/umaidzz/Documents/team-nust/team-nust-robocup-v2/build-V5/Release-Motion/build-remote/team-nust-robocup/CMakeFiles/CMakeTmp/CheckIncludeFile.c:1:28: fatal error: mach/mach_time.h: No such file or directory
 #include <mach/mach_time.h>
                            ^
compilation terminated.
make[2]: *** [CMakeFiles/cmTC_b5661.dir/CheckIncludeFile.c.o] Error 1
make[2]: Leaving directory `/home/umaidzz/Documents/team-nust/team-nust-robocup-v2/build-V5/Release-Motion/build-remote/team-nust-robocup/CMakeFiles/CMakeTmp'
make[1]: *** [cmTC_b5661/fast] Error 2
make[1]: Leaving directory `/home/umaidzz/Documents/team-nust/team-nust-robocup-v2/build-V5/Release-Motion/build-remote/team-nust-robocup/CMakeFiles/CMakeTmp'


Determining if the include file uintptr.h exists failed with the following output:
Change Dir: /home/umaidzz/Documents/team-nust/team-nust-robocup-v2/build-V5/Release-Motion/build-remote/team-nust-robocup/CMakeFiles/CMakeTmp

Run Build Command:"/usr/bin/make" "cmTC_9e4d7/fast"
make[1]: Entering directory `/home/umaidzz/Documents/team-nust/team-nust-robocup-v2/build-V5/Release-Motion/build-remote/team-nust-robocup/CMakeFiles/CMakeTmp'
/usr/bin/make -f CMakeFiles/cmTC_9e4d7.dir/build.make CMakeFiles/cmTC_9e4d7.dir/build
make[2]: Entering directory `/home/umaidzz/Documents/team-nust/team-nust-robocup-v2/build-V5/Release-Motion/build-remote/team-nust-robocup/CMakeFiles/CMakeTmp'
Building C object CMakeFiles/cmTC_9e4d7.dir/CheckIncludeFile.c.o
/usr/bin/cc    -fPIE   -o CMakeFiles/cmTC_9e4d7.dir/CheckIncludeFile.c.o   -c /home/umaidzz/Documents/team-nust/team-nust-robocup-v2/build-V5/Release-Motion/build-remote/team-nust-robocup/CMakeFiles/CMakeTmp/CheckIncludeFile.c
/home/umaidzz/Documents/team-nust/team-nust-robocup-v2/build-V5/Release-Motion/build-remote/team-nust-robocup/CMakeFiles/CMakeTmp/CheckIncludeFile.c:1:21: fatal error: uintptr.h: No such file or directory
 #include <uintptr.h>
                     ^
compilation terminated.
make[2]: *** [CMakeFiles/cmTC_9e4d7.dir/CheckIncludeFile.c.o] Error 1
make[2]: Leaving directory `/home/umaidzz/Documents/team-nust/team-nust-robocup-v2/build-V5/Release-Motion/build-remote/team-nust-robocup/CMakeFiles/CMakeTmp'
make[1]: *** [cmTC_9e4d7/fast] Error 2
make[1]: Leaving directory `/home/umaidzz/Documents/team-nust/team-nust-robocup-v2/build-V5/Release-Motion/build-remote/team-nust-robocup/CMakeFiles/CMakeTmp'


Determining if the mach_absolute_time exist failed with the following output:
Change Dir: /home/umaidzz/Documents/team-nust/team-nust-robocup-v2/build-V5/Release-Motion/build-remote/team-nust-robocup/CMakeFiles/CMakeTmp

Run Build Command:"/usr/bin/make" "cmTC_9003e/fast"
make[1]: Entering directory `/home/umaidzz/Documents/team-nust/team-nust-robocup-v2/build-V5/Release-Motion/build-remote/team-nust-robocup/CMakeFiles/CMakeTmp'
/usr/bin/make -f CMakeFiles/cmTC_9003e.dir/build.make CMakeFiles/cmTC_9003e.dir/build
make[2]: Entering directory `/home/umaidzz/Documents/team-nust/team-nust-robocup-v2/build-V5/Release-Motion/build-remote/team-nust-robocup/CMakeFiles/CMakeTmp'
Building C object CMakeFiles/cmTC_9003e.dir/CheckSymbolExists.c.o
/usr/bin/cc    -fPIE   -o CMakeFiles/cmTC_9003e.dir/CheckSymbolExists.c.o   -c /home/umaidzz/Documents/team-nust/team-nust-robocup-v2/build-V5/Release-Motion/build-remote/team-nust-robocup/CMakeFiles/CMakeTmp/CheckSymbolExists.c
/home/umaidzz/Documents/team-nust/team-nust-robocup-v2/build-V5/Release-Motion/build-remote/team-nust-robocup/CMakeFiles/CMakeTmp/CheckSymbolExists.c:2:28: fatal error: mach/mach_time.h: No such file or directory
 #include <mach/mach_time.h>
                            ^
compilation terminated.
make[2]: *** [CMakeFiles/cmTC_9003e.dir/CheckSymbolExists.c.o] Error 1
make[2]: Leaving directory `/home/umaidzz/Documents/team-nust/team-nust-robocup-v2/build-V5/Release-Motion/build-remote/team-nust-robocup/CMakeFiles/CMakeTmp'
make[1]: *** [cmTC_9003e/fast] Error 2
make[1]: Leaving directory `/home/umaidzz/Documents/team-nust/team-nust-robocup-v2/build-V5/Release-Motion/build-remote/team-nust-robocup/CMakeFiles/CMakeTmp'

File /home/umaidzz/Documents/team-nust/team-nust-robocup-v2/build-V5/Release-Motion/build-remote/team-nust-robocup/CMakeFiles/CMakeTmp/CheckSymbolExists.c:
/* */
#include <mach/mach_time.h>

int main(int argc, char** argv)
{
  (void)argv;
#ifndef mach_absolute_time
  return ((int*)(&mach_absolute_time))[argc];
#else
  (void)argc;
  return 0;
#endif
}

Determining if the sysctl exist failed with the following output:
Change Dir: /home/umaidzz/Documents/team-nust/team-nust-robocup-v2/build-V5/Release-Motion/build-remote/team-nust-robocup/CMakeFiles/CMakeTmp

Run Build Command:"/usr/bin/make" "cmTC_422eb/fast"
make[1]: Entering directory `/home/umaidzz/Documents/team-nust/team-nust-robocup-v2/build-V5/Release-Motion/build-remote/team-nust-robocup/CMakeFiles/CMakeTmp'
/usr/bin/make -f CMakeFiles/cmTC_422eb.dir/build.make CMakeFiles/cmTC_422eb.dir/build
make[2]: Entering directory `/home/umaidzz/Documents/team-nust/team-nust-robocup-v2/build-V5/Release-Motion/build-remote/team-nust-robocup/CMakeFiles/CMakeTmp'
Building C object CMakeFiles/cmTC_422eb.dir/CheckSymbolExists.c.o
/usr/bin/cc    -fPIE   -o CMakeFiles/cmTC_422eb.dir/CheckSymbolExists.c.o   -c /home/umaidzz/Documents/team-nust/team-nust-robocup-v2/build-V5/Release-Motion/build-remote/team-nust-robocup/CMakeFiles/CMakeTmp/CheckSymbolExists.c
/home/umaidzz/Documents/team-nust/team-nust-robocup-v2/build-V5/Release-Motion/build-remote/team-nust-robocup/CMakeFiles/CMakeTmp/CheckSymbolExists.c: In function ‘main’:
/home/umaidzz/Documents/team-nust/team-nust-robocup-v2/build-V5/Release-Motion/build-remote/team-nust-robocup/CMakeFiles/CMakeTmp/CheckSymbolExists.c:8:19: error: ‘sysctl’ undeclared (first use in this function)
   return ((int*)(&sysctl))[argc];
                   ^
/home/umaidzz/Documents/team-nust/team-nust-robocup-v2/build-V5/Release-Motion/build-remote/team-nust-robocup/CMakeFiles/CMakeTmp/CheckSymbolExists.c:8:19: note: each undeclared identifier is reported only once for each function it appears in
make[2]: *** [CMakeFiles/cmTC_422eb.dir/CheckSymbolExists.c.o] Error 1
make[2]: Leaving directory `/home/umaidzz/Documents/team-nust/team-nust-robocup-v2/build-V5/Release-Motion/build-remote/team-nust-robocup/CMakeFiles/CMakeTmp'
make[1]: *** [cmTC_422eb/fast] Error 2
make[1]: Leaving directory `/home/umaidzz/Documents/team-nust/team-nust-robocup-v2/build-V5/Release-Motion/build-remote/team-nust-robocup/CMakeFiles/CMakeTmp'

File /home/umaidzz/Documents/team-nust/team-nust-robocup-v2/build-V5/Release-Motion/build-remote/team-nust-robocup/CMakeFiles/CMakeTmp/CheckSymbolExists.c:
/* */
#include <unistd.h>

int main(int argc, char** argv)
{
  (void)argv;
#ifndef sysctl
  return ((int*)(&sysctl))[argc];
#else
  (void)argc;
  return 0;
#endif
}

Determining if the pthread_create exist failed with the following output:
Change Dir: /home/umaidzz/Documents/team-nust/team-nust-robocup-v2/build-V5/Release-Motion/build-remote/team-nust-robocup/CMakeFiles/CMakeTmp

Run Build Command:"/usr/bin/make" "cmTC_4881e/fast"
make[1]: Entering directory `/home/umaidzz/Documents/team-nust/team-nust-robocup-v2/build-V5/Release-Motion/build-remote/team-nust-robocup/CMakeFiles/CMakeTmp'
/usr/bin/make -f CMakeFiles/cmTC_4881e.dir/build.make CMakeFiles/cmTC_4881e.dir/build
make[2]: Entering directory `/home/umaidzz/Documents/team-nust/team-nust-robocup-v2/build-V5/Release-Motion/build-remote/team-nust-robocup/CMakeFiles/CMakeTmp'
Building C object CMakeFiles/cmTC_4881e.dir/CheckSymbolExists.c.o
/usr/bin/cc    -fPIE   -o CMakeFiles/cmTC_4881e.dir/CheckSymbolExists.c.o   -c /home/umaidzz/Documents/team-nust/team-nust-robocup-v2/build-V5/Release-Motion/build-remote/team-nust-robocup/CMakeFiles/CMakeTmp/CheckSymbolExists.c
Linking C executable cmTC_4881e
/usr/bin/cmake -E cmake_link_script CMakeFiles/cmTC_4881e.dir/link.txt --verbose=1
/usr/bin/cc       CMakeFiles/cmTC_4881e.dir/CheckSymbolExists.c.o  -o cmTC_4881e -rdynamic -lm 
CMakeFiles/cmTC_4881e.dir/CheckSymbolExists.c.o: In function `main':
CheckSymbolExists.c:(.text+0x1b): undefined reference to `pthread_create'
collect2: error: ld returned 1 exit status
make[2]: *** [cmTC_4881e] Error 1
make[2]: Leaving directory `/home/umaidzz/Documents/team-nust/team-nust-robocup-v2/build-V5/Release-Motion/build-remote/team-nust-robocup/CMakeFiles/CMakeTmp'
make[1]: *** [cmTC_4881e/fast] Error 2
make[1]: Leaving directory `/home/umaidzz/Documents/team-nust/team-nust-robocup-v2/build-V5/Release-Motion/build-remote/team-nust-robocup/CMakeFiles/CMakeTmp'

File /home/umaidzz/Documents/team-nust/team-nust-robocup-v2/build-V5/Release-Motion/build-remote/team-nust-robocup/CMakeFiles/CMakeTmp/CheckSymbolExists.c:
/* */
#include <pthread.h>

int main(int argc, char** argv)
{
  (void)argv;
#ifndef pthread_create
  return ((int*)(&pthread_create))[argc];
#else
  (void)argc;
  return 0;
#endif
}

Determining if the function pthread_create exists in the pthreads failed with the following output:
Change Dir: /home/umaidzz/Documents/team-nust/team-nust-robocup-v2/build-V5/Release-Motion/build-remote/team-nust-robocup/CMakeFiles/CMakeTmp

Run Build Command:"/usr/bin/make" "cmTC_6919b/fast"
make[1]: Entering directory `/home/umaidzz/Documents/team-nust/team-nust-robocup-v2/build-V5/Release-Motion/build-remote/team-nust-robocup/CMakeFiles/CMakeTmp'
/usr/bin/make -f CMakeFiles/cmTC_6919b.dir/build.make CMakeFiles/cmTC_6919b.dir/build
make[2]: Entering directory `/home/umaidzz/Documents/team-nust/team-nust-robocup-v2/build-V5/Release-Motion/build-remote/team-nust-robocup/CMakeFiles/CMakeTmp'
Building C object CMakeFiles/cmTC_6919b.dir/CheckFunctionExists.c.o
/usr/bin/cc    -DCHECK_FUNCTION_EXISTS=pthread_create -fPIE   -o CMakeFiles/cmTC_6919b.dir/CheckFunctionExists.c.o   -c /usr/share/cmake-3.5/Modules/CheckFunctionExists.c
Linking C executable cmTC_6919b
/usr/bin/cmake -E cmake_link_script CMakeFiles/cmTC_6919b.dir/link.txt --verbose=1
/usr/bin/cc   -DCHECK_FUNCTION_EXISTS=pthread_create    CMakeFiles/cmTC_6919b.dir/CheckFunctionExists.c.o  -o cmTC_6919b -rdynamic -lpthreads -lm 
/usr/bin/ld: cannot find -lpthreads
collect2: error: ld returned 1 exit status
make[2]: *** [cmTC_6919b] Error 1
make[2]: Leaving directory `/home/umaidzz/Documents/team-nust/team-nust-robocup-v2/build-V5/Release-Motion/build-remote/team-nust-robocup/CMakeFiles/CMakeTmp'
make[1]: *** [cmTC_6919b/fast] Error 2
make[1]: Leaving directory `/home/umaidzz/Documents/team-nust/team-nust-robocup-v2/build-V5/Release-Motion/build-remote/team-nust-robocup/CMakeFiles/CMakeTmp'


Performing C SOURCE FILE Test HAVE_THREAD_LOCAL_STORAGE failed with the following output:
Change Dir: /home/umaidzz/Documents/team-nust/team-nust-robocup-v2/build-V5/Release-Motion/build-remote/team-nust-robocup/CMakeFiles/CMakeTmp

Run Build Command:"/usr/bin/make" "cmTC_f5733/fast"
make[1]: Entering directory `/home/umaidzz/Documents/team-nust/team-nust-robocup-v2/build-V5/Release-Motion/build-remote/team-nust-robocup/CMakeFiles/CMakeTmp'
/usr/bin/make -f CMakeFiles/cmTC_f5733.dir/build.make CMakeFiles/cmTC_f5733.dir/build
make[2]: Entering directory `/home/umaidzz/Documents/team-nust/team-nust-robocup-v2/build-V5/Release-Motion/build-remote/team-nust-robocup/CMakeFiles/CMakeTmp'
Building C object CMakeFiles/cmTC_f5733.dir/src.c.o
/usr/bin/cc    -DHAVE_THREAD_LOCAL_STORAGE -fPIE   -o CMakeFiles/cmTC_f5733.dir/src.c.o   -c /home/umaidzz/Documents/team-nust/team-nust-robocup-v2/build-V5/Release-Motion/build-remote/team-nust-robocup/CMakeFiles/CMakeTmp/src.c
/home/umaidzz/Documents/team-nust/team-nust-robocup-v2/build-V5/Release-Motion/build-remote/team-nust-robocup/CMakeFiles/CMakeTmp/src.c: In function ‘__declspec’:
/home/umaidzz/Documents/team-nust/team-nust-robocup-v2/build-V5/Release-Motion/build-remote/team-nust-robocup/CMakeFiles/CMakeTmp/src.c:3:20: error: expected ‘=’, ‘,’, ‘;’, ‘asm’ or ‘__attribute__’ before ‘{’ token
     int main(void) {
                    ^
/home/umaidzz/Documents/team-nust/team-nust-robocup-v2/build-V5/Release-Motion/build-remote/team-nust-robocup/CMakeFiles/CMakeTmp/src.c:2:28: error: declaration for parameter ‘tls’ but no such parameter
     __declspec(thread) int tls;
                            ^
/home/umaidzz/Documents/team-nust/team-nust-robocup-v2/build-V5/Release-Motion/build-remote/team-nust-robocup/CMakeFiles/CMakeTmp/src.c:5:5: error: expected ‘{’ at end of input
     }
     ^
make[2]: *** [CMakeFiles/cmTC_f5733.dir/src.c.o] Error 1
make[2]: Leaving directory `/home/umaidzz/Documents/team-nust/team-nust-robocup-v2/build-V5/Release-Motion/build-remote/team-nust-robocup/CMakeFiles/CMakeTmp'
make[1]: *** [cmTC_f5733/fast] Error 2
make[1]: Leaving directory `/home/umaidzz/Documents/team-nust/team-nust-robocup-v2/build-V5/Release-Motion/build-remote/team-nust-robocup/CMakeFiles/CMakeTmp'

Source file was:

    __declspec(thread) int tls;
    int main(void) {
        return 0;
    }
Determining if the pthread_create exist failed with the following output:
Change Dir: /home/umaidzz/Documents/team-nust/team-nust-robocup-v2/build-V5/Release-Motion/build-remote/team-nust-robocup/CMakeFiles/CMakeTmp

Run Build Command:"/usr/bin/make" "cmTC_c545c/fast"
make[1]: Entering directory `/home/umaidzz/Documents/team-nust/team-nust-robocup-v2/build-V5/Release-Motion/build-remote/team-nust-robocup/CMakeFiles/CMakeTmp'
/usr/bin/make -f CMakeFiles/cmTC_c545c.dir/build.make CMakeFiles/cmTC_c545c.dir/build
make[2]: Entering directory `/home/umaidzz/Documents/team-nust/team-nust-robocup-v2/build-V5/Release-Motion/build-remote/team-nust-robocup/CMakeFiles/CMakeTmp'
Building C object CMakeFiles/cmTC_c545c.dir/CheckSymbolExists.c.o
/usr/bin/cc    -fPIE   -o CMakeFiles/cmTC_c545c.dir/CheckSymbolExists.c.o   -c /home/umaidzz/Documents/team-nust/team-nust-robocup-v2/build-V5/Release-Motion/build-remote/team-nust-robocup/CMakeFiles/CMakeTmp/CheckSymbolExists.c
Linking C executable cmTC_c545c
/usr/bin/cmake -E cmake_link_script CMakeFiles/cmTC_c545c.dir/link.txt --verbose=1
/usr/bin/cc       CMakeFiles/cmTC_c545c.dir/CheckSymbolExists.c.o  -o cmTC_c545c -rdynamic 
CMakeFiles/cmTC_c545c.dir/CheckSymbolExists.c.o: In function `main':
CheckSymbolExists.c:(.text+0x1b): undefined reference to `pthread_create'
collect2: error: ld returned 1 exit status
make[2]: *** [cmTC_c545c] Error 1
make[2]: Leaving directory `/home/umaidzz/Documents/team-nust/team-nust-robocup-v2/build-V5/Release-Motion/build-remote/team-nust-robocup/CMakeFiles/CMakeTmp'
make[1]: *** [cmTC_c545c/fast] Error 2
make[1]: Leaving directory `/home/umaidzz/Documents/team-nust/team-nust-robocup-v2/build-V5/Release-Motion/build-remote/team-nust-robocup/CMakeFiles/CMakeTmp'

File /home/umaidzz/Documents/team-nust/team-nust-robocup-v2/build-V5/Release-Motion/build-remote/team-nust-robocup/CMakeFiles/CMakeTmp/CheckSymbolExists.c:
/* */
#include <pthread.h>

int main(int argc, char** argv)
{
  (void)argv;
#ifndef pthread_create
  return ((int*)(&pthread_create))[argc];
#else
  (void)argc;
  return 0;
#endif
}

Determining if the function pthread_create exists in the pthreads failed with the following output:
Change Dir: /home/umaidzz/Documents/team-nust/team-nust-robocup-v2/build-V5/Release-Motion/build-remote/team-nust-robocup/CMakeFiles/CMakeTmp

Run Build Command:"/usr/bin/make" "cmTC_bf31e/fast"
make[1]: Entering directory `/home/umaidzz/Documents/team-nust/team-nust-robocup-v2/build-V5/Release-Motion/build-remote/team-nust-robocup/CMakeFiles/CMakeTmp'
/usr/bin/make -f CMakeFiles/cmTC_bf31e.dir/build.make CMakeFiles/cmTC_bf31e.dir/build
make[2]: Entering directory `/home/umaidzz/Documents/team-nust/team-nust-robocup-v2/build-V5/Release-Motion/build-remote/team-nust-robocup/CMakeFiles/CMakeTmp'
Building C object CMakeFiles/cmTC_bf31e.dir/CheckFunctionExists.c.o
/usr/bin/cc    -DCHECK_FUNCTION_EXISTS=pthread_create -fPIE   -o CMakeFiles/cmTC_bf31e.dir/CheckFunctionExists.c.o   -c /usr/share/cmake-3.5/Modules/CheckFunctionExists.c
Linking C executable cmTC_bf31e
/usr/bin/cmake -E cmake_link_script CMakeFiles/cmTC_bf31e.dir/link.txt --verbose=1
/usr/bin/cc   -DCHECK_FUNCTION_EXISTS=pthread_create    CMakeFiles/cmTC_bf31e.dir/CheckFunctionExists.c.o  -o cmTC_bf31e -rdynamic -lpthreads 
/usr/bin/ld: cannot find -lpthreads
collect2: error: ld returned 1 exit status
make[2]: *** [cmTC_bf31e] Error 1
make[2]: Leaving directory `/home/umaidzz/Documents/team-nust/team-nust-robocup-v2/build-V5/Release-Motion/build-remote/team-nust-robocup/CMakeFiles/CMakeTmp'
make[1]: *** [cmTC_bf31e/fast] Error 2
make[1]: Leaving directory `/home/umaidzz/Documents/team-nust/team-nust-robocup-v2/build-V5/Release-Motion/build-remote/team-nust-robocup/CMakeFiles/CMakeTmp'


Determining if the include file altivec.h exists failed with the following output:
Change Dir: /home/umaidzz/Documents/team-nust/team-nust-robocup-v2/build-V5/Release-Motion/build-remote/team-nust-robocup/CMakeFiles/CMakeTmp

Run Build Command:"/usr/bin/make" "cmTC_92194/fast"
make[1]: Entering directory `/home/umaidzz/Documents/team-nust/team-nust-robocup-v2/build-V5/Release-Motion/build-remote/team-nust-robocup/CMakeFiles/CMakeTmp'
/usr/bin/make -f CMakeFiles/cmTC_92194.dir/build.make CMakeFiles/cmTC_92194.dir/build
make[2]: Entering directory `/home/umaidzz/Documents/team-nust/team-nust-robocup-v2/build-V5/Release-Motion/build-remote/team-nust-robocup/CMakeFiles/CMakeTmp'
Building C object CMakeFiles/cmTC_92194.dir/CheckIncludeFile.c.o
/usr/bin/cc    -fPIE   -o CMakeFiles/cmTC_92194.dir/CheckIncludeFile.c.o   -c /home/umaidzz/Documents/team-nust/team-nust-robocup-v2/build-V5/Release-Motion/build-remote/team-nust-robocup/CMakeFiles/CMakeTmp/CheckIncludeFile.c
/home/umaidzz/Documents/team-nust/team-nust-robocup-v2/build-V5/Release-Motion/build-remote/team-nust-robocup/CMakeFiles/CMakeTmp/CheckIncludeFile.c:1:21: fatal error: altivec.h: No such file or directory
 #include <altivec.h>
                     ^
compilation terminated.
make[2]: *** [CMakeFiles/cmTC_92194.dir/CheckIncludeFile.c.o] Error 1
make[2]: Leaving directory `/home/umaidzz/Documents/team-nust/team-nust-robocup-v2/build-V5/Release-Motion/build-remote/team-nust-robocup/CMakeFiles/CMakeTmp'
make[1]: *** [cmTC_92194/fast] Error 2
make[1]: Leaving directory `/home/umaidzz/Documents/team-nust/team-nust-robocup-v2/build-V5/Release-Motion/build-remote/team-nust-robocup/CMakeFiles/CMakeTmp'


Determining if the include file c_asm.h exists failed with the following output:
Change Dir: /home/umaidzz/Documents/team-nust/team-nust-robocup-v2/build-V5/Release-Motion/build-remote/team-nust-robocup/CMakeFiles/CMakeTmp

Run Build Command:"/usr/bin/make" "cmTC_69fb3/fast"
make[1]: Entering directory `/home/umaidzz/Documents/team-nust/team-nust-robocup-v2/build-V5/Release-Motion/build-remote/team-nust-robocup/CMakeFiles/CMakeTmp'
/usr/bin/make -f CMakeFiles/cmTC_69fb3.dir/build.make CMakeFiles/cmTC_69fb3.dir/build
make[2]: Entering directory `/home/umaidzz/Documents/team-nust/team-nust-robocup-v2/build-V5/Release-Motion/build-remote/team-nust-robocup/CMakeFiles/CMakeTmp'
Building C object CMakeFiles/cmTC_69fb3.dir/CheckIncludeFile.c.o
/usr/bin/cc    -fPIE   -o CMakeFiles/cmTC_69fb3.dir/CheckIncludeFile.c.o   -c /home/umaidzz/Documents/team-nust/team-nust-robocup-v2/build-V5/Release-Motion/build-remote/team-nust-robocup/CMakeFiles/CMakeTmp/CheckIncludeFile.c
/home/umaidzz/Documents/team-nust/team-nust-robocup-v2/build-V5/Release-Motion/build-remote/team-nust-robocup/CMakeFiles/CMakeTmp/CheckIncludeFile.c:1:19: fatal error: c_asm.h: No such file or directory
 #include <c_asm.h>
                   ^
compilation terminated.
make[2]: *** [CMakeFiles/cmTC_69fb3.dir/CheckIncludeFile.c.o] Error 1
make[2]: Leaving directory `/home/umaidzz/Documents/team-nust/team-nust-robocup-v2/build-V5/Release-Motion/build-remote/team-nust-robocup/CMakeFiles/CMakeTmp'
make[1]: *** [cmTC_69fb3/fast] Error 2
make[1]: Leaving directory `/home/umaidzz/Documents/team-nust/team-nust-robocup-v2/build-V5/Release-Motion/build-remote/team-nust-robocup/CMakeFiles/CMakeTmp'


Determining if the include file intrinsics.h exists failed with the following output:
Change Dir: /home/umaidzz/Documents/team-nust/team-nust-robocup-v2/build-V5/Release-Motion/build-remote/team-nust-robocup/CMakeFiles/CMakeTmp

Run Build Command:"/usr/bin/make" "cmTC_d9669/fast"
make[1]: Entering directory `/home/umaidzz/Documents/team-nust/team-nust-robocup-v2/build-V5/Release-Motion/build-remote/team-nust-robocup/CMakeFiles/CMakeTmp'
/usr/bin/make -f CMakeFiles/cmTC_d9669.dir/build.make CMakeFiles/cmTC_d9669.dir/build
make[2]: Entering directory `/home/umaidzz/Documents/team-nust/team-nust-robocup-v2/build-V5/Release-Motion/build-remote/team-nust-robocup/CMakeFiles/CMakeTmp'
Building C object CMakeFiles/cmTC_d9669.dir/CheckIncludeFile.c.o
/usr/bin/cc    -fPIE   -o CMakeFiles/cmTC_d9669.dir/CheckIncludeFile.c.o   -c /home/umaidzz/Documents/team-nust/team-nust-robocup-v2/build-V5/Release-Motion/build-remote/team-nust-robocup/CMakeFiles/CMakeTmp/CheckIncludeFile.c
/home/umaidzz/Documents/team-nust/team-nust-robocup-v2/build-V5/Release-Motion/build-remote/team-nust-robocup/CMakeFiles/CMakeTmp/CheckIncludeFile.c:1:24: fatal error: intrinsics.h: No such file or directory
 #include <intrinsics.h>
                        ^
compilation terminated.
make[2]: *** [CMakeFiles/cmTC_d9669.dir/CheckIncludeFile.c.o] Error 1
make[2]: Leaving directory `/home/umaidzz/Documents/team-nust/team-nust-robocup-v2/build-V5/Release-Motion/build-remote/team-nust-robocup/CMakeFiles/CMakeTmp'
make[1]: *** [cmTC_d9669/fast] Error 2
make[1]: Leaving directory `/home/umaidzz/Documents/team-nust/team-nust-robocup-v2/build-V5/Release-Motion/build-remote/team-nust-robocup/CMakeFiles/CMakeTmp'


Determining if the include file mach/mach_time.h exists failed with the following output:
Change Dir: /home/umaidzz/Documents/team-nust/team-nust-robocup-v2/build-V5/Release-Motion/build-remote/team-nust-robocup/CMakeFiles/CMakeTmp

Run Build Command:"/usr/bin/make" "cmTC_4b667/fast"
make[1]: Entering directory `/home/umaidzz/Documents/team-nust/team-nust-robocup-v2/build-V5/Release-Motion/build-remote/team-nust-robocup/CMakeFiles/CMakeTmp'
/usr/bin/make -f CMakeFiles/cmTC_4b667.dir/build.make CMakeFiles/cmTC_4b667.dir/build
make[2]: Entering directory `/home/umaidzz/Documents/team-nust/team-nust-robocup-v2/build-V5/Release-Motion/build-remote/team-nust-robocup/CMakeFiles/CMakeTmp'
Building C object CMakeFiles/cmTC_4b667.dir/CheckIncludeFile.c.o
/usr/bin/cc    -fPIE   -o CMakeFiles/cmTC_4b667.dir/CheckIncludeFile.c.o   -c /home/umaidzz/Documents/team-nust/team-nust-robocup-v2/build-V5/Release-Motion/build-remote/team-nust-robocup/CMakeFiles/CMakeTmp/CheckIncludeFile.c
/home/umaidzz/Documents/team-nust/team-nust-robocup-v2/build-V5/Release-Motion/build-remote/team-nust-robocup/CMakeFiles/CMakeTmp/CheckIncludeFile.c:1:28: fatal error: mach/mach_time.h: No such file or directory
 #include <mach/mach_time.h>
                            ^
compilation terminated.
make[2]: *** [CMakeFiles/cmTC_4b667.dir/CheckIncludeFile.c.o] Error 1
make[2]: Leaving directory `/home/umaidzz/Documents/team-nust/team-nust-robocup-v2/build-V5/Release-Motion/build-remote/team-nust-robocup/CMakeFiles/CMakeTmp'
make[1]: *** [cmTC_4b667/fast] Error 2
make[1]: Leaving directory `/home/umaidzz/Documents/team-nust/team-nust-robocup-v2/build-V5/Release-Motion/build-remote/team-nust-robocup/CMakeFiles/CMakeTmp'


Determining if the include file uintptr.h exists failed with the following output:
Change Dir: /home/umaidzz/Documents/team-nust/team-nust-robocup-v2/build-V5/Release-Motion/build-remote/team-nust-robocup/CMakeFiles/CMakeTmp

Run Build Command:"/usr/bin/make" "cmTC_0e2f3/fast"
make[1]: Entering directory `/home/umaidzz/Documents/team-nust/team-nust-robocup-v2/build-V5/Release-Motion/build-remote/team-nust-robocup/CMakeFiles/CMakeTmp'
/usr/bin/make -f CMakeFiles/cmTC_0e2f3.dir/build.make CMakeFiles/cmTC_0e2f3.dir/build
make[2]: Entering directory `/home/umaidzz/Documents/team-nust/team-nust-robocup-v2/build-V5/Release-Motion/build-remote/team-nust-robocup/CMakeFiles/CMakeTmp'
Building C object CMakeFiles/cmTC_0e2f3.dir/CheckIncludeFile.c.o
/usr/bin/cc    -fPIE   -o CMakeFiles/cmTC_0e2f3.dir/CheckIncludeFile.c.o   -c /home/umaidzz/Documents/team-nust/team-nust-robocup-v2/build-V5/Release-Motion/build-remote/team-nust-robocup/CMakeFiles/CMakeTmp/CheckIncludeFile.c
/home/umaidzz/Documents/team-nust/team-nust-robocup-v2/build-V5/Release-Motion/build-remote/team-nust-robocup/CMakeFiles/CMakeTmp/CheckIncludeFile.c:1:21: fatal error: uintptr.h: No such file or directory
 #include <uintptr.h>
                     ^
compilation terminated.
make[2]: *** [CMakeFiles/cmTC_0e2f3.dir/CheckIncludeFile.c.o] Error 1
make[2]: Leaving directory `/home/umaidzz/Documents/team-nust/team-nust-robocup-v2/build-V5/Release-Motion/build-remote/team-nust-robocup/CMakeFiles/CMakeTmp'
make[1]: *** [cmTC_0e2f3/fast] Error 2
make[1]: Leaving directory `/home/umaidzz/Documents/team-nust/team-nust-robocup-v2/build-V5/Release-Motion/build-remote/team-nust-robocup/CMakeFiles/CMakeTmp'


Determining if the mach_absolute_time exist failed with the following output:
Change Dir: /home/umaidzz/Documents/team-nust/team-nust-robocup-v2/build-V5/Release-Motion/build-remote/team-nust-robocup/CMakeFiles/CMakeTmp

Run Build Command:"/usr/bin/make" "cmTC_b2150/fast"
make[1]: Entering directory `/home/umaidzz/Documents/team-nust/team-nust-robocup-v2/build-V5/Release-Motion/build-remote/team-nust-robocup/CMakeFiles/CMakeTmp'
/usr/bin/make -f CMakeFiles/cmTC_b2150.dir/build.make CMakeFiles/cmTC_b2150.dir/build
make[2]: Entering directory `/home/umaidzz/Documents/team-nust/team-nust-robocup-v2/build-V5/Release-Motion/build-remote/team-nust-robocup/CMakeFiles/CMakeTmp'
Building C object CMakeFiles/cmTC_b2150.dir/CheckSymbolExists.c.o
/usr/bin/cc    -fPIE   -o CMakeFiles/cmTC_b2150.dir/CheckSymbolExists.c.o   -c /home/umaidzz/Documents/team-nust/team-nust-robocup-v2/build-V5/Release-Motion/build-remote/team-nust-robocup/CMakeFiles/CMakeTmp/CheckSymbolExists.c
/home/umaidzz/Documents/team-nust/team-nust-robocup-v2/build-V5/Release-Motion/build-remote/team-nust-robocup/CMakeFiles/CMakeTmp/CheckSymbolExists.c:2:28: fatal error: mach/mach_time.h: No such file or directory
 #include <mach/mach_time.h>
                            ^
compilation terminated.
make[2]: *** [CMakeFiles/cmTC_b2150.dir/CheckSymbolExists.c.o] Error 1
make[2]: Leaving directory `/home/umaidzz/Documents/team-nust/team-nust-robocup-v2/build-V5/Release-Motion/build-remote/team-nust-robocup/CMakeFiles/CMakeTmp'
make[1]: *** [cmTC_b2150/fast] Error 2
make[1]: Leaving directory `/home/umaidzz/Documents/team-nust/team-nust-robocup-v2/build-V5/Release-Motion/build-remote/team-nust-robocup/CMakeFiles/CMakeTmp'

File /home/umaidzz/Documents/team-nust/team-nust-robocup-v2/build-V5/Release-Motion/build-remote/team-nust-robocup/CMakeFiles/CMakeTmp/CheckSymbolExists.c:
/* */
#include <mach/mach_time.h>

int main(int argc, char** argv)
{
  (void)argv;
#ifndef mach_absolute_time
  return ((int*)(&mach_absolute_time))[argc];
#else
  (void)argc;
  return 0;
#endif
}

Determining if the sysctl exist failed with the following output:
Change Dir: /home/umaidzz/Documents/team-nust/team-nust-robocup-v2/build-V5/Release-Motion/build-remote/team-nust-robocup/CMakeFiles/CMakeTmp

Run Build Command:"/usr/bin/make" "cmTC_8b0f1/fast"
make[1]: Entering directory `/home/umaidzz/Documents/team-nust/team-nust-robocup-v2/build-V5/Release-Motion/build-remote/team-nust-robocup/CMakeFiles/CMakeTmp'
/usr/bin/make -f CMakeFiles/cmTC_8b0f1.dir/build.make CMakeFiles/cmTC_8b0f1.dir/build
make[2]: Entering directory `/home/umaidzz/Documents/team-nust/team-nust-robocup-v2/build-V5/Release-Motion/build-remote/team-nust-robocup/CMakeFiles/CMakeTmp'
Building C object CMakeFiles/cmTC_8b0f1.dir/CheckSymbolExists.c.o
/usr/bin/cc    -fPIE   -o CMakeFiles/cmTC_8b0f1.dir/CheckSymbolExists.c.o   -c /home/umaidzz/Documents/team-nust/team-nust-robocup-v2/build-V5/Release-Motion/build-remote/team-nust-robocup/CMakeFiles/CMakeTmp/CheckSymbolExists.c
/home/umaidzz/Documents/team-nust/team-nust-robocup-v2/build-V5/Release-Motion/build-remote/team-nust-robocup/CMakeFiles/CMakeTmp/CheckSymbolExists.c: In function ‘main’:
/home/umaidzz/Documents/team-nust/team-nust-robocup-v2/build-V5/Release-Motion/build-remote/team-nust-robocup/CMakeFiles/CMakeTmp/CheckSymbolExists.c:8:19: error: ‘sysctl’ undeclared (first use in this function)
   return ((int*)(&sysctl))[argc];
                   ^
/home/umaidzz/Documents/team-nust/team-nust-robocup-v2/build-V5/Release-Motion/build-remote/team-nust-robocup/CMakeFiles/CMakeTmp/CheckSymbolExists.c:8:19: note: each undeclared identifier is reported only once for each function it appears in
make[2]: *** [CMakeFiles/cmTC_8b0f1.dir/CheckSymbolExists.c.o] Error 1
make[2]: Leaving directory `/home/umaidzz/Documents/team-nust/team-nust-robocup-v2/build-V5/Release-Motion/build-remote/team-nust-robocup/CMakeFiles/CMakeTmp'
make[1]: *** [cmTC_8b0f1/fast] Error 2
make[1]: Leaving directory `/home/umaidzz/Documents/team-nust/team-nust-robocup-v2/build-V5/Release-Motion/build-remote/team-nust-robocup/CMakeFiles/CMakeTmp'

File /home/umaidzz/Documents/team-nust/team-nust-robocup-v2/build-V5/Release-Motion/build-remote/team-nust-robocup/CMakeFiles/CMakeTmp/CheckSymbolExists.c:
/* */
#include <unistd.h>

int main(int argc, char** argv)
{
  (void)argv;
#ifndef sysctl
  return ((int*)(&sysctl))[argc];
#else
  (void)argc;
  return 0;
#endif
}

Determining if the pthread_create exist failed with the following output:
Change Dir: /home/umaidzz/Documents/team-nust/team-nust-robocup-v2/build-V5/Release-Motion/build-remote/team-nust-robocup/CMakeFiles/CMakeTmp

Run Build Command:"/usr/bin/make" "cmTC_7eb74/fast"
make[1]: Entering directory `/home/umaidzz/Documents/team-nust/team-nust-robocup-v2/build-V5/Release-Motion/build-remote/team-nust-robocup/CMakeFiles/CMakeTmp'
/usr/bin/make -f CMakeFiles/cmTC_7eb74.dir/build.make CMakeFiles/cmTC_7eb74.dir/build
make[2]: Entering directory `/home/umaidzz/Documents/team-nust/team-nust-robocup-v2/build-V5/Release-Motion/build-remote/team-nust-robocup/CMakeFiles/CMakeTmp'
Building C object CMakeFiles/cmTC_7eb74.dir/CheckSymbolExists.c.o
/usr/bin/cc    -fPIE   -o CMakeFiles/cmTC_7eb74.dir/CheckSymbolExists.c.o   -c /home/umaidzz/Documents/team-nust/team-nust-robocup-v2/build-V5/Release-Motion/build-remote/team-nust-robocup/CMakeFiles/CMakeTmp/CheckSymbolExists.c
Linking C executable cmTC_7eb74
/usr/bin/cmake -E cmake_link_script CMakeFiles/cmTC_7eb74.dir/link.txt --verbose=1
/usr/bin/cc       CMakeFiles/cmTC_7eb74.dir/CheckSymbolExists.c.o  -o cmTC_7eb74 -rdynamic -lm 
CMakeFiles/cmTC_7eb74.dir/CheckSymbolExists.c.o: In function `main':
CheckSymbolExists.c:(.text+0x1b): undefined reference to `pthread_create'
collect2: error: ld returned 1 exit status
make[2]: *** [cmTC_7eb74] Error 1
make[2]: Leaving directory `/home/umaidzz/Documents/team-nust/team-nust-robocup-v2/build-V5/Release-Motion/build-remote/team-nust-robocup/CMakeFiles/CMakeTmp'
make[1]: *** [cmTC_7eb74/fast] Error 2
make[1]: Leaving directory `/home/umaidzz/Documents/team-nust/team-nust-robocup-v2/build-V5/Release-Motion/build-remote/team-nust-robocup/CMakeFiles/CMakeTmp'

File /home/umaidzz/Documents/team-nust/team-nust-robocup-v2/build-V5/Release-Motion/build-remote/team-nust-robocup/CMakeFiles/CMakeTmp/CheckSymbolExists.c:
/* */
#include <pthread.h>

int main(int argc, char** argv)
{
  (void)argv;
#ifndef pthread_create
  return ((int*)(&pthread_create))[argc];
#else
  (void)argc;
  return 0;
#endif
}

Determining if the function pthread_create exists in the pthreads failed with the following output:
Change Dir: /home/umaidzz/Documents/team-nust/team-nust-robocup-v2/build-V5/Release-Motion/build-remote/team-nust-robocup/CMakeFiles/CMakeTmp

Run Build Command:"/usr/bin/make" "cmTC_3be5d/fast"
make[1]: Entering directory `/home/umaidzz/Documents/team-nust/team-nust-robocup-v2/build-V5/Release-Motion/build-remote/team-nust-robocup/CMakeFiles/CMakeTmp'
/usr/bin/make -f CMakeFiles/cmTC_3be5d.dir/build.make CMakeFiles/cmTC_3be5d.dir/build
make[2]: Entering directory `/home/umaidzz/Documents/team-nust/team-nust-robocup-v2/build-V5/Release-Motion/build-remote/team-nust-robocup/CMakeFiles/CMakeTmp'
Building C object CMakeFiles/cmTC_3be5d.dir/CheckFunctionExists.c.o
/usr/bin/cc    -DCHECK_FUNCTION_EXISTS=pthread_create -fPIE   -o CMakeFiles/cmTC_3be5d.dir/CheckFunctionExists.c.o   -c /usr/share/cmake-3.5/Modules/CheckFunctionExists.c
Linking C executable cmTC_3be5d
/usr/bin/cmake -E cmake_link_script CMakeFiles/cmTC_3be5d.dir/link.txt --verbose=1
/usr/bin/cc   -DCHECK_FUNCTION_EXISTS=pthread_create    CMakeFiles/cmTC_3be5d.dir/CheckFunctionExists.c.o  -o cmTC_3be5d -rdynamic -lpthreads -lm 
/usr/bin/ld: cannot find -lpthreads
collect2: error: ld returned 1 exit status
make[2]: *** [cmTC_3be5d] Error 1
make[2]: Leaving directory `/home/umaidzz/Documents/team-nust/team-nust-robocup-v2/build-V5/Release-Motion/build-remote/team-nust-robocup/CMakeFiles/CMakeTmp'
make[1]: *** [cmTC_3be5d/fast] Error 2
make[1]: Leaving directory `/home/umaidzz/Documents/team-nust/team-nust-robocup-v2/build-V5/Release-Motion/build-remote/team-nust-robocup/CMakeFiles/CMakeTmp'


Performing C SOURCE FILE Test HAVE_THREAD_LOCAL_STORAGE failed with the following output:
Change Dir: /home/umaidzz/Documents/team-nust/team-nust-robocup-v2/build-V5/Release-Motion/build-remote/team-nust-robocup/CMakeFiles/CMakeTmp

Run Build Command:"/usr/bin/make" "cmTC_880ea/fast"
make[1]: Entering directory `/home/umaidzz/Documents/team-nust/team-nust-robocup-v2/build-V5/Release-Motion/build-remote/team-nust-robocup/CMakeFiles/CMakeTmp'
/usr/bin/make -f CMakeFiles/cmTC_880ea.dir/build.make CMakeFiles/cmTC_880ea.dir/build
make[2]: Entering directory `/home/umaidzz/Documents/team-nust/team-nust-robocup-v2/build-V5/Release-Motion/build-remote/team-nust-robocup/CMakeFiles/CMakeTmp'
Building C object CMakeFiles/cmTC_880ea.dir/src.c.o
/usr/bin/cc    -DHAVE_THREAD_LOCAL_STORAGE -fPIE   -o CMakeFiles/cmTC_880ea.dir/src.c.o   -c /home/umaidzz/Documents/team-nust/team-nust-robocup-v2/build-V5/Release-Motion/build-remote/team-nust-robocup/CMakeFiles/CMakeTmp/src.c
/home/umaidzz/Documents/team-nust/team-nust-robocup-v2/build-V5/Release-Motion/build-remote/team-nust-robocup/CMakeFiles/CMakeTmp/src.c: In function ‘__declspec’:
/home/umaidzz/Documents/team-nust/team-nust-robocup-v2/build-V5/Release-Motion/build-remote/team-nust-robocup/CMakeFiles/CMakeTmp/src.c:3:20: error: expected ‘=’, ‘,’, ‘;’, ‘asm’ or ‘__attribute__’ before ‘{’ token
     int main(void) {
                    ^
/home/umaidzz/Documents/team-nust/team-nust-robocup-v2/build-V5/Release-Motion/build-remote/team-nust-robocup/CMakeFiles/CMakeTmp/src.c:2:28: error: declaration for parameter ‘tls’ but no such parameter
     __declspec(thread) int tls;
                            ^
/home/umaidzz/Documents/team-nust/team-nust-robocup-v2/build-V5/Release-Motion/build-remote/team-nust-robocup/CMakeFiles/CMakeTmp/src.c:5:5: error: expected ‘{’ at end of input
     }
     ^
make[2]: *** [CMakeFiles/cmTC_880ea.dir/src.c.o] Error 1
make[2]: Leaving directory `/home/umaidzz/Documents/team-nust/team-nust-robocup-v2/build-V5/Release-Motion/build-remote/team-nust-robocup/CMakeFiles/CMakeTmp'
make[1]: *** [cmTC_880ea/fast] Error 2
make[1]: Leaving directory `/home/umaidzz/Documents/team-nust/team-nust-robocup-v2/build-V5/Release-Motion/build-remote/team-nust-robocup/CMakeFiles/CMakeTmp'

Source file was:

    __declspec(thread) int tls;
    int main(void) {
        return 0;
    }
Determining if the include file altivec.h exists failed with the following output:
Change Dir: /home/umaidzz/Documents/team-nust/team-nust-robocup-v2/build-V5/Release-Motion/build-remote/team-nust-robocup/CMakeFiles/CMakeTmp

Run Build Command:"/usr/bin/make" "cmTC_0c6d5/fast"
make[1]: Entering directory `/home/umaidzz/Documents/team-nust/team-nust-robocup-v2/build-V5/Release-Motion/build-remote/team-nust-robocup/CMakeFiles/CMakeTmp'
/usr/bin/make -f CMakeFiles/cmTC_0c6d5.dir/build.make CMakeFiles/cmTC_0c6d5.dir/build
make[2]: Entering directory `/home/umaidzz/Documents/team-nust/team-nust-robocup-v2/build-V5/Release-Motion/build-remote/team-nust-robocup/CMakeFiles/CMakeTmp'
Building C object CMakeFiles/cmTC_0c6d5.dir/CheckIncludeFile.c.o
/usr/bin/cc    -fPIE   -o CMakeFiles/cmTC_0c6d5.dir/CheckIncludeFile.c.o   -c /home/umaidzz/Documents/team-nust/team-nust-robocup-v2/build-V5/Release-Motion/build-remote/team-nust-robocup/CMakeFiles/CMakeTmp/CheckIncludeFile.c
/home/umaidzz/Documents/team-nust/team-nust-robocup-v2/build-V5/Release-Motion/build-remote/team-nust-robocup/CMakeFiles/CMakeTmp/CheckIncludeFile.c:1:21: fatal error: altivec.h: No such file or directory
 #include <altivec.h>
                     ^
compilation terminated.
make[2]: *** [CMakeFiles/cmTC_0c6d5.dir/CheckIncludeFile.c.o] Error 1
make[2]: Leaving directory `/home/umaidzz/Documents/team-nust/team-nust-robocup-v2/build-V5/Release-Motion/build-remote/team-nust-robocup/CMakeFiles/CMakeTmp'
make[1]: *** [cmTC_0c6d5/fast] Error 2
make[1]: Leaving directory `/home/umaidzz/Documents/team-nust/team-nust-robocup-v2/build-V5/Release-Motion/build-remote/team-nust-robocup/CMakeFiles/CMakeTmp'


Determining if the include file c_asm.h exists failed with the following output:
Change Dir: /home/umaidzz/Documents/team-nust/team-nust-robocup-v2/build-V5/Release-Motion/build-remote/team-nust-robocup/CMakeFiles/CMakeTmp

Run Build Command:"/usr/bin/make" "cmTC_42b0e/fast"
make[1]: Entering directory `/home/umaidzz/Documents/team-nust/team-nust-robocup-v2/build-V5/Release-Motion/build-remote/team-nust-robocup/CMakeFiles/CMakeTmp'
/usr/bin/make -f CMakeFiles/cmTC_42b0e.dir/build.make CMakeFiles/cmTC_42b0e.dir/build
make[2]: Entering directory `/home/umaidzz/Documents/team-nust/team-nust-robocup-v2/build-V5/Release-Motion/build-remote/team-nust-robocup/CMakeFiles/CMakeTmp'
Building C object CMakeFiles/cmTC_42b0e.dir/CheckIncludeFile.c.o
/usr/bin/cc    -fPIE   -o CMakeFiles/cmTC_42b0e.dir/CheckIncludeFile.c.o   -c /home/umaidzz/Documents/team-nust/team-nust-robocup-v2/build-V5/Release-Motion/build-remote/team-nust-robocup/CMakeFiles/CMakeTmp/CheckIncludeFile.c
/home/umaidzz/Documents/team-nust/team-nust-robocup-v2/build-V5/Release-Motion/build-remote/team-nust-robocup/CMakeFiles/CMakeTmp/CheckIncludeFile.c:1:19: fatal error: c_asm.h: No such file or directory
 #include <c_asm.h>
                   ^
compilation terminated.
make[2]: *** [CMakeFiles/cmTC_42b0e.dir/CheckIncludeFile.c.o] Error 1
make[2]: Leaving directory `/home/umaidzz/Documents/team-nust/team-nust-robocup-v2/build-V5/Release-Motion/build-remote/team-nust-robocup/CMakeFiles/CMakeTmp'
make[1]: *** [cmTC_42b0e/fast] Error 2
make[1]: Leaving directory `/home/umaidzz/Documents/team-nust/team-nust-robocup-v2/build-V5/Release-Motion/build-remote/team-nust-robocup/CMakeFiles/CMakeTmp'


Determining if the include file intrinsics.h exists failed with the following output:
Change Dir: /home/umaidzz/Documents/team-nust/team-nust-robocup-v2/build-V5/Release-Motion/build-remote/team-nust-robocup/CMakeFiles/CMakeTmp

Run Build Command:"/usr/bin/make" "cmTC_c0b6f/fast"
make[1]: Entering directory `/home/umaidzz/Documents/team-nust/team-nust-robocup-v2/build-V5/Release-Motion/build-remote/team-nust-robocup/CMakeFiles/CMakeTmp'
/usr/bin/make -f CMakeFiles/cmTC_c0b6f.dir/build.make CMakeFiles/cmTC_c0b6f.dir/build
make[2]: Entering directory `/home/umaidzz/Documents/team-nust/team-nust-robocup-v2/build-V5/Release-Motion/build-remote/team-nust-robocup/CMakeFiles/CMakeTmp'
Building C object CMakeFiles/cmTC_c0b6f.dir/CheckIncludeFile.c.o
/usr/bin/cc    -fPIE   -o CMakeFiles/cmTC_c0b6f.dir/CheckIncludeFile.c.o   -c /home/umaidzz/Documents/team-nust/team-nust-robocup-v2/build-V5/Release-Motion/build-remote/team-nust-robocup/CMakeFiles/CMakeTmp/CheckIncludeFile.c
/home/umaidzz/Documents/team-nust/team-nust-robocup-v2/build-V5/Release-Motion/build-remote/team-nust-robocup/CMakeFiles/CMakeTmp/CheckIncludeFile.c:1:24: fatal error: intrinsics.h: No such file or directory
 #include <intrinsics.h>
                        ^
compilation terminated.
make[2]: *** [CMakeFiles/cmTC_c0b6f.dir/CheckIncludeFile.c.o] Error 1
make[2]: Leaving directory `/home/umaidzz/Documents/team-nust/team-nust-robocup-v2/build-V5/Release-Motion/build-remote/team-nust-robocup/CMakeFiles/CMakeTmp'
make[1]: *** [cmTC_c0b6f/fast] Error 2
make[1]: Leaving directory `/home/umaidzz/Documents/team-nust/team-nust-robocup-v2/build-V5/Release-Motion/build-remote/team-nust-robocup/CMakeFiles/CMakeTmp'


Determining if the include file mach/mach_time.h exists failed with the following output:
Change Dir: /home/umaidzz/Documents/team-nust/team-nust-robocup-v2/build-V5/Release-Motion/build-remote/team-nust-robocup/CMakeFiles/CMakeTmp

Run Build Command:"/usr/bin/make" "cmTC_c9a2c/fast"
make[1]: Entering directory `/home/umaidzz/Documents/team-nust/team-nust-robocup-v2/build-V5/Release-Motion/build-remote/team-nust-robocup/CMakeFiles/CMakeTmp'
/usr/bin/make -f CMakeFiles/cmTC_c9a2c.dir/build.make CMakeFiles/cmTC_c9a2c.dir/build
make[2]: Entering directory `/home/umaidzz/Documents/team-nust/team-nust-robocup-v2/build-V5/Release-Motion/build-remote/team-nust-robocup/CMakeFiles/CMakeTmp'
Building C object CMakeFiles/cmTC_c9a2c.dir/CheckIncludeFile.c.o
/usr/bin/cc    -fPIE   -o CMakeFiles/cmTC_c9a2c.dir/CheckIncludeFile.c.o   -c /home/umaidzz/Documents/team-nust/team-nust-robocup-v2/build-V5/Release-Motion/build-remote/team-nust-robocup/CMakeFiles/CMakeTmp/CheckIncludeFile.c
/home/umaidzz/Documents/team-nust/team-nust-robocup-v2/build-V5/Release-Motion/build-remote/team-nust-robocup/CMakeFiles/CMakeTmp/CheckIncludeFile.c:1:28: fatal error: mach/mach_time.h: No such file or directory
 #include <mach/mach_time.h>
                            ^
compilation terminated.
make[2]: *** [CMakeFiles/cmTC_c9a2c.dir/CheckIncludeFile.c.o] Error 1
make[2]: Leaving directory `/home/umaidzz/Documents/team-nust/team-nust-robocup-v2/build-V5/Release-Motion/build-remote/team-nust-robocup/CMakeFiles/CMakeTmp'
make[1]: *** [cmTC_c9a2c/fast] Error 2
make[1]: Leaving directory `/home/umaidzz/Documents/team-nust/team-nust-robocup-v2/build-V5/Release-Motion/build-remote/team-nust-robocup/CMakeFiles/CMakeTmp'


Determining if the include file uintptr.h exists failed with the following output:
Change Dir: /home/umaidzz/Documents/team-nust/team-nust-robocup-v2/build-V5/Release-Motion/build-remote/team-nust-robocup/CMakeFiles/CMakeTmp

Run Build Command:"/usr/bin/make" "cmTC_8f66d/fast"
make[1]: Entering directory `/home/umaidzz/Documents/team-nust/team-nust-robocup-v2/build-V5/Release-Motion/build-remote/team-nust-robocup/CMakeFiles/CMakeTmp'
/usr/bin/make -f CMakeFiles/cmTC_8f66d.dir/build.make CMakeFiles/cmTC_8f66d.dir/build
make[2]: Entering directory `/home/umaidzz/Documents/team-nust/team-nust-robocup-v2/build-V5/Release-Motion/build-remote/team-nust-robocup/CMakeFiles/CMakeTmp'
Building C object CMakeFiles/cmTC_8f66d.dir/CheckIncludeFile.c.o
/usr/bin/cc    -fPIE   -o CMakeFiles/cmTC_8f66d.dir/CheckIncludeFile.c.o   -c /home/umaidzz/Documents/team-nust/team-nust-robocup-v2/build-V5/Release-Motion/build-remote/team-nust-robocup/CMakeFiles/CMakeTmp/CheckIncludeFile.c
/home/umaidzz/Documents/team-nust/team-nust-robocup-v2/build-V5/Release-Motion/build-remote/team-nust-robocup/CMakeFiles/CMakeTmp/CheckIncludeFile.c:1:21: fatal error: uintptr.h: No such file or directory
 #include <uintptr.h>
                     ^
compilation terminated.
make[2]: *** [CMakeFiles/cmTC_8f66d.dir/CheckIncludeFile.c.o] Error 1
make[2]: Leaving directory `/home/umaidzz/Documents/team-nust/team-nust-robocup-v2/build-V5/Release-Motion/build-remote/team-nust-robocup/CMakeFiles/CMakeTmp'
make[1]: *** [cmTC_8f66d/fast] Error 2
make[1]: Leaving directory `/home/umaidzz/Documents/team-nust/team-nust-robocup-v2/build-V5/Release-Motion/build-remote/team-nust-robocup/CMakeFiles/CMakeTmp'


Determining if the mach_absolute_time exist failed with the following output:
Change Dir: /home/umaidzz/Documents/team-nust/team-nust-robocup-v2/build-V5/Release-Motion/build-remote/team-nust-robocup/CMakeFiles/CMakeTmp

Run Build Command:"/usr/bin/make" "cmTC_d265b/fast"
make[1]: Entering directory `/home/umaidzz/Documents/team-nust/team-nust-robocup-v2/build-V5/Release-Motion/build-remote/team-nust-robocup/CMakeFiles/CMakeTmp'
/usr/bin/make -f CMakeFiles/cmTC_d265b.dir/build.make CMakeFiles/cmTC_d265b.dir/build
make[2]: Entering directory `/home/umaidzz/Documents/team-nust/team-nust-robocup-v2/build-V5/Release-Motion/build-remote/team-nust-robocup/CMakeFiles/CMakeTmp'
Building C object CMakeFiles/cmTC_d265b.dir/CheckSymbolExists.c.o
/usr/bin/cc    -fPIE   -o CMakeFiles/cmTC_d265b.dir/CheckSymbolExists.c.o   -c /home/umaidzz/Documents/team-nust/team-nust-robocup-v2/build-V5/Release-Motion/build-remote/team-nust-robocup/CMakeFiles/CMakeTmp/CheckSymbolExists.c
/home/umaidzz/Documents/team-nust/team-nust-robocup-v2/build-V5/Release-Motion/build-remote/team-nust-robocup/CMakeFiles/CMakeTmp/CheckSymbolExists.c:2:28: fatal error: mach/mach_time.h: No such file or directory
 #include <mach/mach_time.h>
                            ^
compilation terminated.
make[2]: *** [CMakeFiles/cmTC_d265b.dir/CheckSymbolExists.c.o] Error 1
make[2]: Leaving directory `/home/umaidzz/Documents/team-nust/team-nust-robocup-v2/build-V5/Release-Motion/build-remote/team-nust-robocup/CMakeFiles/CMakeTmp'
make[1]: *** [cmTC_d265b/fast] Error 2
make[1]: Leaving directory `/home/umaidzz/Documents/team-nust/team-nust-robocup-v2/build-V5/Release-Motion/build-remote/team-nust-robocup/CMakeFiles/CMakeTmp'

File /home/umaidzz/Documents/team-nust/team-nust-robocup-v2/build-V5/Release-Motion/build-remote/team-nust-robocup/CMakeFiles/CMakeTmp/CheckSymbolExists.c:
/* */
#include <mach/mach_time.h>

int main(int argc, char** argv)
{
  (void)argv;
#ifndef mach_absolute_time
  return ((int*)(&mach_absolute_time))[argc];
#else
  (void)argc;
  return 0;
#endif
}

Determining if the sysctl exist failed with the following output:
Change Dir: /home/umaidzz/Documents/team-nust/team-nust-robocup-v2/build-V5/Release-Motion/build-remote/team-nust-robocup/CMakeFiles/CMakeTmp

Run Build Command:"/usr/bin/make" "cmTC_8a4c0/fast"
make[1]: Entering directory `/home/umaidzz/Documents/team-nust/team-nust-robocup-v2/build-V5/Release-Motion/build-remote/team-nust-robocup/CMakeFiles/CMakeTmp'
/usr/bin/make -f CMakeFiles/cmTC_8a4c0.dir/build.make CMakeFiles/cmTC_8a4c0.dir/build
make[2]: Entering directory `/home/umaidzz/Documents/team-nust/team-nust-robocup-v2/build-V5/Release-Motion/build-remote/team-nust-robocup/CMakeFiles/CMakeTmp'
Building C object CMakeFiles/cmTC_8a4c0.dir/CheckSymbolExists.c.o
/usr/bin/cc    -fPIE   -o CMakeFiles/cmTC_8a4c0.dir/CheckSymbolExists.c.o   -c /home/umaidzz/Documents/team-nust/team-nust-robocup-v2/build-V5/Release-Motion/build-remote/team-nust-robocup/CMakeFiles/CMakeTmp/CheckSymbolExists.c
/home/umaidzz/Documents/team-nust/team-nust-robocup-v2/build-V5/Release-Motion/build-remote/team-nust-robocup/CMakeFiles/CMakeTmp/CheckSymbolExists.c: In function ‘main’:
/home/umaidzz/Documents/team-nust/team-nust-robocup-v2/build-V5/Release-Motion/build-remote/team-nust-robocup/CMakeFiles/CMakeTmp/CheckSymbolExists.c:8:19: error: ‘sysctl’ undeclared (first use in this function)
   return ((int*)(&sysctl))[argc];
                   ^
/home/umaidzz/Documents/team-nust/team-nust-robocup-v2/build-V5/Release-Motion/build-remote/team-nust-robocup/CMakeFiles/CMakeTmp/CheckSymbolExists.c:8:19: note: each undeclared identifier is reported only once for each function it appears in
make[2]: *** [CMakeFiles/cmTC_8a4c0.dir/CheckSymbolExists.c.o] Error 1
make[2]: Leaving directory `/home/umaidzz/Documents/team-nust/team-nust-robocup-v2/build-V5/Release-Motion/build-remote/team-nust-robocup/CMakeFiles/CMakeTmp'
make[1]: *** [cmTC_8a4c0/fast] Error 2
make[1]: Leaving directory `/home/umaidzz/Documents/team-nust/team-nust-robocup-v2/build-V5/Release-Motion/build-remote/team-nust-robocup/CMakeFiles/CMakeTmp'

File /home/umaidzz/Documents/team-nust/team-nust-robocup-v2/build-V5/Release-Motion/build-remote/team-nust-robocup/CMakeFiles/CMakeTmp/CheckSymbolExists.c:
/* */
#include <unistd.h>

int main(int argc, char** argv)
{
  (void)argv;
#ifndef sysctl
  return ((int*)(&sysctl))[argc];
#else
  (void)argc;
  return 0;
#endif
}

Determining if the pthread_create exist failed with the following output:
Change Dir: /home/umaidzz/Documents/team-nust/team-nust-robocup-v2/build-V5/Release-Motion/build-remote/team-nust-robocup/CMakeFiles/CMakeTmp

Run Build Command:"/usr/bin/make" "cmTC_8c3da/fast"
make[1]: Entering directory `/home/umaidzz/Documents/team-nust/team-nust-robocup-v2/build-V5/Release-Motion/build-remote/team-nust-robocup/CMakeFiles/CMakeTmp'
/usr/bin/make -f CMakeFiles/cmTC_8c3da.dir/build.make CMakeFiles/cmTC_8c3da.dir/build
make[2]: Entering directory `/home/umaidzz/Documents/team-nust/team-nust-robocup-v2/build-V5/Release-Motion/build-remote/team-nust-robocup/CMakeFiles/CMakeTmp'
Building C object CMakeFiles/cmTC_8c3da.dir/CheckSymbolExists.c.o
/usr/bin/cc    -fPIE   -o CMakeFiles/cmTC_8c3da.dir/CheckSymbolExists.c.o   -c /home/umaidzz/Documents/team-nust/team-nust-robocup-v2/build-V5/Release-Motion/build-remote/team-nust-robocup/CMakeFiles/CMakeTmp/CheckSymbolExists.c
Linking C executable cmTC_8c3da
/usr/bin/cmake -E cmake_link_script CMakeFiles/cmTC_8c3da.dir/link.txt --verbose=1
/usr/bin/cc       CMakeFiles/cmTC_8c3da.dir/CheckSymbolExists.c.o  -o cmTC_8c3da -rdynamic -lm 
CMakeFiles/cmTC_8c3da.dir/CheckSymbolExists.c.o: In function `main':
CheckSymbolExists.c:(.text+0x1b): undefined reference to `pthread_create'
collect2: error: ld returned 1 exit status
make[2]: *** [cmTC_8c3da] Error 1
make[2]: Leaving directory `/home/umaidzz/Documents/team-nust/team-nust-robocup-v2/build-V5/Release-Motion/build-remote/team-nust-robocup/CMakeFiles/CMakeTmp'
make[1]: *** [cmTC_8c3da/fast] Error 2
make[1]: Leaving directory `/home/umaidzz/Documents/team-nust/team-nust-robocup-v2/build-V5/Release-Motion/build-remote/team-nust-robocup/CMakeFiles/CMakeTmp'

File /home/umaidzz/Documents/team-nust/team-nust-robocup-v2/build-V5/Release-Motion/build-remote/team-nust-robocup/CMakeFiles/CMakeTmp/CheckSymbolExists.c:
/* */
#include <pthread.h>

int main(int argc, char** argv)
{
  (void)argv;
#ifndef pthread_create
  return ((int*)(&pthread_create))[argc];
#else
  (void)argc;
  return 0;
#endif
}

Determining if the function pthread_create exists in the pthreads failed with the following output:
Change Dir: /home/umaidzz/Documents/team-nust/team-nust-robocup-v2/build-V5/Release-Motion/build-remote/team-nust-robocup/CMakeFiles/CMakeTmp

Run Build Command:"/usr/bin/make" "cmTC_cf234/fast"
make[1]: Entering directory `/home/umaidzz/Documents/team-nust/team-nust-robocup-v2/build-V5/Release-Motion/build-remote/team-nust-robocup/CMakeFiles/CMakeTmp'
/usr/bin/make -f CMakeFiles/cmTC_cf234.dir/build.make CMakeFiles/cmTC_cf234.dir/build
make[2]: Entering directory `/home/umaidzz/Documents/team-nust/team-nust-robocup-v2/build-V5/Release-Motion/build-remote/team-nust-robocup/CMakeFiles/CMakeTmp'
Building C object CMakeFiles/cmTC_cf234.dir/CheckFunctionExists.c.o
/usr/bin/cc    -DCHECK_FUNCTION_EXISTS=pthread_create -fPIE   -o CMakeFiles/cmTC_cf234.dir/CheckFunctionExists.c.o   -c /usr/share/cmake-3.5/Modules/CheckFunctionExists.c
Linking C executable cmTC_cf234
/usr/bin/cmake -E cmake_link_script CMakeFiles/cmTC_cf234.dir/link.txt --verbose=1
/usr/bin/cc   -DCHECK_FUNCTION_EXISTS=pthread_create    CMakeFiles/cmTC_cf234.dir/CheckFunctionExists.c.o  -o cmTC_cf234 -rdynamic -lpthreads -lm 
/usr/bin/ld: cannot find -lpthreads
collect2: error: ld returned 1 exit status
make[2]: *** [cmTC_cf234] Error 1
make[2]: Leaving directory `/home/umaidzz/Documents/team-nust/team-nust-robocup-v2/build-V5/Release-Motion/build-remote/team-nust-robocup/CMakeFiles/CMakeTmp'
make[1]: *** [cmTC_cf234/fast] Error 2
make[1]: Leaving directory `/home/umaidzz/Documents/team-nust/team-nust-robocup-v2/build-V5/Release-Motion/build-remote/team-nust-robocup/CMakeFiles/CMakeTmp'


Performing C SOURCE FILE Test HAVE_THREAD_LOCAL_STORAGE failed with the following output:
Change Dir: /home/umaidzz/Documents/team-nust/team-nust-robocup-v2/build-V5/Release-Motion/build-remote/team-nust-robocup/CMakeFiles/CMakeTmp

Run Build Command:"/usr/bin/make" "cmTC_7596f/fast"
make[1]: Entering directory `/home/umaidzz/Documents/team-nust/team-nust-robocup-v2/build-V5/Release-Motion/build-remote/team-nust-robocup/CMakeFiles/CMakeTmp'
/usr/bin/make -f CMakeFiles/cmTC_7596f.dir/build.make CMakeFiles/cmTC_7596f.dir/build
make[2]: Entering directory `/home/umaidzz/Documents/team-nust/team-nust-robocup-v2/build-V5/Release-Motion/build-remote/team-nust-robocup/CMakeFiles/CMakeTmp'
Building C object CMakeFiles/cmTC_7596f.dir/src.c.o
/usr/bin/cc    -DHAVE_THREAD_LOCAL_STORAGE -fPIE   -o CMakeFiles/cmTC_7596f.dir/src.c.o   -c /home/umaidzz/Documents/team-nust/team-nust-robocup-v2/build-V5/Release-Motion/build-remote/team-nust-robocup/CMakeFiles/CMakeTmp/src.c
/home/umaidzz/Documents/team-nust/team-nust-robocup-v2/build-V5/Release-Motion/build-remote/team-nust-robocup/CMakeFiles/CMakeTmp/src.c: In function ‘__declspec’:
/home/umaidzz/Documents/team-nust/team-nust-robocup-v2/build-V5/Release-Motion/build-remote/team-nust-robocup/CMakeFiles/CMakeTmp/src.c:3:20: error: expected ‘=’, ‘,’, ‘;’, ‘asm’ or ‘__attribute__’ before ‘{’ token
     int main(void) {
                    ^
/home/umaidzz/Documents/team-nust/team-nust-robocup-v2/build-V5/Release-Motion/build-remote/team-nust-robocup/CMakeFiles/CMakeTmp/src.c:2:28: error: declaration for parameter ‘tls’ but no such parameter
     __declspec(thread) int tls;
                            ^
/home/umaidzz/Documents/team-nust/team-nust-robocup-v2/build-V5/Release-Motion/build-remote/team-nust-robocup/CMakeFiles/CMakeTmp/src.c:5:5: error: expected ‘{’ at end of input
     }
     ^
make[2]: *** [CMakeFiles/cmTC_7596f.dir/src.c.o] Error 1
make[2]: Leaving directory `/home/umaidzz/Documents/team-nust/team-nust-robocup-v2/build-V5/Release-Motion/build-remote/team-nust-robocup/CMakeFiles/CMakeTmp'
make[1]: *** [cmTC_7596f/fast] Error 2
make[1]: Leaving directory `/home/umaidzz/Documents/team-nust/team-nust-robocup-v2/build-V5/Release-Motion/build-remote/team-nust-robocup/CMakeFiles/CMakeTmp'

Source file was:

    __declspec(thread) int tls;
    int main(void) {
        return 0;
    }
